	at info.magnolia.module.cache.executor.CompositeExecutor.processCacheRequest(CompositeExecutor.java:66) [magnolia-cache-core-5.9.1.jar:?]
     Tied Marker CDP Number   : (A4)
     Tied Marker DOMES Number : (A9)
) (/usr/local/texlive/2021/texmf-dist/tex/latex/cite/cite.sty
  return;
--> "+v More" mode change by KNBC on #earthquake
<09:51AM KNBC> NPR+ msg went thru  that time
		- Add new feature for upload elongation result in each floor
12:32:05 T:6472  NOTICE:         m_deviceName      : {D75F57C6-638E-4D1E-9ED0-485A775B45A4}
tty (TTY) [Y/n/?] y
LogPackageName: Display: FPackageName: Mount point added: '../../Plugins/Editor/SpeedTreeImporter/Content/' mounted to '/SpeedTreeImporter/'
LogPackageName: Display: FPackageName: Mount point added: '../../Plugins/Experimental/ChaosCaching/Content/' mounted to '/ChaosCaching/'
LogPackageName: Display: FPackageName: Mount point added: '../../Plugins/Experimental/ChaosClothEditor/Content/' mounted to '/ChaosClothEditor/'
LogPackageName: Display: FPackageName: Mount point added: '../../Plugins/Experimental/ChaosSolverPlugin/Content/' mounted to '/ChaosSolverPlugin/'
LogPackageName: Display: FPackageName: Mount point added: '../../Plugins/Experimental/ChaosNiagara/Content/' mounted to '/ChaosNiagara/'
	at info.magnolia.cms.filters.MgnlFilterChain.doFilter(MgnlFilterChain.java:81) [magnolia-core-6.2.3.jar:?]
LogDevObjectVersion:   Dev-VR (D7296918-1DD6-4BDD-9DE2-64A83CC13884): 3
tdf#115874 On Style dialog's Organizer tab, non-integer font size is shown rounded to integer [Mike Kaganski]
loadPrePages from FetchedFile[/scratch/ig-build-temp-JHXSGN/repo/input/pagecontent] as /scratch/ig-build-temp-JHXSGN/repo/input/pagecontent
simple	14-Jul-2020 09:21:05	Indexing build results...
[22:42:46] Hindu temples T2: [-] 4073/4573 download failed (Return: -) - http://creepingsharia.wordpress.com/
================================================================================
\Fld@listcount=\count344
 including trade secrets, belonging to Gaussian, Inc.
  
l.34 
      [2]pdfTeX warning (ext4): destination with the same identifier (name{page.3}) has been already used, duplicate ignored
<to be read again> 
                   \relax 

 [16] [17] [18]
Underfull \vbox (badness 10000) has occurred while \output is active []

 [19] [20] [21]
LaTeX Font Info:    Trying to load font information for U+fplmbb on input line 158.
 (/usr/local/texlive/2021/texmf-dist/tex/latex/psnfss/ufplmbb.fd
File: ufplmbb.fd 2003/10/30 Fontinst v1.914 font definitions for U/fplmbb.
) [22]
Underfull \vbox (badness 10000) has occurred while \output is active []

 [23] [24] [25] [26] [27] [28] [29] [30]
Underfull \vbox (badness 1275) has occurred while \output is active []

 [31] [32]) (/Users/natera/Dropbox/PhD/thesis/chapters_tex/overlapcensus.tex
Underfull \vbox (badness 10000) has occurred while \output is active []

 [33] [34]
Chapter 3.

Underfull \vbox (badness 10000) has occurred while \output is active []

 [35

]
<images/multiplex/Multilayer_NY_op2.png, id=1020, 2199.21625pt x 741.77126pt>
instanceKlass sun/misc/Resource
instanceKlass sun/misc/IOUtils
  people               ==&gt; people
  infected             ==&gt; infected
  with                 ==&gt; with
  HIV                  ==&gt; HIV
  live                 ==&gt; _
	at info.magnolia.cms.filters.AbstractMgnlFilter.doFilter(AbstractMgnlFilter.java:85) [magnolia-core-6.2.3.jar:?]
	at info.magnolia.cms.filters.MgnlFilterChain.doFilter(MgnlFilterChain.java:79) [magnolia-core-6.2.3.jar:?]
	at info.magnolia.cms.filters.RangeSupportFilter.doFilter(RangeSupportFilter.java:78) [magnolia-core-6.2.3.jar:?]
	at info.magnolia.cms.filters.AbstractMgnlFilter.doFilter(AbstractMgnlFilter.java:85) [magnolia-core-6.2.3.jar:?]
	at info.magnolia.cms.filters.MgnlFilterChain.doFilter(MgnlFilterChain.java:79) [magnolia-core-6.2.3.jar:?]

	at info.magnolia.cms.filters.SafeDestroyMgnlFilterWrapper.doFilter(SafeDestroyMgnlFilterWrapper.java:107) [magnolia-core-6.2.3.jar:?]
	at info.magnolia.cms.filters.MgnlFilterDispatcher.doDispatch(MgnlFilterDispatcher.java:67) [magnolia-core-6.2.3.jar:?]
	at info.magnolia.cms.filters.MgnlMainFilter.doFilter(MgnlMainFilter.java:110) [magnolia-core-6.2.3.jar:?]
	at info.magnolia.cms.filters.MgnlMainFilter.doFilter(MgnlMainFilter.java:96) [magnolia-core-6.2.3.jar:?]
	at org.apache.catalina.core.ApplicationFilterChain.internalDoFilter(ApplicationFilterChain.java:193) [catalina.jar:9.0.34]
	at org.apache.catalina.core.ApplicationFilterChain.doFilter(ApplicationFilterChain.java:166) [catalina.jar:9.0.34]
	at org.apache.catalina.core.StandardWrapperValve.invoke(StandardWrapperValve.java:202) [catalina.jar:9.0.34]
	at org.apache.catalina.core.StandardContextValve.invoke(StandardContextValve.java:96) [catalina.jar:9.0.34]
	at org.apache.catalina.authenticator.AuthenticatorBase.invoke(AuthenticatorBase.java:541) [catalina.jar:9.0.34]
	at org.apache.catalina.core.StandardHostValve.invoke(StandardHostValve.java:139) [catalina.jar:9.0.34]
	at org.apache.catalina.valves.ErrorReportValve.invoke(ErrorReportValve.java:92) [catalina.jar:9.0.34]
	at org.apache.catalina.valves.AbstractAccessLogValve.invoke(AbstractAccessLogValve.java:690) [catalina.jar:9.0.34]
	at org.apache.catalina.core.StandardEngineValve.invoke(StandardEngineValve.java:74) [catalina.jar:9.0.34]
	at org.apache.catalina.connector.CoyoteAdapter.service(CoyoteAdapter.java:343) [catalina.jar:9.0.34]
	at org.apache.coyote.http11.Http11Processor.service(Http11Processor.java:373) [tomcat-coyote.jar:9.0.34]
	at org.apache.coyote.AbstractProcessorLight.process(AbstractProcessorLight.java:65) [tomcat-coyote.jar:9.0.34]
	at org.apache.coyote.AbstractProtocol$ConnectionHandler.process(AbstractProtocol.java:868) [tomcat-coyote.jar:9.0.34]
	at org.apache.tomcat.util.net.NioEndpoint$SocketProcessor.doRun(NioEndpoint.java:1590) [tomcat-coyote.jar:9.0.34]
	at org.apache.tomcat.util.net.SocketProcessorBase.run(SocketProcessorBase.java:49) [tomcat-coyote.jar:9.0.34]
	at java.util.concurrent.ThreadPoolExecutor.runWorker(ThreadPoolExecutor.java:1149) [?:1.8.0_252]
	at java.util.concurrent.ThreadPoolExecutor$Worker.run(ThreadPoolExecutor.java:624) [?:1.8.0_252]
	at org.apache.tomcat.util.threads.TaskThread$WrappingRunnable.run(TaskThread.java:61) [tomcat-util.jar:9.0.34]
	at java.lang.Thread.run(Thread.java:748) [?:1.8.0_252]
Caused by: java.lang.reflect.InvocationTargetException
	at sun.reflect.NativeMethodAccessorImpl.invoke0(Native Method) ~[?:1.8.0_252]
	at sun.reflect.NativeMethodAccessorImpl.invoke(NativeMethodAccessorImpl.java:62) ~[?:1.8.0_252]
	at sun.reflect.DelegatingMethodAccessorImpl.invoke(DelegatingMethodAccessorImpl.java:43) ~[?:1.8.0_252]
	at java.lang.reflect.Method.invoke(Method.java:498) ~[?:1.8.0_252]
	at com.vaadin.server.ServerRpcManager.applyInvocation(ServerRpcManager.java:155) ~[vaadin-server-8.9.4.jar:8.9.4]
	... 111 more
-- [download 35% complete]
-- [download 36% complete]
-- [download 37% complete]
tdf#95295 Calc is fragmenting ranges for conditional formats without need. [Stephan Bergmann, Mike Kaganski]
      [get] To: /scratch/ig-build-temp-JHXSGN/repo/input-cache/schemas/R5/fhir-single.xsd
[22:42:32] Social Media: [+] 0492/7976 new URL - http://universalknowledge.pl/pl/wp-login.php
             1969 Apr 19          -              FU-191                         Entrainement champ de tir         Belier                 B116             CSG ALFS                 0.0
2021-10-26T21:52:12.963Z,83.963524,43ba000,7 [FLog::Network] Assigned peer id = 6
[2023.05.20-22.07.40:540][  0]LogD3D12RHI: AtomicInt64OnGroupShared is supported
21:38:12 T:139832867932032    INFO: ID:0x104 Name:1920x1080 Refresh:60.000000 Width:1920 Height:1080
[     16578] RgscStub::m_17
    + add optional debugrun soffice.bin arguments... [Jan-Marek Glogowski]
    + add other tests to check_change_color [slideon]
    + add pdf and visio to info to Draw's linux application menu file [Yousuf Philips]
Saving to: '/builds/free-electrons/toolchains-builder/build/tmp/test-x86-64-core-i7--uclibc--stable/build/.lzip-1.18.tar.gz.RZzY1w/output'
 (/usr/local/texlive/2021/texmf-dist/tex/generic/pgf/utilities/pgfkeysfiltered.code.tex
0 posts imported
0 medias imported
Importing K2 items...
[ERROR] Can't copy http://localhost:3128/joomla/images/news/worldnews/3-8-15/n3BC.jpg to C:\AppServ\www\joomla/wp-content/uploads/2015/08/n3BC.jpg : Not Found
[ERROR] Can't copy http://localhost:3128/joomla/images/news/worldnews/3-8-15/n3BC.jpg to C:\AppServ\www\joomla/wp-content/uploads/2015/08/n3BC.jpg : Not Found
[ERROR] Can't copy http://localhost:3128/joomla/images/news/worldnews/3-8-15/n6EU.jpg to C:\AppServ\www\joomla/wp-content/uploads/2015/08/n6EU.jpg : Not Found
[ERROR] Can't copy http://localhost:3128/joomla/images/news/worldnews/3-8-15/n6EU.jpg to C:\AppServ\www\joomla/wp-content/uploads/2015/08/n6EU.jpg : Not Found
Importing redirects...
=== START stop_import 2016-05-20 16:00:42 ===
=== END stop_import 2016-05-20 16:00:42 ===
21:38:12 T:139832867932032  NOTICE:         m_channels        : FL,FR,LFE,FC,BC,BL,BR,FLOC,FROC,BLOC,BROC,TFC,TC,TFL,TFR,UNKNOWN1
21:38:12 T:139832867932032  NOTICE:         m_sampleRates     : 32000,44100,48000,88200,96000,176400,192000
21:38:12 T:139832867932032  NOTICE:         m_dataFormats     : AE_FMT_S32NE,AE_FMT_S16NE,AE_FMT_S16LE,AE_FMT_LPCM,AE_FMT_DTSHD,AE_FMT_TRUEHD,AE_FMT_EAC3,AE_FMT_DTS,AE_FMT_AC3,AE_FMT_AAC
21:38:12 T:139832867932032  NOTICE: No settings file to load (special://xbmc/system/advancedsettings.xml)
21:38:12 T:139832867932032  NOTICE: Loaded settings file from special://profile/advancedsettings.xml
21:38:12 T:139832867932032  NOTICE: Contents of special://profile/advancedsettings.xml are...
                                            <advancedsettings>
                                              <videodatabase>
                                                <type>mysql</type>
                                                <host>192.168.0.2</host>
                                                <port>3306</port>
                                                <name>kodi_videos</name>
                                                <user>kodi_admin</user>
                                                <pass>xxxxx</pass>
                                              </videodatabase>
                                              <musicdatabase>
                                                <type>mysql</type>
                                                <host>192.168.0.2</host>
                                                <port>3306</port>
                                                <name>kodi_music</name>
coverity#1426737 uninitialized scalar field [Caolán McNamara]
coverity#1426738 dereference null return value [Caolán McNamara]
coverity#1426740 uninitialized scalar field [Caolán McNamara]
12:32:06 T:4308  NOTICE: Thread PVRManager start, auto delete: false
12:32:06 T:7040  NOTICE: Thread PVRClient start, auto delete: false
          serious/JJ-8  ==                        DEL    $0.429  [D]
        condition/NN-9  ==                        DEL    $0.429  [D]
                        ==  the/DT-2              INS    $0.377  [I]
[     14922] LoadDefDats: dlc_PATCHDAY10NGCRC:/content.xml
[     14937] somefunc found dlc_patchday9NG:/!
[     14953] LoadDefDats: dlc_patchday9NGCRC:/content.xml
[     14968] somefunc found dlc_PATCHDAY8NG:/!
[     14968] LoadDefDats: dlc_PATCHDAY8NGCRC:/content.xml
[     14984] somefunc found dlc_patchDay7NG:/!
[     15000] LoadDefDats: dlc_patchDay7NGCRC:/content.xml
[     17562] rage::gameSkeleton::RunInitFunctions: Invoking InitSystem INIT_CORE init (1 out of 52)
[     17578] rage::gameSkeleton::RunInitFunctions: Invoking CShaderLib INIT_CORE init (2 out of 52)
[     17718] rage::gameSkeleton::RunInitFunctions: Invoking PostFX INIT_CORE init (3 out of 52)
[     17750] rage::gameSkeleton::RunInitFunctions: Invoking CGtaAnimManager INIT_CORE init (4 out of 52)
[     17765] rage::gameSkeleton::RunInitFunctions: Invoking fwClipSetManager INIT_CORE init (5 out of 52)
[     17828] hello from "D:\Rockstar Games\FiveM.app\cache\subprocess\FiveM_ROSSubProcess" ros:subprocess "C:\Program Files\Rockstar Games\Social Club\SocialClubHelper.exe" --type=gpu-process --no-sandbox --lang=en --log-file="C:\Program Files\Rockstar Games\Social Club\debug.log" --log-severity=disable --gpu-preferences=GAAAAAAAAAAABwAAAQAAAAAAAAAAAGAA --use-gl=swiftshader-webgl --gpu-vendor-id=0x1002 --gpu-device-id=0x6660 --gpu-driver-vendor="Google Inc." --gpu-driver-version=3.3.0.2 --gpu-driver-date=2017/04/07 --gpu-secondary-vendor-ids=0x8086 --gpu-secondary-device-ids=0x5917 --amd-switchable --lang=en --log-file="C:\Program Files\Rockstar Games\Social Club\debug.log" --log-severity=disable --service-request-channel-token=3D60B57DEC4D1F6D2C620E7C3BBC75A0 --mojo-platform-channel-handle=2240 /prefetch:2 --remote-debugging-port=13171 --ignore-certificate-errors
[     17906] rage::gameSkeleton::RunInitFunctions: Invoking fwExpressionSetManager INIT_CORE init (6 out of 52)
[     17922] rage::gameSkeleton::RunInitFunctions: Invoking fwFacialClipSetGroupManager INIT_CORE init (7 out of 52)
[     17922] sub! "D:\Rockstar Games\FiveM.app\cache\subprocess\FiveM_ROSSubProcess" ros:subprocess "C:\Program Files\Rockstar Games\Social Club\SocialClubHelper.exe" --type=gpu-process --no-sandbox --lang=en --log-file="C:\Program Files\Rockstar Games\Social Club\debug.log" --log-severity=disable --gpu-preferences=GAAAAAAAAAAABwAAAQAAAAAAAAAAAGAA --use-gl=swiftshader-webgl --gpu-vendor-id=0x1002 --gpu-device-id=0x6660 --gpu-driver-vendor="Google Inc." --gpu-driver-version=3.3.0.2 --gpu-driver-date=2017/04/07 --gpu-secondary-vendor-ids=0x8086 --gpu-secondary-device-ids=0x5917 --amd-switchable --lang=en --log-file="C:\Program Files\Rockstar Games\Social Club\debug.log" --log-severity=disable --service-request-channel-token=3D60B57DEC4D1F6D2C620E7C3BBC75A0 --mojo-platform-channel-handle=2240 /prefetch:2 --remote-debugging-port=13171 --ignore-certificate-errors
[     17937] rage::gameSkeleton::RunInitFunctions: Invoking audNorthAudioEngine INIT_CORE init (8 out of 52)
[     17937] Initialized system mapping!
[     18000] Replacing function table list entry 0x1400b9000 with 0x1400b9000
[     18500] rage::gameSkeleton::RunInitFunctions: Invoking CCheat INIT_CORE init (9 out of 52)
[     18515] rage::gameSkeleton::RunInitFunctions: Invoking CClock INIT_CORE init (10 out of 52)
[     18531] rage::gameSkeleton::RunInitFunctions: Invoking CCullZones INIT_CORE init (11 out of 52)
[     18547] rage::gameSkeleton::RunInitFunctions: Invoking CExpensiveProcessDistributer INIT_CORE init (12 out of 52)
[     18562] rage::gameSkeleton::RunInitFunctions: Invoking CGameLogic INIT_CORE init (13 out of 52)
[     18593] rage::gameSkeleton::RunInitFunctions: Invoking CutSceneManagerWrapper INIT_CORE init (14 out of 52)
[     18609] rage::gameSkeleton::RunInitFunctions: Invoking 0xd2cfbc62 INIT_CORE init (15 out of 52)
[     18625] rage::gameSkeleton::RunInitFunctions: Invoking CPortalTracker INIT_CORE init (16 out of 52)
[     18656] rage::gameSkeleton::RunInitFunctions: Invoking CNetwork INIT_CORE init (17 out of 52)
[     19172] RgscLogDelegate::OnEvent
[     19187] rage::gameSkeleton::RunInitFunctions: Invoking CObjectPopulationNY INIT_CORE init (18 out of 52)

[2023.05.20-22.07.40:676][  0]LogTargetPlatformManager: Loaded format module AudioFormatOgg
[2023.05.20-22.07.40:676][  0]LogTargetPlatformManager:   OGG
[2023.05.20-22.07.40:676][  0]LogTargetPlatformManager: Loaded format module AudioFormatOpus
*** KNBC has changed the topic on channel #earthquake to Presidents speech on CBS, ABC -  Earthquake in LA 6.6 mags 4:31 PST
lughnasadh	01.08.2009 19:58:32	http://www.google.com/url?sa=t&source=web&ct=res&cd=1&url=http%3A%2F%2Fcomicsunlimited.com%2Fcomics%2Findex.php%3Flughnasadh&ei=ZZ50SuahBZ6ltgfE-NyWCQ&rct=j&q=lughnasadh+wallpaper&usg=AFQjCNGhzz_J3tE1T--AuDrPbij9wSrruw	Mozilla/5.0 (Windows; U; Windows NT 5.1; en-US; rv:1.8.1.7pre) Gecko/20070815 Firefox/2.0.0.6 Navigator/9.0b3	71.255.201.220
what+did+greg+mcmackin+say	01.08.2009 19:58:57	http://www.google.com/search?q=what+did+hawaii+coach+say+notre+dame+gay&rls=com.microsoft:en-us:IE-SearchBox&ie=UTF-8&oe=UTF-8&sourceid=ie7&rlz=1I7GFRD	Mozilla/4.0 (compatible; MSIE 8.0; Windows NT 5.1; Trident/4.0; GTB6; .NET CLR 1.0.3705; .NET CLR 1.1.4322; Media Center PC 4.0; .NET CLR 2.0.50727)	99.151.170.174
NOTE: All registry changes will be lost at the end of the session.

      Physical Name: /homedir/fin/fac/jhasbrou/phd2011Fall
15         
16         *__________________________________________________________________________________________________
16       ! _____________________
17         
18         Subset a ticker symbol and print out a few records.
19         ___________________________________________________________________________________________________
19       ! _____________________;
20         data this.myTicker;
21         	set taq.ctqall;
NOTE: Data file TAQ.CTQALL.DATA is in a format that is native to another host, or the file encoding does not 
      match the session encoding. Cross Environment Data Access will be used, which might require additional 
      CPU resources and might reduce performance.
22         	*	Next statement restricts the output to the symbol we want with nonmissing values for the bbid
22       ! and bofr
23         		Outliers (with extremely high offers) and records after the 'normal' market close are removed.
24         		'condFlag' flags trades with special condition codes.;
25         	where symbol='ESSX' and bbid^=. and bofr^=. and bofr/bbid<5 and time<='16:10't and condflag^=1;
26         run;

NOTE: There were 4471 observations read from the data set TAQ.CTQALL.
      WHERE (symbol='ESSX') and (bbid not = .) and (bofr not = .) and ((bofr/bbid)<5) and (time<='16:10:00'T) 
      and (condflag not = 1);
NOTE: The data set THIS.MYTICKER has 4471 observations and 14 variables.
NOTE: DATA statement used (Total process time):
      real time           2.12 seconds
      cpu time            0.99 seconds
      
build	14-Jul-2020 09:19:57	[DEBUG]   Imported: org.apache.maven.wagon.resource < plexus.core
Successful compile:
Source:
      program main

      end
ERROR info.magnolia.aws.foundation.AwsCredentialsProvider 15.10.2020 00:12:42 -- AWS credentials are expected to be set in Password manager module.
ERROR info.magnolia.ai.text.TextClassificationModule 15.10.2020 00:12:42 -- Submission of text classification request has been failed at page path '/bdcwebsite/personal/digital-banking' with error code: 'null'.
12:32:05 T:7432   DEBUG: CWinEventsWin32::WndProcWindow is active
12:32:06 T:7432   DEBUG: CRenderSystemDX::InitRenderSystem - trying D3D9Ex...
tdf#108894 Update Office version in file format confirmation dialog to not refer to Office 2013 [Adolfo Jayme Barrientos]
            useFraCaSAlignmentFeatures     = false
[22:42:47] Justice degree: [+] 8027/8289 new URL - http://asmartpioneeragent.com/wp-login.php?action=register
[22:42:48] Dwi Attorney: [-] 2919/7988 download failed (Return: -) - http://software-for-parents.downloads.filetransit.com
[22:42:48] Web Design: [-] 0799/7978 download failed (Return: -) - http://www.esisa.es
[22:42:47] Computer: [+] 0319/8028 new URL - http://blog.chapterthirtyseven.com/wp-login.php?action=register
[22:42:47] Hindu temples: [-] 0582/8054 download failed (Return: -) - https://www.fbijobs.gov/
[22:42:48] Web Design T2: [-] 4925/8453 download failed (Return: -) - http://www.presstor.fr/la-pratique-du-sport-extreme
[22:42:47] Justice degree: [+] 8027/8289 new URL - http://asmartpioneeragent.com/wp-login.php?action=register
[22:42:48] Forex: [-] 7894/7985 download failed (Return: -) - http://karneol.no/wp/kaper-og-jakker/
2021-10-26T21:51:41.139Z,52.139465,ab3bf380,6 [FLog::SurfaceController] SurfaceController[_:1]::stop
	at info.magnolia.module.cache.executor.Bypass.processCacheRequest(Bypass.java:58) [magnolia-cache-core-5.9.1.jar:?]
	at info.magnolia.module.cache.executor.CompositeExecutor.processCacheRequest(CompositeExecutor.java:66) [magnolia-cache-core-5.9.1.jar:?]
	at info.magnolia.module.cache.filter.CacheFilter.doFilter(CacheFilter.java:164) [magnolia-cache-core-5.9.1.jar:?]
	at info.magnolia.cms.filters.AbstractMgnlFilter.doFilter(AbstractMgnlFilter.java:85) [magnolia-core-6.2.3.jar:?]
	at info.magnolia.cms.filters.MgnlFilterChain.doFilter(MgnlFilterChain.java:79) [magnolia-core-6.2.3.jar:?]
	at info.magnolia.cms.i18n.I18nContentSupportFilter.doFilter(I18nContentSupportFilter.java:85) [magnolia-core-6.2.3.jar:?]
	at info.magnolia.cms.filters.AbstractMgnlFilter.doFilter(AbstractMgnlFilter.java:85) [magnolia-core-6.2.3.jar:?]
	at info.magnolia.cms.filters.MgnlFilterChain.doFilter(MgnlFilterChain.java:79) [magnolia-core-6.2.3.jar:?]
	at info.magnolia.cms.filters.RangeSupportFilter.doFilter(RangeSupportFilter.java:78) [magnolia-core-6.2.3.jar:?]
	at info.magnolia.cms.filters.AbstractMgnlFilter.doFilter(AbstractMgnlFilter.java:85) [magnolia-core-6.2.3.jar:?]
	at info.magnolia.cms.filters.MgnlFilterChain.doFilter(MgnlFilterChain.java:79) [magnolia-core-6.2.3.jar:?]
	at info.magnolia.cms.filters.MgnlFilterChain.doFilter(MgnlFilterChain.java:81) [magnolia-core-6.2.3.jar:?]
	at info.magnolia.cms.security.BaseSecurityFilter.doFilter(BaseSecurityFilter.java:57) [magnolia-core-6.2.3.jar:?]
	at info.magnolia.cms.filters.AbstractMgnlFilter.doFilter(AbstractMgnlFilter.java:85) [magnolia-core-6.2.3.jar:?]
	at info.magnolia.cms.filters.MgnlFilterChain.doFilter(MgnlFilterChain.java:79) [magnolia-core-6.2.3.jar:?]
	at info.magnolia.cms.filters.MgnlFilterChain.doFilter(MgnlFilterChain.java:81) [magnolia-core-6.2.3.jar:?]
	at info.magnolia.cms.filters.MgnlFilterChain.doFilter(MgnlFilterChain.java:81) [magnolia-core-6.2.3.jar:?]
	at info.magnolia.cms.security.SecurityCallbackFilter.doFilter(SecurityCallbackFilter.java:84) [magnolia-core-6.2.3.jar:?]
	at info.magnolia.cms.filters.OncePerRequestAbstractMgnlFilter.doFilter(OncePerRequestAbstractMgnlFilter.java:59) [magnolia-core-6.2.3.jar:?]
	at info.magnolia.cms.filters.MgnlFilterChain.doFilter(MgnlFilterChain.java:79) [magnolia-core-6.2.3.jar:?]
	at info.magnolia.cms.security.LogoutFilter.doFilter(LogoutFilter.java:94) [magnolia-core-6.2.3.jar:?]
	at info.magnolia.cms.filters.OncePerRequestAbstractMgnlFilter.doFilter(OncePerRequestAbstractMgnlFilter.java:59) [magnolia-core-6.2.3.jar:?]
	at info.magnolia.cms.filters.MgnlFilterChain.doFilter(MgnlFilterChain.java:79) [magnolia-core-6.2.3.jar:?]
	at info.magnolia.module.site.filters.SiteMergeFilter.doFilter(SiteMergeFilter.java:119) [magnolia-site-1.3.1.jar:?]
	at info.magnolia.cms.filters.AbstractMgnlFilter.doFilter(AbstractMgnlFilter.java:85) [magnolia-core-6.2.3.jar:?]
	at info.magnolia.cms.filters.MgnlFilterChain.doFilter(MgnlFilterChain.java:79) [magnolia-core-6.2.3.jar:?]
	at info.magnolia.multisite.filters.MultiSiteFilter.doFilter(MultiSiteFilter.java:120) [magnolia-module-multisite-2.1.1.jar:?]
	at info.magnolia.cms.filters.AbstractMgnlFilter.doFilter(AbstractMgnlFilter.java:85) [magnolia-core-6.2.3.jar:?]
	at info.magnolia.cms.filters.MgnlFilterChain.doFilter(MgnlFilterChain.java:79) [magnolia-core-6.2.3.jar:?]
	at org.apache.coyote.AbstractProtocol$ConnectionHandler.process(AbstractProtocol.java:868) [tomcat-coyote.jar:9.0.34]
[2023.05.20-22.07.39:933][  0]LogConfig: Set CVar [[r.Lumen.TranslucencyReflections.FrontLayer.Allow:1]]
2021-10-26T21:52:12.446Z,83.446442,4337000,7 [FLog::Network] serverId: 128.116.27.2|58693
[22:42:45] Web Design: [-] 0795/7978 download failed (Return: -) - http://www.jesssantucci.com/dentistinorinda3-reasons-love-smile/
  SCSI support (FEATURE_EJECT_SCSI) [N/y/?] n
	at info.magnolia.cms.filters.CompositeFilter.doFilter(CompositeFilter.java:65) [magnolia-core-6.2.3.jar:?]
	at info.magnolia.cms.filters.AbstractMgnlFilter.doFilter(AbstractMgnlFilter.java:85) [magnolia-core-6.2.3.jar:?]
	at info.magnolia.cms.filters.MgnlFilterChain.doFilter(MgnlFilterChain.java:79) [magnolia-core-6.2.3.jar:?]
2021-10-26T21:51:13.558Z,24.558910,43ba000,6 [FLog::Warning] Warning: Something unexpectedly tried to set the parent of thelosermlg to Camera while trying to set the parent of thelosermlg. Current parent is PlayerCharacters.
2021-10-26T21:51:31.847Z,42.847832,4337000,6 [FLog::Warning] Warning: Something unexpectedly tried to set the parent of Knxghts to Camera while trying to set the parent of Knxghts. Current parent is PlayerCharacters.
	at info.magnolia.cms.filters.MgnlFilterChain.doFilter(MgnlFilterChain.java:79) [magnolia-core-6.2.3.jar:?]
divided              ==> Divide
    + [I]ThreadPoolFactory is dead since 2003 [Christian Lohmaier]
    + _use_autoconf is not needed [David Tardon]
tdf#115420 Crash using "Close" button for Extension Manager -> Check for Updates dialog [Jan-Marek Glogowski]
tdf#115429 libvisio generates svg:fill-rule attribute which is round-tripped to a non-well-formed XML document by LO [Michael Stahl]
  1750K .......... .......... .......... .......... .......... 86% 1.22M 0s
Sushi: ===================================================================       (04:24.434)
Unable to load IG as an r5 IG - try R4 (property code is a class com.google.gson.JsonPrimitive looking for an object) (04:25.135)
Load Template from hl7.fhir.template#current                                     (04:25.672)
 Stoichiometry    H2O
[   1953703] level hash match - was custom: 0
[   1953765] level hash match - was custom: 0
[   1953843] level hash match - was custom: 0
[   1953890] level hash match - was custom: 0
[   1953968] level hash match - was custom: 0
[   1954047] level hash match - was custom: 0
[   1954125] level hash match - was custom: 0
[   1954234] level hash match - was custom: 0
[   1954312] level hash match - was custom: 0
[   1954343] level hash match - was custom: 0
[   1954406] level hash match - was custom: 0
[   1954422] level hash match - was custom: 0
[   1954484] level hash match - was custom: 0
[   1954640] level hash match - was custom: 0
[   1954687] level hash match - was custom: 0
[   1954797] level hash match - was custom: 0
[   1955109] level hash match - was custom: 0
[   1955297] instrumented function 0x1407bfa90 (56) took 6836msec
[   1955328] instrumented function 0x1400067e8 (5) took 0msec
[   1955343] instrumented function 0x140d92034 (6) took 1msec
[   1955375] instrumented function 0x1409081bc (7) took 15msec
[   1955422] instrumented function 0x1401c0e94 (8) took 21msec
[   1955453] instrumented function 0x1407c9ae0 (9) took 22msec
[   1955484] instrumented function 0x1408f82a0 (10) took 8msec
[   1955500] instrumented function 0x1408f8c5c (11) took 2msec
[   1955515] instrumented function 0x1408f8f94 (12) took 1msec
[   1955531] instrumented function 0x1408f9f80 (13) took 1msec
[   1955547] instrumented function 0x1408f9fc4 (14) took 1msec
[   1955578] instrumented function 0x1408fa010 (15) took 2msec
[   1955593] instrumented function 0x1408faab0 (16) took 2msec
                ./.-53  ==  ./.-5                 SUB    $0.867  [E, sim, Esz]

	at info.magnolia.cms.filters.AbstractMgnlFilter.doFilter(AbstractMgnlFilter.java:85) [magnolia-core-6.2.3.jar:?]
	at info.magnolia.cms.filters.MgnlFilterChain.doFilter(MgnlFilterChain.java:79) [magnolia-core-6.2.3.jar:?]
[22:42:45] Cooking TIPS: [-] 0205/7845 no engine matches (HTTP-Status: 400) - https://www.realcajunrecipes.com
[22:42:45] Insurance: [+] 8216/8262 new URL - http://givgds.xyz/wp-login.php?action=register
[22:42:45] Car Insurance: [-] 4199/8012 no form at all - http://www.beach-rentals.org/wp-login.php?action=register
[22:42:45] Mesa DUI lawyer: [-] 8186/8415 no form at all - https://www.zanettiterrazzo.nl/index.php/component/users/?view=registration
[22:42:45] Hollywood: [-] 8227/8544 no engine matches (HTTP-Status: 301) - https://www.pwtorch.com/site/2019/08/05/pwtorch-dailycast-wrestling-night-in-america-ad-free-peteani-joins-greg-with-live-callers-previewing-summerslam-and-nxt-takeover-plus-njpw-g1-analysis-callers-ema https://www.pwtorch.com/site/2019/08/05/pwtorch-dailycast-wrestling-night-in-america-ad-free-peteani-joins-greg-with-live-callers-previewing-summerslam-and-nxt-takeover-plus-njpw-g1-analysis-callers-emails-111-min/
what+did+greg+mcmackin+say	01.08.2009 19:32:11	http://www.google.com/url?sa=t&source=web&ct=res&cd=4&url=http%3A%2F%2Fcomicsunlimited.com%2Fcomics%2Findex.php%3Fwhat%2Bdid%2Bgreg%2Bmcmackin%2Bsay&ei=JJh0Suv3F5P6MKWtnLEM&rct=j&q=Greg+McMackin+++what+did+he+say&usg=AFQjCNGV41wKWkTAJJ3qWFfr6ZAacJpquw	Mozilla/5.0 (Windows; U; Windows NT 6.0; en-US; rv:1.9.0.12) Gecko/2009070611 Firefox/3.0.12	24.247.56.41
lark+voorhies	01.08.2009 19:33:30	http://www.google.com/search?client=firefox-a&rls=org.mozilla%3Aen-US%3Aofficial&channel=s&hl=en&q=lark+voorhies+nude&btnG=Google+Search	Mozilla/5.0 (Windows; U; Windows NT 5.1; en-US; rv:1.9.0.1) Gecko/2008070208 Firefox/3.0.1 (.NET CLR 3.5.30729)	198.203.136.62
mardomak	01.08.2009 19:51:55	http://www.google.de/search?q=mardomak+weblog&ie=utf-8&oe=utf-8&aq=t&rls=org.mozilla:de:official&client=firefox-a	Mozilla/5.0 (Windows; U; Windows NT 5.1; de; rv:1.9.0.3) Gecko/2008092417 Firefox/3.0.3	84.144.18.200
     Marker->ARP East Ecc(m)  : 0.0000
\Fld@listcount=\count344
 (/usr/local/texlive/2021/texmf-dist/tex/latex/adjustbox/tc-pdftex.def
File: tc-pdftex.def 2019/01/04 v2.2 Clipping driver for pdftex
))
\adjbox@Width=\dimen172
\adjbox@Height=\dimen173
\adjbox@Depth=\dimen174
\adjbox@Totalheight=\dimen175
\adjbox@pwidth=\dimen176
\adjbox@pheight=\dimen177
\adjbox@pdepth=\dimen178
\adjbox@ptotalheight=\dimen179
 (/usr/local/texlive/2021/texmf-dist/tex/latex/ifoddpage/ifoddpage.sty
Package: ifoddpage 2016/04/23 v1.1 Conditionals for odd/even page detection
\c@checkoddpage=\count309
) (/usr/local/texlive/2021/texmf-dist/tex/latex/varwidth/varwidth.sty
Package: varwidth 2009/03/30 ver 0.92;  Variable-width minipages
\@vwid@box=\box57
\sift@deathcycles=\count310
\@vwid@loff=\dimen180
\@vwid@roff=\dimen181
)) (/usr/local/texlive/2021/texmf-dist/tex/latex/algorithms/algorithm.sty
Package: algorithm 2009/08/24 v0.1 Document Style `algorithm' - floating environment
\@float@every@algorithm=\toks39
\c@algorithm=\count311
) (/usr/local/texlive/2021/texmf-dist/tex/latex/tcolorbox/tcolorbox.sty
Package: tcolorbox 2020/10/09 version 4.42 text color boxes
 (/usr/local/texlive/2021/texmf-dist/tex/latex/pgf/basiclayer/pgf.sty (/usr/local/texlive/2021/texmf-dist/tex/latex/pgf/utilities/pgfrcs.sty (/usr/local/texlive/2021/texmf-dist/tex/generic/pgf/utilities/pgfutil-common.tex
\pgfutil@everybye=\toks40
\pgfutil@tempdima=\dimen182
\pgfutil@tempdimb=\dimen183
     fcg,  jacobi,1.000000e-05,1.000000e-50,1.000000e+04,1.001385e-21,21765,21547,2
+ echo 'Px6Gen wrapper'
-C-SPAN:#earthquake- people mingling at clinton conference
* WildEep was on before it happenned, different channel of course.
<10:03AM KNBC> There is a lot of looting in the LA area..  People  have been shot (cops and looters)
<10:03AM KNBC> no shooting fatalitys though
<10:03AM cavalier> KNBC, tasm, guys get my file I want to fix /add as much to it as possible.
File: images/datadriven/algorithms.png Graphic file (type png)
<use images/datadriven/algorithms.png>
[22:42:49] Dwi Attorney: [-] 2920/7988 download failed (Return: -) - http://criminalia.es
[22:42:49] Social Media: [-] 0503/7976 download failed (Return: -) - http://wargames.sk/
[22:42:44] Web Design: [-] 0793/7978 download failed (Return: -) - http://www.evercam.io/blog/wayra-finalist/
[22:42:44] Make money online: [-] 7823/8047 no engine matches (HTTP-Status: 502) - http://www.resolvcrm.com
[22:42:45] eBay: [-] 8127/8467 download failed (Return: -) - https://www.snsmedreview.com/
[22:42:45] Car Insurance: [-] 4197/8012 download failed (Return: -) - http://trishishappy.freeblog.biz/2014/10/24/welcome-to-my-first-blog/
[22:42:45] Digital Marketing: [-] 0135/7912 no engine matches (HTTP-Status: 502) - http://comida-pl.blogspot.com/2012/11/cannelloni-ze-szpinakiem.html?showComment=1407352973824
-- [download 56% complete]
-- [download 57% complete]
-- [download 58% complete]
-- [download 59% complete]
-- [download 60% complete]
  Process: hadElastic
        Model:              hElasticLHEP: 0 eV /n ---> 100.1 MeV/n
        Model:              AntiAElastic: 100 MeV/n ---> 100 TeV/n
     Cr_sctns:              AntiAGlauber: 0 eV  ---> 2.88022e+295 J  
     Cr_sctns:            GheishaElastic: 0 eV  ---> 100 TeV

  Process: hadElastic
        Model:              hElasticLHEP: 0 eV  ---> 100 TeV
     Cr_sctns:            Glauber-Gribov: 0 eV  ---> 2.88022e+295 J  
     Cr_sctns:            GheishaElastic: 0 eV  ---> 100 TeV

  Process: kaon+Inelastic
        Model:                      QGSP: 12 GeV ---> 100 TeV
        Model:                      FTFP: 4 GeV ---> 25 GeV
        Model:            BertiniCascade: 0 eV  ---> 5 GeV
     Cr_sctns:            Glauber-Gribov: 0 eV  ---> 2.88022e+295 J  
     Cr_sctns:  ChipsKaonPlusInelasticXS: 0 eV  ---> 100 TeV
     Cr_sctns:          GheishaInelastic: 0 eV  ---> 100 TeV

---------------------------------------------------
                           Hadronic Processes for kaon-

  Process: hadElastic
        Model:              hElasticLHEP: 0 eV  ---> 100 TeV
     Cr_sctns:            Glauber-Gribov: 0 eV  ---> 2.88022e+295 J  
     Cr_sctns:            GheishaElastic: 0 eV  ---> 100 TeV

  Process: kaon-Inelastic
        Model:                      QGSP: 12 GeV ---> 100 TeV
        Model:                      FTFP: 4 GeV ---> 25 GeV
[2023.05.20-22.07.39:930][  0]LogConfig: CVar [[r.EyeAdaptionQuality:0]] deferred - dummy variable created
[2023.05.20-22.07.39:930][  0]LogConfig: Set CVar [[r.SSR.MaxRoughness:0]]
[2023.05.20-22.07.39:930][  0]LogConfig: CVar [[r.TiledReflectionEnvironmentMinimumCount:10]] deferred - dummy variable created
2021-10-26T21:52:05.759Z,76.759148,43ba000,7 [FLog::Network] Replicator destroyed: 0x7f979e75c600
2021-10-26T21:52:05.974Z,76.974770,43ba000,7 [FLog::Network] Client:Disconnect
              Defined make macro "LD_SHARED" to "mpicc"
          Trying C compiler flag 
Executing: mpicc -c -o /tmp/petsc-uGvYRc/config.setCompilers/conftest.o -I/tmp/petsc-uGvYRc/config.setCompilers     /tmp/petsc-uGvYRc/config.setCompilers/conftest.c 
[     20875] EndpointMapper::HandleRequest: GET /prod/gtav/splash.png
[     20875] versioning: /prod/gtav/splash.png
[     20890] CommerceManagerStub::m_39
[     21484] rage::gameSkeleton::RunInitFunctions: Invoking CFrontendStatsMgr INIT_CORE init (30 out of 52)
[     21500] rage::gameSkeleton::RunInitFunctions: Invoking CControllerLabelMgr INIT_CORE init (31 out of 52)
instanceKlass java/lang/ref/Finalizer$FinalizerThread
[2023.05.20-22.07.39:933][  0]LogConfig: CVar [[r.HairStrands.Interpolation.UseSingleGuide:0]] deferred - dummy variable created
40G	ARIZONA	GRAND CANYON VALLE	afd	sw_15_25OCT2007.png
P14	ARIZONA	HOLBROOK MUNI	afd	sw_16_25OCT2007.png
0V7	ARIZONA	KAYENTA	afd	sw_16_25OCT2007.png
12:32:04 T:7432  NOTICE: CMediaSourceSettings: loading media sources from special://masterprofile/sources.xml
fayette+county+fair	01.08.2009 19:47:12	http://search.hp.my.aol.com/aol/search?s_it=topsearchbox.search&query=fayette+county+Indiana+fair	Mozilla/4.0 (compatible; MSIE 7.0; Windows NT 6.0; SLCC1; .NET CLR 2.0.50727; .NET CLR 3.5.30729; .NET CLR 3.0.30618)	208.103.58.33
gold+coast+art+fair+2009	01.08.2009 19:47:33	http://www.google.com/search?q=GOLD+COAST+ART+FAIR&rls=com.microsoft:en-us&ie=UTF-8&oe=UTF-8&startIndex=&startPage=1	Mozilla/4.0 (compatible; MSIE 7.0; Windows NT 5.1; Trident/4.0; .NET CLR 1.1.4322; .NET CLR 2.0.50727; .NET CLR 3.0.04506.30; .NET CLR 3.0.04506.648; InfoPath.2; .NET CLR 3.0.4506.2152; .NET CLR 3.5.30729)	163.192.13.99
	at com.google.common.base.Preconditions.checkState(Preconditions.java:492) ~[guava-28.2-jre.jar:?]
  <p>Vatican spokesman_Joaquin_Navarro-Valls announced that Pope_John_Paul was still in serious condition , but he was not in a coma .</p>
  <h>Joaquin_Navarro-Valls is the Vatican_Spokesman .</h>
</SimpleProblem>
<MANLIResult id="RTE2_dev.101.p0" score="10.157" normscore="0.423">
                        ==  Joaquin_Navarro-V...  INS    $0.377  [I]
         Vatican/NNP-0  ==                        DEL    $0.429  [D]
  spokesman_Joaquin...  ==                        DEL    $0.429  [D]
       announced/VBD-2  ==                        DEL    $0.429  [D]
             that/IN-3  ==                        DEL    $0.429  [D]
  Pope_John_Paul/NNP-4  ==                        DEL    $0.429  [D]
             was/VBD-5  ==  is/VBZ-1              SUB    $0.866  [E, sim, Esz, d:0.028]
            still/RB-6  ==                        DEL    $0.429  [D]
               in/IN-7  ==                        DEL    $0.429  [D]
          serious/JJ-8  ==                        DEL    $0.429  [D]
        condition/NN-9  ==                        DEL    $0.429  [D]
                        ==  the/DT-2              INS    $0.377  [I]
                ,/,-10  ==                        DEL    $0.429  [D]
             but/CC-11  ==                        DEL    $0.429  [D]
             he/PRP-12  ==                        DEL    $0.429  [D]
            was/VBD-13  ==                        DEL    $0.429  [D]
                        ==  Vatican_Spokesman...  INS    $0.377  [I]
             not/RB-14  ==                        DEL    $0.429  [D]
              in/IN-15  ==                        DEL    $0.429  [D]
               a/DT-16  ==                        DEL    $0.429  [D]
            coma/NN-17  ==                        DEL    $0.429  [D]
                ./.-18  ==  ./.-4                 SUB    $0.867  [E, sim, Esz]
                                                       --------
                                                TOTAL   $10.157
</MANLIResult>
All txt words are: [Vatican-NNP, spokesman_Joaquin_Navarro-Valls-NNS, announced-VBD, that-IN, Pope_John_Paul-NNP, was-VBD, still-RB, in-IN, serious-JJ, condition-NN, ,-,, but-CC, he-PRP, was-VBD, not-RB, in-IN, a-DT, coma-NN, .-.]
coverity#1421119 dereference after null check [Caolán McNamara]
coverity#1421122 silence Uncaught exception [Caolán McNamara]
[2023.05.20-22.07.40:104][  0]LogInit: High frequency timer resolution =10.000000 MHz
              Complete w/o Wrap Limit(s): Yes
  Opt. Period         Initial Wrap Valid: No
  Opt. Period Complete w/o Wrap Limit(s): Yes
Secondary break #138410768: 2008 024 // 12:35:19.00000(2.106)
First cable wrap sense setting to: CW
 Stoichiometry    H2O
 SCF Done:  E(RHF) =  -76.0105299762     A.U. after   10 cycles
             Convg  =    0.4127D-08             -V/T =  2.0025

 **********************************************************************

            Population analysis using the SCF density.

 **********************************************************************

 Orbital symmetries:
       Occupied  (A1) (A1) (B2) (A1) (B1)
       Virtual   (A1) (B2) (B2) (A1) (B1) (A1) (B2) (A1) (A1) (A2)
                 (B1) (A1) (B2) (A1)
 The electronic state is 1-A1.
 Alpha  occ. eigenvalues --  -20.56037  -1.34180  -0.70695  -0.57101  -0.49791
 Alpha virt. eigenvalues --    0.21075   0.30417   1.02267   1.13176   1.16779
 Alpha virt. eigenvalues --    1.17169   1.38087   1.43403   2.02014   2.03377
 Alpha virt. eigenvalues --    2.06780   2.62233   2.94733   3.97060
          Condensed to atoms (all electrons):
              1          2          3
     1  O    8.335575   0.265387   0.265387
     2  H    0.265387   0.320154  -0.018715
     3  H    0.265387  -0.018715   0.320154
 Mulliken atomic charges:
              1
     1  O   -0.866349
     2  H    0.433174
     3  H    0.433174
 Sum of Mulliken atomic charges =   0.00000
