ERROR info.magnolia.ai.text.TextClassificationModule 15.10.2020 00:12:42 -- Submission of text classification request has been failed at page path '/travel/meta/privacy' with error code: 'null'.
./Iron%20Maiden/Death%20On%20The%20Road
0 K2 categories imported
0 categories imported
2016-02-23 15:45:25,573  INFO Injector:68 org.matsim.core.router.RoutingModule @com.google.inject.name.Named(value=walk)
2016-02-23 15:45:25,573  INFO Injector:69    -> org.matsim.core.router.Teleportation@161479c6
0 categories imported
ofz#5276 oom [Caolán McNamara]
\inpenc@posthook=\toks16
) (/usr/local/texlive/2021/texmf-dist/tex/latex/listings/listings.sty (/usr/local/texlive/2021/texmf-dist/tex/latex/graphics/keyval.sty
Package: keyval 2014/10/28 v1.15 key=value parser (DPC)
<alignment>
         towards/IN-38  ==                        DEL    $0.429  [D]
               a/DT-39  ==                        DEL    $0.429  [D]
        solution/NN-40  ==                        DEL    $0.429  [D]
              to/TO-41  ==                        DEL    $0.429  [D]
               `/``-42  ==                        DEL    $0.429  [D]
             the/DT-43  ==                        DEL    $0.429  [D]
         Cyprus/NNP-44  ==                        DEL    $0.429  [D]
         problem/NN-45  ==                        DEL    $0.429  [D]
               '/''-46  ==                        DEL    $0.429  [D]
                ./.-47  ==  ./.-8                 SUB    $0.867  [E, sim, Esz]
                                                       --------
                                                TOTAL   $24.660
</MANLIResult>
All txt words are: [Hands-NNS, Across-IN, the-DT, Divide-NN, was-VBD, formed-VBN, in-IN, March_2001-CD, ,-,, and-CC, one-CD, of-IN, its-PRP$, immediate-JJ, aims-NNS, was-VBD, to-TO, press-VB, for-IN, more-JJR, freedom-NN, of-IN, contact-NN, and-CC, communication-NN, right-RB, away-RB, between-IN, the-DT, two-CD, parts-NNS, of-IN, Cyprus-NNP, ,-,, and-CC, for-IN, early-JJ, progress-NN, towards-IN, a-DT, solution-NN, to-TO, `-``, the-DT, Cyprus-NNP, problem-NN, '-'', .-.]
<alignment>
  Cyprus               ==&gt; Cyprus
  was                  ==&gt; was
  divided              ==&gt; Divide
  into                 ==&gt; _
  two                  ==&gt; two
  parts                ==&gt; parts
  in                   ==&gt; in
  March_2001           ==&gt; March_2001
  .                    ==&gt; .
  Alignment score: 24.660
</alignment>
Alignment ------------------------------------------------

Cyprus               ==> Cyprus
was                  ==> was
KTB	ALASKA	THORNE BAY SEAPLANE	afd	al_221_25OCT2007.png
TMK	ALASKA	TILLAMOOK	afd	al_221_25OCT2007.png
TNC	ALASKA	TIN CITY LRRS	afd	al_222_25OCT2007.png
CYAZ	ALASKA	TOFINO	afd	al_222_25OCT2007.png
IYS	ALASKA	WASILLA	afd	al_238_25OCT2007.png
west+virginia+derby	01.08.2009 22:43:14	http://www.google.com/search?q=2009+west+virginia+derby+results&hl=en&client=firefox-a&channel=s&rls=org.mozilla:en-US:official&hs=a02&start=10&sa=N	Mozilla/5.0 (Windows; U; Windows NT 5.1; en-US; rv:1.9.0.11) Gecko/2009060215 Firefox/3.0.11	74.101.49.175
               S/C: 183, DSS: 45, Pass: 2716, Label: SPS134612PX6
LogConfig: Set CVar [[r.setres:1280x720]]
[     21875] Hooked external (mobile) GPU drivers to force enablement.
[     23000] rage::gameSkeleton::RunInitFunctions: Invoking CScriptAreas INIT_CORE init (34 out of 52)
[     23015] rage::gameSkeleton::RunInitFunctions: Invoking CScriptDebug INIT_CORE init (35 out of 52)
[     23031] rage::gameSkeleton::RunInitFunctions: Invoking CScriptHud INIT_CORE init (36 out of 52)
[     23047] rage::gameSkeleton::RunInitFunctions: Invoking CScriptPedAIBlips INIT_CORE init (37 out of 52)
                                  1973-F02       D-5A                           D-5A                      F00678
             1974 Mar 21 0645     -              NASA 10.411GM                  NASA 10.411GM                     Nike Cajun             NASA 10.411GM    CSG ALFS                83.0
[22:42:40] Precious metals: [+] 0098/8003 matches engine Wordpress Article - http://mgsetoshotel.com/2013/12/03/donec-luctus-imperdiet/
tdf#116820 The viewer does not show recent files after selecting remote server [Mert Tümer]
tdf#116821 row and column toolbar not available when selecting non-adjacent rows/columns by pressing ctrl key [Maxim Monastirsky]
tdf#116836 Anchored to Cells set to Resize also Move when Shrunk [Samuel Mehrbrodt]
tdf#116841 FILEOPEN: Bullet list has no identation [Miklos Vajna]
tdf#116842 Adding spreadsheets or slides crashes android viewer [Mert Tümer]
[      2532] [    GTAProcess]             MainThrd/ pre-gameload component rage:device:five
x+games+15+moto+x+best+trick	01.08.2009 19:35:19	http://www.google.com/url?sa=t&source=web&ct=res&cd=9&url=http%3A%2F%2Fcomicsunlimited.com%2Fcomics%2Findex.php%3Fx%2Bgames%2B15%2Bmoto%2Bx%2Bbest%2Btrick&ei=yJh0SuuOFpSwMIq2_LAM&rct=j&q=x+games+15+moto+big+air+gold&usg=AFQjCNG5gy7MF-uiLAZGZz3au71yD6R-9g	Mozilla/5.0 (Windows; U; Windows NT 5.1; en-US; rv:1.8.1.20) Gecko/20081217 Firefox/2.0.0.20	24.11.253.121
sayville+summerfest	01.08.2009 19:35:30	http://www.google.com/search?hl=en&rlz=1R2DKUS_enUS332&q=sayville+street+fair+2009&aq=f&oq=&aqi=	Mozilla/4.0 (compatible; MSIE 7.0; Windows NT 5.1; GTB6; .NET CLR 1.1.4322; InfoPath.1; .NET CLR 2.0.50727)	24.185.120.179
sayville+summerfest	01.08.2009 19:35:37	http://www.google.com/search?sourceid=navclient&ie=UTF-8&rlz=1T4DKUS_enUS310US310&q=sayville+street+fair+2009	Mozilla/4.0 (compatible; MSIE 7.0; Windows NT 5.1; GTB6; .NET CLR 1.1.4322; InfoPath.1; .NET CLR 2.0.50727)	24.185.120.179
ohio+state+fair	01.08.2009 19:35:50	http://aim.search.aol.com/search/search?&query=Ohio+State+Fair+start+time+Sunday+August+2+2009&invocationType=tb50tr	Mozilla/4.0 (compatible; MSIE 8.0; Windows NT 6.0; Trident/4.0; GTB6; SLCC1; .NET CLR 2.0.50727; Media Center PC 5.0; Seekmo 10.0.406.0; .NET CLR 3.5.30729; .NET CLR 3.0.30618)	65.31.5.241
tim+hack+and+kelly+drew	01.08.2009 19:36:35	http://www.google.ca/search?hl=en&q=tim+hack+kelly+drew&meta=&aq=0&oq=tim+hack+ke	Mozilla/4.0 (compatible; MSIE 6.0; Windows NT 5.1; SV1; .NET CLR 1.1.4322)	209.146.175.162
 This software contains proprietary and confidential information,
 including trade secrets, belonging to Gaussian, Inc.
instanceKlass sun/reflect/ReflectionFactory$1
instanceKlass java/lang/Class$1
Package hyperref Info: backreferencing OFF on input line 6090.
Package hyperref Info: Link coloring OFF on input line 6095.
     Alignment from True N    : 0 deg
           rely/VBP-12  ==                        DEL    $0.429  [D]
              on/IN-13  ==                        DEL    $0.429  [D]
             the/DT-14  ==                        DEL    $0.429  [D]
[2023.05.20-22.07.40:630][  0]LogTextureFormatManager: Display: Loaded Base TextureFormat: TextureFormatUncompressed
[2023.05.20-22.07.40:630][  0]LogTextureFormatOodle: Display: Oodle Texture TFO init; latest sdk version = 2.9.8
[2023.05.20-22.07.40:630][  0]LogTextureFormatOodle: Display: Oodle Texture loading DLL: oo2tex_win64_2.9.5.dll
 PROC_COUNT gamma : ALL = 1.41914e+06
 PROC_COUNT neutron : Transportation = 2035826
 PROC_COUNT neutron : hadElastic = 127810
 PROC_COUNT neutron : nCapture = 921
 PROC_COUNT neutron : neutronInelastic = 799
[     47407] [    GTAProcess]             MainThrd/ rage::gameSkeleton::RunInitFunctions: Invoking CRenderer INIT_CORE init (24 out of 52)
[     47563] [    GTAProcess]             MainThrd/ rage::gameSkeleton::RunInitFunctions: Invoking CReplayMgr INIT_CORE init (25 out of 52)
-- [download 38% complete]
[-1.000] Adjunct.addPosCxt: It is not okay that the hypothesis added the word "computer_networks" modifying "entered"
Running AntonymFeaturizer 0.1
                        ==  live/VBP-7            INS    $0.377  [I]
                        ==  Africa/NNP-9          INS    $0.377  [I]
                ./.-19  ==  ./.-10                SUB    $0.867  [E, sim, Esz]
-- [download 79% complete]
ERROR info.magnolia.ai.text.TextClassificationModule 15.10.2020 00:12:42 -- Submission of text classification request has been failed at page path '/bdcwebsite/investor-relations/board-of-directors/hisham-sanad' with error code: 'null'.
ERROR info.magnolia.aws.foundation.AwsCredentialsProvider 15.10.2020 00:12:42 -- AWS credentials are expected to be set in Password manager module.
what+did+greg+mcmackin+say	01.08.2009 23:19:03	http://www.google.com/search?sourceid=navclient&aq=0&oq=what+did+&ie=UTF-8&rlz=1T4GGIH_enUS283US283&q=what+did+greg+mcmackin+say	Mozilla/4.0 (compatible; MSIE 8.0; Windows NT 6.0; WOW64; Trident/4.0; SLCC1; .NET CLR 2.0.50727; .NET CLR 3.0.04506; Media Center PC 5.0)	68.13.70.19
gold+coast+art+fair+2009	01.08.2009 23:19:22	http://www.google.com/search?hl=en&rls=gm&sourceid=gmail&q=2009+gold+coast+fair+in+chicago&aq=f&oq=&aqi=	Mozilla/5.0 (Macintosh; U; Intel Mac OS X 10_5_7; en-us) AppleWebKit/530.19.2 (KHTML, like Gecko) Version/4.0.2 Safari/530.19	207.181.205.221
gold+coast+art+fair+2009	01.08.2009 23:19:27	http://www.google.com/search?hl=en&rls=gm&sourceid=gmail&q=2009+gold+coast+fair+in+chicago&aq=f&oq=&aqi=	Mozilla/5.0 (Macintosh; U; Intel Mac OS X 10_5_7; en-us) AppleWebKit/530.19.2 (KHTML, like Gecko) Version/4.0.2 Safari/530.19	207.181.205.221
NOTE: There were 50 observations read from the data set WORK.TRADES.
NOTE: The PROCEDURE PRINT printed page 2.
NOTE: PROCEDURE PRINT used (Total process time):
MDO	ALASKA	MIDDLETON ISLAND	afd	al_144_25OCT2007.png
  
 This is part of the Gaussian(R) 09 program.  It is based on
 the Gaussian(R) 03 system (copyright 2003, Gaussian, Inc.),
 the Gaussian(R) 98 system (copyright 1998, Gaussian, Inc.),
 the Gaussian(R) 94 system (copyright 1995, Gaussian, Inc.),
 the Gaussian 92(TM) system (copyright 1992, Gaussian, Inc.),
 the Gaussian 90(TM) system (copyright 1990, Gaussian, Inc.),
 the Gaussian 88(TM) system (copyright 1988, Gaussian, Inc.),
 the Gaussian 86(TM) system (copyright 1986, Carnegie Mellon
 M. Cossi, N. Rega, J. M. Millam, M. Klene, J. E. Knox, J. B. Cross, 
 V. Bakken, C. Adamo, J. Jaramillo, R. Gomperts, R. E. Stratmann, 
 O. Yazyev, A. J. Austin, R. Cammi, C. Pomelli, J. W. Ochterski, 
 R. L. Martin, K. Morokuma, V. G. Zakrzewski, G. A. Voth, 
 P. Salvador, J. J. Dannenberg, S. Dapprich, A. D. Daniels, 
 O. Farkas, J. B. Foresman, J. V. Ortiz, J. Cioslowski, 
 and D. J. Fox, Gaussian, Inc., Wallingford CT, 2009.
 
 ******************************************
 Gaussian 09:  AM64L-G09RevA.01  8-May-2009
                31-Aug-2015 
 ******************************************
 %chk=wat-sp.chk
 %nproc=1
 Will use up to    1 processors via shared memory.
 %mem=1GB
 ----------------------
 # RHF/6-31G* SCF=Tight
 ----------------------
 1/38=1/1;
 2/12=2,17=6,18=5,40=1/2;
[      8891] [    GTAProcess]             MainThrd/ Loading content XML: dlc_patchDay3NGCRC:/content.xml
ERROR info.magnolia.aws.foundation.AwsCredentialsProvider 15.10.2020 00:12:42 -- AWS credentials are expected to be set in Password manager module.
ERROR info.magnolia.ai.text.TextClassificationModule 15.10.2020 00:12:42 -- Submission of text classification request has been failed at page path '/bdcwebsite/corporate' with error code: 'null'.
ERROR info.magnolia.aws.foundation.AwsCredentialsProvider 15.10.2020 00:12:42 -- AWS credentials are expected to be set in Password manager module.
ERROR info.magnolia.ai.text.TextClassificationModule 15.10.2020 00:12:42 -- Submission of text classification request has been failed at page path '/bdcwebsite/sustainability' with error code: 'null'.
ERROR info.magnolia.aws.foundation.AwsCredentialsProvider 15.10.2020 00:12:42 -- AWS credentials are expected to be set in Password manager module.
ERROR info.magnolia.ai.text.TextClassificationModule 15.10.2020 00:12:42 -- Submission of text classification request has been failed at page path '/bdcwebsite/find-atm' with error code: 'null'.
ERROR info.magnolia.aws.foundation.AwsCredentialsProvider 15.10.2020 00:12:42 -- AWS credentials are expected to be set in Password manager module.
ERROR info.magnolia.ai.text.TextClassificationModule 15.10.2020 00:12:42 -- Submission of text classification request has been failed at page path '/bdcwebsite/home' with error code: 'null'.
ERROR info.magnolia.aws.foundation.AwsCredentialsProvider 15.10.2020 00:12:42 -- AWS credentials are expected to be set in Password manager module.
ERROR info.magnolia.ai.text.TextClassificationModule 15.10.2020 00:12:42 -- Submission of text classification request has been failed at page path '/bdcwebsite/personal' with error code: 'null'.
ERROR info.magnolia.aws.foundation.AwsCredentialsProvider 15.10.2020 00:12:42 -- AWS credentials are expected to be set in Password manager module.
ERROR info.magnolia.ai.text.TextClassificationModule 15.10.2020 00:12:42 -- Submission of text classification request has been failed at page path '/bdcwebsite/test' with error code: 'null'.
ERROR info.magnolia.aws.foundation.AwsCredentialsProvider 15.10.2020 00:12:42 -- AWS credentials are expected to be set in Password manager module.
ERROR info.magnolia.ai.text.TextClassificationModule 15.10.2020 00:12:42 -- Submission of text classification request has been failed at page path '/bdcwebsite/contact/head-office' with error code: 'null'.
ERROR info.magnolia.aws.foundation.AwsCredentialsProvider 15.10.2020 00:12:42 -- AWS credentials are expected to be set in Password manager module.
ERROR info.magnolia.ai.text.TextClassificationModule 15.10.2020 00:12:42 -- Submission of text classification request has been failed at page path '/bdcwebsite/contact/call-center' with error code: 'null'.
ERROR info.magnolia.aws.foundation.AwsCredentialsProvider 15.10.2020 00:12:42 -- AWS credentials are expected to be set in Password manager module.
ERROR info.magnolia.ai.text.TextClassificationModule 15.10.2020 00:12:42 -- Submission of text classification request has been failed at page path '/bdcwebsite/about/overview' with error code: 'null'.
ERROR info.magnolia.aws.foundation.AwsCredentialsProvider 15.10.2020 00:12:42 -- AWS credentials are expected to be set in Password manager module.
ERROR info.magnolia.ai.text.TextClassificationModule 15.10.2020 00:12:42 -- Submission of text classification request has been failed at page path '/bdcwebsite/about/history' with error code: 'null'.
ERROR info.magnolia.aws.foundation.AwsCredentialsProvider 15.10.2020 00:12:42 -- AWS credentials are expected to be set in Password manager module.
ERROR info.magnolia.ai.text.TextClassificationModule 15.10.2020 00:12:42 -- Submission of text classification request has been failed at page path '/bdcwebsite/investor-relations/board-of-directors' with error code: 'null'.
ERROR info.magnolia.aws.foundation.AwsCredentialsProvider 15.10.2020 00:12:42 -- AWS credentials are expected to be set in Password manager module.
ERROR info.magnolia.ai.text.TextClassificationModule 15.10.2020 00:12:42 -- Submission of text classification request has been failed at page path '/bdcwebsite/corporate/business-divisons/treasury-and-capital-markets' with error code: 'null'.
ERROR info.magnolia.aws.foundation.AwsCredentialsProvider 15.10.2020 00:12:42 -- AWS credentials are expected to be set in Password manager module.
ERROR info.magnolia.ai.text.TextClassificationModule 15.10.2020 00:12:42 -- Submission of text classification request has been failed at page path '/bdcwebsite/corporate/business-divisons/sme' with error code: 'null'.
ERROR info.magnolia.aws.foundation.AwsCredentialsProvider 15.10.2020 00:12:42 -- AWS credentials are expected to be set in Password manager module.
ERROR info.magnolia.ai.text.TextClassificationModule 15.10.2020 00:12:42 -- Submission of text classification request has been failed at page path '/bdcwebsite/personal/accounts-and-savings' with error code: 'null'.
ERROR info.magnolia.aws.foundation.AwsCredentialsProvider 15.10.2020 00:12:42 -- AWS credentials are expected to be set in Password manager module.
ERROR info.magnolia.ai.text.TextClassificationModule 15.10.2020 00:12:42 -- Submission of text classification request has been failed at page path '/bdcwebsite/personal/certificates-and-deposits' with error code: 'null'.
12:32:05 T:7432  NOTICE: Additional mode: 720x576@ 60.00 - Full Screen
12:32:05 T:7432  NOTICE: Previous line repeats 2 times.
[2023.05.20-22.07.39:933][  0]LogConfig: Set CVar [[r.AmbientOcclusionLevels:0]]
2021-10-26T21:50:50.236Z,1.236478,4337000,6 [FLog::SurfaceController] SurfaceController::RenderJob::stepDataModelJob: No DM yet. Continue...
2021-10-26T21:50:50.236Z,1.236582,44c0000,6 [FLog::LocalStorage] LocalStorage writing to file: /Users/studioagain/Library/Roblox/LocalStorage/memProfStorage11138.json
2021-10-26T21:50:50.236Z,1.236665,44c0000,6 [FLog::LocalStorage] LocalStorage will flush 5212 bytes to /Users/studioagain/Library/Roblox/LocalStorage/memProfStorage11138.json
2021-10-26T21:50:50.237Z,1.237119,44c0000,6 [FLog::LocalStorage] LocalStorage: Wrote 5212 bytes to disk
2021-10-26T21:50:50.277Z,1.277900,ab3bf380,6 [FLog::SurfaceController] SurfaceController::RenderJob::scheduleRender: No data model. Bind workspace now...
2021-10-26T21:50:50.388Z,1.388939,4231000,6 [FLog::GameJoinUtil] GameJoinUtil::makePlaceLauncherRequest, response:
{"jobId":"4d64c44d-360b-41f4-8227-71b4dc927481","status":2,"joinScriptUrl":"https://assetgame.roblox.com/Game/Join.ashx?ticketVersion=2&ticket=%7b%22UserId%22%3a3520967%2c%22UserName%22%3a%22FruitySama%22%2c%22DisplayName%22%3a%22FruitySama%22%2c%22CharacterFetchUrl%22%3a%22https%3a%2f%2fapi.roblox.com%2fv1.1%2favatar-fetch%2f%3fplaceId%3d4996049426%26userId%3d3520967%22%2c%22GameId%22%3a%224d64c44d-360b-41f4-8227-71b4dc927481%22%2c%22PlaceId%22%3a4996049426%2c%22UniverseId%22%3a1720936166%2c%22ServerId%22%3a127548%2c%22ServerPort%22%3a51561%2c%22IsTeleport%22%3afalse%2c%22FollowUserId%22%3anull%2c%22TimeStamp%22%3a%2210%2f26%2f2021+4%3a50%3a49+PM%22%2c%22CharacterAppearanceId%22%3a3520967%2c%22AlternateName%22%3anull%2c%22JoinTypeId%22%3a10%2c%22MatchmakingDecisionId%22%3a%2252dbe11e-713d-4d14-bcec-c1a9407f58f5%22%2c%22GameJoinMetadata%22%3a%7b%22JoinSource%22%3a0%2c%22RequestType%22%3a0%2c%22
2021-10-26T21:50:50.439Z,1.439988,ab3bf380,6 [FLog::Graphics] Metal: resizing main framebuffer to 1440x900
2021-10-26T21:50:50.441Z,1.441478,4337000,7 [FLog::Network] NetworkClient:Create
2021-10-26T21:50:50.441Z,1.441950,4337000,6 [FLog::LocalStorage] LocalStorage flushing (blocking)
2021-10-26T21:51:05.215Z,16.215679,43ba000,6 [FLog::Output] Info: Stack End
2021-10-26T21:51:05.215Z,16.215710,43ba000,6 [FLog::Warning] Warning: Infinite yield possible on 'Players.FruitySama:WaitForChild("DataLoad")'
2021-10-26T21:51:05.215Z,16.215746,43ba000,6 [FLog::Output] Info: Stack Begin
2021-10-26T21:51:05.215Z,16.215782,43ba000,6 [FLog::Output] Info: Script 'Players.FruitySama.PlayerGui.HUD.Setting.FXButton.FXButtonLocal', Line 2
2021-10-26T21:51:05.215Z,16.215813,43ba000,6 [FLog::Output] Info: Stack End
2021-10-26T21:51:05.215Z,16.215841,43ba000,6 [FLog::Warning] Warning: Infinite yield possible on 'Players.FruitySama:WaitForChild("DataLoad")'
2021-10-26T21:51:05.215Z,16.215878,43ba000,6 [FLog::Output] Info: Stack Begin
2021-10-26T21:51:05.215Z,16.215912,43ba000,6 [FLog::Output] Info: Script 'Players.FruitySama.PlayerGui.HUD.Setting.UnitDisplayGamePass2.TextButton.UnitGamePassDisplay', Line 2
2021-10-26T21:51:05.215Z,16.215961,43ba000,6 [FLog::Output] Info: Stack End
2021-10-26T21:51:05.215Z,16.215988,43ba000,6 [FLog::Warning] Warning: Infinite yield possible on 'Players.FruitySama:WaitForChild("DataLoad")'
2021-10-26T21:51:05.216Z,16.216021,43ba000,6 [FLog::Output] Info: Stack Begin
2021-10-26T21:51:05.216Z,16.216055,43ba000,6 [FLog::Output] Info: Script 'Players.FruitySama.PlayerGui.HUD.Setting.Skip.FXButtonLocal', Line 2
2021-10-26T21:51:05.216Z,16.216089,43ba000,6 [FLog::Output] Info: Stack End
2021-10-26T21:51:05.216Z,16.216116,43ba000,6 [FLog::Warning] Warning: Infinite yield possible on 'Players.FruitySama:WaitForChild("DataLoad")'
2021-10-26T21:51:05.216Z,16.216188,43ba000,6 [FLog::Output] Info: Stack Begin
2021-10-26T21:51:05.216Z,16.216219,43ba000,6 [FLog::Output] Info: Script 'Players.FruitySama.PlayerGui.HUD.Setting.LowGfx.FXButtonLocal', Line 2
2021-10-26T21:51:05.216Z,16.216246,43ba000,6 [FLog::Output] Info: Stack End
2021-10-26T21:51:05.216Z,16.216265,43ba000,6 [FLog::Warning] Warning: Infinite yield possible on 'Players.FruitySama:WaitForChild("DataLoad")'
2021-10-26T21:51:05.216Z,16.216288,43ba000,6 [FLog::Output] Info: Stack Begin
2021-10-26T21:51:05.216Z,16.216311,43ba000,6 [FLog::Output] Info: Script 'Players.FruitySama.PlayerGui.HUD.Setting.Trade.FXButtonLocal', Line 2
[2023.05.20-22.07.40:772][  0]LogDerivedDataCache: Unable to find inner node Shared for hierarchy Hierarchy.
[2023.05.20-22.07.40:773][  0]LogVirtualization: Display: VirtualizationSystem name found in ini file: None
2021-10-26T21:51:05.215Z,16.215467,43ba000,6 [FLog::Warning] Warning: Infinite yield possible on 'Players.FruitySama:WaitForChild("DataLoad")'
              Defined make macro "AR" to "/usr/bin/ar"
  Cyprus               ==&gt; Cyprus
  was                  ==&gt; was
  divided              ==&gt; Divide
  into                 ==&gt; _
  two                  ==&gt; two
  parts                ==&gt; parts
  in                   ==&gt; in
  March_2001           ==&gt; March_2001
  .                    ==&gt; .
  Alignment score: 24.660
</alignment>
Alignment ------------------------------------------------

Cyprus               ==> Cyprus
was                  ==> was
divided              ==> Divide
into                 ==> _
two                  ==> two
parts                ==> parts
in                   ==> in
March_2001           ==> March_2001
.                    ==> .
Alignment score: 24.660

Features ------------------------------------------------

[ 1.000] Alignment.isGood: Weight for score based on closeness to 'good' threshold
[-0.000] Alignment.isBad: Weight for score based on closeness to 'bad' threshold
[30.719] Alignment.score.scaled: Alignment score scaled by exponentiated hypothesis size.
[ 0.500] Alignment.hypSpan NULL JUSTIFICATION
	at info.magnolia.module.cache.executor.Bypass.processCacheRequest(Bypass.java:58) [magnolia-cache-core-5.9.1.jar:?]
	at info.magnolia.module.cache.executor.CompositeExecutor.processCacheRequest(CompositeExecutor.java:66) [magnolia-cache-core-5.9.1.jar:?]
	at info.magnolia.module.cache.filter.CacheFilter.doFilter(CacheFilter.java:164) [magnolia-cache-core-5.9.1.jar:?]
	at info.magnolia.cms.filters.AbstractMgnlFilter.doFilter(AbstractMgnlFilter.java:85) [magnolia-core-6.2.3.jar:?]
	at info.magnolia.cms.filters.MgnlFilterChain.doFilter(MgnlFilterChain.java:79) [magnolia-core-6.2.3.jar:?]
onGenerate.r4-schemas:
    [mkdir] Created dir: /scratch/ig-build-temp-JHXSGN/repo/input-cache/schemas/R4
Libraries compiled on Thu Feb 11 10:38:32 2016 on casbsrv4 
Machine characteristics: Linux-2.6.32-504.12.2.el6.centos.plus.x86_64-x86_64-with-centos-6.6-Final
Using PETSc directory: /misc/local/src/petsc-3.6.3
    + adapt loplugin:implicitboolconversion to changes in Clang trunk towards 3.8 [Stephan Bergmann]
42         	title "trades";
sort (SORT) [Y/n/?] y
[   1901172] [op-state]
[   1901187] [op-sync]
Executing: uname -s
stdout: Linux
            Defined make macro "DSYMUTIL" to "true"
================================================================================
TEST configureDirectories from PETSc.options.petscdir(/sandbox/petsc/petsc.next/config/PETSc/options/petscdir.py:23)
TESTING: configureDirectories from PETSc.options.petscdir(/sandbox/petsc/petsc.next/config/PETSc/options/petscdir.py:23)
  Checks PETSC_DIR and sets if not set
          Version Information:
          #define PETSC_VERSION_RELEASE   -2
          #define PETSC_VERSION_MAJOR      3
          #define PETSC_VERSION_MINOR      11
          #define PETSC_VERSION_SUBMINOR   3
          #define PETSC_VERSION_PATCH      0
          #define PETSC_VERSION_DATE       "unknown"
          #define PETSC_VERSION_GIT        "unknown"
          #define PETSC_VERSION_DATE_GIT   "unknown"
          #define PETSC_VERSION_EQ(MAJOR,MINOR,SUBMINOR) \
          #define PETSC_VERSION_ PETSC_VERSION_EQ
          #define PETSC_VERSION_LT(MAJOR,MINOR,SUBMINOR)          \
          #define PETSC_VERSION_LE(MAJOR,MINOR,SUBMINOR) \
          #define PETSC_VERSION_GT(MAJOR,MINOR,SUBMINOR) \
          #define PETSC_VERSION_GE(MAJOR,MINOR,SUBMINOR) \
================================================================================
TEST getDatafilespath from PETSc.options.dataFilesPath(/sandbox/petsc/petsc.next/config/PETSc/options/dataFilesPath.py:29)
TESTING: getDatafilespath from PETSc.options.dataFilesPath(/sandbox/petsc/petsc.next/config/PETSc/options/dataFilesPath.py:29)
  Checks what DATAFILESPATH should be
            Defined make macro "DATAFILESPATH" to "/home/petsc/datafiles"
TESTING: configureArchitecture from PETSc.options.arch(/sandbox/petsc/petsc.next/config/PETSc/options/arch.py:43)
  Checks PETSC_ARCH and sets if not set
        No previous hashfile found
LogPluginManager: Mounting Engine plugin ChaosCaching
LogPluginManager: Mounting Engine plugin ChaosCloth
\RaggedLeftParindent=\skip81
\RaggedRightParindent=\skip82
\JustifyingParindent=\skip83
) (/usr/local/texlive/2021/texmf-dist/tex/latex/adjustbox/adjustbox.sty
Package: adjustbox 2020/08/19 v1.3 Adjusting TeX boxes (trim, clip, ...)
 (/usr/local/texlive/2021/texmf-dist/tex/latex/adjustbox/adjcalc.sty
Package: adjcalc 2012/05/16 v1.1 Provides advanced setlength with multiple back-ends (calc, etex, pgfmath)
) (/usr/local/texlive/2021/texmf-dist/tex/latex/adjustbox/trimclip.sty
Package: trimclip 2020/08/19 v1.2 Trim and clip general TeX material
 (/usr/local/texlive/2021/texmf-dist/tex/latex/collectbox/collectbox.sty
Package: collectbox 2012/05/17 v0.4b Collect macro arguments as boxes
\collectedbox=\box56
)
\tc@llx=\dimen168
\tc@lly=\dimen169
\tc@urx=\dimen170
\tc@ury=\dimen171
Package trimclip Info: Using driver 'tc-pdftex.def'.
\pgf@xc=\dimen190
\pgf@yc=\dimen191
\pgf@xd=\dimen192
\pgf@yd=\dimen193
\w@pgf@writea=\write4
\r@pgf@reada=\read3
\c@pgf@counta=\count312
\c@pgf@countb=\count313
\c@pgf@countc=\count314
\c@pgf@countd=\count315
\t@pgf@toka=\toks44
\t@pgf@tokb=\toks45
       Accuracy               : (hPa)
       Height Diff to Ant     : (m)
       Calibration date       : (CCYY-MM-DD)
       Effective Dates        : (CCYY-MM-DD/CCYY-MM-DD)
       Notes                  : (multiple lines)

8.2.x Pressure Sensor Model   :
       Manufacturer           :
       Serial Number          :
       Data Sampling Interval : (sec)

9.   Local Ongoing Conditions Possibly Affecting Computed Position

9.1.1 Radio Interference      : (TV/CELL PHONE ANTENNA/RADAR/etc)
       Observed Degradations  : (SN RATIO/DATA GAPS/etc)
       Effective Dates        : (CCYY-MM-DD/CCYY-MM-DD)
       Additional Information : (multiple lines)

9.1.x Radio Interference      : (TV/CELL PHONE ANTENNA/RADAR/etc)
       Observed Degradations  : (SN RATIO/DATA GAPS/etc)
       Effective Dates        : (CCYY-MM-DD/CCYY-MM-DD)
       Additional Information : (multiple lines)

9.2.1 Multipath Sources       : (METAL ROOF/DOME/VLBI ANTENNA/etc)
       Effective Dates        : (CCYY-MM-DD/CCYY-MM-DD)
       Additional Information : (multiple lines)

9.2.x Multipath Sources       : (METAL ROOF/DOME/VLBI ANTENNA/etc)
       Effective Dates        : (CCYY-MM-DD/CCYY-MM-DD)
       Additional Information : (multiple lines)
[      9250] versioning: /prod/gtav/versioning.xml
[      9281] versioning: /prod/gtav/versioning.xml
[      9343] versioning: /prod/gtav/versioning.xml
12:32:05 T:6472  NOTICE:         m_channels        : FL,FR
12:32:05 T:6472  NOTICE:         m_sampleRates     : 48000
Version 1.53.0 (28 JANUARY 2022)
	New feature
		- Add new progress report for calculate payment	
Version 1.54.0 (7 JUNE 2022)
	New feature
[   1899750] [sessionmanager]
gold+coast+art+fair+2009	01.08.2009 22:42:57	http://www.google.com/custom?hl=en&client=pub-7709354788728419&cof=FORID%3A1%3BGL%3A1%3BL%3Ahttp%3A%2F%2Fmei.net%2Fml80%2Bflag.png%3BLH%3A50%3BLW%3A429%3BLBGC%3AFFFFFF%3BLC%3A%230000ff%3BVLC%3A%23663399%3BGFNT%3A%230000ff%3BGIMP%3A%230000ff%3BDIV%3A%23336699%3B&ie=ISO-8859-1&oe=ISO-8859-1&q=chicago+il+gold+coast+art+fair&btnG=Search	Mozilla/5.0 (Macintosh; U; PPC Mac OS X Mach-O; en; rv:1.8.1.22) Gecko/20090615 Camino/1.6.8 (like Firefox/2.0.0.22)	208.31.142.31
-- [download 60% complete]
-- [download 61% complete]
-- [download 62% complete]
-- [download 63% complete]
-- [download 64% complete]
-- [download 65% complete]
-- [download 66% complete]
-- [download 67% complete]
-- [download 68% complete]
-- [download 69% complete]
-- [download 70% complete]
-- [download 71% complete]
-- [download 72% complete]
-- [download 73% complete]
-- [download 74% complete]
-- [download 75% complete]
-- [download 76% complete]
-- [download 77% complete]
-- [download 78% complete]
-- [download 79% complete]
-- [download 80% complete]
-- [download 81% complete]
-- [download 82% complete]
-- [download 83% complete]
-- [download 84% complete]
-- [download 85% complete]
-- [download 86% complete]
-- [download 87% complete]
-- [download 88% complete]
-- [download 89% complete]
 Charge=              0.0000 electrons
  return 0;
}
Executing: mpicc  -o /tmp/petsc-uGvYRc/config.setCompilers/conftest  -shared   /tmp/petsc-uGvYRc/config.setCompilers/conftest.o 
            Valid C linker flag -shared
Executing: mpicc -c -o /tmp/petsc-uGvYRc/config.setCompilers/conftest.o -I/tmp/petsc-uGvYRc/config.setCompilers   /tmp/petsc-uGvYRc/config.setCompilers/conftest.c 
<09:59AM Dr_Delete> holy kcow
[22:42:39] Travels: [-] 8125/8261 download failed (Return: -, SockError: Connection reset by peer) - https://www.intrepidtravel.de/reisethemen/expedition
[22:42:40] Justice degree: [+] 8018/8289 matches engine Wordpress Article - http://gavinguem148blog.suomiblog.com
[22:42:40] Justice degree: [+] 8018/8289 new URL - http://suomiblog.com/login
[22:42:40] Justice degree: [+] 8018/8289 new URL - http://suomiblog.com/login?action=register
[22:42:43] Travels: [+] 8127/8263 matches engine Joomla K2 - http://absorbentesdecolombia.com/?option=com_k2&view=itemlist&task=user&id=8751
[22:42:43] Internet VOIP: [-] 0123/8096 no engine matches (HTTP-Status: 503) - http://bioreports.net/news/pdp-chieftain-12-others-shot-dead-in-benue/
[22:42:43] Amazon: [+] 3690/7825 matches engine Drupal - Blog - http://www.yessbackpack.org/user
[22:42:43] Precious metals: [-] 0099/8003 no engine matches (HTTP-Status: 503) - http://www.amrumc.ru/?p=1
[22:42:43] Mesothelioma: [-] 0526/7981 no engine matches (HTTP-Status: 503) - http://blog.aba.org/
[22:42:43] Health: [-] 8182/8339 no engine matches (HTTP-Status: 503) - http://www.jerj.be/photoblog/index.php?popup=comment&showimage=222
[22:42:43] Currency: [-] 7909/8085 no engine matches (HTTP-Status: 503) - http://www.glenbrittlekennels.com/kennels-cattery-merseyside/customer-feedback
[22:42:43] Travels: [+] 8127/8263 new URL - http://absorbentesdecolombia.com/index.php/component/users/?view=registration
[22:42:43] Web Design T2: [-] 4918/8453 no engine matches (HTTP-Status: 503) - http://immersiveatlanta.com/migos-pipe-it-up/
[22:42:43] Amazon: [+] 3690/7825 registration successful - http://www.yessbackpack.org/?q=node/add
[22:42:43] Mesa DUI lawyer: [-] 8180/8414 no engine matches (HTTP-Status: 503) - http://fox-network.net
[22:42:43] Bollywood: [-] 0198/7884 no engine matches - http://www.smartisoft.com/guestbook/guestbook.php?offset=3024&poffset=499
[22:42:43] Health: [+] 8183/8339 matches engine Wordpress Article - http://www.inbloom.info/archives/51
[22:42:43] Travels: [-] 8127/8263 no form at all - http://absorbentesdecolombia.com/index.php/component/users/?view=registration
[22:42:43] Amazon: [-] 3690/7825 Drupal - Blog captcha url resolve failed (proxy: 138.68.53.44:8118) http://www.yessbackpack.org/?q=user
[22:42:43] Health: [+] 8183/8339 new URL - http://www.inbloom.info/wp-login.php?action=register
[22:42:43] Travels: [+] 8127/8263 matches engine EasyBlog - http://absorbentesdecolombia.com/?option=com_k2&view=itemlist&task=user&id=8751
[22:42:43] Health: [+] 8183/8339 new URL - http://www.inbloom.info/wp-login.php?action=register
[22:42:43] Amazon: [-] 3691/7825 no engine matches (HTTP-Status: 503) - http://markgroves.tv/theyre-not-gender-issues-theyre-human-issues-heforshe/
[22:42:43] Travels: [-] 8127/8263 wrong engine detected (ezblog-dashboard|implement(easyblog) - http://absorbentesdecolombia.com/index.php?option=com_easyblog&view=dashboard&layout=write
[22:42:43] Health: [-] 8183/8339 no form at all - http://www.inbloom.info/wp-login.php?action=register
[22:42:43] Mesothelioma T1: [+] 0213/8853 matches engine SupeSite - http://www.ietrade.com.cn
[22:42:43] Cooking TIPS: [-] 0202/7845 no engine matches (HTTP-Status: 400) - https://www.newscorpaustralia.com
[22:42:43] Mesothelioma T1: [+] 0213/8853 unknown registration status - http://www.ietrade.com.cn
[22:42:43] Insurance: [+] 8214/8262 matches engine Wordpress Article - http://www.inktippitchsummit.com/
[22:42:43] Car Insurance: [-] 4195/8012 no engine matches - http://quantitycosts.com/building-construction-costings/forecasting-and-reporting/benefits-of-forecasting-and-reporting/
tdf#115565 Unable to use keyboard to move to previous or next toolbox item when Sidebar Navigator deck GotoPage control has focus [Jim Raykowski]
               No/DT-0  ==                        DEL    $0.429  [D]
[     43813] [   ROSLauncher]                14544/ SC JS message: SetUpdateProgress -> {"bytesPerSecond":0,"bytesProgress":72484280,"bytesTotal":72484280,"progress":"100.00","status":"","titleName":"gta5"}
[     43813] [   ROSLauncher]                14544/ SC JS message: SetTitleInfo -> {"batchEnd":true,"branches":[{"branchName":13,"friendlyName":"default","isDefault":true}],"currentBranch":13,"currentBranchFriendlyName":"default","currentVersion":"1.0.1604.0","externalInstall":[],"friendlyName":"Grand Theft Auto V","parentApp":null,"shortcuts":{"desktop":false,"startMenu":false},"status":{"entitlement":true,"install":true,"installLocation":"C:\\Program Files\\Rockstar Games\\Games\\Grand Theft Auto V","lastUsed":"2021-05-22T21:51:46+00:00","preparing":false,"queuePosition":0,"releaseState":"available","totalBytes":72484280,"updateBytes":0,"updateProgress":0,"updateState":"starting","updateTotal":0},"titleName":"gta5"}
12:32:05 T:7432   DEBUG: ADDON: cpluff: 'Plug-in plugin.video.ardmediathek_de has been installed.'
PROC_CREATOR_COUNT C12 : dInelastic = 52
PROC_CREATOR_COUNT C12 : hadElastic = 9332
G4ParticleHPManager::GetDataStream FILE /home/arce/gamos/external/geant4/geant4.10.04.p02.gamos/../data/G4TENDL1.3.2/Proton/Inelastic/F02//8_16_Oxygen.z
)
2AK7	ALASKA	TALKEETNA BALD MOUNTAIN	afd	al_211_25OCT2007.png
AK8	ALASKA	TALKEETNA CHRISTIANSEN LAKE 	afd	al_212_25OCT2007.png
49AK	ALASKA	TALKEETNA SECLUDED LAKE	afd	al_212_25OCT2007.png
3AK3	ALASKA	TALKEETNA SONGLO VISTA	afd	al_212_25OCT2007.png
TKA	ALASKA	TALKEETNA	afd	al_213_25OCT2007.png
TKA_1	ALASKA	TALKEETNA HELIPORT	afd	al_213_25OCT2007.png
TSG	ALASKA	TANACROSS	afd	al_214_25OCT2007.png
TAL	ALASKA	RALPH M CALHOUN MEM	afd	al_214_25OCT2007.png
TAKOTNA	ALASKA	TATALINA LRRS	afd	al_215_25OCT2007.png
7KA	ALASKA	TATITLEK	afd	al_215_25OCT2007.png
8KA	ALASKA	TATITNA	afd	al_216_25OCT2007.png
AK49	ALASKA	TAYLOR	afd	al_216_25OCT2007.png
AK64	ALASKA	TAYLOR MOUNTAIN MINE TAYLOR MOUNTAIN	afd	al_216_25OCT2007.png
Z14	ALASKA	TAZLINA	afd	al_217_25OCT2007.png
5AK	ALASKA	TAZLINA-SMOKEY LAKE SEAPLANE	afd	al_217_25OCT2007.png
2K5	ALASKA	TELIDA	afd	al_218_25OCT2007.png
TER	ALASKA	TELLER	afd	al_218_25OCT2007.png
TKE	ALASKA	TENAKEE SPRINGS TENAKEE SEAPLANE	afd	al_219_25OCT2007.png
CYXT	ALASKA	TERRACE	afd	al_219_25OCT2007.png
CYZW	ALASKA	TESLIN	afd	al_219_25OCT2007.png
3T4	ALASKA	TETLIN	afd	al_220_25OCT2007.png
DLS	ALASKA	COLUMBIA GORGE REGIONAL-THE DALLES MUNI	afd	al_220_25OCT2007.png
K55	ALASKA	THOMPSON PASS	afd	al_220_25OCT2007.png
KTB	ALASKA	THORNE BAY SEAPLANE	afd	al_221_25OCT2007.png
TMK	ALASKA	TILLAMOOK	afd	al_221_25OCT2007.png
TNC	ALASKA	TIN CITY LRRS	afd	al_222_25OCT2007.png
CYAZ	ALASKA	TOFINO	afd	al_222_25OCT2007.png
IYS	ALASKA	WASILLA	afd	al_238_25OCT2007.png
5L6	ALASKA	WASILLA LAKE SEAPLANE	afd	al_238_25OCT2007.png
KWF	ALASKA	WATERFALL SEAPLANE	afd	al_239_25OCT2007.png
npm notice Changelog: <https://github.com/npm/cli/releases/tag/v9.8.1>
npm notice Run `npm install -g npm@9.8.1` to update!
npm notice 
[   1962703] overriding handle for mp_f_freemode_01/accs_diff_015_o_uni.ytd (was 4cd0123) -> 216
    + adding rows to table in protected sections not allowed (tdf#40494) [Oliver Specht]
rhea+durham	01.08.2009 17:38:18	http://www.google.com/search?q=jeremy%20piven&hl=en&tbo=1&tbs=rcnt:1,sbd:1	Mozilla/5.0 (Macintosh; U; Intel Mac OS X 10_4_11; en) AppleWebKit/530.19.2 (KHTML, like Gecko) Version/4.0.2 Safari/530.19	69.65.84.161
petty+officer+jonathan+campos	01.08.2009 17:38:46	http://www.google.com/search?client=safari&rls=en-us&q=jonathan+campos+lancaster,+ca&ie=UTF-8&oe=UTF-8	Mozilla/5.0 (Macintosh; U; Intel Mac OS X 10_5_7; en-us) AppleWebKit/530.19.2 (KHTML, like Gecko) Version/4.0.2 Safari/530.19	74.183.159.206
petty+officer+jonathan+campos	01.08.2009 17:39:21	http://www.google.com/search?client=safari&rls=en-us&q=jonathan+campos+lancaster,+ca&ie=UTF-8&oe=UTF-8	Mozilla/5.0 (Macintosh; U; Intel Mac OS X 10_5_7; en-us) AppleWebKit/530.19.2 (KHTML, like Gecko) Version/4.0.2 Safari/530.19	74.183.159.206
fedex+field	01.08.2009 17:39:57	http://www.google.com/search?client=safari&rls=en-us&q=Hyattsville+Fedex+Field+parking&ie=UTF-8&oe=UTF-8	Mozilla/5.0 (Macintosh; U; Intel Mac OS X 10_5_4; en-us) AppleWebKit/525.18 (KHTML, like Gecko) Version/3.1.2 Safari/525.20.1	173.79.161.119
tim+hack+and+kelly+drew	01.08.2009 17:40:23	http://www.google.com/search?sourceid=navclient&ie=UTF-8&rlz=1T4ADBF_enUS331US331&q=kelly+drew+jefferson+wisconsin	Mozilla/4.0 (compatible; MSIE 6.0; Windows NT 5.1; SV1; GTB6; InfoPath.2; .NET CLR 1.1.4322)	68.96.235.58
fedex+field	01.08.2009 17:40:33	http://www.google.com/search?hl=en&q=fedex+field+concert+parking&aq=f&oq=&aqi=	Mozilla/4.0 (compatible; MSIE 7.0; Windows NT 6.0; Trident/4.0; SLCC1; .NET CLR 2.0.50727; Media Center PC 5.0; Zune 3.0; .NET CLR 3.5.30729; .NET CLR 3.0.30618; MSN Optimized;US)	96.244.235.18
tim+hack+and+kelly+drew	01.08.2009 17:41:59	http://www.google.com/search?hl=en&q=tim+hack+kelly+drew&aq=0&oq=tim+hack+k&aqi=g1	Mozilla/4.0 (compatible; MSIE 7.0; Windows NT 5.1; InfoPath.1; .NET CLR 1.1.4322; .NET CLR 1.0.3705; .NET CLR 2.0.50727)	173.8.103.17
socorro+caro	01.08.2009 17:42:32	http://www.google.com/search?hl=en&q=Socorro+Caro+murder+case&aq=f&oq=&aqi=	Mozilla/4.0 (compatible; MSIE 7.0; Windows NT 5.1; Trident/4.0; FunWebProducts; GTB6; .NET CLR 1.1.4322; .NET CLR 2.0.50727; .NET CLR 3.0.04506.30; .NET CLR 3.0.04506.648; .NET CLR 3.5.21022; MSN OptimizedIE8;ENUS; MSN 6.1; MSNbMSFT; MSNmen-us; MSNc0z; MSNc00	71.96.1.121
tim+hack+and+kelly+drew	01.08.2009 17:42:42	http://www.google.com/search?sourceid=navclient&aq=0h&oq=Timothy+Hack&ie=UTF-8&rlz=1T4DMUS_enUS264US265&q=timothy+hack+%26+kelly+drew	Mozilla/4.0 (compatible; MSIE 8.0; Windows NT 6.0; Trident/4.0; GTB6; SLCC1; .NET CLR 2.0.50727; Media Center PC 5.0; InfoPath.2; WWTClient2; .NET CLR 3.5.30729; .NET CLR 3.0.30618)	99.187.247.143
dallas+weather+radar	01.08.2009 17:43:08	http://www.google.com/search?q=radar+loop+75206&ie=utf-8&oe=utf-8&aq=t&rls=org.mozilla:en-US:official&client=firefox-a	Mozilla/5.0 (Macintosh; U; Intel Mac OS X 10.4; en-US; rv:1.9.0.12) Gecko/2009070609 Firefox/3.0.12	76.183.168.31
carlos+justo	01.08.2009 17:43:29	http://www.google.com/search?sourceid=navclient&ie=UTF-8&rlz=1T4GFRE_enUS323US323&q=Carlos+Justo%27s+	Mozilla/4.0 (compatible; MSIE 8.0; Windows NT 6.0; Trident/4.0; GTB6; Mozilla/4.0 (compatible; MSIE 6.0; Windows NT 5.1; SV1) ; SLCC1; .NET CLR 2.0.50727; .NET CLR 3.0.30618; .NET CLR 3.5.30729)	207.172.241.143
tim+hack+and+kelly+drew	01.08.2009 17:43:56	http://www.google.com/search?sourceid=navclient&aq=0h&oq=kelly&ie=UTF-8&rlz=1T4ADBF_enUS331US331&q=kelly+drew+jefferson+wisconsin	Mozilla/4.0 (compatible; MSIE 6.0; Windows NT 5.1; SV1; GTB6; InfoPath.2; .NET CLR 1.1.4322)	68.96.235.58
petty+officer+jonathan+campos	01.08.2009 17:44:14	http://www.google.com/search?hl=en&q=Petty+Officer+Jonathan+Campos+&btnG=Google+Search&aq=f&oq=&aqi=	Mozilla/4.0 (compatible; MSIE 6.0; Windows NT 5.1; SV1; .NET CLR 1.1.4322; .NET CLR 2.0.50727; .NET CLR 3.0.4506.2152; .NET CLR 3.5.30729)	155.150.150.61
socorro+caro	01.08.2009 17:44:18	http://www.google.com/search?hl=en&rlz=1R2RNTN_enUS338&q=Soccorro+Caro&aq=f&oq=&aqi=g-s1	Mozilla/4.0 (compatible; MSIE 7.0; Windows NT 6.0; GTB6; SLCC1; .NET CLR 2.0.50727; Media Center PC 5.0; .NET CLR 3.0.04506)	99.186.123.116
anne+bonny	01.08.2009 17:44:59	http://mail.google.com/mail/?ui=2&view=bsp&ver=1qygpcgurkovy	Mozilla/5.0 (Macintosh; U; Intel Mac OS X 10.5; en-US; rv:1.9.0.12) Gecko/2009070609 Firefox/3.0.12	71.139.236.201
anne+bonny	01.08.2009 17:45:03	http://mail.google.com/mail/?ui=2&view=bsp&ver=1qygpcgurkovy	Mozilla/5.0 (Macintosh; U; Intel Mac OS X 10.5; en-US; rv:1.9.0.12) Gecko/2009070609 Firefox/3.0.12	71.139.236.201
tim+hack+and+kelly+drew	01.08.2009 17:45:05	http://www.google.com/search?hl=en&q=kelly+drew+jefferson+wisconsin&aq=f&oq=&aqi=	Mozilla/4.0 (compatible; MSIE 8.0; Windows NT 5.1; Trident/4.0; .NET CLR 2.0.50727; .NET CLR 3.0.04506.30; .NET CLR 3.0.04506.648; .NET CLR 1.1.4322; InfoPath.2)	97.106.6.173
sono+arts+festival	01.08.2009 17:45:13	http://www.google.com/search?hl=en&q=2009+south+norwalk+street+festival&btnG=Google+Search&aq=f&oq=&aqi=	Mozilla/4.0 (compatible; MSIE 6.0; Windows NT 5.1; SV1; .NET CLR 1.1.4322; URVMLT[])	69.120.142.157
x+games+15+moto+x+best+trick	01.08.2009 17:45:27	http://www.google.com/search?hl=en&q=x+games+15+judging&aq=f&oq=&aqi=	Mozilla/4.0 (compatible; MSIE 7.0; Windows NT 6.0; SLCC1; .NET CLR 2.0.50727; Media Center PC 5.0; .NET CLR 1.1.4322; .NET CLR 3.5.30729; .NET CLR 3.0.30618; AskTB5.2)	72.181.68.67
socorro+caro	01.08.2009 17:46:41	http://www.google.com/search?hl=en&q=xavier+socorro+case&aq=f&oq=&aqi=	Mozilla/4.0 (compatible; MSIE 7.0; Windows NT 5.1; .NET CLR 1.1.4322; .NET CLR 2.0.50727)	74.196.197.202
sono+arts+festival	01.08.2009 17:47:07	http://www.google.com/search?q=sono+festival+ct+parking&rls=com.microsoft:en-us:IE-SearchBox&ie=UTF-8&oe=UTF-8&sourceid=ie7&rlz=1I7DKUS	Mozilla/4.0 (compatible; MSIE 8.0; Windows NT 5.1; Trident/4.0; CMS Music Store2 v1.00.13 (Music Store,1033); .NET CLR 1.0.3705; .NET CLR 1.1.4322; Media Center PC 4.0)	69.120.82.159
invicta+9212+men%E2%80%99s+gold+plated+stainless+steel+speedway+watch	01.08.2009 17:47:16	http://www.google.com/m/search?ct=fsh&q=mens+Invicta+watch+with+a+copper+band	BlackBerry8220/4.6.0.180 Profile/MIDP-2.0 Configuration/CLDC-1.1 VendorID/100	206.53.157.197
jerry+garcia+birthday	01.08.2009 17:47:18	http://www.google.com/search?hl=en&rlz=1G1GGLQ_ENUS247&q=jerry+garcia+birthday+bash+2009+sf&aq=f&oq=&aqi=	Mozilla/5.0 (Macintosh; U; Intel Mac OS X 10_5_5; en-us) AppleWebKit/525.18.1 (KHTML, like Gecko) Version/3.1.2 Safari/525.20.1	67.188.236.76
mcmackin+slur	01.08.2009 17:47:33	http://www.google.com/search?q=mcmackin+slur...what+he+said&sourceid=ie7&rls=com.microsoft:en-US&ie=utf8&oe=utf8	Mozilla/4.0 (compatible; MSIE 8.0; Windows NT 5.1; Trident/4.0; .NET CLR 1.1.4322; .NET CLR 2.0.50727; InfoPath.2)	216.160.237.34
tim+hack+and+kelly+drew	01.08.2009 17:48:01	http://www.google.com/url?sa=t&source=web&ct=res&cd=4&url=http%3A%2F%2Fcomicsunlimited.com%2Fcomics%2Findex.php%3Ftim%2Bhack%2Band%2Bkelly%2Bdrew&ei=x390Sp2RNIfIsQPIsrnqCA&rct=j&q=Tim+Hack+and+Kelly+Drew+photos&usg=AFQjCNGb1Ym8-EfjmGRByad4DeHEPfGC-w	Mozilla/5.0 (Windows; U; Windows NT 5.1; en-US; rv:1.9.0.12) Gecko/2009070611 Firefox/3.0.11, Ant.com Toolbar 1.3	75.172.99.137
tim+hack+and+kelly+drew	01.08.2009 17:48:46	http://www.google.com/url?sa=t&source=web&ct=res&cd=4&url=http%3A%2F%2Fcomicsunlimited.com%2Fcomics%2Findex.php%3Ftim%2Bhack%2Band%2Bkelly%2Bdrew&ei=x390Sp2RNIfIsQPIsrnqCA&rct=j&q=Tim+Hack+and+Kelly+Drew+photos&usg=AFQjCNGb1Ym8-EfjmGRByad4DeHEPfGC-w	Mozilla/5.0 (Windows; U; Windows NT 5.1; en-US; rv:1.9.0.12) Gecko/2009070611 Firefox/3.0.11, Ant.com Toolbar 1.3	75.172.99.137
park+ave+fest+rochester+ny+2009	01.08.2009 17:49:04	http://www.google.com/search?hl=en&q=park+ave+fest+rochester+ny+2009+parking&aq=f&oq=&aqi=	Mozilla/4.0 (compatible; MSIE 6.0; Windows NT 5.1; SV1; KKMAN3.2)	69.207.128.85
bullet+express	01.08.2009 17:50:16	http://www.google.com/search?q=bullet+express+complaints&ie=utf-8&oe=utf-8&aq=t&rls=org.mozilla:en-GB:official&client=firefox-a	Mozilla/5.0 (Windows; U; Windows NT 5.1; en-GB; rv:1.9.1.1) Gecko/20090715 Firefox/3.5.1	67.241.73.157
market+days+chicago+2009	01.08.2009 17:50:37	http://www.google.com/search?hl=en&q=Trade+days+Chicago+August+1st&aq=f&oq=&aqi=	Mozilla/5.0 (Windows; U; Windows NT 5.1; en-US) AppleWebKit/530.5 (KHTML, like Gecko) Chrome/2.0.172.37 Safari/530.5	24.12.174.174
buick+open+tee+times	01.08.2009 17:50:43	http://www.google.com/m/search?q=who+is+tiger+paired+with+third+round+buick+open	Treo800w/v0100 Mozilla/4.0 (compatible; MSIE 4.01; Windows CE, PPC; 320x320) (compatible; MSIE 6.0; Windows CE; IEMobile 7.11)	173.120.94.135
12:32:06 T:7432  NOTICE: Running database version MyVideos93
          Initialized FC_LINKER_FLAGS to []
          Initialized CUDAC_LINKER_FLAGS to []
          Initialized sharedLibraryFlags to []
          Initialized dynamicLibraryFlags to []
================================================================================
TEST checkCCompiler from config.setCompilers(/sandbox/petsc/petsc.next/config/BuildSystem/config/setCompilers.py:555)
TESTING: checkCCompiler from config.setCompilers(/sandbox/petsc/petsc.next/config/BuildSystem/config/setCompilers.py:555)
}
Executing: mpicc  -o /tmp/petsc-uGvYRc/config.setCompilers/conftest    /tmp/petsc-uGvYRc/config.setCompilers/conftest.o 
Testing executable /tmp/petsc-uGvYRc/config.setCompilers/conftest to see if it can be run
Executing: /tmp/petsc-uGvYRc/config.setCompilers/conftest
Executing: /tmp/petsc-uGvYRc/config.setCompilers/conftest
Executing: mpicc --version
stdout:
gcc (Ubuntu 5.4.0-6ubuntu1~16.04.11) 5.4.0 20160609
Copyright (C) 2015 Free Software Foundation, Inc.
This is free software; see the source for copying conditions.  There is NO
warranty; not even for MERCHANTABILITY or FITNESS FOR A PARTICULAR PURPOSE.
================================================================================
TEST checkCPreprocessor from config.setCompilers(/sandbox/petsc/petsc.next/config/BuildSystem/config/setCompilers.py:592)
TESTING: checkCPreprocessor from config.setCompilers(/sandbox/petsc/petsc.next/config/BuildSystem/config/setCompilers.py:592)
  Locate a functional C preprocessor
Checking for program /home/petsc/soft/mpich-3.3/bin/mpicc...found
              Defined make macro "CPP" to "mpicc -E"
Preprocessing source:
#include "confdefs.h"
#include "conffix.h"
#include <stdlib.h>
Executing: mpicc -E  -I/tmp/petsc-uGvYRc/config.setCompilers  /tmp/petsc-uGvYRc/config.setCompilers/conftest.c 
Preprocess stderr before filtering::
#include "conffix.h"

int main() {
;
  return 0;
 []


Features ------------------------------------------------
head (HEAD) [Y/n/?] y
rev (REV) [N/y/?] n
rtcwake (RTCWAKE) [N/y/?] n
script (SCRIPT) [N/y/?] n
scriptreplay (SCRIPTREPLAY) [N/y/?] n
setarch (SETARCH) [Y/n/?] y
21:38:12 T:139832867932032   DEBUG: ADDON: cpluff: 'Plug-in script.module.pil has been installed.'
21:38:12 T:139832867932032   DEBUG: ADDON: cpluff: 'Plug-in script.common.plugin.cache has been installed.'
21:38:12 T:139832867932032   DEBUG: ADDON: cpluff: 'Plug-in script.module.simple.downloader has been installed.'
21:38:12 T:139832867932032   DEBUG: ADDON: cpluff: 'Plug-in pvr.mythtv has been installed.'
21:38:12 T:139832867932032   DEBUG: ADDON: cpluff: 'Plug-in metadata.musicvideos.theaudiodb.com has been installed.'
21:38:12 T:139832867932032   DEBUG: ADDON: cpluff: 'Plug-in xbmc.core has been installed.'
21:38:12 T:139832867932032   DEBUG: ADDON: cpluff: 'Plug-in script.module.coveapi has been installed.'
21:38:12 T:139832867932032   DEBUG: ADDON: cpluff: 'Plug-in script.module.free.cable.database has been installed.'
21:38:12 T:139832867932032   DEBUG: ADDON: cpluff: 'Plug-in plugin.video.hdtrailers_net has been installed.'
21:38:12 T:139832867932032   DEBUG: ADDON: cpluff: 'Plug-in plugin.video.youtube has been installed.'
21:38:12 T:139832867932032   DEBUG: ADDON: cpluff: 'Plug-in script.module.requests has been installed.'
21:38:12 T:139832867932032   DEBUG: ADDON: cpluff: 'Plug-in script.artwork.downloader has been installed.'
21:38:12 T:139832867932032   DEBUG: ADDON: cpluff: 'Plug-in xbmc.pvr has been installed.'
21:38:12 T:139832867932032   DEBUG: ADDON: cpluff: 'Plug-in repository.xbmcplus.xbmc-plugins has been installed.'
21:38:12 T:139832867932032   DEBUG: ADDON: cpluff: 'Plug-in script.module.cssutils has been installed.'
21:38:12 T:139832867932032   DEBUG: ADDON: cpluff: 'Plug-in plugin.video.nasa has been installed.'
21:38:12 T:139832867932032   DEBUG: ADDON: cpluff: 'Plug-in audioencoder.xbmc.builtin.aac has been installed.'
21:38:12 T:139832867932032   DEBUG: ADDON: cpluff: 'Plug-in metadata.album.universal has been installed.'
21:38:12 T:139832867932032   DEBUG: ADDON: cpluff: 'Plug-in metadata.common.movieposterdb.com has been installed.'
21:38:12 T:139832867932032   DEBUG: ADDON: cpluff: 'Plug-in metadata.common.htbackdrops.com has been installed.'
21:38:12 T:139832867932032   DEBUG: ADDON: cpluff: 'Plug-in resource.language.en_gb has been installed.'
21:38:12 T:139832867932032   DEBUG: ADDON: cpluff: 'Plug-in metadata.common.port.hu has been installed.'
21:38:12 T:139832867932032   DEBUG: ADDON: cpluff: 'Plug-in service.rom.collection.browser has been installed.'
21:38:12 T:139832867932032   DEBUG: ADDON: cpluff: 'Plug-in metadata.common.allmusic.com has been installed.'
21:38:12 T:139832867932032   DEBUG: ADDON: cpluff: 'Plug-in metadata.tvdb.com has been installed.'
21:38:12 T:139832867932032   DEBUG: ADDON: cpluff: 'Plug-in metadata.common.musicbrainz.org has been installed.'
21:38:12 T:139832867932032   DEBUG: ADDON: cpluff: 'Plug-in metadata.local has been installed.'
21:38:12 T:139832867932032   DEBUG: ADDON: cpluff: 'Plug-in xbmc.webinterface has been installed.'
21:38:12 T:139832867932032   DEBUG: ADDON: cpluff: 'Plug-in script.module.mutagen has been installed.'
21:38:12 T:139832867932032   DEBUG: ADDON: cpluff: 'Plug-in resource.uisounds.confluence has been installed.'
	at info.magnolia.virtualuri.VirtualUriFilter.doFilter(VirtualUriFilter.java:98) [magnolia-virtual-uri-6.2.3.jar:?]
	at info.magnolia.cms.filters.AbstractMgnlFilter.doFilter(AbstractMgnlFilter.java:85) [magnolia-core-6.2.3.jar:?]
	at info.magnolia.dam.app.contentview.column.AssetNameColumnDefinition$ValueProvider.apply(AssetNameColumnDefinition.java:81) ~[magnolia-dam-app-3.0.3.jar:?]
L08	CALIFORNIA	BORREGO SPRINGS BORREGO VALLEY	afd	sw_53_25OCT2007.png
BWC	CALIFORNIA	BRAWLEY MUNI	afd	sw_53_25OCT2007.png
[22:42:47] Currency: [+] 7917/8085 matches engine Wordpress Article - http://www.aeroporttransport.com/khouribga/

Copy buffer size, in kilobytes (FEATURE_COPYBUF_KB) [4] 4
     [xslt] Loading stylesheet /scratch/ig-build-temp-JHXSGN/repo/template/scripts/onGenerate.normalize.xslt
     [xslt] Processing /scratch/ig-build-temp-JHXSGN/repo/input-cache/jiraspec.xml to /scratch/ig-build-temp-JHXSGN/repo/template/jira-current.xml
     [xslt] Loading stylesheet /scratch/ig-build-temp-JHXSGN/repo/template/scripts/onGenerate.normalize.xslt
[2023.05.20-22.07.39:930][  0]LogConfig: Set CVar [[s.UseBackgroundLevelStreaming:1]]
[2023.05.20-22.07.39:930][  0]LogConfig: Set CVar [[s.PriorityAsyncLoadingExtraTime:15.0]]
[2023.05.20-22.07.39:930][  0]LogConfig: Set CVar [[s.LevelStreamingActorsUpdateTimeLimit:5.0]]
  *
  Support for PSF2 console fonts (FEATURE_LOADFONT_PSF2) [Y/n/?] y
  Support for old (raw) console fonts (FEATURE_LOADFONT_RAW) [Y/n/?] y
[2023.05.20-22.07.43:063][  0]LogDeviceProfileManager: 	[00000A60F9926C00][00000A60F99D0000 52] HoloLens, 
[2023.05.20-22.07.43:063][  0]LogDeviceProfileManager: Active device profile: [00000A60F7A8B400][00000A60F02C5000 52] WindowsEditor
staticfield com/android/dx/rop/type/StdTypeList LONG_OBJECT Lcom/android/dx/rop/type/StdTypeList; com/android/dx/rop/type/StdTypeList
staticfield com/android/dx/rop/type/StdTypeList FLOAT_OBJECT Lcom/android/dx/rop/type/StdTypeList; com/android/dx/rop/type/StdTypeList
staticfield com/android/dx/rop/type/StdTypeList DOUBLE_OBJECT Lcom/android/dx/rop/type/StdTypeList; com/android/dx/rop/type/StdTypeList
staticfield com/android/dx/rop/type/StdTypeList LONG_INT Lcom/android/dx/rop/type/StdTypeList; com/android/dx/rop/type/StdTypeList
staticfield com/android/dx/rop/type/StdTypeList INTARR_INT Lcom/android/dx/rop/type/StdTypeList; com/android/dx/rop/type/StdTypeList
)
LaTeX Font Info:    Trying to load font information for OT1+ppl on input line 90.
instanceKlass java/lang/String
[   1961781] overriding handle for mp_f_freemode_01/accs_002_u.ydd (was 4cd008f) -> 1da
                   \relax 
l.266 \newpage
               [2] (/Users/natera/Dropbox/PhD/thesis/chapters_tex/introduction.tex
Chapter 1.

Oak Harbor	ALASKA	WHIDBEY ISLAND NAS (AULT FLD)	afd	al_240_25OCT2007.png
CYXY	ALASKA	WHITEHORSE INTL	afd	al_241_25OCT2007.png
WMO	ALASKA	WHITE MOUNTAIN	afd	al_241_25OCT2007.png
IEM	ALASKA	WHITTIER	afd	al_242_25OCT2007.png
25AK	ALASKA	WILLOW HONEYBEE LAKE AERO PARK	afd	al_242_25OCT2007.png
AK34	ALASKA	WILLOW KASHWITNA LAKE SEAPLANE	afd	al_242_25OCT2007.png
MFN	ALASKA	WILLOW MINUTEMAN LAKE SEAPLANE	afd	al_242_25OCT2007.png
UUO	ALASKA	WILLOW	afd	al_243_25OCT2007.png
2X2	ALASKA	WILLOW SEAPLANE	afd	al_243_25OCT2007.png
WSM	ALASKA	WISEMAN	afd	al_243_25OCT2007.png
CBQ8	ALASKA	WOODCOCK	afd	al_243_25OCT2007.png
WRG	ALASKA	WRANGELL	afd	al_244_25OCT2007.png
68A	ALASKA	WRANGELL SEAPLANE	afd	al_244_25OCT2007.png
CYT	ALASKA	YAKATAGA	afd	al_245_25OCT2007.png
YKM	ALASKA	YAKIMA AIR TERMINAL-MCALLISTER FLD	afd	al_245_25OCT2007.png
A57	ALASKA	YAKUTAT ALSEK RIVER	afd	al_246_25OCT2007.png
A70	ALASKA	YAKUTAT DANGEROUS RIVER	afd	al_246_25OCT2007.png
AK76	ALASKA	YAKUTAT EAST ALSEK RIVER	afd	al_246_25OCT2007.png
A67	ALASKA	YAKUTAT HARLEQUIN LAKE	afd	al_247_25OCT2007.png
A68	ALASKA	YAKUTAT SITUK	afd	al_247_25OCT2007.png
A69	ALASKA	YAKUTAT TANIS MESA	afd	al_247_25OCT2007.png
YAK	ALASKA	YAKUTAT	afd	al_248_25OCT2007.png
2Y3	ALASKA	YAKUTAT SEAPLANE	afd	al_248_25OCT2007.png
A77	ALASKA	YANKEE CREEK 2	afd	al_249_25OCT2007.png
78K	ALASKA	YES BAY LODGE SEAPLANE 	afd	al_249_25OCT2007.png
L20	ALASKA	COAL CREEK	afd	al_249_25OCT2007.png
Z08	AMERICAN SAMOA	OFU ISLAND OFU	afd	pac_1_25OCT2007.png
FAQ	AMERICAN SAMOA	TAU ISLAND FITIUTA	afd	pac_1_25OCT2007.png
PPG	AMERICAN SAMOA	TUTUILA ISLAND PAGO PAGO INTL	afd	pac_1_25OCT2007.png
P01	ARIZONA	AJO ERIC MARCUS MUNI	afd	sw_1_25OCT2007.png
2016-02-23 15:45:25,614  INFO Injector:68 org.matsim.core.router.util.TravelTime @com.google.inject.multibindings.Element(setName=,uniqueId=60, type=MAPBINDER, keyType=java.lang.String)
     Date Removed             : 2011-11-30
     Temperature Stabiliz.    :
2021-10-26T21:51:34.511Z,45.511780,4231000,6 [FLog::GameJoinUtil] Delaying request by 0.00 seconds
2021-10-26T21:51:34.612Z,45.612820,4231000,6 [FLog::GameJoinUtil] GameJoinUtil::makePlaceLauncherRequestForTeleport, response:
{"jobId":"JoinPrivateGame:PlaceId=4996049426&AccessCode=405cc706-a41d-4d4f-b250-4b6784555e4e","status":0,"joinScriptUrl":null,"authenticationUrl":null,"authenticationTicket":null,"message":null,"joinScript":null}
status code: 200

             1978 Mar             -              DA-006                         CSG qualification flight          Dauphin                DA006            CSG ALFS                 0.0
[22:42:38] Injury Lawyers: [-] 7869/7969 no form at all - http://www.jahabersa.com.my/?q=user
instanceKlass java/nio/file/Watchable
instanceKlass java/lang/Enum
instanceKlass java/io/ExpiringCache
instanceKlass java/io/FileSystem
instanceKlass java/io/DefaultFileSystem
instanceKlass java/nio/charset/CoderResult$Cache
instanceKlass java/nio/charset/CoderResult
instanceKlass java/lang/Readable
instanceKlass java/nio/Bits$1
instanceKlass sun/misc/JavaNioAccess
instanceKlass java/nio/ByteOrder
instanceKlass java/nio/Bits
instanceKlass java/nio/charset/CharsetEncoder
instanceKlass sun/nio/cs/ArrayEncoder
instanceKlass sun/security/action/GetPropertyAction
instanceKlass java/io/Writer
instanceKlass sun/reflect/misc/ReflectUtil
instanceKlass java/util/concurrent/atomic/AtomicReferenceFieldUpdater$AtomicReferenceFieldUpdaterImpl$1
instanceKlass java/security/PrivilegedExceptionAction
instanceKlass java/util/concurrent/atomic/AtomicReferenceFieldUpdater
instanceKlass java/io/OutputStream
instanceKlass java/io/Flushable
instanceKlass java/io/FileDescriptor$1
instanceKlass sun/misc/JavaIOFileDescriptorAccess
instanceKlass java/io/FileDescriptor
instanceKlass sun/misc/Version
instanceKlass java/lang/Runtime
instanceKlass java/util/Hashtable$Enumerator
instanceKlass java/util/Iterator
instanceKlass java/util/Enumeration
	... 111 more
ERROR info.magnolia.admincentral.AdmincentralErrorHandler 15.10.2020 00:15:59 -- AdmincentralUI has encountered an unhandled exception.
java.lang.IllegalArgumentException: Could not parse ''
21:38:12 T:139832867932032  NOTICE: GL_VERSION = 3.0 Mesa 11.0.6
21:38:12 T:139832867932032  NOTICE: GL_SHADING_LANGUAGE_VERSION = 1.30
21:38:12 T:139832867932032  NOTICE: GL_EXTENSIONS = GL_ARB_multisample GL_EXT_abgr GL_EXT_bgra GL_EXT_blend_color GL_EXT_blend_minmax GL_EXT_blend_subtract GL_EXT_copy_texture GL_EXT_polygon_offset GL_EXT_subtexture GL_EXT_texture_object GL_EXT_vertex_array GL_EXT_compiled_vertex_array GL_EXT_texture GL_EXT_texture3D GL_IBM_rasterpos_clip GL_ARB_point_parameters GL_EXT_draw_range_elements GL_EXT_packed_pixels GL_EXT_point_parameters GL_EXT_rescale_normal GL_EXT_separate_specular_color GL_EXT_texture_edge_clamp GL_SGIS_generate_mipmap GL_SGIS_texture_border_clamp GL_SGIS_texture_edge_clamp GL_SGIS_texture_lod GL_ARB_framebuffer_sRGB GL_ARB_multitexture GL_EXT_framebuffer_sRGB GL_IBM_multimode_draw_arrays GL_IBM_texture_mirrored_repeat GL_3DFX_texture_compression_FXT1 GL_ARB_texture_cube_map GL_ARB_texture_env_add GL_ARB_transpose_matrix GL_EXT_blend_func_separate GL_EXT_fog_coord GL_EXT_multi_draw_arrays GL_EXT_secondary_color GL_EXT_texture_env_add GL_EXT_texture_filter_anisotropic GL_EXT_texture_lod_bias GL_INGR_blend_func_separate GL_NV_blend_square GL_NV_light_max_exponent GL_NV_texgen_reflection GL_NV_texture_env_combine4 GL_S3_s3tc GL_SUN_multi_draw_arrays GL_ARB_texture_border_clamp GL_ARB_texture_compression GL_EXT_framebuffer_object GL_EXT_texture_env_combine GL_EXT_texture_env_dot3 GL_MESA_window_pos GL_NV_packed_depth_stencil GL_NV_texture_rectangle GL_ARB_depth_texture GL_ARB_occlusion_query GL_ARB_shadow GL_ARB_texture_env_combine GL_ARB_texture_env_crossbar GL_ARB_texture_env_dot3 GL_ARB_texture_mirrored_repeat GL_ARB_window_pos GL_EXT_stencil_two_side GL_EXT_texture_cube_map GL_NV_depth_clamp GL_APPLE_packed_pixels GL_APPLE_vertex_array_object GL_ARB_draw_buffers GL_ARB_fragment_program GL_ARB_fragment_shader GL_ARB_shader_objects GL_ARB_vertex_program GL_ARB_vertex_shader GL_ATI_draw_buffers GL_ATI_texture_env_combine3 GL_ATI_texture_float GL_EXT_shadow_funcs GL_EXT_stencil_wrap GL_MESA_pack_invert GL_NV_primitive_restart GL_ARB_depth_clamp GL_ARB_fragment_program_shadow GL_ARB_half_float_pixel GL_ARB_occlusion_query2 GL_ARB_point_sprite GL_ARB_shading_language_100 GL_ARB_sync GL_ARB_texture_non_power_of_two GL_ARB_vertex_buffer_object GL_ATI_blend_equation_separate GL_EXT_blend_equation_separate GL_OES_read_format GL_ARB_color_buffer_float GL_ARB_pixel_buffer_object GL_ARB_texture_compression_rgtc GL_ARB_texture_float GL_ARB_texture_rectangle GL_EXT_packed_float GL_EXT_pixel_buffer_object GL_EXT_texture_compression_dxt1 GL_EXT_texture_compression_rgtc GL_EXT_texture_rectangle GL_EXT_texture_sRGB GL_EXT_texture_shared_exponent GL_ARB_framebuffer_object GL_EXT_framebuffer_blit GL_EXT_framebuffer_multisample GL_EXT_packed_depth_stencil GL_APPLE_object_purgeable GL_ARB_vertex_array_object GL_ATI_separate_stencil GL_EXT_draw_buffers2 GL_EXT_draw_instanced GL_EXT_gpu_program_parameters GL_EXT_texture_array GL_EXT_texture_integer GL_EXT_texture_sRGB_decode GL_EXT_timer_query GL_OES_EGL_image GL_ARB_copy_buffer GL_ARB_depth_buffer_float GL_ARB_draw_instanced GL_ARB_half_float_vertex GL_ARB_instanced_arrays GL_ARB_map_buffer_range GL_ARB_texture_rg GL_ARB_texture_swizzle GL_ARB_vertex_array_bgra GL_EXT_texture_swizzle GL_EXT_vertex_array_bgra GL_NV_conditional_render GL_AMD_conservative_depth GL_AMD_draw_buffers_blend GL_AMD_seamless_cubemap_per_texture GL_ARB_ES2_compatibility GL_ARB_blend_func_extended GL_ARB_debug_output GL_ARB_draw_buffers_blend GL_ARB_draw_elements_base_vertex GL_ARB_explicit_attrib_location GL_ARB_fragment_coord_conventions GL_ARB_provoking_vertex GL_ARB_sample_shading GL_ARB_sampler_objects GL_ARB_seamless_cube_map GL_ARB_shader_texture_lod GL_ARB_texture_cube_map_array GL_ARB_texture_gather GL_ARB_texture_multisample GL_ARB_texture_query_lod GL_ARB_texture_rgb10_a2ui GL_ARB_uniform_buffer_object GL_ARB_vertex_type_2_10_10_10_rev GL_EXT_provoking_vertex GL_EXT_texture_snorm GL_MESA_texture_signed_rgba GL_ARB_get_program_binary GL_ARB_robustness GL_ARB_separate_shader_objects GL_ARB_shader_bit_encoding GL_ARB_texture_compression_bptc GL_ARB_timer_query GL_ARB_transform_feedback2 GL_ARB_transform_feedback3 GL_ANGLE_texture_compression_dxt3 GL_ANGLE_texture_compression_dxt5 GL_ARB_compressed_texture_pixel_storage GL_ARB_conservative_depth GL_ARB_internalformat_query GL_ARB_map_buffer_alignment GL_ARB_shader_atomic_counters GL_ARB_shader_image_load_store GL_ARB_shading_language_420pack GL_ARB_shading_language_packing GL_ARB_texture_storage GL_ARB_transform_feedback_instanced GL_EXT_framebuffer_multisample_blit_scaled GL_EXT_transform_feedback GL_AMD_shader_trinary_minmax GL_ARB_ES3_compatibility GL_ARB_clear_buffer_object GL_ARB_copy_image GL_ARB_explicit_uniform_location GL_ARB_framebuffer_no_attachments GL_ARB_invalidate_subdata GL_ARB_program_interface_query GL_ARB_shader_image_size GL_ARB_stencil_texturing GL_ARB_texture_query_levels GL_ARB_texture_storage_multisample GL_ARB_texture_view GL_ARB_vertex_attrib_binding GL_KHR_debug GL_ARB_buffer_storage GL_ARB_clear_texture GL_ARB_multi_bind GL_ARB_seamless_cubemap_per_texture GL_ARB_texture_mirror_clamp_to_edge GL_ARB_vertex_type_10f_11f_11f_rev GL_EXT_shader_integer_mix GL_ARB_clip_control GL_ARB_conditional_render_inverted GL_ARB_derivative_control GL_ARB_get_texture_sub_image GL_ARB_pipeline_statistics_query GL_EXT_polygon_offset_clamp GL_KHR_context_flush_control
2021-10-26T21:50:50.187Z,1.187902,ab3bf380,6 [FLog::Graphics] Loaded 620 shaders from pack metal_osx variant default (4412629 bytes)

LaTeX Warning: `!h' float specifier changed to `!ht'.

[49]
<images/datadriven/algorithms.png, id=1226, 1146.4431pt x 486.1362pt>
File: images/datadriven/algorithms.png Graphic file (type png)
<use images/datadriven/algorithms.png>
Package pdftex.def Info: images/datadriven/algorithms.png  used on input line 147.
(pdftex.def)             Requested size: 418.25368pt x 177.35292pt.
 [50] [51 </Users/natera/Dropbox/PhD/thesis/images/datadriven/algorithms.png (PNG copy)>]
<images/datadriven/BPincrease.png, id=1236, 1199.4411pt x 1031.052pt>
File: images/datadriven/BPincrease.png Graphic file (type png)
<use images/datadriven/BPincrease.png>
Package pdftex.def Info: images/datadriven/BPincrease.png  used on input line 160.
<use images/lqi/Budapest_Network_voronoi_op2.png>
Package pdftex.def Info: images/lqi/Budapest_Network_voronoi_op2.png  used on input line 39.
(pdftex.def)             Requested size: 418.25368pt x 187.05655pt.
 [64] [65 </Users/natera/Dropbox/PhD/thesis/images/lqi/Budapest_Network_voronoi_op2.png>] [66] [67] [68] [69]
<images/lqi/Budapest_LQI_Neighborhoods-eps-converted-to.pdf, id=1449, 1772.44177pt x 716.6775pt>
File: images/lqi/Budapest_LQI_Neighborhoods-eps-converted-to.pdf Graphic file (type pdf)
<use images/lqi/Budapest_LQI_Neighborhoods-eps-converted-to.pdf>
Package pdftex.def Info: images/lqi/Budapest_LQI_Neighborhoods-eps-converted-to.pdf  used on input line 168.
(pdftex.def)             Requested size: 418.25368pt x 169.11911pt.
 [70 </Users/natera/Dropbox/PhD/thesis/images/lqi/Budapest_LQI_Neighborhoods-eps-converted-to.pdf>] [71]
<images/lqi/LQI_categories_regplots.pdf, id=1525, 867.24pt x 578.16pt>
File: images/lqi/LQI_categories_regplots.pdf Graphic file (type pdf)
<use images/lqi/LQI_categories_regplots.pdf>
Package pdftex.def Info: images/lqi/LQI_categories_regplots.pdf  used on input line 191.
(pdftex.def)             Requested size: 418.25368pt x 278.83694pt.
 [72 </Users/natera/Dropbox/PhD/thesis/images/lqi/LQI_categories_regplots.pdf>]) (/Users/natera/Dropbox/PhD/thesis/chapters_tex/conclusion.tex [73] [74
       Notes                  : (multiple lines)
* Common options for ls, more and telnet
*
                                  1985-035B      Telecom 1B                     Telecom 1B                S15678
ciMethod java/lang/String substring (I)Ljava/lang/String; 1521 1 2777 0 0
ciMethod java/lang/String substring (II)Ljava/lang/String; 3137 1 5123 0 0
ciMethod java/lang/System arraycopy (Ljava/lang/Object;ILjava/lang/Object;II)V 6145 1 768 0 -1
\lst@lostspace=\dimen140
\lst@width=\dimen141
Alignment ------------------------------------------------
sono+arts+festival	01.08.2009 17:45:13	http://www.google.com/search?hl=en&q=2009+south+norwalk+street+festival&btnG=Google+Search&aq=f&oq=&aqi=	Mozilla/4.0 (compatible; MSIE 6.0; Windows NT 5.1; SV1; .NET CLR 1.1.4322; URVMLT[])	69.120.142.157
     87     0.003965
     88     0.003567
     89     0.003208
     90     0.002885
     91     0.002595
     92     0.002334
     93     0.002100
     94     0.001889
     95     0.001699
     96     0.001528
     97     0.001374
     98     0.001236
     99     0.001112
    100     0.001000
  </tempSched>
</MANLIAligner>
Initialized manli aligner.



<SimpleProblem id="RTE2_dev.1.p0">
  <answer>?</answer>
  <p>As a result of these weaknesses , computer_systems and the operations that rely on the systems were highly vulnerable to tampering , disruption , and misuse from both internal and external sources .</p>
  <h>Non-authorized personnel illegally entered into computer_networks .</h>
</SimpleProblem>
<ActivateLexScorer eqLemmas="name">
  <ObtainLexScorer name="eqLemmas" />
  <MemoFn>Loading memos from /u/nlp/rte/natlog/memos/lex/eqLemmas.memos.ser.gz...</MemoFn>
  <MemoFn>Loaded 7207 memos: 7207 added, 0 changed, 0 matched.</MemoFn>
</ActivateLexScorer>

creating config.status
creating Makefile
* checking for left-over files ... OK
\aboverulesep=\dimen293
\abovetopsep=\dimen294
) (/Users/natera/Dropbox/PhD/thesis/chapters_tex/chapter7.tex [101] [102
ERROR info.magnolia.aws.foundation.AwsCredentialsProvider 15.10.2020 00:12:42 -- AWS credentials are expected to be set in Password manager module.
ERROR info.magnolia.ai.text.TextClassificationModule 15.10.2020 00:12:42 -- Submission of text classification request has been failed at page path '/testcolor' with error code: 'null'.
ERROR info.magnolia.aws.foundation.AwsCredentialsProvider 15.10.2020 00:12:42 -- AWS credentials are expected to be set in Password manager module.
ERROR info.magnolia.ai.text.TextClassificationModule 15.10.2020 00:12:42 -- Submission of text classification request has been failed at page path '/travel/contact/variants/variant-2' with error code: 'null'.
ERROR info.magnolia.aws.foundation.AwsCredentialsProvider 15.10.2020 00:12:42 -- AWS credentials are expected to be set in Password manager module.
park+ave+fest+rochester+ny+2009	01.08.2009 20:42:45	http://www.google.com/search?hl=en&q=hamlin+festival+near+rochester%2Cny&aq=f&oq=&aqi=	Mozilla/4.0 (compatible; MSIE 7.0; Windows NT 5.1; .NET CLR 2.0.50727)	66.66.85.179
park+ave+fest+rochester+ny+2009	01.08.2009 20:42:48	http://www.google.com/search?hl=en&q=hamlin+festival+near+rochester%2Cny&aq=f&oq=&aqi=	Mozilla/4.0 (compatible; MSIE 7.0; Windows NT 5.1; .NET CLR 2.0.50727)	66.66.85.179
kxas+weather	01.08.2009 20:43:04	http://www.google.com/search?hl=en&q=kxas+weather+desktop&btnG=Search&aq=f&oq=&aqi=	Mozilla/4.0 (compatible; MSIE 7.0; Windows NT 5.1; Mozilla/4.0 (compatible; MSIE 6.0; Windows NT 5.1; SV1) ; .NET CLR 1.1.4322; .NET CLR 2.0.50727)	68.94.200.225
}
Added CUDA compiler flag -Xcompiler -fPIC
Executing: /usr/local/cuda/bin/nvcc -c -o /tmp/petsc-uGvYRc/config.setCompilers/conftest.o -I/tmp/petsc-uGvYRc/config.setCompilers  -Xcompiler -fPIC -Wno-deprecated-gpu-targets /tmp/petsc-uGvYRc/config.setCompilers/conftest.cu 
Successful compile:
Source:
#include "confdefs.h"
#include "conffix.h"
#include <stdio.h>
int (*fprintf_ptr)(FILE*,const char*,...) = fprintf;
void  foo(void){
  fprintf_ptr(stdout,"hello");
  return;
}
void bar(void){foo();}
Executing: mpicc  -o /tmp/petsc-uGvYRc/config.setCompilers/libconftest.so  -shared  /tmp/petsc-uGvYRc/config.setCompilers/conftest.o 
      end
Executing: mpif90  -o /tmp/petsc-uGvYRc/config.setCompilers/conftest  -Wl,-rpath,/sandbox/petsc/petsc.next   /tmp/petsc-uGvYRc/config.setCompilers/conftest.o 
            Valid FC linker flag -Wl,-rpath,/sandbox/petsc/petsc.next
Executing: uname -s
stdout: Linux
Executing: mpicc -V
          Trying CUDA linker flag -Wl,-rpath,
Executing: /usr/local/cuda/bin/nvcc -c -o /tmp/petsc-uGvYRc/config.setCompilers/conftest.o -I/tmp/petsc-uGvYRc/config.setCompilers  -Xcompiler -fPIC -Wno-deprecated-gpu-targets /tmp/petsc-uGvYRc/config.setCompilers/conftest.cu 
Successful compile:
Source:
#include "confdefs.h"
#include "conffix.h"

int main() {
;
[22:42:26] Win News Time: [-] 7740/7826 registration failed (registration=disabled) - http://ostseeschaenke.de/wp-login.php?registration=disabled
[22:42:30] Sports: [-] 8077/8698 no form at all - http://ringofentrepreneurs.com/wp-login.php?action=register
[22:42:30] Car Insurance: [-] 4187/8012 no engine matches (HTTP-Status: 503) - http://www.noviathleticboosters.com/craft-show-update/
101+dalmations	01.08.2009 23:03:42	http://www.google.com/search?hl=en&client=firefox-a&rls=org.mozilla%3Aen-US%3Aofficial&hs=PzN&q=watch+101+dalmations+cartoon+online&aq=f&oq=&aqi=	Mozilla/5.0 (Windows; U; Windows NT 6.0; en-US; rv:1.9.0.12) Gecko/2009070611 Firefox/3.0.12	68.227.114.77
[22:42:38] Agriculture T1: [-] 0900/1000 no engine matches (HTTP-Status: 503) - http://www.patheos.com/blogs/voodoouniverse/2017/12/top-ten-voodoo-videos-on-voodoo-universe/
[22:42:38] Social Media: [-] 0494/7976 no engine matches (HTTP-Status: 503) - http://fondo-de-link-download.downloads.filetransit.com/
-- extracting... [tar xfz]
-- extracting... [analysis]
-- extracting... [rename]
-- extracting... [clean up]
-- extracting... done
[  1%] No patch step for 'G4NEUTRONXS'
[  1%] No update step for 'G4NEUTRONXS'
[  1%] No configure step for 'G4NEUTRONXS'
[  1%] No build step for 'G4NEUTRONXS'
[  1%] No install step for 'G4NEUTRONXS'
[  1%] Completed 'G4NEUTRONXS'
[  1%] Built target G4NEUTRONXS
Scanning dependencies of target G4PII
[  1%] Creating directories for 'G4PII'
[  1%] Performing download step (download, verify and extract) for 'G4PII'
-- downloading...
     src='http://geant4.cern.ch/support/source/G4PII.1.3.tar.gz'
     dst='/data/richards/NBRTT/build/Geant4/build/Externals/G4PII-1.3/src/G4PII.1.3.tar.gz'
     timeout='1500 seconds'
-- [download 0% complete]
-- [download 1% complete]
-- [download 2% complete]
-- [download 3% complete]
-- [download 4% complete]
-- [download 5% complete]
-- [download 6% complete]
-- [download 7% complete]
-- [download 8% complete]
-- [download 9% complete]
-- [download 10% complete]
) (/usr/local/texlive/2021/texmf-dist/tex/generic/pgf/basiclayer/pgfcorepathusage.code.tex
2Y3	ALASKA	YAKUTAT SEAPLANE	afd	al_248_25OCT2007.png
A77	ALASKA	YANKEE CREEK 2	afd	al_249_25OCT2007.png
78K	ALASKA	YES BAY LODGE SEAPLANE 	afd	al_249_25OCT2007.png
L20	ALASKA	COAL CREEK	afd	al_249_25OCT2007.png
Z08	AMERICAN SAMOA	OFU ISLAND OFU	afd	pac_1_25OCT2007.png
FAQ	AMERICAN SAMOA	TAU ISLAND FITIUTA	afd	pac_1_25OCT2007.png
PPG	AMERICAN SAMOA	TUTUILA ISLAND PAGO PAGO INTL	afd	pac_1_25OCT2007.png
P01	ARIZONA	AJO ERIC MARCUS MUNI	afd	sw_1_25OCT2007.png
E51	ARIZONA	BAGDAD	afd	sw_1_25OCT2007.png
E95	ARIZONA	BENSON MUNI	afd	sw_2_25OCT2007.png
P04	ARIZONA	BISBEE MUNI	afd	sw_2_25OCT2007.png
BXK	ARIZONA	BUCKEYE MUNI	afd	sw_2_25OCT2007.png
A09	ARIZONA	BULLHEAD CITY EAGLE AIRPARK 	afd	sw_2_25OCT2007.png
IFP	ARIZONA	BULLHEAD CITY LAUGHLIN-BULLHEAD INTL	afd	sw_3_25OCT2007.png
A20	ARIZONA	BULLHEAD CITY SUN VALLEY 	afd	sw_3_25OCT2007.png
CGZ	ARIZONA	CASA GRANDE MUNI	afd	sw_4_25OCT2007.png
CHD	ARIZONA	CHANDLER MUNI	afd	sw_4_25OCT2007.png
P19	ARIZONA	CHANDLER STELLAR AIRPARK	afd	sw_5_25OCT2007.png
E91	ARIZONA	CHINLE MUNI	afd	sw_5_25OCT2007.png
Z95	ARIZONA	CIBECUE	afd	sw_5_25OCT2007.png
CFT	ARIZONA	CLIFTON-MORENCI GREENLEE CO	afd	sw_5_25OCT2007.png
AZC	ARIZONA	COLORADO CITY MUNI	afd	sw_6_25OCT2007.png
P08	ARIZONA	COOLIDGE MUNI	afd	sw_6_25OCT2007.png
P52	ARIZONA	COTTONWOOD	afd	sw_7_25OCT2007.png
TYL	ARIZONA	TAYLOR	afd	sw_33_25OCT2007.png
U30	ARIZONA	TEMPLE BAR	afd	sw_33_25OCT2007.png
P29	ARIZONA	TOMBSTONE MUNI	afd	sw_33_25OCT2007.png
T03	ARIZONA	TUBA CITY	afd	sw_34_25OCT2007.png
AVQ	ARIZONA	TUCSON MARANA RGNL	afd	sw_34_25OCT2007.png
RYN	ARIZONA	TUCSON RYAN FLD	afd	sw_35_25OCT2007.png
0 medias imported
Importing K2 items...
=== START import 2016-05-19 18:59:40 ===
Importing categories...
0 K2 categories imported
0 categories imported
Importing posts...
0 posts imported
0 medias imported
Importing K2 items...
[ERROR] Can't copy http://localhost:3128/joomla/images/news/worldnews/3-8-15/n3BC.jpg to C:\AppServ\www\joomla/wp-content/uploads/2015/08/n3BC.jpg : Not Found
[ERROR] Can't copy http://localhost:3128/joomla/images/news/worldnews/3-8-15/n3BC.jpg to C:\AppServ\www\joomla/wp-content/uploads/2015/08/n3BC.jpg : Not Found
[ERROR] Can't copy http://localhost:3128/joomla/images/news/worldnews/3-8-15/n6EU.jpg to C:\AppServ\www\joomla/wp-content/uploads/2015/08/n6EU.jpg : Not Found
[ERROR] Can't copy http://localhost:3128/joomla/images/news/worldnews/3-8-15/n6EU.jpg to C:\AppServ\www\joomla/wp-content/uploads/2015/08/n6EU.jpg : Not Found
Importing redirects...
=== START stop_import 2016-05-20 16:00:42 ===
=== END stop_import 2016-05-20 16:00:42 ===
21:38:12 T:139832867932032  NOTICE:         m_channels        : FL,FR,LFE,FC,BC,BL,BR,FLOC,FROC,BLOC,BROC,TFC,TC,TFL,TFR,UNKNOWN1
21:38:12 T:139832867932032  NOTICE:         m_sampleRates     : 32000,44100,48000,88200,96000,176400,192000
21:38:12 T:139832867932032  NOTICE:         m_dataFormats     : AE_FMT_S32NE,AE_FMT_S16NE,AE_FMT_S16LE,AE_FMT_LPCM,AE_FMT_DTSHD,AE_FMT_TRUEHD,AE_FMT_EAC3,AE_FMT_DTS,AE_FMT_AC3,AE_FMT_AAC
21:38:12 T:139832867932032  NOTICE: No settings file to load (special://xbmc/system/advancedsettings.xml)
21:38:12 T:139832867932032  NOTICE: Loaded settings file from special://profile/advancedsettings.xml
21:38:12 T:139832867932032  NOTICE: Contents of special://profile/advancedsettings.xml are...
                                            <advancedsettings>
                                              <videodatabase>
                                                <type>mysql</type>
                                                <host>192.168.0.2</host>
                                                <port>3306</port>
                                                <name>kodi_videos</name>
                                                <user>kodi_admin</user>
[22:42:46] Agriculture: [-] 0009/7854 download failed (Return: -) - http://Www.rwinstallatietechniek.nl/portfolio-view/malesuada-fames-ac/
[22:42:47] Web Design: [-] 0797/7978 download failed (Return: -) - https://www.nationaltaxidermists.com/
[22:42:47] Car Insurance T2: [-] 3378/8966 download failed (Return: -) - http://www.beninsite.net/spip.php?page=recherche&recherche=http%3A%2F%2Fhelveticsolar.com%2Findex.php%2Fcomponent%2Fk2%2Fitemlist%2Fuser%2F230537&debut_messages=1815
[22:42:47] Car Insurance: [-] 4201/8012 no engine matches (HTTP-Status: 502) - http://musicreviews.theurbanmusicscene.com/2013/10/jonathan-butler-merry-christmas-to-you/
[22:42:47] Mortgage: [-] 7944/8168 download failed (Return: -) - https://www.rebuildermedical.com
[22:42:47] Make money online: [-] 7829/8047 no engine matches (HTTP-Status: 400) - https://bleedingedgedesign.com
[22:42:47] Win News Time: [-] 7751/7826 download failed (Return: -) - http://taxlawadvisory.com/in-the-news/feed-levy/
[22:42:47] Bollywood: [-] 0204/7884 download failed (Return: -) - https://www.macissues.com
[22:42:47] Computer: [-] 0318/8028 no engine matches (HTTP-Status: 301) - https://foreignpolicy.com/2019/08/02/trump-hired-robert-lighthizer-to-win-a-trade-war-he-lost/
[22:42:47] Injury Lawyers: [-] 7879/7969 download failed (Return: -) - http://www.free-blog-site.com/depuyhipreplacement
[22:42:47] Justice degree: [-] 8025/8289 download failed (Return: -) - http://toonamifaithful.com/anime-siege-is-coming-to-toonamiasia-starting-in-may
[22:42:47] Mesothelioma T1: [-] 0218/8853 download failed (Return: -) - https://mep.trimble.com/product/ec-cad/
[22:42:47] Web Design T2: [-] 4924/8453 download failed (Return: -) - http://www.bibliotecadecordoba.com/index.php/Apple_s_Apple_ipad_tablet.
[22:42:47] Mesa DUI lawyer T2: [-] 4201/8439 download failed (Return: -) - http://quigleyscabinet.blogspot.com/2011_04_01_archive.html
[22:42:47] Internet VOIP: [-] 0128/8096 download failed (Return: -) - http://dogstar2.com/courses-2/
[22:42:47] Health: [-] 8191/8339 no engine matches (HTTP-Status: 500) - https://starschanges.com/olivia-palermo-style-looks/
[22:42:47] Sports: [+] 8087/8698 matches engine Joomla K2 - http://mwm-zahid.com.ua/index.php/tekhnika/item/1-khorvester-1050h?start=80
[22:42:47] Sai: [-] 8093/8249 no engine matches (HTTP-Status: 502) - http://www.oceanaddicts.com.au/airton-cozzolino-is-coming-to-ocean-addicts/
[22:42:47] Insurance: [-] 8219/8261 download failed (Return: -) - http://www.tarpley.net
[22:42:47] Online Degree: [-] 7900/8073 download failed (Return: -) - https://assuflex.nl/
[22:42:47] Hindu temples T2: [-] 4075/4573 download failed (Return: -) - http://feedproxy.google.com/~r/MichaelGreth/~3/CG7kWjc08jE/
[22:42:47] Social Media: [-] 0500/7976 download failed (Return: -) - http://fieldtec.blogspot.com/2012/05/walk-by-faith.html
[22:42:46] eBay: [-] 8131/8467 no form at all - http://badpeople.co.za/wp-login.php?action=register
[22:42:47] Mesothelioma: [+] 0534/7981 matches engine Drupal - Blog - http://data.agaric.com
[22:42:47] Hollywood: [-] 8230/8544 download failed (Return: -) - https://moodle.pthsd.k12.nj.us
[22:42:47] Structured Settlement: [-] 8357/8547 download failed (Return: -) - https://999lotterybookstore34.com/?attachment_id=110
[22:42:47] Currency: [-] 7916/8085 no engine matches (HTTP-Status: 503) - http://jnsrfd.org
[22:42:47] Agriculture: [-] 0011/7854 download failed (Return: -) - http://www.ustinovforum.com/topic/current-concern
[22:42:47] Mortgage: [-] 7945/8168 no engine matches (HTTP-Status: 502) - http://dev8.romeii.com
[22:42:47] Win News Time: [-] 7752/7826 no engine matches (HTTP-Status: 501) - https://www.pacificunionpress.com/
-- [download 86% complete]
-- [download 87% complete]
[22:42:41] Insurance: [+] 8212/8262 new URL - http://komaconvis.com/?mid=qna&act=dispBoardWrite
[     16937] hello from "D:\Rockstar Games\FiveM.app\cache\subprocess\FiveM_ROSSubProcess" ros:subprocess "C:\Program Files\Rockstar Games\Social Club\SocialClubHelper.exe" --rgsc_pid=16644 --rgsc_ipc_channel_name=rgsc_ipc_4104 --rgsc_home_dir=C:\Users\harpr\Documents\Rockstar*%20*Games\Social*%20*Club\Renderer\ --no-proxy-server --enable-browser-side-navigation --safebrowsing-disable-auto-update --disable-spell-checking --disable-extensions --disable-gpu --disable-gpu-compositing --lang=en  --remote-debugging-port=13171 --ignore-certificate-errors
[     17031] sub! "D:\Rockstar Games\FiveM.app\cache\subprocess\FiveM_ROSSubProcess" ros:subprocess "C:\Program Files\Rockstar Games\Social Club\SocialClubHelper.exe" --rgsc_pid=16644 --rgsc_ipc_channel_name=rgsc_ipc_4104 --rgsc_home_dir=C:\Users\harpr\Documents\Rockstar*%20*Games\Social*%20*Club\Renderer\ --no-proxy-server --enable-browser-side-navigation --safebrowsing-disable-auto-update --disable-spell-checking --disable-extensions --disable-gpu --disable-gpu-compositing --lang=en  --remote-debugging-port=13171 --ignore-certificate-errors
[     17047] Initialized system mapping!
[     17125] Replacing function table list entry 0x1400b9000 with 0x1400b9000
[     17250] Got ROS subprocess - pid 888
[     17328] Opening GTAVLauncher_Pipe, waiting for launcher to load...
[     17343] Launcher is fine, continuing!
[     17359] Initialized system mapping!
[     17531] rage::gameSkeleton::RunInitFunctions: Running INIT_CORE init functions
[     17547] rage::gameSkeleton::RunInitFunctions: Running functions of order 1 (52 total)
[     20843] rage::gameSkeleton::RunInitFunctions: Invoking VideoPlaybackThumbnailManager INIT_CORE init (28 out of 52)
[     20859] rage::gameSkeleton::RunInitFunctions: Invoking CStatsMgr INIT_CORE init (29 out of 52)
[     20875] EndpointMapper::HandleRequest: GET /prod/gtav/splash.png
[     20875] versioning: /prod/gtav/splash.png
[     20890] CommerceManagerStub::m_39
[     21484] rage::gameSkeleton::RunInitFunctions: Invoking CFrontendStatsMgr INIT_CORE init (30 out of 52)
[     21500] rage::gameSkeleton::RunInitFunctions: Invoking CControllerLabelMgr INIT_CORE init (31 out of 52)
[     21531] rage::gameSkeleton::RunInitFunctions: Invoking CStuntJumpManager INIT_CORE init (32 out of 52)
[     21547] rage::gameSkeleton::RunInitFunctions: Invoking CTheScripts INIT_CORE init (33 out of 52)
[     21578] CitizenFX Steam child starting - command line: "D:\Rockstar Games\FiveM.app\cache\subprocess\FiveM_ChromeBrowser" --type=gpu-process --field-trial-handle=3228,12578950639655513996,16978597088910688445,131072 --disable-features=VizDisplayCompositor --disable-gpu-sandbox --use-gl=disabled --no-sandbox --use-angle=d3d11 --disable-direct-composition --locales-dir-path="D:\Rockstar Games\FiveM.app\bin/cef/" --log-file="D:\Rockstar Games\FiveM.app\cef.log" --resources-dir-path="D:\Rockstar Games\FiveM.app\bin/cef/" --lang=en-US --gpu-preferences=KAAAAAAAAACAAwAAAQAAAAAAAAAAAGAAAAAAAAUAAAAIAAAAAAAAACgAAAAEAAAAIAAAAAAAAAAoAAAAAAAAADAAAAAAAAAAOAAAAAAAAAAQAAAAAAAAAAAAAAAFAAAAEAAAAAAAAAAAAAAABgAAABAAAAAAAAAAAQAAAAUAAAAQAAAAAAAAAAEAAAAGAAAA --log-file="D:\Rockstar Games\FiveM.app\cef.log" --service-request-channel-token=18305264740859222293 --mojo-platform-channel-handle=10412 /prefetch:2
[     21781] Hooked external (mobile) GPU drivers to force enablement.
[     21875] Hooked external (mobile) GPU drivers to force enablement.
[     23000] rage::gameSkeleton::RunInitFunctions: Invoking CScriptAreas INIT_CORE init (34 out of 52)
[     23015] rage::gameSkeleton::RunInitFunctions: Invoking CScriptDebug INIT_CORE init (35 out of 52)
[     23031] rage::gameSkeleton::RunInitFunctions: Invoking CScriptHud INIT_CORE init (36 out of 52)
[     23047] rage::gameSkeleton::RunInitFunctions: Invoking CScriptPedAIBlips INIT_CORE init (37 out of 52)
[     23062] rage::gameSkeleton::RunInitFunctions: Invoking CTrain INIT_CORE init (38 out of 52)
[     23093] rage::gameSkeleton::RunInitFunctions: Invoking CWaypointRecording INIT_CORE init (39 out of 52)
[     23109] rage::gameSkeleton::RunInitFunctions: Invoking CVehicleRecordingMgr INIT_CORE init (40 out of 52)
[     23125] rage::gameSkeleton::RunInitFunctions: Invoking CTaskClassInfoManager INIT_CORE init (41 out of 52)
	at info.magnolia.cms.filters.MgnlFilterChain.doFilter(MgnlFilterChain.java:79) [magnolia-core-6.2.3.jar:?]
	at info.magnolia.cms.filters.MgnlFilterChain.doFilter(MgnlFilterChain.java:81) [magnolia-core-6.2.3.jar:?]
[2023.05.20-22.07.39:933][  0]LogConfig: Set CVar [[r.BloomQuality:4]]
[2023.05.20-22.07.39:933][  0]LogConfig: Set CVar [[r.Bloom.ScreenPercentage:70.711]]
	New feature

          Using dynamic linker mpicc with flags ['-shared'] and library extension so
================================================================================
TEST output from config.setCompilers(/sandbox/petsc/petsc.next/config/BuildSystem/config/setCompilers.py:1516)
TESTING: output from config.setCompilers(/sandbox/petsc/petsc.next/config/BuildSystem/config/setCompilers.py:1516)
  Output module data as defines and substitutions
      "pancakeswap-peripheral": "^1.1.0-beta.0",
      "prettier": "^2.1.2",
      "prettier-plugin-solidity": "^1.0.0-alpha.60",
what+did+greg+mcmackin+say	01.08.2009 20:00:03	http://www.google.com/search?sourceid=navclient&aq=0&oq=greg+mcmack&ie=UTF-8&rlz=1T4ADRA_enUS331US333&q=greg+mcmackin	Mozilla/4.0 (compatible; MSIE 8.0; Windows NT 5.1; Trident/4.0; GTB6; .NET CLR 1.0.3705; .NET CLR 1.1.4322; Media Center PC 3.1; .NET CLR 2.0.50727; .NET CLR 3.0.4506.2152; .NET CLR 3.5.30729)	71.156.51.141
--2017-06-13 11:59:01--  https://busybox.net/downloads/busybox-1.26.2.tar.bz2
./Carpenters/The_Singles__1969-1973
./Indochine
./Indochine/Indochine%20-%201982%20-%20L'aventurier
./Indochine/Indochine%20-%201983%20-%20Le%20Péril%20Jaune
./Indochine/Indochine%20-%201985%20-%203
	at info.magnolia.cms.filters.AbstractMgnlFilter.doFilter(AbstractMgnlFilter.java:85) [magnolia-core-6.2.3.jar:?]
	at info.magnolia.cms.filters.MgnlFilterChain.doFilter(MgnlFilterChain.java:79) [magnolia-core-6.2.3.jar:?]

[22:42:39] Insurance: [+] 8211/8262 matches engine Wordpress Article - http://proseminar.berlin/referenzen-2/
[22:42:39] Insurance: [+] 8211/8262 new URL - http://proseminar.berlin/wp-login.php?registration=disabled
                              : Computed in Aug 2011 using data through gpswk
                              : 1631.

             1971 Dec 16 1957     -              VA92                           Cisaspe                           Veronique 61M          61M/92           CSG ALFS V             227.0
             1973 Apr 17 1030     -              VA95                           61M/95                            Veronique 61M          61M/95           CSG ALFS V             200.0
1973-F02     1973 May 21 0847     1973-F02       D-5B                           D-5B                      F00677  Diamant B              No. 5            CSG Diamant              0.0
                                  1973-F02       D-5A                           D-5A                      F00678
             1974 Mar 21 0645     -              NASA 10.411GM                  NASA 10.411GM                     Nike Cajun             NASA 10.411GM    CSG ALFS                83.0

	at com.vaadin.ui.Grid$Column.access$1100(Grid.java:849) ~[vaadin-server-8.9.4.jar:8.9.4]
	at com.vaadin.ui.Grid$Column$1.generateData(Grid.java:898) ~[vaadin-server-8.9.4.jar:8.9.4]
	at com.vaadin.data.provider.DataCommunicator.getDataObject(DataCommunicator.java:481) ~[vaadin-server-8.9.4.jar:8.9.4]
LogPluginManager: Mounting Engine plugin EnhancedInput
LogPluginManager: Mounting Engine plugin BlendSpaceMotionAnalysis
AQH	ALASKA	QUINHAGAK	afd	al_183_25OCT2007.png
ionice (IONICE) [N/y/?] n
last (LAST) [Y/n/?] y
  Turn on output of extra information (FEATURE_LAST_FANCY) [N/y/?] n
less (LESS) [Y/n/?] y
  Max number of input lines less will try to eat (FEATURE_LESS_MAXLINES) [9999999] 9999999
  Enable bracket searching (FEATURE_LESS_BRACKETS) [Y/n/?] y
  Enable -m/-M (FEATURE_LESS_FLAGS) [Y/n/?] y
  Enable -S (FEATURE_LESS_TRUNCATE) [Y/n/?] y
  Enable marks (FEATURE_LESS_MARKS) [N/y/?] n
  Enable regular expressions (FEATURE_LESS_REGEXP) [Y/n/?] y
  Enable automatic resizing on window size changes (FEATURE_LESS_WINCH) [N/y/?] n
  Enable flag changes ('-' command) (FEATURE_LESS_DASHCMD) [N/y/?] n
12J	ALABAMA	BREWTON MUNI	afd	se_8_25OCT2007.png
60A	ALABAMA	BRUNDIDGE MUNI	afd	se_8_25OCT2007.png
09A	ALABAMA	BUTLER-CHOCTAW CO	afd	se_9_25OCT2007.png
OZR	ALABAMA	CAIRNS AAF 	afd	se_9_25OCT2007.png
61A	ALABAMA	CAMDEN MUNI	afd	se_10_25OCT2007.png
C22	ALABAMA	CENTRE MUNI	afd	se_10_25OCT2007.png
0A8	ALABAMA	CENTREVILLE BIBB CO	afd	se_11_25OCT2007.png
5R1	ALABAMA	CHATOM ROY WILCOX	afd	se_11_25OCT2007.png
02A	ALABAMA	CLANTON GRAGG-WADE FLD	afd	se_12_25OCT2007.png
11A	ALABAMA	CLAYTON MUNI	afd	se_12_25OCT2007.png
9A4	ALABAMA	COURTLAND LAWRENCE COUNTY	afd	se_13_25OCT2007.png
15A	ALABAMA	CREOLA MARK REYNOLDS-NORTH MOBILE CO	afd	se_13_25OCT2007.png
3A1	ALABAMA	CULLMAN FOLSOM FLD	afd	se_13_25OCT2007.png
4R9	ALABAMA	DAUPHIN ISLAND	afd	se_14_25OCT2007.png
DCU	ALABAMA	DECATUR PRYOR FLD RGNL	afd	se_14_25OCT2007.png
7A2	ALABAMA	DEMOPOLIS MUNI	afd	se_15_25OCT2007.png
DHN	ALABAMA	DOTHAN RGNL	afd	se_15_25OCT2007.png
3M2	ALABAMA	DOUBLE SPRINGS-WINSTON CO	afd	se_16_25OCT2007.png
