tdf#114180 FILESAVE XLSX Many custom chart wall properties are not preserved when the spreadsheet is saved as XLSX [Markus Mohrhard]
tdf#114709 New online help looks terrible [Ilmari Lauhakangas]
Index : 0     used in the geometry : Yes
  Process: electronNuclear
2021-10-26T21:51:57.052Z,68.052811,4231000,6 [FLog::GameJoinUtil] GameJoinUtil::makePlaceLauncherRequestForTeleport: requestCount: 5, url: https://gamejoin.roblox.com/v1/join-reserved-game
2021-10-26T21:51:57.052Z,68.052879,4231000,6 [FLog::GameJoinUtil] Delaying request by 0.72 seconds
[   1945562] rage::gameSkeleton::RunInitFunctions: Running INIT_BEFORE_MAP_LOADED init functions
[   1945578] Loading default meta overrides (total: 0)
market+days+chicago+2009	01.08.2009 18:48:57	http://www.google.com/search?hl=en&rlz=1C1GGLS_enUS338US338&q=market+days+parade+chicago&aq=f&oq=&aqi=	Mozilla/5.0 (Windows; U; Windows NT 6.0; en-US) AppleWebKit/530.5 (KHTML, like Gecko) Chrome/2.0.172.39 Safari/530.5	199.74.101.225
buick+open+tee+times	01.08.2009 18:48:59	http://www.google.com/search?q=Buick+open+golf+pairings&ie=UTF-8&oe=UTF-8&hl=en&client=safari	Mozilla/5.0 (iPhone; U; CPU iPhone OS 3_0 like Mac OS X; en-us) AppleWebKit/528.18 (KHTML, like Gecko) Version/4.0 Mobile/7A341 Safari/528.16	166.205.130.150
WWT	ALASKA	NEWTOK SEAPLANE	afd	al_153_25OCT2007.png
12:32:04 T:7432  NOTICE: No settings file to load (special://xbmc/system/advancedsettings.xml)
12:32:04 T:7432  NOTICE: No settings file to load (special://masterprofile/advancedsettings.xml)
Connecting to www.busybox.net (www.busybox.net)|140.211.167.122|:80... connected.
	at info.magnolia.cms.filters.MgnlFilterChain.doFilter(MgnlFilterChain.java:81) [magnolia-core-6.2.3.jar:?]
	at info.magnolia.cms.filters.MgnlFilterChain.doFilter(MgnlFilterChain.java:81) [magnolia-core-6.2.3.jar:?]
	at info.magnolia.cms.filters.MgnlFilterChain.doFilter(MgnlFilterChain.java:81) [magnolia-core-6.2.3.jar:?]
jerry+garcia+birthday	01.08.2009 20:11:04	http://www.google.com/search?client=firefox-a&rls=org.mozilla%3Aen-US%3Aofficial&channel=s&hl=en&q=jerry+week+celebrations&btnG=Google+Search	Mozilla/5.0 (Windows; U; Windows NT 6.0; en-US; rv:1.9.0.12) Gecko/2009070611 Firefox/3.0.12 (.NET CLR 3.5.30729)	69.227.178.123
run-parts (RUN_PARTS) [Y/n/?] y
instanceKlass java/lang/RuntimeException
ciInstanceKlass java/lang/Exception 1 1 30 10 10 10 10 10 100 7 1 1 1 5 0 1 1 1 1 1 1 1 1 1 1 12 12 12 12 12 1 1
instanceKlass java/util/NoSuchElementException
instanceKlass java/lang/NegativeArraySizeException
instanceKlass java/lang/UnsupportedOperationException
stdout: v3.11.3-1885-g204d4ae
Executing: ['git', 'log', '-1', '--pretty=format:%H']
stdout: 204d4ae47a5e3720741196f46e57ea3f23a5ecc7
Executing: ['git', 'log', '-1', '--pretty=format:%ci']
stdout: 2019-08-19 07:36:37 +0200
Executing: ['git', 'branch']
stdout:
* (HEAD detached at origin/next)
  denera/tao-bounded-newton
  master
  next
  scott/ts_for_loop_fixes
            Defined "VERSION_GIT" to ""v3.11.3-1885-g204d4ae""
            Defined "VERSION_DATE_GIT" to ""2019-08-19 07:36:37 +0200""
            Defined "VERSION_BRANCH_GIT" to ""(HEAD detached at origin/next)""
================================================================================
TEST setNativeArchitecture from PETSc.options.arch(/sandbox/petsc/petsc.next/config/PETSc/options/arch.py:31)
TESTING: setNativeArchitecture from PETSc.options.arch(/sandbox/petsc/petsc.next/config/PETSc/options/arch.py:31)
================================================================================
TEST configureArchitecture from PETSc.options.arch(/sandbox/petsc/petsc.next/config/PETSc/options/arch.py:43)
XDG_SESSION_ID=9192
_=/sandbox/petsc/petsc.next/lib/petsc/bin/maint/buildtest
SSH_CONNECTION=140.221.8.249 35558 140.221.11.38 22
OLDPWD=/home/petsc
PWD=/sandbox/petsc/petsc.next
MAIL=/var/mail/petsc
MACHTYPE=x86_64
================================================================================
TEST resetEnvCompilers from config.setCompilers(/sandbox/petsc/petsc.next/config/BuildSystem/config/setCompilers.py:1609)
TESTING: resetEnvCompilers from config.setCompilers(/sandbox/petsc/petsc.next/config/BuildSystem/config/setCompilers.py:1609)
   Mess: number of messages sent
   Avg. len: average message length (bytes)
   Reduct: number of global reductions
   Global: entire computation
   Stage: stages of a computation. Set stages with PetscLogStagePush() and PetscLogStagePop().
TLT	ALASKA	TULUKSAK	afd	al_226_25OCT2007.png
Sushi: info  Converted 10 FHIR CodeSystems.                                      (04:16.529)
Sushi: info  Converted 12 FHIR ValueSets.                                        (04:18.262)
Sushi: warn  Sliced element Condition.category is being accessed via numeric index. Use slice names in rule paths when possible. (04:18.607)
Sushi:   File: /scratch/ig-build-temp-JHXSGN/repo/input/fsh/instances/us-ph-condition-encounter-diagnosis-diabetes.fsh (04:18.608)
Sushi:   Line: 6                                                                 (04:18.608)
    [0m  delta = 1
    & Delta = 3[0m
staticfield java/lang/Integer TYPE Ljava/lang/Class; java/lang/Class
Simplified modutils (MODPROBE_SMALL) [N/y/?] n
US Core Comparison: compare StructureDefinition[http://hl7.org/fhir/us/ph-library/StructureDefinition/us-ph-transportation-details|1.0.0] to StructureDefinition[http://hl7.org/fhir/us/core/StructureDefinition/us-core-observation-clinical-result|6.1.0]
US Core Comparison: compare StructureDefinition[http://hl7.org/fhir/us/ph-library/StructureDefinition/us-ph-transportation-details|1.0.0] to StructureDefinition[http://hl7.org/fhir/us/core/StructureDefinition/us-core-observation-lab|6.1.0]
US Core Comparison: compare StructureDefinition[http://hl7.org/fhir/us/ph-library/StructureDefinition/us-ph-transportation-details|1.0.0] to StructureDefinition[http://hl7.org/fhir/us/core/StructureDefinition/us-core-observation-occupation|6.1.0]
US Core Comparison: compare StructureDefinition[http://hl7.org/fhir/us/ph-library/StructureDefinition/us-ph-transportation-details|1.0.0] to StructureDefinition[http://hl7.org/fhir/us/core/StructureDefinition/us-core-observation-pregnancyintent|6.1.0]
US Core Comparison: compare StructureDefinition[http://hl7.org/fhir/us/ph-library/StructureDefinition/us-ph-transportation-details|1.0.0] to StructureDefinition[http://hl7.org/fhir/us/core/StructureDefinition/us-core-observation-pregnancystatus|6.1.0]
US Core Comparison: compare StructureDefinition[http://hl7.org/fhir/us/ph-library/StructureDefinition/us-ph-transportation-details|1.0.0] to StructureDefinition[http://hl7.org/fhir/us/core/StructureDefinition/us-core-observation-screening-assessment|6.1.0]
US Core Comparison: compare StructureDefinition[http://hl7.org/fhir/us/ph-library/StructureDefinition/us-ph-transportation-details|1.0.0] to StructureDefinition[http://hl7.org/fhir/us/core/StructureDefinition/us-core-observation-sexual-orientation|6.1.0]
US Core Comparison: compare StructureDefinition[http://hl7.org/fhir/us/ph-library/StructureDefinition/us-ph-transportation-details|1.0.0] to StructureDefinition[http://hl7.org/fhir/us/core/StructureDefinition/us-core-pulse-oximetry|6.1.0]
US Core Comparison: compare StructureDefinition[http://hl7.org/fhir/us/ph-library/StructureDefinition/us-ph-transportation-details|1.0.0] to StructureDefinition[http://hl7.org/fhir/us/core/StructureDefinition/us-core-respiratory-rate|6.1.0]
US Core Comparison: compare StructureDefinition[http://hl7.org/fhir/us/ph-library/StructureDefinition/us-ph-transportation-details|1.0.0] to StructureDefinition[http://hl7.org/fhir/us/core/StructureDefinition/us-core-simple-observation|6.1.0]
US Core Comparison: compare StructureDefinition[http://hl7.org/fhir/us/ph-library/StructureDefinition/us-ph-transportation-details|1.0.0] to StructureDefinition[http://hl7.org/fhir/us/core/StructureDefinition/us-core-smokingstatus|6.1.0]
US Core Comparison: compare StructureDefinition[http://hl7.org/fhir/us/ph-library/StructureDefinition/us-ph-transportation-details|1.0.0] to StructureDefinition[http://hl7.org/fhir/us/core/StructureDefinition/us-core-vital-signs|6.1.0]
US Core Comparisons Finished
Installing hl7.fhir.us.ph-library#1.0.0-ballot to the package cache
  Fetching:

Installing hl7.fhir.us.ph-library#1.0.0-ballot done.
Installing hl7.terminology.r4#3.1.0 to the package cache
  Fetching:

Installing hl7.terminology.r4#3.1.0 done.
Installing hl7.fhir.us.core#4.0.0 to the package cache
  Fetching:

Installing hl7.fhir.us.core#4.0.0 done.
Installing hl7.fhir.uv.bulkdata#1.0.1 to the package cache
  Fetching:

Installing hl7.fhir.uv.bulkdata#1.0.1 done.
Installing us.nlm.vsac#0.3.0 to the package cache
TIW	ALASKA	TACOMA NARROWS	afd	al_210_25OCT2007.png
TCT	ALASKA	TAKOTNA	afd	al_211_25OCT2007.png
