PROC_CREATOR_COUNT proton : Primary = 10000
[-3.000] NullPunisher.entity: 2.7_percent
SHX	ALASKA	SHAGELUK	afd	al_197_25OCT2007.png
Successful compile:
Source:
#include "confdefs.h"
     58     0.085677
[22:42:32] Make money online: [-] 7816/8047 no engine matches (HTTP-Status: 503) - https://www.twingalaxies.com
       Contact Name           :
       Telephone (primary)    :
       Telephone (secondary)  :
       Fax                    :
       E-mail                 :
     Additional Information   : (multiple lines)


12.  Responsible Agency (if different from 11.)

     Agency                   : (multiple lines)
     Preferred Abbreviation   : (A10)
     Mailing Address          : (multiple lines)
     Primary Contact
       Contact Name           :
       Telephone (primary)    :
       Telephone (secondary)  :
       Fax                    :
       E-mail                 :
     Secondary Contact
       Contact Name           :
       Telephone (primary)    :
       Telephone (secondary)  :
       Fax                    :
       E-mail                 :
     Additional Information   : (multiple lines)


13.  More Information

simple	14-Jul-2020 09:21:01	Failing task since return code of [D:\Maven\apache-maven-3.3.9\bin\mvn.cmd sonar:sonar -Dsonar.scm.disabled=true -Dsonar.projectKey=epdgwebapp -Dsonar.projectName=EPDG-WEB-APP -Dsonar.host.url=https://sonarqube.XXXXXX.com -Dsonar.login=****** -Dsonar.java.source=1.8] was 1 while expected 0
simple	14-Jul-2020 09:21:01	SONAR4BAMBOO: was not able to find a SonarQube result URL
microcom (MICROCOM) [Y/n/?] y
mountpoint (MOUNTPOINT) [Y/n/?] y
mt (MT) [Y/n/?] y
[22:42:46] eBay: [+] 8131/8467 new URL - http://badpeople.co.za/wp-login.php?action=register
        nTM                    0.059892
File: fc-english.def 2016/01/12
[22:42:28] Bollywood: [+] 0186/7884 new URL - https://www.shannonfabrics.com/blog/wp-login.php?
[22:42:28] Bollywood: [-] 0186/7884 no form at all - https://www.shannonfabrics.com/blog/wp-login.php?
[22:42:28] Digital Marketing: [-] 0127/7913 no engine matches (HTTP-Status: 0) - http://www.eurocamp-esbjerg.dk--www.eurocamp-esbjerg.dk/infusions/guest_book/guest_book.php?rowstart=13250
[22:42:28] Computer: [-] 0309/8028 no engine matches - http://voiceless.com/index.php?title=alamo_bay&more=1&c=1&tb=1&pb=1
[22:42:28] Sai: [-] 8081/8249 no engine matches (HTTP-Status: 400) - https://brandsupport.de/
[22:42:28] Agriculture T1: [-] 0899/1000 no engine matches (HTTP-Status: 501) - https://plig.wayfarerdesignstudio.com/wp/about/
[22:42:28] Agriculture: [-] 0003/7854 no engine matches (HTTP-Status: 503) - http://blog.thomascookairlines.com/6-beaches-where-you-wont-get-disturbed-in-rhodes/
[22:42:29] Amazon: [-] 3681/7825 no engine matches - http://test2.Pixelandmatter.com/latest-icontrolpad-prototype-bulks-up-gets-handled-on-video/
[22:42:29] Structured Settlement: [-] 8349/8547 no engine matches (HTTP-Status: 400) - https://www.citysquare.org
[22:42:29] Forex: [-] 7885/7985 no engine matches (HTTP-Status: 400) - https://compta-cours.com
[22:42:29] Structured Settlement: [+] 8350/8547 matches engine Wordpress Article - https://www.rivieres-sauvages.fr/
[22:42:29] Structured Settlement: [+] 8350/8547 new URL - https://www.rivieres-sauvages.fr/wp-login.php?action=register
[22:42:29] Structured Settlement: [+] 8350/8547 new URL - https://www.rivieres-sauvages.fr/wp-login.php?action=register
[22:42:29] Structured Settlement: [-] 8350/8547 no form at all - https://www.rivieres-sauvages.fr/wp-login.php?action=register
[22:42:30] Web Design T2: [-] 4916/8453 no engine matches - http://luminc.co.kr/xe/586
[22:42:30] Justice degree: [-] 8015/8289 no engine matches (HTTP-Status: 400) - https://www.bambooroof.com
[22:42:30] Mesa DUI lawyer T2: [-] 4196/8439 no engine matches (HTTP-Status: 503) - http://eletricabarreto.com/index.php/contato
[22:42:30] Hindu temples T2: [-] 4067/4573 no engine matches (HTTP-Status: 503) - http://unity-guild.com
[22:42:30] Win News Time: [-] 7741/7826 no engine matches (HTTP-Status: 503) - https://greenroots.jp/%e6%8e%a5%e5%ae%a2%e3%81%ae%e8%b3%aa/
[22:42:30] Car Insurance: [-] 4185/8012 no engine matches (HTTP-Status: 503) - http://www.ff-winners.com/motivation/
[22:42:30] Sports: [+] 8077/8698 matches engine Wordpress Article - http://ringofentrepreneurs.com/hello-world/
[22:42:30] Justice degree: [-] 8016/8289 no engine matches (HTTP-Status: 503) - https://mvstampede.net/1576/news/california-issues-first-plastic-bag-ban/
[22:42:30] Car Insurance T2: [-] 3371/8966 no engine matches (HTTP-Status: 503) - https://cinesnark.com/2013/05/13/the-great-gatsby-is-as-beautiful-and-hollow-as-jay-gatsbys-world/
[22:42:30] Sports: [+] 8077/8698 new URL - http://ringofentrepreneurs.com/wp-login.php?action=register
[22:42:30] Travels: [-] 8120/8261 no engine matches (HTTP-Status: 503) - http://fewo-silesia.de
[22:42:30] Car Insurance: [-] 4186/8012 no engine matches (HTTP-Status: 503) - http://www.acrelec.com/contact/
[22:42:30] Online Degree: [-] 7887/8073 no engine matches (HTTP-Status: 503) - https://www.nerdicvikings.com
[22:42:30] Mortgage: [-] 7931/8168 no engine matches (HTTP-Status: 503) - http://www.adora.io/2220/the-relationship-between-copyright-and-license/
[22:42:30] Sports: [+] 8077/8698 new URL - http://ringofentrepreneurs.com/wp-login.php?action=register
[22:42:30] Travels: [-] 8121/8261 no engine matches (HTTP-Status: 501) - https://www.small-business-forum.net/

21:38:12 T:139832867932032   DEBUG: CKeyboardLayoutManager: keyboard layout "English ABC" successfully loaded
21:38:12 T:139832867932032   DEBUG: Selected UDisks as storage provider
21:38:12 T:139832867932032   DEBUG: UDisks: DaemonVersion 1
21:38:12 T:139832867932032   DEBUG: UDisks: Querying available devices
21:38:12 T:139832867932032   DEBUG: UDisks: Is not able to mount DeviceUDI /org/freedesktop/UDisks/devices/sda: IsFileSystem false HasFileSystem  IsSystemInternal true IsMounted false IsRemovable false IsPartition false IsOptical false
legalization         ==> _
laguardia+evacuated	01.08.2009 19:14:35	http://www.google.com/m/search?ct=fsh&q=evacuation+lga	BlackBerry8330/4.3.0 Profile/MIDP-2.0 Configuration/CLDC-1.1 VendorID/105	206.53.153.48
invicta+9212+men%E2%80%99s+gold+plated+stainless+steel+speedway+watch	01.08.2009 19:14:41	http://www.google.com/url?sa=t&source=web&ct=res&cd=1&url=http%3A%2F%2Fcomicsunlimited.com%2Fcomics%2Findex.php%3Finvicta%2B9212%2Bmen%25E2%2580%2599s%2Bgold%2Bplated%2Bstainless%2Bsteel%2Bspeedway%2Bwatch&ei=GZR0StyQM4bOsQOEgPnpCA&rct=j&q=Invicta+9212+Men%E2%80%99s+Gold+Plated+Stainless+Steel+Speedway+Watch&usg=AFQjCNHVHhg9g3_QCeShED4dzi5sUc7CTg&sig2=06V7McOVZimj266wht8Ksg	Mozilla/5.0 (Windows; U; Windows NT 6.0; en-US; rv:1.9.1.1) Gecko/20090715 Firefox/3.5.1	71.189.203.190
x+games+15+moto+x+best+trick	01.08.2009 19:15:56	http://www.google.com/search?client=firefox-a&rls=org.mozilla%3Aen-US%3Aofficial&channel=s&hl=en&q=2006+moto+X+best+trick+winner&btnG=Google+Search	Mozilla/5.0 (Windows; U; Windows NT 5.1; en-US; rv:1.9.0.10) Gecko/2009042316 Firefox/3.0.10	204.116.18.72
Z40	ALASKA	GOOSE BAY	afd	al_87_25OCT2007.png
[2023.05.20-22.07.39:931][  0]LogConfig: CVar [[VersionedIntRValues:r.Shaders.ExtraData]] deferred - dummy variable created
	at info.magnolia.cms.filters.MgnlFilterChain.doFilter(MgnlFilterChain.java:81) [magnolia-core-6.2.3.jar:?]
CYDB	ALASKA	BURWASH	afd	al_38_25OCT2007.png
swapon (SWAPON) [Y/n/?] y
instanceKlass java/lang/StringCoding$StringEncoder
./Iron%20Maiden/Brave%20new%20World
onGenerate.r4-schemas:
 PART_COUNT: N12 = 37
 PART_COUNT: N13 = 63
 PART_COUNT: N14 = 436
 PART_COUNT: N15 = 255
 PART_COUNT: N16 = 5
[-2.000] RootEntailment.unalignedRoot: "has" not aligned to anything

laguardia+evacuated	01.08.2009 20:37:50	http://www.google.com/search?hl=en&q=security+breach+laguardia&aq=f&oq=&aqi=	Mozilla/4.0 (compatible; MSIE 7.0; Windows NT 5.1; .NET CLR 1.0.3705; .NET CLR 1.1.4322; Media Center PC 4.0; InfoPath.2; .NET CLR 2.0.50727; .NET CLR 3.0.4506.2152; .NET CLR 3.5.30729)	174.18.13.133
sayville+summerfest	01.08.2009 20:38:19	http://www.google.com/search?hl=en&rlz=1R2HPIA_enUS328&q=car+show+in+sayville+8%2F2%2F09&btnG=Search&aq=f&oq=&aqi=	Mozilla/4.0 (compatible; MSIE 7.0; Windows NT 5.1; GTB6; Mozilla/4.0 (compatible; MSIE 6.0; Windows NT 5.1; SV1) ; .NET CLR 1.0.3705; .NET CLR 1.1.4322; Media Center PC 4.0; Media Center PC 3.0)	24.47.187.62
./JeuxVideos/Super_Smash_Bros_Melee/Super%20Smash%20Bros.%20Brawl%20Soundtrack%20-%20Disc%201
G4ParticleHPManager::GetDataStream FILE /home/arce/gamos/external/geant4/geant4.10.04.p02.gamos/../data/G4TENDL1.3.2/He3/Inelastic/F02//6_13_Carbon.z
                        Recommended Wrap: Yes
            Wrap Reversal During Pre-Cal: No
                                  Events: 0
x+games+15+moto+x+best+trick	01.08.2009 18:40:14	http://www.google.com/search?q=moto+x+best+trick+winner+2009&rls=com.microsoft:en-us&ie=UTF-8&oe=UTF-8&startIndex=&startPage=1&rlz=1I7GPEA_enUS301	Mozilla/4.0 (compatible; MSIE 7.0; Windows NT 5.1; GTB6; .NET CLR 2.0.50727; .NET CLR 3.0.4506.2152; .NET CLR 3.5.30729)	72.68.91.153
what+did+greg+mcmackin+say	01.08.2009 18:40:29	http://www.google.com/search?q=Coach+McMackin++what+did+he+say&ie=utf-8&oe=utf-8&aq=t&rls=org.mozilla:en-US:official&client=firefox-a	Mozilla/5.0 (Windows; U; Windows NT 5.1; en-US; rv:1.9.1.1) Gecko/20090715 Firefox/3.5.1	75.177.86.234
socorro+caro	01.08.2009 18:40:38	http://www.google.com/search?hl=en&q=socorro+caro&aq=2z&oq=soco&aqi=g2g-z1g7	Mozilla/4.0 (compatible; MSIE 8.0; Windows NT 5.1; Trident/4.0; GTB6; .NET CLR 1.0.3705; .NET CLR 1.1.4322; Media Center PC 4.0; .NET CLR 2.0.50727; InfoPath.1)	69.255.115.226
socorro+caro	01.08.2009 18:40:41	http://www.google.com/search?sourceid=navclient&ie=UTF-8&rlz=1T4ADBF_enUS304US304&q=Socorro+Caro+murder+case	Mozilla/4.0 (compatible; MSIE 8.0; Windows NT 5.1; Trident/4.0; GTB6; InfoPath.1; .NET CLR 2.0.50727)	71.94.128.140
friendship+quotes	01.08.2009 18:40:59	http://www.google.co.in/search?hl=en&q=friendship+graphic+quote+remembering+the+value+of+friend&btnG=Search&meta=&aq=f&oq=	Mozilla/5.0 (Windows; U; Windows NT 5.1; en-US) AppleWebKit/530.5 (KHTML, like Gecko) Chrome/2.0.172.37 Safari/530.5	115.240.139.117
             1970 Nov  6          -              FU-191                         Entrainement champ de tir         Belier                 B140             CSG ALFS                 0.0

onGenerate.igQa:
     [xslt] Processing /scratch/ig-build-temp-JHXSGN/repo/template/onGenerate-ig-updated.xml to /scratch/ig-build-temp-JHXSGN/repo/template/ongenerate-validation-igqa.json
     [xslt] Loading stylesheet /scratch/ig-build-temp-JHXSGN/repo/template/scripts/onGenerate.qa.xslt

onGenerate.artifactList:
     [xslt] Processing /scratch/ig-build-temp-JHXSGN/repo/template/onGenerate-ig-updated.xml to /scratch/ig-build-temp-JHXSGN/repo/temp/pages/_includes/artifacts.xml
     [xslt] Loading stylesheet /scratch/ig-build-temp-JHXSGN/repo/template/scripts/createArtifactSummary.xslt

check-plantumlfiles:

onGenerate.plantUml.ig:

onGenerate.plantUml.template:

onGenerate.plantUml:

onGenerate.copyDataFiles:

onGenerate.jira.setup:
     [xslt] Processing /scratch/ig-build-temp-JHXSGN/repo/template/onGenerate-ig-updated.xml to /scratch/ig-build-temp-JHXSGN/repo/template/properties.txt
     [xslt] Loading stylesheet /scratch/ig-build-temp-JHXSGN/repo/template/scripts/onGenerate.genProperties.xslt
      [get] Getting: https://github.com/HL7/JIRA-Spec-Artifacts/raw/master/xml/_workgroups.xml
      [get] To: /scratch/ig-build-temp-JHXSGN/repo/input-cache/workgroups.xml
      [get] https://github.com/HL7/JIRA-Spec-Artifacts/raw/master/xml/_workgroups.xml moved to https://raw.githubusercontent.com/HL7/JIRA-Spec-Artifacts/master/xml/_workgroups.xml
      [get] Getting: https://github.com/HL7/JIRA-Spec-Artifacts/raw/master/xml/FHIR-us-ph-library.xml
      [get] To: /scratch/ig-build-temp-JHXSGN/repo/input-cache/jiraspec.xml
      [get] https://github.com/HL7/JIRA-Spec-Artifacts/raw/master/xml/FHIR-us-ph-library.xml moved to https://raw.githubusercontent.com/HL7/JIRA-Spec-Artifacts/master/xml/FHIR-us-ph-library.xml

onGenerate.jira.packagelistcopy:
[   1925703] ResourceCacheDevice: downloaded resource.rpf in 2610 msec (size 1724416)
[   1926187] resources::ResourceCacheDeviceV2::DoFetch downloading resource.rpf (hash 294da5fe58255bb7a027735eb38147540290c58d) from http://139.99.125.59:30124/files/assets-eup/resource.rpf
[   1926359] ResourceCache::AddEntry: Saved cache:v1:294da5fe58255bb7a027735eb38147540290c58d to the index cache.
[   1926375] ResourceCacheDevice: downloaded resource.rpf in 191 msec (size 6144)
[   1926437] resources::ResourceCacheDeviceV2::DoFetch downloading resource.rpf (hash ad170671ed73e53ce880ebb30020eb725802fda7) from http://139.99.125.59:30124/files/op-base/resource.rpf
[   1926765] ResourceCache::AddEntry: Saved cache:v1:ad170671ed73e53ce880ebb30020eb725802fda7 to the index cache.
[   1926797] ResourceCacheDevice: downloaded resource.rpf in 355 msec (size 198656)
[   1926843] resources::ResourceCacheDeviceV2::DoFetch downloading resource.rpf (hash d39a8dd2eb8555d4af1a3d0f7a4ece1b808cb198) from http://139.99.125.59:30124/files/assets-lafuenteblanca/resource.rpf
[   1927000] ResourceCache::AddEntry: Saved cache:v1:d39a8dd2eb8555d4af1a3d0f7a4ece1b808cb198 to the index cache.
[   1927015] ResourceCacheDevice: downloaded resource.rpf in 173 msec (size 6144)
[   1927062] resources::ResourceCacheDeviceV2::DoFetch downloading resource.rpf (hash c8db9426df1efdb3b2fa2eedd66b4a25642ac7cd) from http://139.99.125.59:30124/files/chat/resource.rpf
[   1927328] ResourceCache::AddEntry: Saved cache:v1:c8db9426df1efdb3b2fa2eedd66b4a25642ac7cd to the index cache.
[   1927343] ResourceCacheDevice: downloaded resource.rpf in 273 msec (size 147456)
[   1927390] resources::ResourceCacheDeviceV2::DoFetch downloading resource.rpf (hash 467efa7dbebc1e3ccc4bf5b07325fa62c49d865b) from http://139.99.125.59:30124/files/op-banking/resource.rpf
[   1927734] ResourceCache::AddEntry: Saved cache:v1:467efa7dbebc1e3ccc4bf5b07325fa62c49d865b to the index cache.
[   1927750] ResourceCacheDevice: downloaded resource.rpf in 353 msec (size 258048)
[   1927797] resources::ResourceCacheDeviceV2::DoFetch downloading resource.rpf (hash 9b103363bfe74254f99bfeb82c1f6489416005f4) from http://139.99.125.59:30124/files/op-cad/resource.rpf
[   1927953] ResourceCache::AddEntry: Saved cache:v1:9b103363bfe74254f99bfeb82c1f6489416005f4 to the index cache.
[   1927968] ResourceCacheDevice: downloaded resource.rpf in 172 msec (size 6144)
[   1928031] resources::ResourceCacheDeviceV2::DoFetch downloading resource.rpf (hash 6ab8900f04a0670dc55c123ba04e67d88fd65892) from http://139.99.125.59:30124/files/op-chopshop/resource.rpf
[   1928187] ResourceCache::AddEntry: Saved cache:v1:6ab8900f04a0670dc55c123ba04e67d88fd65892 to the index cache.
[   1928203] ResourceCacheDevice: downloaded resource.rpf in 176 msec (size 69632)
[   1928250] resources::ResourceCacheDeviceV2::DoFetch downloading resource.rpf (hash 447fc70b44c130290c360e2f00db2ac7705669d3) from http://139.99.125.59:30124/files/op-scoreboard/resource.rpf
[   1928406] ResourceCache::AddEntry: Saved cache:v1:447fc70b44c130290c360e2f00db2ac7705669d3 to the index cache.
[   1928422] ResourceCacheDevice: downloaded resource.rpf in 174 msec (size 90112)
[   1928484] resources::ResourceCacheDeviceV2::DoFetch downloading resource.rpf (hash 1e14c9e8af5d3601af132b82142b8dca20a45e4d) from http://139.99.125.59:30124/files/op-cocaine/resource.rpf
[   1928750] ResourceCache::AddEntry: Saved cache:v1:1e14c9e8af5d3601af132b82142b8dca20a45e4d to the index cache.
[   1928797] ResourceCacheDevice: downloaded resource.rpf in 318 msec (size 131072)
[   1928859] resources::ResourceCacheDeviceV2::DoFetch downloading resource.rpf (hash fcac02e3cdf3ad5fbe83b257a86c708eb3994c0a) from http://139.99.125.59:30124/files/op-garbagejob/resource.rpf
[   1929015] ResourceCache::AddEntry: Saved cache:v1:fcac02e3cdf3ad5fbe83b257a86c708eb3994c0a to the index cache.
LogConfig: Display: Loading HoloLens ini files took 0.04 seconds
      "@openzeppelin/test-helpers": "^0.5.9",
      "@types/chai": "^4.2.14",
      "@types/debug": "^4.1.5",
      "@types/mocha": "^8.0.4",
      "@typescript-eslint/eslint-plugin": "^4.7.0",
      "@typescript-eslint/parser": "^4.7.0",
      "chai": "^4.2.0",
      "debug": "^4.2.0",
      "eslint": "^7.13.0",
      "eslint-config-prettier": "^6.15.0",
      "eslint-plugin-import": "^2.22.1",
      "eslint-plugin-no-only-tests": "^2.4.0",
coverity#1421124 uncaught exception [Caolán McNamara]
coverity#1424266 uncaught exception [Caolán McNamara]
coverity#1424321 dereference after null check [Caolán McNamara]
coverity#1424322 uninitialized scalar field [Caolán McNamara]
coverity#1424323 uninitialized scalar field [Caolán McNamara]
coverity#1424325 uninitialized scalar field [Caolán McNamara]
coverity#1425723 silence 'Wrapper object use after free' [Caolán McNamara]
coverity#1426162 refactor to be more clear [Caolán McNamara]
coverity#1426163 improper use of negative value [Caolán McNamara]
coverity#1426164 unchecked dynamic_cast [Caolán McNamara]
coverity#1426165 unchecked dynamic_cast [Caolán McNamara]
coverity#1426166 refactor to be less obscure [Caolán McNamara]
coverity#1426167 refactor to be less obscure [Caolán McNamara]
coverity#1426168 dereference after null check [Caolán McNamara]
coverity#1426169 refactor to be less obscure [Caolán McNamara]
coverity#1426170 unchecked dynamic_cast [Caolán McNamara]
coverity#1426171 unchecked dynamic_cast [Caolán McNamara]
coverity#1426312 unchecked return value [Caolán McNamara]
i#59160 tcmalloc could be used as allocator [Stephan Bergmann]
i#72503 remove hedabu procedure [Stephan Bergmann]
ofz#6088 null-dereference [Caolán McNamara]
int (*fprintf_ptr)(FILE*,const char*,...) = fprintf;
void  foo(void){
12:32:05 T:6472  NOTICE:         m_displayNameExtra: WASAPI: Realtek Digital Output(Optical) (2- Realtek High Definition Audio)
  Support additional arguments (FEATURE_RUN_PARTS_FANCY) [N/y/?] n
start-stop-daemon (START_STOP_DAEMON) [Y/n/?] y
  Support additional arguments (FEATURE_START_STOP_DAEMON_FANCY) [Y/n/?] y
 PROC_COUNT Al26 : Transportation = 73
 CreateHisto1D BraggPeak_2cm = 66305
 CreateHisto1D BraggPeak_out = 66306
 CreateHisto1D BraggPeak_2mm = 66307
2021-10-26T21:50:50.132Z,1.132040,ab3bf380,6 [channel] Caps: ConstantBufferSize 65536
2021-10-26T21:50:50.132Z,1.132051,ab3bf380,6 [channel] Caps: 32bIdx 1 Memoryless 0
Generating Summary Outputs                                                       (20:15.019)
[   1900812] [assets-eup]
tdf#116138 Insert Special Character also inserts selected character in current cursor in Title numbering [Caolán McNamara]
 1/8=5,14=-1,18=10,26=3/3(-5);
 2/29=1/2;
 6/7=2,8=2,9=2,10=2,19=2,28=1/1;
./Indochine/Indochine%20-%201985%20-%203
./Indochine/Indochine%20-%201987%20-%207000%20Danses
./Indochine/Indochine%20-%201990%20-%20Le%20Baiser
2021-10-26T21:52:01.045Z,72.045349,4231000,6 [FLog::GameJoinUtil] GameJoinUtil::makePlaceLauncherRequestForTeleport: requestCount: 12, url: https://gamejoin.roblox.com/v1/join-reserved-game
Sushi:   Line: 22                                                                (04:24.044)
Sushi: warn  Sliced element Library.relatedArtifact is being accessed via numeric index. Use slice names in rule paths when possible. (04:24.109)
Sushi:   File: /scratch/ig-build-temp-JHXSGN/repo/input/fsh/instances/us-ph-valueset-library-expansion-parameters-example.fsh (04:24.109)
Sushi:   Line: 24                                                                (04:24.109)
Sushi: warn  Sliced element Library.relatedArtifact is being accessed via numeric index. Use slice names in rule paths when possible. (04:24.112)
[22:42:47] Social Media: [-] 0500/7976 download failed (Return: -) - http://fieldtec.blogspot.com/2012/05/walk-by-faith.html
[22:42:46] eBay: [-] 8131/8467 no form at all - http://badpeople.co.za/wp-login.php?action=register
-- [download 8% complete]
-- [download 9% complete]
-- [download 10% complete]
-- [download 11% complete]
-- [download 12% complete]
-- [download 13% complete]
-- [download 14% complete]
-- [download 65% complete]
-- [download 66% complete]
-- [download 67% complete]
-- [download 68% complete]
-- [download 69% complete]
-- [download 70% complete]
-- [download 71% complete]
-- [download 72% complete]
-- [download 73% complete]
-- [download 74% complete]
-- [download 75% complete]
-- [download 76% complete]
-- [download 77% complete]
-- [download 78% complete]
-- [download 79% complete]
-- [download 80% complete]
-- [download 81% complete]
-- [download 82% complete]
-- [download 83% complete]
-- [download 84% complete]
-- [download 85% complete]
-- [download 86% complete]
-- [download 87% complete]
	at java.util.concurrent.ThreadPoolExecutor$Worker.run(ThreadPoolExecutor.java:624) [?:1.8.0_252]
[22:42:46] Computer: [-] 0317/8028 no form at all - http://www.telkom.co.ke/?q=user
ciMethod java/lang/StringBuilder append (C)Ljava/lang/StringBuilder; 4097 1 5459 0 -1
ciMethod java/lang/StringBuilder append (I)Ljava/lang/StringBuilder; 0 0 1 0 -1
tdf#92825 (Help-Menu-Updates) [META] Update help for all menu changes [Olivier Hallot]

Doing alignment for problem 102
hfs filesystem (FEATURE_VOLUMEID_HFS) [N/y/?] n
iso9660 filesystem (FEATURE_VOLUMEID_ISO9660) [N/y/?] n
jfs filesystem (FEATURE_VOLUMEID_JFS) [N/y/?] n
<09:43AM DrStupid> KNBC - Grenada Hills is without power and light
<09:44AM DrStupid> KNBC - Grenada Hills is under a water leak
\Gm@bindingoffset=\dimen153
\Gm@wd@mp=\dimen154
[22:42:30] Travels: [-] 8121/8261 no engine matches (HTTP-Status: 501) - https://www.small-business-forum.net/
tdf#95377 DOCX: Numbering lost from paragraph styles on import [Justin Luth]
       Contact Name           :
       Telephone (primary)    :
       Telephone (secondary)  :
       Fax                    :
       E-mail                 :
[   1929812] ResourceCacheDevice: downloaded resource.rpf in 180 msec (size 83968)
[   1929875] resources::ResourceCacheDeviceV2::DoFetch downloading resource.rpf (hash 6a69ac31e88ebdc08c14420d7f830cff9fda0456) from http://139.99.125.59:30124/files/op-towjob/resource.rpf
                  All Rights Reserved.
  
 This is part of the Gaussian(R) 09 program.  It is based on
tim+hack+and+kelly+drew	01.08.2009 18:54:12	http://www.google.com/search?sourceid=navclient-menuext&ie=UTF-8&q=Tim+Hack+and+Kelly+Drew	Mozilla/4.0 (compatible; MSIE 8.0; Windows NT 5.1; Trident/4.0; .NET CLR 1.0.3705; .NET CLR 1.1.4322; Media Center PC 4.0; .NET CLR 2.0.50727; .NET CLR 3.0.4506.2152; .NET CLR 3.5.30729)	72.72.28.211
[08:56AM] ghost     was KILLed by server: gwaihir.dd.chalmers.se Collision: (krynn.efd.lth.se - galaxy.uci.agh.edu.pl[149.156.96.9])
<DrStupid> KNBC - Southern Pacific
[22:42:46] Online Degree: [-] 7899/8073 download failed (Return: -) - http://greatsatansgirlfriend.blogspot.com/2015/04/blog-post.html
   Stage: stages of a computation. Set stages with PetscLogStagePush() and PetscLogStagePop().
crond (CROND) [Y/n/?] y
  Support option -d to redirect output to stderr (FEATURE_CROND_D) [N/y/?] n
	at com.vaadin.server.ServerRpcManager.applyInvocation(ServerRpcManager.java:155) ~[vaadin-server-8.9.4.jar:8.9.4]
	... 111 more
Caused by: java.lang.IllegalStateException
	at com.google.common.base.Preconditions.checkState(Preconditions.java:492) ~[guava-28.2-jre.jar:?]
	at com.google.common.net.MediaType$Tokenizer.consumeTokenIfPresent(MediaType.java:1026) ~[guava-28.2-jre.jar:?]
  2000K .......... .......... .......... .......... .......... 98%  129M 0s
  2050K .......... .......... .                               100%  201M=2.2s
tdf#112323 Category list should be sorted alphabetically in Customize dialog [Muhammet Kara]
       Effective Dates        : (CCYY-MM-DD/CCYY-MM-DD)
       Additional Information : (multiple lines)
220-
220-        ---------------------------------------------------------------
[22:42:39] Mesa DUI lawyer: [-] 8178/8414 no engine matches - http://swerto.blogspot.com/2011/03/dragon-age-ii.html
[22:42:28] Computer: [-] 0309/8028 no engine matches - http://voiceless.com/index.php?title=alamo_bay&more=1&c=1&tb=1&pb=1
2021-10-26T21:50:50.714Z,1.714427,4543000,6 [FLog::LocalStorage] LocalStorage writing to file: /Users/studioagain/Library/Roblox/LocalStorage/appStorage.json
2021-10-26T21:50:50.716Z,1.716315,44c0000,6 [FLog::LocalStorage] LocalStorage: Wrote 9025 bytes to disk
[22:42:35] Computer: [-] 0311/8028 no form at all - https://web302.your-webhost.nl:443/stack-protect.php?ip_address=34.69.44.172&re_direct_to=loft64.nl/wp-login.php&action=register
  Fetching:

Installing hl7.fhir.r5.core#5.0.0 done.
Initialization complete                                                          (05:59.338)
Fetch http://hl7.org/fhir/us/ph-library/package-list.json for version check      (05:59.340)
Load Content                                                                     (05:59.451)
loadPrePages from FetchedFile[/scratch/ig-build-temp-JHXSGN/repo/fsh-generated/includes] as /scratch/ig-build-temp-JHXSGN/repo/fsh-generated/includes
loadPrePages from FetchedFile[/scratch/ig-build-temp-JHXSGN/repo/input/pagecontent] as /scratch/ig-build-temp-JHXSGN/repo/input/pagecontent
Processing Conformance Resources                                                 (06:55.157)
Generating Snapshots                                                             (07:24.032)
Propagating status                                                               (10:57.353)
Generating Narratives                                                            (10:57.353)
Validating Conformance Resources                                                 (14:39.853)
Installing hl7.fhir.us.core#6.1.0 to the package cache
  Fetching:

Installing hl7.fhir.us.core#6.1.0 done.
US Core Comparison: compare StructureDefinition[http://hl7.org/fhir/us/ph-library/StructureDefinition/us-ph-pregnancy-status-observation|1.0.0] to StructureDefinition[http://hl7.org/fhir/us/core/StructureDefinition/head-occipital-frontal-circumference-percentile|6.1.0]
US Core Comparison: compare StructureDefinition[http://hl7.org/fhir/us/ph-library/StructureDefinition/us-ph-pregnancy-status-observation|1.0.0] to StructureDefinition[http://hl7.org/fhir/us/core/StructureDefinition/pediatric-bmi-for-age|6.1.0]
US Core Comparison: compare StructureDefinition[http://hl7.org/fhir/us/ph-library/StructureDefinition/us-ph-pregnancy-status-observation|1.0.0] to StructureDefinition[http://hl7.org/fhir/us/core/StructureDefinition/pediatric-weight-for-height|6.1.0]
US Core Comparison: compare StructureDefinition[http://hl7.org/fhir/us/ph-library/StructureDefinition/us-ph-pregnancy-status-observation|1.0.0] to StructureDefinition[http://hl7.org/fhir/us/core/StructureDefinition/us-core-blood-pressure|6.1.0]
US Core Comparison: compare StructureDefinition[http://hl7.org/fhir/us/ph-library/StructureDefinition/us-ph-pregnancy-status-observation|1.0.0] to StructureDefinition[http://hl7.org/fhir/us/core/StructureDefinition/us-core-bmi|6.1.0]
US Core Comparison: compare StructureDefinition[http://hl7.org/fhir/us/ph-library/StructureDefinition/us-ph-pregnancy-status-observation|1.0.0] to StructureDefinition[http://hl7.org/fhir/us/core/StructureDefinition/us-core-body-height|6.1.0]
US Core Comparison: compare StructureDefinition[http://hl7.org/fhir/us/ph-library/StructureDefinition/us-ph-pregnancy-status-observation|1.0.0] to StructureDefinition[http://hl7.org/fhir/us/core/StructureDefinition/us-core-body-temperature|6.1.0]
US Core Comparison: compare StructureDefinition[http://hl7.org/fhir/us/ph-library/StructureDefinition/us-ph-pregnancy-status-observation|1.0.0] to StructureDefinition[http://hl7.org/fhir/us/core/StructureDefinition/us-core-body-weight|6.1.0]
US Core Comparison: compare StructureDefinition[http://hl7.org/fhir/us/ph-library/StructureDefinition/us-ph-pregnancy-status-observation|1.0.0] to StructureDefinition[http://hl7.org/fhir/us/core/StructureDefinition/us-core-head-circumference|6.1.0]
US Core Comparison: compare StructureDefinition[http://hl7.org/fhir/us/ph-library/StructureDefinition/us-ph-pregnancy-status-observation|1.0.0] to StructureDefinition[http://hl7.org/fhir/us/core/StructureDefinition/us-core-heart-rate|6.1.0]
US Core Comparison: compare StructureDefinition[http://hl7.org/fhir/us/ph-library/StructureDefinition/us-ph-pregnancy-status-observation|1.0.0] to StructureDefinition[http://hl7.org/fhir/us/core/StructureDefinition/us-core-observation-clinical-result|6.1.0]
US Core Comparison: compare StructureDefinition[http://hl7.org/fhir/us/ph-library/StructureDefinition/us-ph-pregnancy-status-observation|1.0.0] to StructureDefinition[http://hl7.org/fhir/us/core/StructureDefinition/us-core-observation-lab|6.1.0]
US Core Comparison: compare StructureDefinition[http://hl7.org/fhir/us/ph-library/StructureDefinition/us-ph-pregnancy-status-observation|1.0.0] to StructureDefinition[http://hl7.org/fhir/us/core/StructureDefinition/us-core-observation-occupation|6.1.0]
	at info.magnolia.cms.filters.MgnlFilterChain.doFilter(MgnlFilterChain.java:79) [magnolia-core-6.2.3.jar:?]
	at info.magnolia.cms.filters.MgnlFilterChain.doFilter(MgnlFilterChain.java:81) [magnolia-core-6.2.3.jar:?]
US Core Comparison: compare StructureDefinition[http://hl7.org/fhir/us/ph-library/StructureDefinition/us-ph-characteristics-of-home-environment|1.0.0] to StructureDefinition[http://hl7.org/fhir/us/core/StructureDefinition/pediatric-bmi-for-age|6.1.0]
US Core Comparison: compare StructureDefinition[http://hl7.org/fhir/us/ph-library/StructureDefinition/us-ph-characteristics-of-home-environment|1.0.0] to StructureDefinition[http://hl7.org/fhir/us/core/StructureDefinition/pediatric-weight-for-height|6.1.0]
[   1919468] ResourceCacheDevice: downloaded resource.rpf in 173 msec (size 16384)
[   1919515] resources::ResourceCacheDeviceV2::DoFetch downloading resource.rpf (hash d9f58dc16daa4913ed61c9be12ab17f1c35837ea) from http://139.99.125.59:30124/files/sessionmanager/resource.rpf
[   1919687] ResourceCache::AddEntry: Saved cache:v1:d9f58dc16daa4913ed61c9be12ab17f1c35837ea to the index cache.
LUF	ARIZONA	LUKE AFB	afd	sw_18_25OCT2007.png
MZJ	ARIZONA	MARANA PINAL AIRPARK	afd	sw_19_25OCT2007.png
US Core Comparison: compare StructureDefinition[http://hl7.org/fhir/us/ph-library/StructureDefinition/us-ph-pregnancy-status-observation|1.0.0] to StructureDefinition[http://hl7.org/fhir/us/core/StructureDefinition/us-core-heart-rate|6.1.0]
US Core Comparison: compare StructureDefinition[http://hl7.org/fhir/us/ph-library/StructureDefinition/us-ph-pregnancy-status-observation|1.0.0] to StructureDefinition[http://hl7.org/fhir/us/core/StructureDefinition/us-core-observation-clinical-result|6.1.0]
US Core Comparison: compare StructureDefinition[http://hl7.org/fhir/us/ph-library/StructureDefinition/us-ph-emergency-outbreak-information|1.0.0] to StructureDefinition[http://hl7.org/fhir/us/core/StructureDefinition/us-core-vital-signs|6.1.0]
US Core Comparison: compare StructureDefinition[http://hl7.org/fhir/us/ph-library/StructureDefinition/us-ph-travel-history|1.0.0] to StructureDefinition[http://hl7.org/fhir/us/core/StructureDefinition/head-occipital-frontal-circumference-percentile|6.1.0]

(/usr/local/texlive/2021/texmf-dist/tex/context/base/mkii/supp-pdf.mkii
[Loading MPS to PDF converter (version 2006.09.02).]
\scratchcounter=\count352
\scratchdimen=\dimen301
status code: 200
	at info.magnolia.admincentral.AdmincentralServlet.service(AdmincentralServlet.java:119) [magnolia-admincentral-6.2.3.jar:?]
	at javax.servlet.http.HttpServlet.service(HttpServlet.java:741) [servlet-api.jar:?]
	at info.magnolia.cms.filters.ServletDispatchingFilter.doFilter(ServletDispatchingFilter.java:148) [magnolia-core-6.2.3.jar:?]
	at java.util.concurrent.ThreadPoolExecutor.runWorker(ThreadPoolExecutor.java:1149) [?:1.8.0_252]
	at java.util.concurrent.ThreadPoolExecutor$Worker.run(ThreadPoolExecutor.java:624) [?:1.8.0_252]
	at org.apache.tomcat.util.threads.TaskThread$WrappingRunnable.run(TaskThread.java:61) [tomcat-util.jar:9.0.34]
[   1911843] ResourceCache::AddEntry: Saved cache:v1:69d6b12bae272d48182ed2ee129a352c791ab8c7 to the index cache.
[   1911859] ResourceCacheDevice: downloaded resource.rpf in 552 msec (size 264192)
[   1911922] resources::ResourceCacheDeviceV2::DoFetch downloading resource.rpf (hash 50bf2dd6d0151f1202700547dec216e2350b0c7b) from http://139.99.125.59:30124/files/connectqueue/resource.rpf
[   1912093] ResourceCache::AddEntry: Saved cache:v1:50bf2dd6d0151f1202700547dec216e2350b0c7b to the index cache.
[   1912109] ResourceCacheDevice: downloaded resource.rpf in 184 msec (size 6144)
ofz#6617 integer-overflow [Caolán McNamara]
ofz#6625 just don't care about exceptions during fuzzing [Caolán McNamara]
 PROC_COUNT alpha : alphaInelastic = 344
 PROC_COUNT alpha : ALL = 1.40592e+06
     8  O    2.173265   3.366973   0.000000
* checking for portable file names ... OK
build	14-Jul-2020 09:19:57	[DEBUG] Lifecycle default -> [validate, initialize, generate-sources, process-sources, generate-resources, process-resources, compile, process-classes, generate-test-sources, process-test-sources, generate-test-resources, process-test-resources, test-compile, process-test-classes, test, prepare-package, package, pre-integration-test, integration-test, post-integration-test, verify, install, deploy]
*
Support verbose options (usually -v) for various applets (FEATURE_VERBOSE) [Y/n/?] y
*
* Common options for cp and mv
*
             1968 Dec 18          -              FU-159                         Photometrie Nebuleuse             Veronique 61M          61M/83           CSG ALFS V               0.0
             1968 Dec 22          -              FU-161                         Photom. Nebuleuse/Rayons          Veronique 61M          61M/90           CSG ALFS V               0.0
             1969 Feb 20 1148     -              FU-170                         Spectrometre de masse             Veronique AGI          AGI 61           CSG ALFS V             107.0
[     32734] EndpointMapper::HandleRequest: POST /gta5/11/gameservices/Friends.asmx/GetFriends
[     32937] EndpointMapper::HandleRequest: POST /gta5/11/gameservices/Friends.asmx/CountAll
[     33125] EndpointMapper::HandleRequest: POST /gta5/11/gameservices/Friends.asmx/GetBlocked
[   1421703] EndpointMapper::HandleRequest: POST /gta5/11/gameservices/presence.asmx/GetPresenceServers
[   1474593] EndpointMapper::HandleRequest: POST /gta5/11/gameservices/GeoLocation.asmx/GetLocationInfoFromIP
 Version 1.19.0 (31 JULY 2017)
	New feature
[22:42:32] Insurance: [-] 8208/8262 no engine matches (HTTP-Status: 500) - https://cjworld.co.kr/?document_srl=91464
[22:42:32] Health: [-] 8177/8339 no engine matches (HTTP-Status: 504) - http://www.shepherds-rod-speaks.org/2015/06/who-is-to-come-in-the-spirit-and-power-of-elijah/
2021-10-26T21:51:05.215Z,16.215467,43ba000,6 [FLog::Warning] Warning: Infinite yield possible on 'Players.FruitySama:WaitForChild("DataLoad")'
\bbl@dirlevel=\count275
          Initialized sharedLibraryFlags to []
          Initialized dynamicLibraryFlags to []
================================================================================
Importing posts...
0 posts imported
0 medias imported
Importing K2 items...
=== START import 2016-05-17 12:57:34 ===
<use images/datadriven/35km.png>
Package pdftex.def Info: images/datadriven/35km.png  used on input line 191.
(pdftex.def)             Requested size: 418.25368pt x 461.91122pt.
<images/datadriven/Reviewer_Coverage.png, id=1275, 937.44514pt x 1259.97583pt>
File: images/datadriven/Reviewer_Coverage.png Graphic file (type png)
[      1844] [    ROSService]             MainThrd/ service! "H:\FiveM Clean\FiveM.app\data\cache\subprocess\FiveM_ROSService" ros:service
[22:42:43] Amazon: [+] 3690/7825 matches engine Drupal - Blog - http://www.yessbackpack.org/user
[22:42:43] Precious metals: [-] 0099/8003 no engine matches (HTTP-Status: 503) - http://www.amrumc.ru/?p=1
tdf#115719 DOCX import: lack of Word 2013-style increased spacing for paragraph with anchored objects [Miklos Vajna]
tdf#115742 Can't save over a file if there is a lingering lock file from a different user [Mike Kaganski]
tdf#115782 Writer uses the different rotation orientation for Draw format images and Writer images [Armin Le Grand]
tdf#115783 Copy and paste in table: lost character formatting of original text [Miklos Vajna]
tdf#115786 Unable to open styles window when sidebar is undocked [Katarina Behrens]
tdf#115797 Help about Fill series of type Date is irrelevant if not wrong [Laurent BP]
tdf#115831 [Calc] Help page about Renaming sheet is not correct [Olivier Hallot, Laurent BP]
tdf#115835 Calc - Copying Cells in a Row with Conditional formatting - Conditional formatting not copied [Markus Mohrhard]
tdf#115853 Custom properties deleted [Julien Nabet, Stephan Bergmann]
tdf#115859 PPTX/XLSX/DOCX Chart number format export is missing [Szymon Kłos]
tdf#115867 Windows 10 icon theme follow MSO guidelines [andreas kainz]
tdf#115873 Shape selected in navigator is not selected in the main window [Miklos Vajna]
tdf#115874 On Style dialog's Organizer tab, non-integer font size is shown rounded to integer [Mike Kaganski]
tdf#115875 On Character Style dialog's Organizer tab, no indication of Western/Asian/CTL font groups (unlike Paragraph Style) [Mike Kaganski]
tdf#115879 Odd behaviour of concatenated NOT functions [Eike Rathke]
tdf#115880 Wrong Selection with „Navigate By“ Function [Jim Raykowski]
tdf#115892 Opening a Style dialog's Font tab adds Asian text size to the properties set in the style [Mike Kaganski]
tdf#115895 Color picker images missing in Impress [Noel Grandin]
tdf#115905 Help mentions non-existing "Slide Show - Custom Animation" menu entry [Olivier Hallot]
tdf#115933 XLSX <fileSharing> password protected with algorithmName, hashValue, saltValue and spinCount [Eike Rathke]
tdf#115938 Opening a Style dialog's Borders tab adds Shadow properties to the property set in the style [Mike Kaganski]
tdf#115950 EDITING: Crash while selecting cell format with double-click [Jan Holesovsky]
tdf#115951 Arabic alphabet page number format is not showing correctly [Caolán McNamara]
tdf#115964 Document password prompt not centered to window with GTK3, when opening file directly [Caolán McNamara]
tdf#115968 CMIS: various protocol handling problems & incompatibilities [Andreas Brandner]
tdf#115994 Grey area instead of settings for "Tools - Options - Language Settings -English sentence checking" and " "Tools - Options - Internet - MediaWiki" on master [Katarina Behrens]
tdf#116001 Incorrect Colors in Chart Wall Area w/ 3D Look and Extruded Shapes [Noel Grandin]
tdf#116015 the online Help for Writer's Edit Fields is a 404 [Olivier Hallot]
tdf#116017 the About Fields online help seems wrong about What's This tip [Adolfo Jayme Barrientos]
tdf#116019 the About Fields online help for F9 seems wrong for Placeholder fields. [Olivier Hallot]
./Classique/Beethoveen/Symphony%20No.%209
boston+duck+tours	01.08.2009 19:00:53	http://www.google.com/url?sa=t&source=web&ct=res&cd=3&url=http%3A%2F%2Fcomicsunlimited.com%2Fcomics%2Findex.php%3Fboston%2Bduck%2Btours&ei=2ZB0SqHGMI-kMPvTgbEM&rct=j&q=things%20to%20do%20in%20boston&usg=AFQjCNGrcjKgiKXJRCnT2TBhqTTjnS0y9g	Mozilla/5.0 (Windows; U; Windows NT 6.0; en-US; rv:1.9.1.1) Gecko/20090715 Firefox/3.5.1 (.NET CLR 3.5.30729)	68.14.75.5
market+days+chicago+2009	01.08.2009 19:01:07	http://www.google.com/search?hl=en&client=firefox-a&rls=org.mozilla%3Aen-US%3Aofficial&hs=vYz&q=halsted+festival+2009+chicago&aq=f&oq=&aqi=	Mozilla/5.0 (Windows; U; Windows NT 6.0; en-US; rv:1.9.0.7) Gecko/2009021910 Firefox/3.0.7 (.NET CLR 3.5.30729)	24.148.20.111
0 categories imported
DEBUG:root:running: git clone --recursive https://github.com/HL7/fhir-us-ph-library --branch master repo
LogPackageName: Display: FPackageName: Mount point added: '../../Plugins/Editor/ObjectMixer/ObjectMixer/Content/' mounted to '/ObjectMixer/'
LogPackageName: Display: FPackageName: Mount point added: '../../../../../../Users/steve/projects/zed-UE5/Plugins/Stereolabs/Content/' mounted to '/Stereolabs/'
SourceControl: Source control is disabled
SourceControl: Source control is disabled
LogInit: Using libcurl 7.83.1
LogInit:  - built for Windows
LogInit:  - supports SSL with OpenSSL/1.1.1n
LogInit:  - supports HTTP deflate (compression) using libz 1.2.12
LogInit:  - other features:
LogInit:      CURL_VERSION_SSL
LogInit:      CURL_VERSION_LIBZ
LogInit:      CURL_VERSION_IPV6
LogDevObjectVersion:   Dev-Niagara (F2AED0AC-9AFE-416F-8664-AA7FFA26D6FC): 1
LogDevObjectVersion:   Dev-Destruction (174F1F0B-B4C6-45A5-B13F-2EE8D0FB917D): 10
LogDevObjectVersion:   Dev-Physics-Ext (35F94A83-E258-406C-A318-09F59610247C): 41
LogDevObjectVersion:   Dev-PhysicsMaterial-Chaos (B68FC16E-8B1B-42E2-B453-215C058844FE): 1
LogDevObjectVersion:   Dev-CineCamera (B2E18506-4273-CFC2-A54E-F4BB758BBA07): 1
LogDevObjectVersion:   Dev-VirtualProduction (64F58936-FD1B-42BA-BA96-7289D5D0FA4E): 1
LogDevObjectVersion:   UE5-Main (697DD581-E64F-41AB-AA4A-51ECBEB7B628): 88
LogDevObjectVersion:   UE5-Release (D89B5E42-24BD-4D46-8412-ACA8DF641779): 41
LogDevObjectVersion:   UE5-PrivateFrosty (59DA5D52-1232-4948-B878-597870B8E98B): 8
LogDevObjectVersion:   UE5-Dev-Cooker (26075A32-730F-4708-88E9-8C32F1599D05): 0
LogDevObjectVersion:   Dev-MediaFramework (6F0ED827-A609-4895-9C91-998D90180EA4): 2
LogDevObjectVersion:   UE5-Dev-LWCRendering (30D58BE3-95EA-4282-A6E3-B159D8EBB06A): 1
LogInit: Presizing for max 25165824 objects, including 0 objects not considered by GC, pre-allocating 0 bytes for permanent pool.
LogInit: Object subsystem initialized
LogConfig: Set CVar [[con.DebugEarlyDefault:1]]
LogConfig: CVar [[con.DebugLateDefault:1]] deferred - dummy variable created
LogConfig: CVar [[con.DebugLateCheat:1]] deferred - dummy variable created
LogConfig: CVar [[LogNamedEventFilters:Frame *]] deferred - dummy variable created
[   1962875] overriding handle for mp_f_freemode_01/feet_diff_010_a_uni.ytd (was 4cd0203) -> 224
 written license.
  
 The following legend is applicable only to US Government
 contracts under FAR:
  
                    RESTRICTED RIGHTS LEGEND
  
 Use, reproduction and disclosure by the US Government is
 subject to restrictions as set forth in subparagraphs (a)
 and (c) of the Commercial Computer Software - Restricted
 Rights clause in FAR 52.227-19.
  
 Gaussian, Inc.
 340 Quinnipiac St., Bldg. 40, Wallingford CT 06492
  
  
 ---------------------------------------------------------------
 Warning -- This program may not be used in any manner that
 competes with the business of Gaussian, Inc. or will provide
 assistance to any competitor of Gaussian, Inc.  The licensee
 of this program is prohibited from giving any competitor of
 Gaussian, Inc. access to this program.  By using this program,
 the user acknowledges that Gaussian, Inc. is engaged in the
 business of creating and licensing software in the field of
 computational chemistry and represents and warrants to the
 licensee that it is not a competitor of Gaussian, Inc. and that
 it will not use this program in any manner prohibited above.
 ---------------------------------------------------------------
  

