 [93m*** Warning: The clock 'clock_Enter3' is declared but never used in the model; it is therefore removed from the model. Use option -no-var-autoremove to keep it.[0m
1998-017     1998 Mar 24 0146     1998-017A      SPOT-4                         SPOT-4                    S25260  Ariane 40              V107             CSG ELA2                 0.0
1998-024     1998 Apr 28 2253     1998-024A      Nilesat 101                    Nilesat 101               S25311  Ariane 44P             V108             CSG ELA2                 0.0
                                  1998-024B      BSAT 1b                        BSAT 1b                   S25312
	at com.vaadin.server.SynchronizedRequestHandler.handleRequest(SynchronizedRequestHandler.java:40) [vaadin-server-8.9.4.jar:8.9.4]
	at com.vaadin.server.VaadinService.handleRequest(VaadinService.java:1602) [vaadin-server-8.9.4.jar:8.9.4]
US Core Comparison: compare StructureDefinition[http://hl7.org/fhir/us/ph-library/StructureDefinition/us-ph-pregnancy-status-observation|1.0.0] to StructureDefinition[http://hl7.org/fhir/us/core/StructureDefinition/us-core-observation-clinical-result|6.1.0]
US Core Comparison: compare StructureDefinition[http://hl7.org/fhir/us/ph-library/StructureDefinition/us-ph-pregnancy-status-observation|1.0.0] to StructureDefinition[http://hl7.org/fhir/us/core/StructureDefinition/us-core-observation-lab|6.1.0]
US Core Comparison: compare StructureDefinition[http://hl7.org/fhir/us/ph-library/StructureDefinition/us-ph-pregnancy-status-observation|1.0.0] to StructureDefinition[http://hl7.org/fhir/us/core/StructureDefinition/us-core-observation-occupation|6.1.0]
US Core Comparison: compare StructureDefinition[http://hl7.org/fhir/us/ph-library/StructureDefinition/us-ph-pregnancy-status-observation|1.0.0] to StructureDefinition[http://hl7.org/fhir/us/core/StructureDefinition/us-core-observation-pregnancyintent|6.1.0]
US Core Comparison: compare StructureDefinition[http://hl7.org/fhir/us/ph-library/StructureDefinition/us-ph-pregnancy-status-observation|1.0.0] to StructureDefinition[http://hl7.org/fhir/us/core/StructureDefinition/us-core-observation-pregnancystatus|6.1.0]
US Core Comparison: compare StructureDefinition[http://hl7.org/fhir/us/ph-library/StructureDefinition/us-ph-pregnancy-status-observation|1.0.0] to StructureDefinition[http://hl7.org/fhir/us/core/StructureDefinition/us-core-observation-screening-assessment|6.1.0]
US Core Comparison: compare StructureDefinition[http://hl7.org/fhir/us/ph-library/StructureDefinition/us-ph-pregnancy-status-observation|1.0.0] to StructureDefinition[http://hl7.org/fhir/us/core/StructureDefinition/us-core-observation-sexual-orientation|6.1.0]
US Core Comparison: compare StructureDefinition[http://hl7.org/fhir/us/ph-library/StructureDefinition/us-ph-pregnancy-status-observation|1.0.0] to StructureDefinition[http://hl7.org/fhir/us/core/StructureDefinition/us-core-pulse-oximetry|6.1.0]
US Core Comparison: compare StructureDefinition[http://hl7.org/fhir/us/ph-library/StructureDefinition/us-ph-pregnancy-status-observation|1.0.0] to StructureDefinition[http://hl7.org/fhir/us/core/StructureDefinition/us-core-respiratory-rate|6.1.0]
US Core Comparison: compare StructureDefinition[http://hl7.org/fhir/us/ph-library/StructureDefinition/us-ph-pregnancy-status-observation|1.0.0] to StructureDefinition[http://hl7.org/fhir/us/core/StructureDefinition/us-core-simple-observation|6.1.0]
US Core Comparison: compare StructureDefinition[http://hl7.org/fhir/us/ph-library/StructureDefinition/us-ph-pregnancy-status-observation|1.0.0] to StructureDefinition[http://hl7.org/fhir/us/core/StructureDefinition/us-core-smokingstatus|6.1.0]
US Core Comparison: compare StructureDefinition[http://hl7.org/fhir/us/ph-library/StructureDefinition/us-ph-pregnancy-status-observation|1.0.0] to StructureDefinition[http://hl7.org/fhir/us/core/StructureDefinition/us-core-vital-signs|6.1.0]
US Core Comparison: compare StructureDefinition[http://hl7.org/fhir/us/ph-library/StructureDefinition/us-ph-is-postpartum|1.0.0] to StructureDefinition[http://hl7.org/fhir/us/core/StructureDefinition/head-occipital-frontal-circumference-percentile|6.1.0]
US Core Comparison: compare StructureDefinition[http://hl7.org/fhir/us/ph-library/StructureDefinition/us-ph-is-postpartum|1.0.0] to StructureDefinition[http://hl7.org/fhir/us/core/StructureDefinition/pediatric-bmi-for-age|6.1.0]
US Core Comparison: compare StructureDefinition[http://hl7.org/fhir/us/ph-library/StructureDefinition/us-ph-is-postpartum|1.0.0] to StructureDefinition[http://hl7.org/fhir/us/core/StructureDefinition/pediatric-weight-for-height|6.1.0]
US Core Comparison: compare StructureDefinition[http://hl7.org/fhir/us/ph-library/StructureDefinition/us-ph-is-postpartum|1.0.0] to StructureDefinition[http://hl7.org/fhir/us/core/StructureDefinition/us-core-blood-pressure|6.1.0]
US Core Comparison: compare StructureDefinition[http://hl7.org/fhir/us/ph-library/StructureDefinition/us-ph-travel-history|1.0.0] to StructureDefinition[http://hl7.org/fhir/us/core/StructureDefinition/us-core-observation-clinical-result|6.1.0]
US Core Comparison: compare StructureDefinition[http://hl7.org/fhir/us/ph-library/StructureDefinition/us-ph-travel-history|1.0.0] to StructureDefinition[http://hl7.org/fhir/us/core/StructureDefinition/us-core-observation-lab|6.1.0]
US Core Comparison: compare StructureDefinition[http://hl7.org/fhir/us/ph-library/StructureDefinition/us-ph-travel-history|1.0.0] to StructureDefinition[http://hl7.org/fhir/us/core/StructureDefinition/us-core-observation-occupation|6.1.0]
US Core Comparison: compare StructureDefinition[http://hl7.org/fhir/us/ph-library/StructureDefinition/us-ph-travel-history|1.0.0] to StructureDefinition[http://hl7.org/fhir/us/core/StructureDefinition/us-core-observation-pregnancyintent|6.1.0]
US Core Comparison: compare StructureDefinition[http://hl7.org/fhir/us/ph-library/StructureDefinition/us-ph-travel-history|1.0.0] to StructureDefinition[http://hl7.org/fhir/us/core/StructureDefinition/us-core-observation-pregnancystatus|6.1.0]
US Core Comparison: compare StructureDefinition[http://hl7.org/fhir/us/ph-library/StructureDefinition/us-ph-travel-history|1.0.0] to StructureDefinition[http://hl7.org/fhir/us/core/StructureDefinition/us-core-observation-screening-assessment|6.1.0]
US Core Comparison: compare StructureDefinition[http://hl7.org/fhir/us/ph-library/StructureDefinition/us-ph-travel-history|1.0.0] to StructureDefinition[http://hl7.org/fhir/us/core/StructureDefinition/us-core-observation-sexual-orientation|6.1.0]
US Core Comparison: compare StructureDefinition[http://hl7.org/fhir/us/ph-library/StructureDefinition/us-ph-travel-history|1.0.0] to StructureDefinition[http://hl7.org/fhir/us/core/StructureDefinition/us-core-pulse-oximetry|6.1.0]
US Core Comparison: compare StructureDefinition[http://hl7.org/fhir/us/ph-library/StructureDefinition/us-ph-travel-history|1.0.0] to StructureDefinition[http://hl7.org/fhir/us/core/StructureDefinition/us-core-respiratory-rate|6.1.0]
US Core Comparison: compare StructureDefinition[http://hl7.org/fhir/us/ph-library/StructureDefinition/us-ph-travel-history|1.0.0] to StructureDefinition[http://hl7.org/fhir/us/core/StructureDefinition/us-core-simple-observation|6.1.0]
US Core Comparison: compare StructureDefinition[http://hl7.org/fhir/us/ph-library/StructureDefinition/us-ph-travel-history|1.0.0] to StructureDefinition[http://hl7.org/fhir/us/core/StructureDefinition/us-core-smokingstatus|6.1.0]
US Core Comparison: compare StructureDefinition[http://hl7.org/fhir/us/ph-library/StructureDefinition/us-ph-travel-history|1.0.0] to StructureDefinition[http://hl7.org/fhir/us/core/StructureDefinition/us-core-vital-signs|6.1.0]
US Core Comparison: compare StructureDefinition[http://hl7.org/fhir/us/ph-library/StructureDefinition/us-ph-disability-status|1.0.0] to StructureDefinition[http://hl7.org/fhir/us/core/StructureDefinition/head-occipital-frontal-circumference-percentile|6.1.0]
US Core Comparison: compare StructureDefinition[http://hl7.org/fhir/us/ph-library/StructureDefinition/us-ph-disability-status|1.0.0] to StructureDefinition[http://hl7.org/fhir/us/core/StructureDefinition/pediatric-bmi-for-age|6.1.0]
     Additional Information   : (multiple lines)
NOTE: PROCEDURE GPLOT used (Total process time):
      real time           1.02 seconds
      cpu time            0.77 seconds
      

81         symbol1;
82         symbol1 i=hiloc v=dot h=.1 color=black;
83         proc gplot data=trades;
84         	plot price*date=1;
85         	by symbol;
[      1797] [    GTAProcess]             MainThrd/ No such command rbind.
[      1797] [    GTAProcess]             MainThrd/ No such command rbind.
[      1797] [    GTAProcess]             MainThrd/ No such command rbind.
[      1797] [    GTAProcess]             MainThrd/ No such command rbind.
[      1797] [    GTAProcess]             MainThrd/ No such command rbind.
[      1797] [    GTAProcess]             MainThrd/ No such command rbind.
[      1797] [    GTAProcess]             MainThrd/ No such command rbind.
[      1797] [    GTAProcess]             MainThrd/ No such command rbind.
[      1797] [    GTAProcess]             MainThrd/ No such command rbind.
[      1797] [    GTAProcess]             MainThrd/ No such command rbind.
[      1797] [    GTAProcess]             MainThrd/ No such command rbind.
[      1797] [    GTAProcess]             MainThrd/ No such command rbind.
[      1797] [    GTAProcess]             MainThrd/ No such command rbind.
[      1797] [    GTAProcess]             MainThrd/ No such command rbind.
[      1797] [    GTAProcess]             MainThrd/ No such command rbind.
[      1797] [    GTAProcess]             MainThrd/ No such command rbind.
[      1797] [    GTAProcess]             MainThrd/ No such command rbind.
[      1797] [    GTAProcess]             MainThrd/ No such command rbind.
[      1797] [    GTAProcess]             MainThrd/ No such command rbind.
[      1797] [    GTAProcess]             MainThrd/ No such command rbind.
1990-063     1990 Jul 24 2225:00  1990-063A      TDF 2                          TDF 2                     S20705  Ariane 44L             V37              CSG ELA2                 0.0
     Date Removed             : (CCYY-MM-DDThh:mmZ)
     Temperature Stabiliz.    : none
     Additional Information   : (multiple lines)
	 
	 
fedex+field	01.08.2009 18:16:55	http://www.google.com/search?hl=en&client=firefox-a&rls=org.mozilla%3Aen-US%3Aofficial&hs=UBe&q=fedex+field+concert+parking&aq=f&oq=&aqi=	Mozilla/5.0 (Windows; N; Windows NT 5.1; en-US; rv:1.9.0.12) Gecko/2009070611 Firefox/3.0.12	68.228.13.150
fedex+field	01.08.2009 18:17:27	http://www.google.com/search?sourceid=navclient&ie=UTF-8&rlz=1T4TSHB_enUS246US248&q=parking+at+Fed+Ex+field+for+concert	Mozilla/4.0 (compatible; MSIE 8.0; Windows NT 6.0; Trident/4.0; GTB6; SLCC1; .NET CLR 2.0.50727; Media Center PC 5.0; .NET CLR 3.5.30729; .NET CLR 3.0.30618)	96.231.91.242
jonathan+campos	01.08.2009 18:17:33	http://www.google.com/url?sa=t&source=web&ct=res&cd=3&url=http%3A%2F%2Fcomicsunlimited.com%2Fcomics%2Findex.php%3Fjonathan%2Bcampos&ei=uIZ0Sv6rOIj-sQPPoIj0Ag&rct=j&q=Petty+Officer+Jonathan+Campos&usg=AFQjCNGI-cX6oaPhwePbeYlIekSqW1AQYA	Mozilla/5.0 (Windows; U; Windows NT 5.1; en-US; rv:1.9.0.12) Gecko/2009070611 YFF3 Firefox/3.0.12	99.10.165.147
petty+officer+jonathan+campos	01.08.2009 18:17:42	http://www.google.com/url?sa=t&source=web&ct=res&cd=2&url=http%3A%2F%2Fcomicsunlimited.com%2Fcomics%2Findex.php%3Fpetty%2Bofficer%2Bjonathan%2Bcampos&ei=uIZ0Sv6rOIj-sQPPoIj0Ag&rct=j&q=Petty+Officer+Jonathan+Campos&usg=AFQjCNEfwCdxt7slWX7dD8SrXdUGwDcOVQ	Mozilla/5.0 (Windows; U; Windows NT 5.1; en-US; rv:1.9.0.12) Gecko/2009070611 YFF3 Firefox/3.0.12	99.10.165.147
bullet+express	01.08.2009 18:18:20	http://www.google.com/search?hl=en&client=firefox-a&rls=org.mozilla%3Aen-US%3Aofficial&q=smoothies+recipes+for+turbo+chopper+express&aq=f&oq=&aqi=	Mozilla/5.0 (Windows; U; Windows NT 6.0; en-US; rv:1.9.0.12) Gecko/2009070611 Firefox/3.0.12 (.NET CLR 3.5.30729)	72.83.120.79
friendship+quotes	01.08.2009 18:18:36	http://www.google.co.in/search?q=great+famous+friendship+quotations&hl=en&start=20&sa=N	Mozilla/5.0 (Windows; U; Windows NT 5.1; en-US; rv:1.8.1.14) Gecko/20080404 Firefox/2.0.0.14	59.88.117.189
petty+officer+jonathan+campos	01.08.2009 18:29:07	http://www.google.com/search?hl=en&ie=ISO-8859-1&q=Petty+Officer+Jonathan+Campos+&aq=f&oq=&aqi=	Mozilla/4.0 (compatible; MSIE 7.0; AOL 9.1; AOLBuild 4334.5006; Windows NT 6.0; Trident/4.0; SLCC1; .NET CLR 2.0.50727; Media Center PC 5.0; .NET CLR 3.0.30618)	207.200.116.73
tim+hack+and+kelly+drew	01.08.2009 18:29:15	http://www.google.com/search?q=kelly+drew+murder&ie=utf-8&oe=utf-8&aq=t&rls=org.mozilla:en-US:official&client=firefox-a	Mozilla/5.0 (Macintosh; U; Intel Mac OS X 10.4; en-US; rv:1.9.0.12) Gecko/2009070609 Firefox/3.0.12	216.188.240.123
granicrete	01.08.2009 18:29:16	http://www.google.com/url?sa=t&source=web&ct=res&cd=3&url=http%3A%2F%2Fcomicsunlimited.com%2Fcomics%2Findex.php%3Fgranicrete&ei=H4l0Srj-CIiMMu-K2Ag&rct=j&q=granicrete+epoxy&usg=AFQjCNFe1ROCoOhqClBQ5dQlO_kV5JyJvA	Mozilla/5.0 (Windows; U; Windows NT 5.1; en-US; rv:1.9.0.11) Gecko/2009060215 Firefox/3.0.11	68.13.57.157
swift+boat+ads	01.08.2009 18:29:21	http://www.google.com/search?q=swift+boat+accurate&ie=utf-8&oe=utf-8&aq=t&rls=org.mozilla:en-US:official&client=firefox-a	Mozilla/5.0 (Macintosh; U; Intel Mac OS X 10.5; en-US; rv:1.9.0.12) Gecko/2009070609 Firefox/3.0.12	151.200.35.89
socorro+caro	01.08.2009 18:29:47	http://www.google.com/search?hl=en&q=Socorro+Caro+&aq=f&oq=&aqi=	Mozilla/4.0 (compatible; MSIE 6.0; Windows NT 5.1; SV1; .NET CLR 1.1.4322)	69.228.37.117
sono+arts+festival	01.08.2009 18:30:01	http://www.google.com/search?q=sono+festival%2C+ct&rls=com.microsoft:en-us:IE-SearchBox&ie=UTF-8&oe=UTF-8&sourceid=ie7&rlz=1I7GZHZ_en	Mozilla/4.0 (compatible; MSIE 8.0; Windows NT 5.1; Trident/4.0; (R1 1.5); .NET CLR 1.1.4322; .NET CLR 2.0.50727; .NET CLR 3.0.4506.2152; .NET CLR 3.5.30729)	67.87.5.227
fedex+field	01.08.2009 18:30:17	http://www.google.com/search?q=fedex+field+concert+parking&ie=utf-8&oe=utf-8&aq=t&rls=org.mozilla:en-US:official&client=firefox-a	Mozilla/5.0 (Windows; U; Windows NT 6.0; en-US; rv:1.9.1.1) Gecko/20090715 Firefox/3.5.1 (.NET CLR 3.5.30729)	98.231.248.30
drake+falls+on+stage	01.08.2009 18:30:22	http://www.google.com/search?q=drake+bell+falls&ie=utf-8&oe=utf-8&aq=t&rls=org.mozilla:en-US:official&client=firefox-a	Mozilla/5.0 (Windows; U; Windows NT 5.1; en-US; rv:1.9.0.12) Gecko/2009070611 Firefox/3.0.12	75.85.215.174
musikfest	01.08.2009 18:31:11	http://www.google.com/search?hl=en&rlz=1R2ADBF_en&ei=3ol0Ss79CtKPtgehmNWWCQ&sa=X&oi=spell&resnum=0&ct=result&cd=1&q=transportation+to+musikfest&spell=1	Mozilla/4.0 (compatible; MSIE 7.0; Windows NT 6.0; FunWebProducts; GTB6; SLCC1; .NET CLR 2.0.50727; Media Center PC 5.0; .NET CLR 3.5.21022; .NET CLR 3.5.30729; .NET CLR 3.0.30618)	65.78.126.225
drake+falls+on+stage	01.08.2009 18:31:22	http://www.google.com/search?q=drake+bell+falls&ie=utf-8&oe=utf-8&aq=t&rls=org.mozilla:en-US:official&client=firefox-a	Mozilla/5.0 (Windows; U; Windows NT 5.1; en-US; rv:1.9.0.12) Gecko/2009070611 Firefox/3.0.12	75.85.215.174
providence+journal	01.08.2009 18:31:50	http://www.google.com/search?sourceid=navclient&ie=UTF-8&rlz=1T4ADBF_enUS282US325&q=projo+august+1	Mozilla/4.0 (compatible; MSIE 7.0; Windows NT 5.1; GTB6; .NET CLR 1.1.4322)	72.209.61.202
tim+hack+and+kelly+drew	01.08.2009 18:31:51	http://www.google.com/m/search?q=+Tim+Hack+and+Kelly+Drew+photo	Mozilla/4.0 (compatible; MSIE 6.0; Windows CE; IEMobile 7.11) Sprint:PPC6800	99.207.183.91
fedex+field	01.08.2009 18:32:48	http://www.google.com/search?hl=en&q=fedex+field+parking+concert&aq=f&oq=&aqi=	Mozilla/5.0 (Macintosh; U; Intel Mac OS X 10_4_11; en) AppleWebKit/530.19.2 (KHTML, like Gecko) Version/4.0.2 Safari/530.19	71.178.221.193
sayville+summerfest	01.08.2009 18:32:51	http://www.google.com/search?hl=en&client=firefox-a&channel=s&rls=org.mozilla:en-US:official&hs=Z7y&ei=SIp0SvGADdj7tgfJp9yWCQ&sa=X&oi=spell&resnum=0&ct=result&cd=1&q=summerfest+sayville&spell=1	Mozilla/5.0 (Windows; U; Windows NT 6.0; en-US; rv:1.9.0.12) Gecko/2009070611 Firefox/3.0.12	69.113.243.95
x+games+15+moto+x+best+trick	01.08.2009 18:33:05	http://www.google.se/search?hl=sv&ei=N4p0SvzKCJDX-QbR163LBw&sa=X&oi=spell&resnum=0&ct=result&cd=1&q=summer+x+games+15+live+stream&spell=1	Mozilla/5.0 (Windows; U; Windows NT 6.0; sv-SE; rv:1.9.0.12) Gecko/2009070611 Firefox/3.0.12 (.NET CLR 3.5.30729)	195.67.145.212
tim+hack+and+kelly+drew	01.08.2009 18:33:28	http://www.google.com/search?hl=en&q=kelly+drew+killing&rlz=1R2DBMX_es&aq=f&oq=&aqi=	Mozilla/4.0 (compatible; MSIE 7.0; Windows NT 6.0; GTB6; SLCC1; .NET CLR 2.0.50727; .NET CLR 3.5.30729; .NET CLR 3.0.30618)	201.172.124.241
what+did+greg+mcmackin+say	01.08.2009 18:33:53	http://www.google.com/search?hl=en&q=what+did+the+hawaii+coach+say&aq=f&oq=&aqi=	Mozilla/4.0 (compatible; MSIE 7.0; Windows NT 5.1; .NET CLR 1.1.4322)	24.196.133.2
x+games+15+moto+x+best+trick	01.08.2009 18:34:38	http://www.google.com/search?client=firefox-a&rls=org.mozilla%3Aen-US%3Aofficial&channel=s&hl=en&q=x+games+best+trick+7%2F31&btnG=Google+Search	Mozilla/5.0 (Macintosh; U; Intel Mac OS X 10.4; en-US; rv:1.9.0.12) Gecko/2009070609 Firefox/3.0.12	24.188.144.187
petty+officer+jonathan+campos	01.08.2009 18:34:52	http://www.google.com/search?sourceid=navclient&ie=UTF-8&rlz=1T4SNYC_enUS317US317&q=Petty+Officer+Jonathan+Campos+	Mozilla/4.0 (compatible; MSIE 6.0; Windows NT 5.1; SV1; GTB6)	74.131.200.59
fedex+field	01.08.2009 18:35:05	http://www.google.com/search?q=what+time+does+Fedex+Field+open+up&btnG=Search&hl=en&client=firefox-a&channel=s&rls=org.mozilla%3Aen-US%3Aofficial&hs=5jJ&sa=2	Mozilla/5.0 (Windows; U; Windows NT 6.0; en-US; rv:1.9.0.12) Gecko/2009070611 Firefox/3.0.12	71.114.90.26
friendship+quotes	01.08.2009 18:35:13	http://www.google.com/search?hl=en&q=loosing+friends+quotes+for+myspace&aq=f&oq=&aqi=	Mozilla/4.0 (compatible; MSIE 8.0; Windows NT 5.1; Trident/4.0; .NET CLR 1.1.4322)	69.205.149.101
socorro+caro	01.08.2009 18:35:49	http://www.google.com/search?hl=en&q=socorro+caro&aq=0z&oq=socorr&aqi=g-z1g9	Mozilla/4.0 (compatible; MSIE 7.0; Windows NT 5.1; .NET CLR 1.1.4322; .NET CLR 2.0.50727)	173.75.217.130
socorro+caro	01.08.2009 18:36:23	http://www.google.com/search?q=Socorro+Caro&rls=com.microsoft:en-us&ie=UTF-8&oe=UTF-8&startIndex=&startPage=1	Mozilla/4.0 (compatible; MSIE 8.0; Windows NT 6.1; WOW64; Trident/4.0; SLCC2; .NET CLR 2.0.50727; .NET CLR 3.5.30729; .NET CLR 3.0.30729; Media Center PC 6.0; InfoPath.2)	24.148.206.159
tim+hack+and+kelly+drew	01.08.2009 18:36:30	http://www.google.com/search?hl=en&rlz=1G1GGLQ_ENUS328&q=Tim+hack+and+kelly+drew+murder&aq=f&oq=&aqi=	Mozilla/4.0 (compatible; MSIE 7.0; Windows NT 5.1; FunWebProducts; Mozilla/4.0 (compatible; MSIE 6.0; Windows NT 5.1; SV1) ; .NET CLR 1.1.4322)	206.53.104.9
US Core Comparison: compare StructureDefinition[http://hl7.org/fhir/us/ph-library/StructureDefinition/us-ph-is-postpartum|1.0.0] to StructureDefinition[http://hl7.org/fhir/us/core/StructureDefinition/us-core-body-temperature|6.1.0]
US Core Comparison: compare StructureDefinition[http://hl7.org/fhir/us/ph-library/StructureDefinition/us-ph-is-postpartum|1.0.0] to StructureDefinition[http://hl7.org/fhir/us/core/StructureDefinition/us-core-body-weight|6.1.0]
US Core Comparison: compare StructureDefinition[http://hl7.org/fhir/us/ph-library/StructureDefinition/us-ph-is-postpartum|1.0.0] to StructureDefinition[http://hl7.org/fhir/us/core/StructureDefinition/us-core-head-circumference|6.1.0]
ERROR info.magnolia.ai.text.TextClassificationModule 15.10.2020 00:12:42 -- Submission of text classification request has been failed at page path '/bdcwebsite/investor-relations/board-committees' with error code: 'null'.
ERROR info.magnolia.aws.foundation.AwsCredentialsProvider 15.10.2020 00:12:42 -- AWS credentials are expected to be set in Password manager module.
ERROR info.magnolia.ai.text.TextClassificationModule 15.10.2020 00:12:42 -- Submission of text classification request has been failed at page path '/bdcwebsite/investor-relations/executive-management' with error code: 'null'.
ERROR info.magnolia.aws.foundation.AwsCredentialsProvider 15.10.2020 00:12:42 -- AWS credentials are expected to be set in Password manager module.
ERROR info.magnolia.ai.text.TextClassificationModule 15.10.2020 00:12:42 -- Submission of text classification request has been failed at page path '/bdcwebsite/investor-relations/ir-contacts' with error code: 'null'.
ERROR info.magnolia.ai.text.TextClassificationModule 15.10.2020 00:12:42 -- Submission of text classification request has been failed at page path '/bdcwebsite/corporate/business-divisons' with error code: 'null'.
[2023.05.20-22.07.39:933][  0]LogConfig: Set CVar [[r.Lumen.TranslucencyVolume.RadianceCache.ProbeResolution:8]]
[2023.05.20-22.07.39:933][  0]LogConfig: Set CVar [[r.Lumen.TranslucencyVolume.RadianceCache.NumProbesToTraceBudget:200]]
[2023.05.20-22.07.39:933][  0]LogConfig: Set CVar [[r.LumenScene.SurfaceCache.CardCaptureRefreshFraction:0.125]]
[2023.05.20-22.07.39:933][  0]LogConfig: Applying CVar settings from Section [ReflectionQuality@3] File [Scalability]
[2023.05.20-22.07.39:933][  0]LogConfig: Set CVar [[r.Lumen.Reflections.Allow:1]]
-- [download 2% complete]
    Enable undo operation queuing (FEATURE_VI_UNDO_QUEUE) [Y/n/?] y
      Maximum undo character queue size (FEATURE_VI_UNDO_QUEUE_MAX) [256] 256
  Allow vi and awk to execute shell commands (FEATURE_ALLOW_EXEC) [Y/n/?] y
*
* Finding Utilities
*
find (FIND) [Y/n/?] y
  Enable -print0: NUL-terminated output (FEATURE_FIND_PRINT0) [Y/n/?] y
  Enable -mtime: modified time matching (FEATURE_FIND_MTIME) [Y/n/?] y
  Enable -mmin: modified time matching by minutes (FEATURE_FIND_MMIN) [Y/n/?] y
  Enable -perm: permissions matching (FEATURE_FIND_PERM) [Y/n/?] y
  Enable -type: file type matching (file/dir/link/...) (FEATURE_FIND_TYPE) [Y/n/?] y
  Enable -xdev: 'stay in filesystem' (FEATURE_FIND_XDEV) [Y/n/?] y
  Enable -mindepth N and -maxdepth N (FEATURE_FIND_MAXDEPTH) [Y/n/?] y
  Enable -newer: compare file modification times (FEATURE_FIND_NEWER) [Y/n/?] y
  Enable -inum: inode number matching (FEATURE_FIND_INUM) [N/y/?] n
  Enable -exec: execute commands (FEATURE_FIND_EXEC) [Y/n/?] y
    Enable -exec ... {} + (FEATURE_FIND_EXEC_PLUS) [Y/n/?] y
  Enable -user: username/uid matching (FEATURE_FIND_USER) [Y/n/?] y
  Enable -group: group/gid matching (FEATURE_FIND_GROUP) [Y/n/?] y
  Enable the 'not' (!) operator (FEATURE_FIND_NOT) [Y/n/?] y
  Enable -depth (FEATURE_FIND_DEPTH) [Y/n/?] y
  Enable parens in options (FEATURE_FIND_PAREN) [Y/n/?] y
  Enable -size: file size matching (FEATURE_FIND_SIZE) [Y/n/?] y
  Enable -prune: exclude subdirectories (FEATURE_FIND_PRUNE) [Y/n/?] y
  Enable -delete: delete files/dirs (FEATURE_FIND_DELETE) [N/y/?] n
  Enable -path: match pathname with shell pattern (FEATURE_FIND_PATH) [Y/n/?] y
  Enable -regex: match pathname with regex (FEATURE_FIND_REGEX) [Y/n/?] y
  Enable -links: link count matching (FEATURE_FIND_LINKS) [N/y/?] n
grep (GREP) [Y/n/?] y
build	14-Jul-2020 09:19:51	[WARNING] 'dependencies.dependency.(groupId:artifactId:type:classifier)' must be unique: commons-collections:commons-collections:jar -> version 3.2.1 vs 3.2 @ com.XXXXXX.eps.epdg:epdg-app-war:[unknown-version], D:\BambooAgent\xml-data\build-dir\EPDG-EPWBD-JOB1\epdg-app-war\pom.xml, line 955, column 15
build	14-Jul-2020 09:19:51	[WARNING] 'dependencies.dependency.(groupId:artifactId:type:classifier)' must be unique: org.apache.poi:poi:jar -> version 3.8-beta3 vs 3.7 @ com.XXXXXX.eps.epdg:epdg-app-war:[unknown-version], D:\BambooAgent\xml-data\build-dir\EPDG-EPWBD-JOB1\epdg-app-war\pom.xml, line 5885, column 15
	at info.magnolia.cms.filters.OncePerRequestAbstractMgnlFilter.doFilter(OncePerRequestAbstractMgnlFilter.java:59) [magnolia-core-6.2.3.jar:?]
	at info.magnolia.cms.filters.MgnlFilterChain.doFilter(MgnlFilterChain.java:79) [magnolia-core-6.2.3.jar:?]
	at info.magnolia.cms.security.LogoutFilter.doFilter(LogoutFilter.java:94) [magnolia-core-6.2.3.jar:?]
	at info.magnolia.cms.filters.OncePerRequestAbstractMgnlFilter.doFilter(OncePerRequestAbstractMgnlFilter.java:59) [magnolia-core-6.2.3.jar:?]
	at info.magnolia.cms.filters.MgnlFilterChain.doFilter(MgnlFilterChain.java:79) [magnolia-core-6.2.3.jar:?]
	at info.magnolia.module.site.filters.SiteMergeFilter.doFilter(SiteMergeFilter.java:119) [magnolia-site-1.3.1.jar:?]
	at info.magnolia.cms.filters.AbstractMgnlFilter.doFilter(AbstractMgnlFilter.java:85) [magnolia-core-6.2.3.jar:?]
	at info.magnolia.cms.filters.MgnlFilterChain.doFilter(MgnlFilterChain.java:79) [magnolia-core-6.2.3.jar:?]
	at info.magnolia.multisite.filters.MultiSiteFilter.doFilter(MultiSiteFilter.java:120) [magnolia-module-multisite-2.1.1.jar:?]
	at info.magnolia.cms.filters.AbstractMgnlFilter.doFilter(AbstractMgnlFilter.java:85) [magnolia-core-6.2.3.jar:?]
	at info.magnolia.cms.filters.MgnlFilterChain.doFilter(MgnlFilterChain.java:79) [magnolia-core-6.2.3.jar:?]
	at info.magnolia.cms.filters.MultiChannelFilter.doFilter(MultiChannelFilter.java:83) [magnolia-core-6.2.3.jar:?]
	at info.magnolia.cms.filters.AbstractMgnlFilter.doFilter(AbstractMgnlFilter.java:85) [magnolia-core-6.2.3.jar:?]
	at info.magnolia.cms.filters.MgnlFilterChain.doFilter(MgnlFilterChain.java:79) [magnolia-core-6.2.3.jar:?]
	at info.magnolia.cms.filters.MgnlFilterChain.doFilter(MgnlFilterChain.java:81) [magnolia-core-6.2.3.jar:?]
	at info.magnolia.module.cache.filter.GZipFilter.doFilter(GZipFilter.java:74) [magnolia-cache-core-5.9.1.jar:?]
	at info.magnolia.cms.filters.OncePerRequestAbstractMgnlFilter.doFilter(OncePerRequestAbstractMgnlFilter.java:59) [magnolia-core-6.2.3.jar:?]
	at info.magnolia.cms.filters.MgnlFilterChain.doFilter(MgnlFilterChain.java:79) [magnolia-core-6.2.3.jar:?]
	at info.magnolia.cms.filters.MgnlFilterChain.doFilter(MgnlFilterChain.java:81) [magnolia-core-6.2.3.jar:?]
	at info.magnolia.cms.security.auth.login.LoginFilter.doFilter(LoginFilter.java:127) [magnolia-core-6.2.3.jar:?]
	at info.magnolia.cms.filters.AbstractMgnlFilter.doFilter(AbstractMgnlFilter.java:85) [magnolia-core-6.2.3.jar:?]
	at info.magnolia.cms.filters.MgnlFilterChain.doFilter(MgnlFilterChain.java:79) [magnolia-core-6.2.3.jar:?]
	at info.magnolia.enterprise.registration.RegistrationFilter.doFilter(RegistrationFilter.java:79) [magnolia-module-enterprise-6.2.3.jar:?]
	at info.magnolia.cms.filters.AbstractMgnlFilter.doFilter(AbstractMgnlFilter.java:85) [magnolia-core-6.2.3.jar:?]
	at info.magnolia.cms.filters.MgnlFilterChain.doFilter(MgnlFilterChain.java:79) [magnolia-core-6.2.3.jar:?]
	at info.magnolia.cms.filters.MgnlFilterChain.doFilter(MgnlFilterChain.java:81) [magnolia-core-6.2.3.jar:?]
	at info.magnolia.cms.filters.UnicodeNormalizationFilter.doFilter(UnicodeNormalizationFilter.java:89) [magnolia-core-6.2.3.jar:?]
	at info.magnolia.cms.filters.AbstractMgnlFilter.doFilter(AbstractMgnlFilter.java:85) [magnolia-core-6.2.3.jar:?]
	at info.magnolia.cms.filters.MgnlFilterChain.doFilter(MgnlFilterChain.java:79) [magnolia-core-6.2.3.jar:?]
	at info.magnolia.cms.filters.MgnlFilterChain.doFilter(MgnlFilterChain.java:81) [magnolia-core-6.2.3.jar:?]
12:32:05 T:7432   DEBUG: CKeyboardLayoutManager: keyboard layout "Swedish QWERTY" successfully loaded
12:32:05 T:7432   DEBUG: CKeyboardLayoutManager: keyboard layout "Turkish QWERTY" successfully loaded
     20     4.804498
     21     4.321429
     22     3.886931
		- Fix BOM Detail Report calculate data not correct
Version 1.52.0 (30 DECEMBER 2021)
	New feature
invicta+9212+men%E2%80%99s+gold+plated+stainless+steel+speedway+watch	01.08.2009 21:52:55	http://www.google.com/search?rlz=1C1GGLS_en-USUS292US303&aq=f&sourceid=chrome&ie=UTF-8&q=Invicta+9212+Men%E2%80%99s+Gold+Plated+Stainless+Steel+Speedway	Mozilla/5.0 (Windows; U; Windows NT 6.0; en-US) AppleWebKit/530.5 (KHTML, like Gecko) Chrome/2.0.172.37 Safari/530.5	8.15.172.141
AK53	ALASKA	PALMER DOWNWIND LANDING	afd	al_164_25OCT2007.png
what+did+greg+mcmackin+say	01.08.2009 18:48:47	http://www.google.com/search?q=what+did+greg+mcmackin+say%3F&ie=utf-8&oe=utf-8&aq=t&rls=org.mozilla:en-US:official&client=firefox-a	Mozilla/5.0 (Macintosh; U; Intel Mac OS X 10.5; en-US; rv:1.9.1.1) Gecko/20090715 Firefox/3.5.1	68.55.237.240
  1150K .......... .......... .......... .......... .......... 57%  119M 1s
[22:42:45] Bollywood: [-] 0201/7884 download failed (Return: -) - https://www.well-vita.info/
[22:42:45] Amazon: [-] 3694/7825 download failed (Return: -) - http://adrdu.com/blog/home-inspection-raleigh-tips-to-stop-mold/mold/
[22:42:45] Agriculture T1: [-] 0902/1000 download failed (Return: -) - http://vipez.org/UserProfile/tabid/43/UserID/15238/Default.aspx
[22:42:45] Web Design T2: [-] 4921/8453 download failed (Return: -) - http://www.trentonducatixxx.com
[22:42:45] Social Media: [-] 0496/7976 download failed (Return: -) - http://hummingbirdglasgow.co.uk/xmasbooking
[22:42:45] Mesothelioma T1: [-] 0215/8853 download failed (Return: -) - http://garethhowell.net/index.php?post/2015/01/13/Cleaning-a-garbage-disposal
[22:42:44] Travels: [+] 8129/8261 new URL - http://www.angulonline.in/register/
[22:42:45] Web Design: [-] 0794/7978 download failed (Return: -) - http://hetman-hotel.com.ua
[22:42:45] Computer: [-] 0314/8028 download failed (Return: -) - http://www.istitutocomprensivocalolziocorte.gov.it/messaggio-di-benvenuto-2/
[22:42:45] Mesa DUI lawyer: [-] 8184/8413 download failed (Return: -) - http://blogs.fad.unam.mx/innova/?page_id=77
[22:42:45] Make money online: [-] 7824/8047 download failed (Return: -) - http://theopenmosque.co.za/home/
[22:42:44] Insurance: [+] 8215/8263 new URL - http://schumachercreative.com/wp-login.php?action=register
[22:42:45] Mesa DUI lawyer T2: [-] 4198/8439 no engine matches (HTTP-Status: 0) - http://fraudnet.info
[22:42:45] Sai: [-] 8090/8249 download failed (Return: -) - http://www.casa-italy.dk/?page_id=10
[22:42:45] Hindu temples: [-] 0578/8054 download failed (Return: -) - https://dealer.leviton.com
[22:42:45] Agriculture: [-] 0008/7854 download failed (Return: -) - http://theparagraph.com/about/strunk-and-white-on-the-paragraph/
[22:42:45] Sports: [-] 8082/8698 download failed (Return: -) - http://gpsnews.co.za/?p=2039
[22:42:45] Online Degree: [-] 7897/8073 download failed (Return: -) - http://cosechadores.org/
[22:42:45] Digital Marketing: [-] 0136/7912 download failed (Return: -) - http://www.aboitecounseling.com/linkman/links.php
[22:42:45] Car Insurance: [+] 4199/8012 matches engine Wordpress Article - http://www.beach-rentals.org/reduce-spending-cabo/
[22:42:45] Justice degree: [-] 8021/8289 download failed (Return: -) - http://labodegadeajijic.com.mx
[22:42:45] Agriculture T2: [-] 3870/8565 download failed (Return: -) - http://acl.kaist.ac.kr/xe/?document_srl=145605
[22:42:45] Bollywood: [-] 0202/7884 download failed (Return: -) - https://pustakalegal.wordpress.com/
[22:42:45] Amazon: [-] 3695/7825 no engine matches (HTTP-Status: 503) - http://www.philosophyinwessex.org/talk-socrates-and-plato-through-the-eyes-of-marsilio-ficino/
[22:42:45] Hindu temples T2: [-] 4071/4573 download failed (Return: -) - http://www.sprecz.eu/infusions/guest_book/guest_book.php?new_message=1
[22:42:44] Travels: [-] 8129/8261 no form at all - http://www.angulonline.in/register/
[22:42:45] Computer: [-] 0315/8028 download failed (Return: -) - http://butterboom.com/tech/gadget/iphone-hong-kong-pricing-rumours/
[22:42:45] Mesa DUI lawyer: [-] 8185/8413 no engine matches (HTTP-Status: 502) - http://chasingdaisy.com/2005/02/04/color-contrast-analyser/
[22:42:45] Make money online: [-] 7825/8047 no engine matches (HTTP-Status: 503) - https://www.vaemergency.gov
[22:42:45] Mesothelioma: [+] 0530/7981 new URL - http://lookwestlondon.com/wp-login.php?registration=disabled
  GEN     editors/Kbuild
  GEN     editors/Config.in
  GEN     modutils/Kbuild
  HOSTCC  scripts/basic/split-include
  HOSTCC  scripts/basic/docproc
[22:42:35] Computer: [+] 0311/8028 new URL - https://web302.your-webhost.nl:443/stack-protect.php?ip_address=34.69.44.172&re_direct_to=loft64.nl/wp-login.php&action=register
[22:42:35] Computer: [-] 0311/8028 no form at all - https://web302.your-webhost.nl:443/stack-protect.php?ip_address=34.69.44.172&re_direct_to=loft64.nl/wp-login.php&action=register
LogPackageName: Display: FPackageName: Mount point added: '../../Plugins/Runtime/AudioWidgets/Content/' mounted to '/AudioWidgets/'
       - FreeBSD: -Wl,-R,
Executing: uname -s
12:32:05 T:7432   DEBUG: ADDON: cpluff: 'Plug-in plugin.video.ardmediathek_de has been installed.'
Package pdftex.def Info: images/datadriven/SI_Nodes_Bike_Streets.png  used on input line 61.
(pdftex.def)             Requested size: 418.25368pt x 369.32446pt.
acpid (ACPID) [N/y/?] n
blkdiscard (BLKDISCARD) [N/y/?] n
blkid (BLKID) [Y/n/?] y
  Print filesystem type (FEATURE_BLKID_TYPE) [N/y/?] n
blockdev (BLOCKDEV) [N/y/?] n
dmesg (DMESG) [Y/n/?] y
  Pretty dmesg output (FEATURE_DMESG_PRETTY) [Y/n/?] y
fatattr (FATATTR) [N/y/?] n
fbset (FBSET) [Y/n/?] y
  Turn on extra fbset options (FEATURE_FBSET_FANCY) [Y/n/?] y
  Turn on fbset readmode support (FEATURE_FBSET_READMODE) [Y/n/?] y
fdformat (FDFORMAT) [Y/n/?] y
fdisk (FDISK) [Y/n/?] y
  Write support (FEATURE_FDISK_WRITABLE) [Y/n/?] y
    Support AIX disklabels (FEATURE_AIX_LABEL) [N/y/?] n
    Support SGI disklabels (FEATURE_SGI_LABEL) [N/y/?] n
rdate (RDATE) [Y/n/?] y
rdev (RDEV) [N/y/?] n
readprofile (READPROFILE) [Y/n/?] y
rev (REV) [N/y/?] n
rtcwake (RTCWAKE) [N/y/?] n
script (SCRIPT) [N/y/?] n
scriptreplay (SCRIPTREPLAY) [N/y/?] n
setarch (SETARCH) [Y/n/?] y
linux32 (LINUX32) [Y/n/?] y
linux64 (LINUX64) [Y/n/?] y
swapon (SWAPON) [Y/n/?] y
  Support discard option -d (FEATURE_SWAPON_DISCARD) [N/y/?] n
  Support priority option -p (FEATURE_SWAPON_PRI) [N/y/?] n
swapoff (SWAPOFF) [Y/n/?] y
x+games+15+moto+x+best+trick	01.08.2009 18:05:00	http://www.google.com/search?q=x+games+best+trick+moto+x&rls=com.microsoft:en-us:IE-SearchBox&ie=UTF-8&oe=UTF-8&sourceid=ie7&rlz=1I7GGLR_en	Mozilla/4.0 (compatible; MSIE 8.0; Windows NT 5.1; Trident/4.0; GTB5; .NET CLR 1.1.4322; IEMB3; .NET CLR 2.0.50727; .NET CLR 3.0.04506.30; .NET CLR 3.0.4506.2152; .NET CLR 3.5.30729; IEMB3)	69.235.220.73
LogDevObjectVersion:   Dev-MediaFramework (6F0ED827-A609-4895-9C91-998D90180EA4): 2
LogDevObjectVersion:   UE5-Dev-LWCRendering (30D58BE3-95EA-4282-A6E3-B159D8EBB06A): 1
LogInit: Presizing for max 25165824 objects, including 0 objects not considered by GC, pre-allocating 0 bytes for permanent pool.
LogInit: Object subsystem initialized
LogConfig: Set CVar [[con.DebugEarlyDefault:1]]
                            e.g., VecAXPY() for real vectors of length N --> 2N flops
                            and VecAXPY() for complex vectors of length N --> 8N flops

Summary of Stages:   ----- Time ------  ----- Flops -----  --- Messages ---  -- Message Lengths --  -- Reductions --
                        Avg     %Total     Avg     %Total   counts   %Total     Avg         %Total   counts   %Total 
 0:      Main Stage: 1.1449e+02 100.0%  1.4138e+11 100.0%  0.000e+00   0.0%  0.000e+00        0.0%  0.000e+00   0.0% 

------------------------------------------------------------------------------------------------------------------------
See the 'Profiling' chapter of the users' manual for details on interpreting output.
Phase summary info:
   Count: number of times phase was executed
PCSetUp                1 1.0 4.0531e-06 1.0 0.00e+00 0.0 0.0e+00 0.0e+00 0.0e+00  0  0  0  0  0   0  0  0  0  0     0
PCApply            21548 1.0 1.4163e+00 1.0 4.69e+08 1.0 0.0e+00 0.0e+00 0.0e+00  1  0  0  0  0   1  0  0  0  0   331
------------------------------------------------------------------------------------------------------------------------

Memory usage is given in bytes:

Object Type          Creations   Destructions     Memory  Descendants' Mem.
Reports information only for process 0.

--- Event Stage 0: Main Stage

              Viewer     4              2         1536     0
              Matrix     1              1     30431632     0
              Vector    70             70     12295360     0
       Krylov Solver     1              1         2392     0
      Preconditioner     1              1          848     0
========================================================================================================================
Average time to get PetscTime(): 0
#PETSc Option Table entries:

[   1963156] overriding handle for mp_f_freemode_01/jbib_diff_004_k_uni.ytd (was 4cd03b5) -> 238
[   1963172] overriding handle for mp_f_freemode_01/jbib_diff_004_l_uni.ytd (was 4cd03b6) -> 239
[   1963187] overriding handle for mp_f_freemode_01/jbib_diff_004_m_uni.ytd (was 4cd03b7) -> 23a
[      1797] [    GTAProcess]             MainThrd/ No such command rbind.
[      1797] [    GTAProcess]             MainThrd/ No such command rbind.
[      1797] [    GTAProcess]             MainThrd/ No such command rbind.
[2023.05.20-22.07.39:932][  0]LogConfig: Applying CVar settings from Section [GlobalIlluminationQuality@3] File [Scalability]
[2023.05.20-22.07.39:932][  0]LogConfig: Set CVar [[r.Lumen.DiffuseIndirect.Allow:1]]
[2023.05.20-22.07.39:932][  0]LogConfig: Set CVar [[r.LumenScene.Radiosity.ProbeSpacing:4]]
[2023.05.20-22.07.39:932][  0]LogConfig: Set CVar [[r.LumenScene.Radiosity.HemisphereProbeResolution:4]]
[2023.05.20-22.07.39:932][  0]LogConfig: Set CVar [[r.Lumen.TraceMeshSDFs.Allow:1]]
[2023.05.20-22.07.39:932][  0]LogConfig: Set CVar [[r.Lumen.ScreenProbeGather.RadianceCache.ProbeResolution:32]]
[2023.05.20-22.07.39:932][  0]LogConfig: Set CVar [[r.Lumen.ScreenProbeGather.RadianceCache.NumProbesToTraceBudget:300]]
[2023.05.20-22.07.39:932][  0]LogConfig: Set CVar [[r.Lumen.ScreenProbeGather.ScreenSpaceBentNormal:1]]
[2023.05.20-22.07.39:932][  0]LogConfig: Set CVar [[r.Lumen.ScreenProbeGather.DownsampleFactor:16]]
[2023.05.20-22.07.39:932][  0]LogConfig: Set CVar [[r.Lumen.ScreenProbeGather.TracingOctahedronResolution:8]]
[2023.05.20-22.07.39:933][  0]LogConfig: Set CVar [[r.Lumen.ScreenProbeGather.IrradianceFormat:0]]
[2023.05.20-22.07.39:933][  0]LogConfig: Set CVar [[r.Lumen.ScreenProbeGather.StochasticInterpolation:0]]
[2023.05.20-22.07.39:933][  0]LogConfig: Set CVar [[r.Lumen.ScreenProbeGather.FullResolutionJitterWidth:1]]
[2023.05.20-22.07.39:933][  0]LogConfig: Set CVar [[r.Lumen.ScreenProbeGather.TwoSidedFoliageBackfaceDiffuse:1]]
[2023.05.20-22.07.39:933][  0]LogConfig: Set CVar [[r.Lumen.TranslucencyVolume.GridPixelSize:32]]
[2023.05.20-22.07.39:933][  0]LogConfig: Set CVar [[r.Lumen.TranslucencyVolume.TraceFromVolume:1]]
[2023.05.20-22.07.39:933][  0]LogConfig: Set CVar [[r.Lumen.TranslucencyVolume.TracingOctahedronResolution:3]]
[2023.05.20-22.07.39:933][  0]LogConfig: Set CVar [[r.Lumen.TranslucencyVolume.RadianceCache.ProbeResolution:8]]
[2023.05.20-22.07.39:933][  0]LogConfig: Set CVar [[r.Lumen.TranslucencyVolume.RadianceCache.NumProbesToTraceBudget:200]]
[2023.05.20-22.07.39:933][  0]LogConfig: Set CVar [[r.LumenScene.SurfaceCache.CardCaptureRefreshFraction:0.125]]
[2023.05.20-22.07.39:933][  0]LogConfig: Applying CVar settings from Section [ReflectionQuality@3] File [Scalability]
[2023.05.20-22.07.39:933][  0]LogConfig: Set CVar [[r.Lumen.Reflections.Allow:1]]
[2023.05.20-22.07.39:933][  0]LogConfig: Set CVar [[r.Lumen.Reflections.DownsampleFactor:1]]
[2023.05.20-22.07.39:933][  0]LogConfig: Set CVar [[r.Lumen.TranslucencyReflections.FrontLayer.Allow:1]]
[2023.05.20-22.07.39:933][  0]LogConfig: Set CVar [[r.Lumen.TranslucencyReflections.FrontLayer.Enable:0]]
[2023.05.20-22.07.39:933][  0]LogConfig: Applying CVar settings from Section [PostProcessQuality@3] File [Scalability]
[2023.05.20-22.07.39:933][  0]LogConfig: Set CVar [[r.MotionBlurQuality:0]]
[2023.05.20-22.07.39:933][  0]LogConfig: Set CVar [[r.MotionBlur.HalfResGather:0]]
[2023.05.20-22.07.39:933][  0]LogConfig: Set CVar [[r.AmbientOcclusionMipLevelFactor:0.4]]
[2023.05.20-22.07.39:933][  0]LogConfig: Set CVar [[r.AmbientOcclusionMaxQuality:100]]
[   1948406] instrumented function 0x1408cf618 (53) took 817msec
ciInstanceKlass java/security/SecureClassLoader 1 1 134 10 7 10 9 10 10 9 10 10 10 10 10 7 10 10 7 10 10 10 9 100 10 8 10 10 10 10 8 100 8 10 8 10 10 7 7 1 1 1 1 1 1 1 1 1 1 1 1 1 100 100 100 1 1 1 1 1 1 1 1 1 1 100 100 100 1 1 1 1 12 1 12 12 7 12 100 12 12 12 12 12 12 12 1 12 1 12 12 12 12 1 1 12 12 12 7 12 1 1 1 12 1 12 12 1 1 1 1 1 1 1 1 1 1 1 1 1 1 1 1 1 1 1 1 1 1 1 1 1 1 1 1 1
staticfield java/security/SecureClassLoader debug Lsun/security/util/Debug; null
instanceKlass java/lang/ClassNotFoundException
\adjbox@Width=\dimen172
\adjbox@Height=\dimen173
  Show file timestamps (FEATURE_LS_TIMESTAMPS) [Y/n/?] y
  Show username/groupnames (FEATURE_LS_USERNAME) [Y/n/?] y
./Film/Kill_Bill_1
./Film/Pirates_des_Caraibes
./Film/Back_to_the_Future
./Film/BestOf_from_Steven_Spielberg
./Film/Braveheart
instanceKlass com/android/dx/rop/cst/CstNat
instanceKlass com/android/dx/rop/cst/TypedConstant
ciInstanceKlass com/android/dx/rop/cst/Constant 1 1 54 10 10 10 10 10 7 10 7 100 100 1 1 1 1 1 1 1 1 1 1 1 1 1 1 1 1 1 1 100 1 1 1 1 1 1 12 12 100 12 100 12 12 1 12 1 1 1 1 1 1 1 1 1
instanceKlass com/android/dx/rop/cst/CstMemberRef
instanceKlass com/android/dx/rop/cst/CstType
	-e 's#@@TARGET_FCFLAGS@@#-Os#' \
	-e 's#@@TARGET_LDFLAGS@@##' \
	-e 's#@@TARGET_CC@@#usr/bin/x86_64-linux-gcc#' \
	-e 's#@@TARGET_CXX@@#usr/bin/x86_64-linux-g++#' \
	-e 's#@@TARGET_FC@@#usr/bin/x86_64-linux-gfortran#' \
2016-02-23 15:45:25,574  INFO Injector:68 org.matsim.core.router.RoutingModule @com.google.inject.name.Named(value=undefined)
[22:42:45] Make money online T2: [-] 3847/8483 download failed (Return: -) - https://evilcyber.com/fitness/how-to-tone-your-body/
[22:42:45] Cooking TIPS: [-] 0205/7845 no engine matches (HTTP-Status: 400) - https://www.realcajunrecipes.com
sayville+summerfest	01.08.2009 21:57:36	http://www.google.com/search?hl=en&client=safari&rls=en-us&q=sayville+summerfest&aq=f&oq=&aqi=g1	Mozilla/5.0 (Macintosh; U; Intel Mac OS X 10_5_4; en-us) AppleWebKit/525.18 (KHTML, like Gecko) Version/3.1.2 Safari/525.20.1	69.112.65.164
[22:42:44] Agriculture: [+] 8481/8495 new URL - http://www.stopsmartmetersbc.com/wp-login.php
[22:42:44] Hindu temples: [-] 0576/8054 no engine matches (HTTP-Status: 0) - http://ecovirtual.com.bo/?attachment_id=35
[22:42:44] Agriculture: [+] 8481/8495 new URL - http://www.stopsmartmetersbc.com/wp-login.php?action=lostpassword
 [93m*** Warning: IMITATOR will try to stop the cartography after 600 seconds.[0m
 [93m*** Warning: The clock 'clock_Enter1' is declared but never used in the model; it is therefore removed from the model. Use option -no-var-autoremove to keep it.[0m
 [93m*** Warning: The clock 'clock_SetX01' is declared but never used in the model; it is therefore removed from the model. Use option -no-var-autoremove to keep it.[0m
 [93m*** Warning: The clock 'clock_Enter2' is declared but never used in the model; it is therefore removed from the model. Use option -no-var-autoremove to keep it.[0m
 [93m*** Warning: The clock 'clock_SetX02' is declared but never used in the model; it is therefore removed from the model. Use option -no-var-autoremove to keep it.[0m
NOTE: PROCEDURE GPLOT used (Total process time):
      real time           0.69 seconds
      cpu time            0.62 seconds
	at org.apache.catalina.core.ApplicationFilterChain.doFilter(ApplicationFilterChain.java:166) [catalina.jar:9.0.34]

4.   GNSS Antenna Information

4.1  Antenna Type             : LEIAR20         NONE
     Serial Number            : 16268009
PROC_CREATOR_COUNT N13 : protonInelastic = 19
PROC_CREATOR_COUNT N14 : He3Inelastic = 7
>>> toolchain  Patching
>>> toolchain  Configuring
>>> toolchain  Building
>>> toolchain  Installing to target
sed \
     2.7_million/CD-13  ==                        DEL    $0.429  [D]
         people/NNS-14  ==  people/NNS-3          SUB    $0.857  [E, sim, Esz, d:0.437]
            are/VBP-15  ==                        DEL    $0.429  [D]
[22:42:32] Make money online: [-] 7816/8047 no engine matches (HTTP-Status: 503) - https://www.twingalaxies.com
[22:42:32] Bollywood: [-] 0188/7884 no engine matches (HTTP-Status: 501) - https://thedebut.net/xe/?document_srl=3064
[22:42:32] Currency: [-] 7903/8085 no engine matches (HTTP-Status: 503) - http://globalinfoonline.com/bubonic-plague-outburst-occured-in-1330/
[22:42:32] Bollywood: [-] 0189/7884 no engine matches (HTTP-Status: 400) - https://queduong.com
[22:42:32] Insurance: [-] 8208/8262 no engine matches (HTTP-Status: 500) - https://cjworld.co.kr/?document_srl=91464
[22:42:32] Health: [-] 8177/8339 no engine matches (HTTP-Status: 504) - http://www.shepherds-rod-speaks.org/2015/06/who-is-to-come-in-the-spirit-and-power-of-elijah/
[22:42:32] Health: [+] 8178/8339 matches engine Wordpress Article - http://www.streetsociety.dk
[22:42:32] Bollywood: [-] 0190/7884 no engine matches - http://mhs1986.blogspot.com/2006/05/people-finder.html
[22:42:32] Health: [+] 8178/8339 new URL - http://www.streetsociety.dk/wp-login.php?action=register
[22:42:32] Hindu temples T2: [-] 4069/4573 no engine matches (HTTP-Status: 500) - http://creativefundraisingadvisors.com
[22:42:32] Health: [+] 8178/8339 new URL - http://www.streetsociety.dk/wp-login.php?registration=disabled
[22:42:35] Hindu temples: [+] 0574/8054 new URL - http://assicurazionisardegna.it/wp-login.php?registration=disabled
[22:42:35] Cooking TIPS: [+] 0200/7845 matches engine EasyBlog - http://4g4ingenieria.com/?option=com_k2&view=itemlist&task=user&id=10000
[22:42:35] Hindu temples: [-] 0574/8054 registration failed (registration=disabled) - http://assicurazionisardegna.it/wp-login.php?registration=disabled
[22:42:35] Cooking TIPS: [-] 0200/7845 wrong engine detected (ezblog-dashboard|implement(easyblog) - http://4g4ingenieria.com/index.php?option=com_easyblog&view=dashboard&layout=write
[22:42:35] Computer: [+] 0311/8028 matches engine Wordpress Article - http://loft64.nl
[22:42:35] Computer: [+] 0311/8028 new URL - https://web302.your-webhost.nl:443/stack-protect.php?ip_address=34.69.44.172&re_direct_to=loft64.nl/wp-login.php&action=register
[22:42:35] Computer: [+] 0311/8028 new URL - https://web302.your-webhost.nl:443/stack-protect.php?ip_address=34.69.44.172&re_direct_to=loft64.nl/wp-login.php&action=register
[22:42:35] Computer: [-] 0311/8028 no form at all - https://web302.your-webhost.nl:443/stack-protect.php?ip_address=34.69.44.172&re_direct_to=loft64.nl/wp-login.php&action=register
[22:42:36] Currency: [-] 7907/8085 no engine matches (HTTP-Status: 301) - https://lars.ingebrigtsen.no/2016/06/28/emacs-can-haz-fancy-meme/
[22:42:36] Insurance: [-] 8209/8262 no engine matches - http://dirtycelebmen.blogspot.com/2012/01/daniel-lissing.html
[22:42:36] Health: [+] 8179/8339 matches engine Wordpress Article - http://www.andrewtryon.com/?p=68
[22:42:36] Health: [+] 8179/8339 new URL - http://www.andrewtryon.com/wp-login.php?registration=disabled
[22:42:36] Health: [-] 8179/8339 registration failed (user registration is currently not allowed.) - http://www.andrewtryon.com/wp-login.php?registration=disabled
[22:42:36] Sai: [-] 8084/8249 no engine matches (HTTP-Status: 400) - https://reverse-components.com
[22:42:36] Social Media: [-] 0493/7976 no engine matches (HTTP-Status: 501) - https://parallhlografos.wordpress.com/2018/06/02/%cf%80%cf%8e%cf%82-%cf%80%cf%81%ce%b1%ce%b3%ce%bc%ce%b1%cf%84%ce%b9%ce%ba%ce%ac-%ce%b5%ce%be%ce%b5%ce%bb%ce%af%cf%87%ce%b8%ce%b7%ce%ba%ce%b5-%ce%bc%ce%af https://parallhlografos.wordpress.com/2018/06/02/%cf%80%cf%8e%cf%82-%cf%80%cf%81%ce%b1%ce%b3%ce%bc%ce%b1%cf%84%ce%b9%ce%ba%ce%ac-%ce%b5%ce%be%ce%b5%ce%bb%ce%af%cf%87%ce%b8%ce%b7%ce%ba%ce%b5-%ce%bc%ce%af%ce%b1-%cf%83%cf%85%ce%bc%cf%80%ce%bb%ce%bf/
[22:42:36] Make money online: [-] 7818/8047 no engine matches (HTTP-Status: 301) - https://echecetcinemat.wordpress.com/
[22:42:36] Structured Settlement: [-] 8351/8547 no engine matches (HTTP-Status: 400) - https://actsbaja.org
[22:42:36] Bollywood: [-] 0192/7884 no engine matches (HTTP-Status: 501) - https://www.shiho-hiro.jp/
[22:42:37] Precious metals T1: [+] 0062/8752 matches engine Discuz - http://bbs.saforever.com/member.php?mod=register&inajax=1&inajax=1&inajax=1
[   1964250] overriding handle for mp_f_freemode_01/jbib_diff_014_p_uni.ytd (was 4cd045a) -> 284
  Support wtmp file (FEATURE_WTMP) [Y/n/?] y
[18/Jun/2019:19:43:09] (ℹ️): [PLUGIN] Toolbar Extras : v1.4.3 (David Decker - DECKERWEB)
[18/Jun/2019:19:43:09] (ℹ️): [PLUGIN] Visual Elements : v1.0.0 (Jared S Dias)
[18/Jun/2019:19:43:09] (ℹ️): [PLUGIN] Weglot Translate : v3.0.6 (Weglot Translate team)
=== START empty 2016-05-16 14:26:26 ===
Users deleted
WordPress content removed
=== END empty 2016-05-16 14:26:27 ===

=== START test_database 2016-05-16 14:26:51 ===
Connected with success to the Joomla database
Joomla data found:<br />0 sections<br />0 categories<br />7 articles<br />0 web links<br />40 users<br />57 K2 categories<br />58003 K2 items<br />2177 K2 comments<br />
=== END test_database 2016-05-16 14:26:51 ===

=== START save 2016-05-16 14:27:24 ===
Settings saved
=== END save 2016-05-16 14:27:24 ===

=== START import 2016-05-16 14:28:21 ===
Importing categories...
57 K2 categories imported
0 categories imported
0 categories imported
Importing posts...
0 posts imported
0 medias imported
Importing K2 items...
=== START import 2016-05-17 10:49:12 ===
Importing categories...
0 K2 categories imported
0 categories imported
./JeuxVideos/Dragon_Quest/Dragon%20Quest%20IX%20-Sentinels%20of%20the%20Starry%20Sky/DS%20Sounds%20Version
./JeuxVideos/Dragon_Quest/Dragon%20Quest%20IX%20-Sentinels%20of%20the%20Starry%20Sky/Synthesized%20Version
[     50250] [    GTAProcess]               Render/ OnConnectionProgress: Downloading content manifest...
     Tied Marker DOMES Number : (A9)
     Differential Components from GNSS Marker to the tied monument (ITRS)
       dx (m)                 : (m)
	at info.magnolia.cms.filters.MgnlFilterChain.doFilter(MgnlFilterChain.java:79) [magnolia-core-6.2.3.jar:?]
	at info.magnolia.enterprise.registration.RegistrationFilter.doFilter(RegistrationFilter.java:79) [magnolia-module-enterprise-6.2.3.jar:?]
\bibindent=\dimen138
) (/usr/local/texlive/2021/texmf-dist/tex/latex/base/inputenc.sty
Package: inputenc 2020/08/01 v1.3d Input encoding file
\inpenc@prehook=\toks15
\inpenc@posthook=\toks16
instanceKlass java/io/FilterInputStream
instanceKlass java/io/FileInputStream
	at info.magnolia.cms.filters.CompositeFilter.doFilter(CompositeFilter.java:65) [magnolia-core-6.2.3.jar:?]
ciInstanceKlass sun/misc/Launcher 1 1 228 9 10 10 9 9 10 10 100 100 8 10 10 9 8 10 10 8 10 8 10 8 100 10 10 10 100 100 100 100 10 100 10 8 10 10 10 9 7 10 9 10 7 10 10 8 10 10 10 10 10 100 10 7 10 7 10 8 7 100 1 1 100 1 7 1 7 1 1 1 1 1 1 1 1 1 1 1 1 1 1 1 1 1 1 100 100 100 100 100 100 100 100 100 1 1 1 1 1 1 100 1 1 100 1 1 100 1 1 1 1 1 1 1 1 1 12 12 12 12 12 12 12 1 1 1 12 12 12 1 7 12 12 1 7 12 1 7 12 1 1 100 12 100 12 1 1 1 1 12 1 1 12 12 12 12 1 12 12 12 1 12 1 12 12 12 12 7 12 1 12 1 12 1 1 1 1 1 1 1 1 1 1 1 1 1 1 1 1 1 1 1 1 1 1 1 1 1 1 1 1 1 1 1 1 1 1 1 1 1 1 1 1 1 1 1 1 1 1 1 1 1 1 1 1 1 1 1
ciInstanceKlass sun/misc/Launcher$AppClassLoader 1 1 203 8 10 100 10 7 10 10 7 10 10 10 11 9 10 10 10 10 10 10 10 10 100 10 10 10 7 8 10 10 9 10 100 10 10 10 10 100 10 100 100 10 100 10 10 100 10 7 10 10 7 7 1 1 1 1 1 1 1 1 1 1 1 100 100 1 100 1 1 1 1 100 1 1 1 1 1 1 1 1 100 1 1 1 1 1 7 12 1 12 1 12 7 12 1 12 12 7 12 7 12 12 7 12 7 12 12 12 100 12 12 12 12 1 12 12 12 1 1 7 12 12 100 12 1 12 12 12 1 12 1 1 12 1 12 12 1 12 1 7 12 12 1 1 1 1 1 1 1 1 1 1 1 1 1 1 1 1 1 1 1 1 1 1 1 1 1 1 1 1 1 1 1 1 1 1 1 1 1 1 1 1 1 1 1 1 1 1 1 1 1 1 1 1 1 1 1 1 1 1 1 1 1
staticfield sun/misc/Launcher$AppClassLoader $assertionsDisabled Z 1
-- [download 74% complete]
-- [download 75% complete]
-- [download 76% complete]
-- [download 77% complete]
-- [download 78% complete]
-- [download 79% complete]
-- [download 80% complete]
-- [download 81% complete]
-- [download 82% complete]
-- [download 83% complete]
-- [download 84% complete]
-- [download 85% complete]
-- [download 86% complete]
-- [download 87% complete]
-- [download 88% complete]
-- [download 89% complete]
-- [download 90% complete]
-- [download 91% complete]
-- [download 15% complete]
-- [download 16% complete]
-- [download 17% complete]
-- [download 18% complete]
-- [download 19% complete]
-- [download 20% complete]
-- [download 21% complete]
-- [download 22% complete]
-- [download 23% complete]
-- [download 24% complete]
-- [download 25% complete]
-- [download 26% complete]
