petty+officer+jonathan+campos	01.08.2009 18:17:42	http://www.google.com/url?sa=t&source=web&ct=res&cd=2&url=http%3A%2F%2Fcomicsunlimited.com%2Fcomics%2Findex.php%3Fpetty%2Bofficer%2Bjonathan%2Bcampos&ei=uIZ0Sv6rOIj-sQPPoIj0Ag&rct=j&q=Petty+Officer+Jonathan+Campos&usg=AFQjCNEfwCdxt7slWX7dD8SrXdUGwDcOVQ	Mozilla/5.0 (Windows; U; Windows NT 5.1; en-US; rv:1.9.0.12) Gecko/2009070611 YFF3 Firefox/3.0.12	99.10.165.147
bullet+express	01.08.2009 18:18:20	http://www.google.com/search?hl=en&client=firefox-a&rls=org.mozilla%3Aen-US%3Aofficial&q=smoothies+recipes+for+turbo+chopper+express&aq=f&oq=&aqi=	Mozilla/5.0 (Windows; U; Windows NT 6.0; en-US; rv:1.9.0.12) Gecko/2009070611 Firefox/3.0.12 (.NET CLR 3.5.30729)	72.83.120.79
friendship+quotes	01.08.2009 18:18:36	http://www.google.co.in/search?q=great+famous+friendship+quotations&hl=en&start=20&sa=N	Mozilla/5.0 (Windows; U; Windows NT 5.1; en-US; rv:1.8.1.14) Gecko/20080404 Firefox/2.0.0.14	59.88.117.189
petty+officer+jonathan+campos	01.08.2009 18:29:07	http://www.google.com/search?hl=en&ie=ISO-8859-1&q=Petty+Officer+Jonathan+Campos+&aq=f&oq=&aqi=	Mozilla/4.0 (compatible; MSIE 7.0; AOL 9.1; AOLBuild 4334.5006; Windows NT 6.0; Trident/4.0; SLCC1; .NET CLR 2.0.50727; Media Center PC 5.0; .NET CLR 3.0.30618)	207.200.116.73
tim+hack+and+kelly+drew	01.08.2009 18:29:15	http://www.google.com/search?q=kelly+drew+murder&ie=utf-8&oe=utf-8&aq=t&rls=org.mozilla:en-US:official&client=firefox-a	Mozilla/5.0 (Macintosh; U; Intel Mac OS X 10.4; en-US; rv:1.9.0.12) Gecko/2009070609 Firefox/3.0.12	216.188.240.123
granicrete	01.08.2009 18:29:16	http://www.google.com/url?sa=t&source=web&ct=res&cd=3&url=http%3A%2F%2Fcomicsunlimited.com%2Fcomics%2Findex.php%3Fgranicrete&ei=H4l0Srj-CIiMMu-K2Ag&rct=j&q=granicrete+epoxy&usg=AFQjCNFe1ROCoOhqClBQ5dQlO_kV5JyJvA	Mozilla/5.0 (Windows; U; Windows NT 5.1; en-US; rv:1.9.0.11) Gecko/2009060215 Firefox/3.0.11	68.13.57.157
swift+boat+ads	01.08.2009 18:29:21	http://www.google.com/search?q=swift+boat+accurate&ie=utf-8&oe=utf-8&aq=t&rls=org.mozilla:en-US:official&client=firefox-a	Mozilla/5.0 (Macintosh; U; Intel Mac OS X 10.5; en-US; rv:1.9.0.12) Gecko/2009070609 Firefox/3.0.12	151.200.35.89
socorro+caro	01.08.2009 18:29:47	http://www.google.com/search?hl=en&q=Socorro+Caro+&aq=f&oq=&aqi=	Mozilla/4.0 (compatible; MSIE 6.0; Windows NT 5.1; SV1; .NET CLR 1.1.4322)	69.228.37.117
sono+arts+festival	01.08.2009 18:30:01	http://www.google.com/search?q=sono+festival%2C+ct&rls=com.microsoft:en-us:IE-SearchBox&ie=UTF-8&oe=UTF-8&sourceid=ie7&rlz=1I7GZHZ_en	Mozilla/4.0 (compatible; MSIE 8.0; Windows NT 5.1; Trident/4.0; (R1 1.5); .NET CLR 1.1.4322; .NET CLR 2.0.50727; .NET CLR 3.0.4506.2152; .NET CLR 3.5.30729)	67.87.5.227
fedex+field	01.08.2009 18:30:17	http://www.google.com/search?q=fedex+field+concert+parking&ie=utf-8&oe=utf-8&aq=t&rls=org.mozilla:en-US:official&client=firefox-a	Mozilla/5.0 (Windows; U; Windows NT 6.0; en-US; rv:1.9.1.1) Gecko/20090715 Firefox/3.5.1 (.NET CLR 3.5.30729)	98.231.248.30
drake+falls+on+stage	01.08.2009 18:30:22	http://www.google.com/search?q=drake+bell+falls&ie=utf-8&oe=utf-8&aq=t&rls=org.mozilla:en-US:official&client=firefox-a	Mozilla/5.0 (Windows; U; Windows NT 5.1; en-US; rv:1.9.0.12) Gecko/2009070611 Firefox/3.0.12	75.85.215.174
musikfest	01.08.2009 18:31:11	http://www.google.com/search?hl=en&rlz=1R2ADBF_en&ei=3ol0Ss79CtKPtgehmNWWCQ&sa=X&oi=spell&resnum=0&ct=result&cd=1&q=transportation+to+musikfest&spell=1	Mozilla/4.0 (compatible; MSIE 7.0; Windows NT 6.0; FunWebProducts; GTB6; SLCC1; .NET CLR 2.0.50727; Media Center PC 5.0; .NET CLR 3.5.21022; .NET CLR 3.5.30729; .NET CLR 3.0.30618)	65.78.126.225
drake+falls+on+stage	01.08.2009 18:31:22	http://www.google.com/search?q=drake+bell+falls&ie=utf-8&oe=utf-8&aq=t&rls=org.mozilla:en-US:official&client=firefox-a	Mozilla/5.0 (Windows; U; Windows NT 5.1; en-US; rv:1.9.0.12) Gecko/2009070611 Firefox/3.0.12	75.85.215.174
providence+journal	01.08.2009 18:31:50	http://www.google.com/search?sourceid=navclient&ie=UTF-8&rlz=1T4ADBF_enUS282US325&q=projo+august+1	Mozilla/4.0 (compatible; MSIE 7.0; Windows NT 5.1; GTB6; .NET CLR 1.1.4322)	72.209.61.202
tim+hack+and+kelly+drew	01.08.2009 18:31:51	http://www.google.com/m/search?q=+Tim+Hack+and+Kelly+Drew+photo	Mozilla/4.0 (compatible; MSIE 6.0; Windows CE; IEMobile 7.11) Sprint:PPC6800	99.207.183.91
fedex+field	01.08.2009 18:32:48	http://www.google.com/search?hl=en&q=fedex+field+parking+concert&aq=f&oq=&aqi=	Mozilla/5.0 (Macintosh; U; Intel Mac OS X 10_4_11; en) AppleWebKit/530.19.2 (KHTML, like Gecko) Version/4.0.2 Safari/530.19	71.178.221.193
sayville+summerfest	01.08.2009 18:32:51	http://www.google.com/search?hl=en&client=firefox-a&channel=s&rls=org.mozilla:en-US:official&hs=Z7y&ei=SIp0SvGADdj7tgfJp9yWCQ&sa=X&oi=spell&resnum=0&ct=result&cd=1&q=summerfest+sayville&spell=1	Mozilla/5.0 (Windows; U; Windows NT 6.0; en-US; rv:1.9.0.12) Gecko/2009070611 Firefox/3.0.12	69.113.243.95
x+games+15+moto+x+best+trick	01.08.2009 18:33:05	http://www.google.se/search?hl=sv&ei=N4p0SvzKCJDX-QbR163LBw&sa=X&oi=spell&resnum=0&ct=result&cd=1&q=summer+x+games+15+live+stream&spell=1	Mozilla/5.0 (Windows; U; Windows NT 6.0; sv-SE; rv:1.9.0.12) Gecko/2009070611 Firefox/3.0.12 (.NET CLR 3.5.30729)	195.67.145.212
tim+hack+and+kelly+drew	01.08.2009 18:33:28	http://www.google.com/search?hl=en&q=kelly+drew+killing&rlz=1R2DBMX_es&aq=f&oq=&aqi=	Mozilla/4.0 (compatible; MSIE 7.0; Windows NT 6.0; GTB6; SLCC1; .NET CLR 2.0.50727; .NET CLR 3.5.30729; .NET CLR 3.0.30618)	201.172.124.241
what+did+greg+mcmackin+say	01.08.2009 18:33:53	http://www.google.com/search?hl=en&q=what+did+the+hawaii+coach+say&aq=f&oq=&aqi=	Mozilla/4.0 (compatible; MSIE 7.0; Windows NT 5.1; .NET CLR 1.1.4322)	24.196.133.2
x+games+15+moto+x+best+trick	01.08.2009 18:34:38	http://www.google.com/search?client=firefox-a&rls=org.mozilla%3Aen-US%3Aofficial&channel=s&hl=en&q=x+games+best+trick+7%2F31&btnG=Google+Search	Mozilla/5.0 (Macintosh; U; Intel Mac OS X 10.4; en-US; rv:1.9.0.12) Gecko/2009070609 Firefox/3.0.12	24.188.144.187
petty+officer+jonathan+campos	01.08.2009 18:34:52	http://www.google.com/search?sourceid=navclient&ie=UTF-8&rlz=1T4SNYC_enUS317US317&q=Petty+Officer+Jonathan+Campos+	Mozilla/4.0 (compatible; MSIE 6.0; Windows NT 5.1; SV1; GTB6)	74.131.200.59
fedex+field	01.08.2009 18:35:05	http://www.google.com/search?q=what+time+does+Fedex+Field+open+up&btnG=Search&hl=en&client=firefox-a&channel=s&rls=org.mozilla%3Aen-US%3Aofficial&hs=5jJ&sa=2	Mozilla/5.0 (Windows; U; Windows NT 6.0; en-US; rv:1.9.0.12) Gecko/2009070611 Firefox/3.0.12	71.114.90.26
friendship+quotes	01.08.2009 18:35:13	http://www.google.com/search?hl=en&q=loosing+friends+quotes+for+myspace&aq=f&oq=&aqi=	Mozilla/4.0 (compatible; MSIE 8.0; Windows NT 5.1; Trident/4.0; .NET CLR 1.1.4322)	69.205.149.101
socorro+caro	01.08.2009 18:35:49	http://www.google.com/search?hl=en&q=socorro+caro&aq=0z&oq=socorr&aqi=g-z1g9	Mozilla/4.0 (compatible; MSIE 7.0; Windows NT 5.1; .NET CLR 1.1.4322; .NET CLR 2.0.50727)	173.75.217.130
socorro+caro	01.08.2009 18:36:23	http://www.google.com/search?q=Socorro+Caro&rls=com.microsoft:en-us&ie=UTF-8&oe=UTF-8&startIndex=&startPage=1	Mozilla/4.0 (compatible; MSIE 8.0; Windows NT 6.1; WOW64; Trident/4.0; SLCC2; .NET CLR 2.0.50727; .NET CLR 3.5.30729; .NET CLR 3.0.30729; Media Center PC 6.0; InfoPath.2)	24.148.206.159
tim+hack+and+kelly+drew	01.08.2009 18:36:30	http://www.google.com/search?hl=en&rlz=1G1GGLQ_ENUS328&q=Tim+hack+and+kelly+drew+murder&aq=f&oq=&aqi=	Mozilla/4.0 (compatible; MSIE 7.0; Windows NT 5.1; FunWebProducts; Mozilla/4.0 (compatible; MSIE 6.0; Windows NT 5.1; SV1) ; .NET CLR 1.1.4322)	206.53.104.9
jerry+garcia+birthday	01.08.2009 18:36:33	http://www.google.com/search?q=jerry+garcia+birthday+san+francisco&ie=utf-8&oe=utf-8&aq=t&rls=org.mozilla:en-US:official&client=firefox-a	Mozilla/5.0 (Macintosh; U; Intel Mac OS X 10.5; en-US; rv:1.9.0.4) Gecko/2008102920 Firefox/3.0.4	69.228.81.203
invicta+9212+men%E2%80%99s+gold+plated+stainless+steel+speedway+watch	01.08.2009 18:36:57	http://www.google.com/url?sa=t&source=web&ct=res&cd=1&url=http%3A%2F%2Fcomicsunlimited.com%2Fcomics%2Findex.php%3Finvicta%2B9212%2Bmen%25E2%2580%2599s%2Bgold%2Bplated%2Bstainless%2Bsteel%2Bspeedway%2Bwatch&ei=RYt0SruGL4iqtgO6usXHCA&rct=j&q=Invicta+9212+Men%E2%80%99s+Gold+Plated+Stainless+Steel+Speedway+Watch&usg=AFQjCNHVHhg9g3_QCeShED4dzi5sUc7CTg	Mozilla/5.0 (Windows; U; Windows NT 6.0; en-US; rv:1.9.0.12) Gecko/2009070611 Firefox/3.0.12	71.95.17.212
what+did+greg+mcmackin+say	01.08.2009 18:37:07	http://www.google.com/m/search?oe=UTF-8&client=safari&hl=en&q=what+did+greg+mcmackin+say&ct=broad-revision&oi=revisions_inline&sa=X&ei=D4p0SoD0A46KrgOn9rlH&cd=1&resnum=0	Mozilla/5.0 (iPhone; U; CPU iPhone OS 3_0 like Mac OS X; en-us) AppleWebKit/528.18 (KHTML, like Gecko) Version/4.0 Mobile/7A341 Safari/528.16	166.205.6.32
build	14-Jul-2020 09:19:53	[INFO]         from version 1.0.0-SNAPSHOT to 1.0.16-SNAPSHOT
build	14-Jul-2020 09:19:54	[INFO] 
ciMethod com/android/dx/rop/cst/CstBaseMethodRef <init> (Lcom/android/dx/rop/cst/CstType;Lcom/android/dx/rop/cst/CstNat;)V 73 1 3321 0 0
 PROC_COUNT deuteron : dInelastic = 362
US Core Comparison: compare StructureDefinition[http://hl7.org/fhir/us/ph-library/StructureDefinition/us-ph-emergency-outbreak-information|1.0.0] to StructureDefinition[http://hl7.org/fhir/us/core/StructureDefinition/us-core-body-temperature|6.1.0]
US Core Comparison: compare StructureDefinition[http://hl7.org/fhir/us/ph-library/StructureDefinition/us-ph-emergency-outbreak-information|1.0.0] to StructureDefinition[http://hl7.org/fhir/us/core/StructureDefinition/us-core-body-weight|6.1.0]
       Manufacturer           : 
[      1797] [    GTAProcess]             MainThrd/ No such command rbind.
[      1797] [    GTAProcess]             MainThrd/ No such command rbind.
[      1797] [    GTAProcess]             MainThrd/ No such command rbind.
[      1797] [    GTAProcess]             MainThrd/ No such command rbind.
[      1797] [    GTAProcess]             MainThrd/ No such command rbind.
[      1797] [    GTAProcess]             MainThrd/ No such command rbind.
[      1797] [    GTAProcess]             MainThrd/ No such command rbind.
[      1797] [    GTAProcess]             MainThrd/ No such command rbind.
[      1797] [    GTAProcess]             MainThrd/ No such command rbind.
[      1829] [    SteamChild]             MainThrd/ CitizenFX Steam child starting - command line: "H:\FiveM Clean\FiveM.app\data\cache\subprocess\FiveM_SteamChild.exe" -steamchild:6640
[      1829] [    SteamChild]             MainThrd/ game parent PID: 6640
[      1829] [    SteamChild]             MainThrd/ waiting for process to exit...
[      1844] [    ROSService]             MainThrd/ service! "H:\FiveM Clean\FiveM.app\data\cache\subprocess\FiveM_ROSService" ros:service
[      1844] [    ROSService]             MainThrd/ Replacing function table list entry 0x14005f000 with 0x14005f000
[      1907] [    ROSService]             MainThrd/ SetServiceStatus: 4
[      2391] [    GTAProcess]             MainThrd/ Replacing function table list entry 0x142e1c000 with 0x142e1c000
[      2407] [    GTAProcess]             MainThrd/ pre-gameload component fx
[      2407] [    GTAProcess]             MainThrd/ pre-gameload component rage:allocator:five
[      2407] [    GTAProcess]             MainThrd/ pre-gameload component steam
[      2407] [    GTAProcess]             MainThrd/ pre-gameload component vfs:core
[      2407] [    GTAProcess]             MainThrd/ pre-gameload component citizen:resources:core
[      2407] [    GTAProcess]             MainThrd/ pre-gameload component http-client
[      2407] [    GTAProcess]             MainThrd/ pre-gameload component rage:scripting:five
[      3485] [    GTAProcess]             MainThrd/ pre-gameload component nui:profiles
[      3485] [    GTAProcess]             MainThrd/ pre-gameload component tool:formats
[      3485] [    GTAProcess]             MainThrd/ pre-gameload component citizen:resources:metadata:lua
[      3485] [    GTAProcess]             MainThrd/ pre-gameload component citizen:mod-loader:five
[      3485] [    GTAProcess]             MainThrd/ pre-gameload component citizen:scripting:v8
[      3485] [    GTAProcess]             MainThrd/ pre-gameload component fxdk:main
[      3485] [    GTAProcess]             MainThrd/ pre-gameload component citizen:playernames:five
[2023.05.20-22.07.43:062][  0]LogDeviceProfileManager: 	[00000A60F7A88200][00000A60F7F97800 52] iPhoneXS, 
[2023.05.20-22.07.43:062][  0]LogDeviceProfileManager: 	[00000A60F7A8D000][00000A60F7F9A000 52] iPhoneXSMax, 
[2023.05.20-22.07.43:062][  0]LogDeviceProfileManager: 	[00000A60F7A8A800][00000A60F7F9C800 52] iPhoneXR, 
[2023.05.20-22.07.43:062][  0]LogDeviceProfileManager: 	[00000A60F7A8C800][00000A60F7F62800 52] iPhone11, 
[2023.05.20-22.07.43:062][  0]LogDeviceProfileManager: 	[00000A60F7A8CC00][00000A60F7FA0000 52] iPhone11Pro, 
 RTPSPDoseHistos rotation 
	at org.apache.coyote.AbstractProtocol$ConnectionHandler.process(AbstractProtocol.java:868) [tomcat-coyote.jar:9.0.34]
	at org.apache.tomcat.util.net.NioEndpoint$SocketProcessor.doRun(NioEndpoint.java:1590) [tomcat-coyote.jar:9.0.34]
 PROC_COUNT C13 : Transportation = 98567
	</module>

<!-- ====================================================================== -->
     [xslt] Loading stylesheet /scratch/ig-build-temp-JHXSGN/repo/template/scripts/onGenerate.genJson.xslt

onGenerate.processIncludes:
     [copy] Copying 17 files to /scratch/ig-build-temp-JHXSGN/repo/temp/pages/_includes
[2023.05.20-22.07.39:932][  0]LogConfig: Set CVar [[r.DistanceFieldShadowing:1]]
[2023.05.20-22.07.39:932][  0]LogConfig: Set CVar [[r.DistanceFieldAO:1]]
[2023.05.20-22.07.39:932][  0]LogConfig: Set CVar [[r.AOQuality:2]]
[     23984] EndpointMapper::HandleRequest: POST /gta5/11/gameservices/Clans.asmx/GetMine
[     24062] EndpointMapper::HandleRequest: POST /gta5/11/gameservices/GeoLocation.asmx/GetLocationInfoFromIP
[     24109] EndpointMapper::HandleRequest: POST /gta5/11/gameservices/GeoLocation.asmx/GetRelayServers
[   1957000] instrumented function 0x1408f8fd8 (39) took 45msec
[   1957015] instrumented function 0x1400067e8 (40) took 0msec
12:32:05 T:6472  NOTICE:         m_displayName     : SPDIF - Realtek Digital Output (2- Realtek High Definition Audio)
	at info.magnolia.dam.app.contentview.column.AssetNameColumnDefinition$ValueProvider.apply(AssetNameColumnDefinition.java:64) ~[magnolia-dam-app-3.0.3.jar:?]
	at com.vaadin.ui.Grid$Column.generateRendererValue(Grid.java:1111) ~[vaadin-server-8.9.4.jar:8.9.4]
[    751406] EndpointMapper::HandleRequest: POST /gta5/11/gameservices/presence.asmx/GetPresenceServers
[    810562] EndpointMapper::HandleRequest: POST /gta5/11/gameservices/Telemetry.asmx/SubmitCompressed
LogStats: Stats thread started at 0.255943
LogICUInternationalization: ICU TimeZone Detection - Raw Offset: -8:00, Platform Override: ''
LogInit: Session CrashGUID >====================================================
         Session CrashGUID >   UECC-Windows-D000435A4AB302540FB9ADAC5E800C9C
         Session CrashGUID >====================================================
rm -f "/builds/free-electrons/toolchains-builder/build/tmp/test-x86-64-core-i7--uclibc--stable/host/usr/share/man/man1/lzip.1"*
Resolving download-mirror.savannah.gnu.org (download-mirror.savannah.gnu.org)... 208.118.235.200
Reusing existing connection to download.savannah.gnu.org:80.
HTTP request sent, awaiting response... 200 OK
Length: 95569 (93K) [application/octet-stream]
Saving to: '/builds/free-electrons/toolchains-builder/build/tmp/test-x86-64-core-i7--uclibc--stable/build/.lzip-1.18.tar.gz.RZzY1w/output'

     0K .......... .......... .......... .......... .......... 53% 3.46M 0s
    50K .......... .......... .......... .......... ...       100% 65.2M=0.01s
make[1]: Leaving directory '/builds/free-electrons/toolchains-builder/build/tmp/test-x86-64-core-i7--uclibc--stable/build/host-lzip-1.18'
>>> skeleton  Extracting
>>> skeleton  Patching
>>> skeleton  Configuring
>>> skeleton  Building
>>> skeleton  Installing to staging directory
/usr/bin/install -d -m 0755 /builds/free-electrons/toolchains-builder/build/tmp/test-x86-64-core-i7--uclibc--stable/host/usr/x86_64-buildroot-linux-uclibc/sysroot/usr/lib
/usr/bin/install -d -m 0755 /builds/free-electrons/toolchains-builder/build/tmp/test-x86-64-core-i7--uclibc--stable/host/usr/x86_64-buildroot-linux-uclibc/sysroot/usr/bin
/usr/bin/install -d -m 0755 /builds/free-electrons/toolchains-builder/build/tmp/test-x86-64-core-i7--uclibc--stable/host/usr/x86_64-buildroot-linux-uclibc/sysroot/usr/sbin
/usr/bin/install -d -m 0755 /builds/free-electrons/toolchains-builder/build/tmp/test-x86-64-core-i7--uclibc--stable/host/usr/x86_64-buildroot-linux-uclibc/sysroot/usr/include
/usr/bin/install -d -m 0755 /builds/free-electrons/toolchains-builder/build/tmp/test-x86-64-core-i7--uclibc--stable/host/usr/x86_64-buildroot-linux-uclibc/sysroot/bin
/usr/bin/install -d -m 0755 /builds/free-electrons/toolchains-builder/build/tmp/test-x86-64-core-i7--uclibc--stable/host/usr/x86_64-buildroot-linux-uclibc/sysroot/sbin
/usr/bin/install -d -m 0755 /builds/free-electrons/toolchains-builder/build/tmp/test-x86-64-core-i7--uclibc--stable/host/usr/x86_64-buildroot-linux-uclibc/sysroot/lib
ln -snf lib /builds/free-electrons/toolchains-builder/build/tmp/test-x86-64-core-i7--uclibc--stable/host/usr/x86_64-buildroot-linux-uclibc/sysroot/lib64
ln -snf lib /builds/free-electrons/toolchains-builder/build/tmp/test-x86-64-core-i7--uclibc--stable/host/usr/x86_64-buildroot-linux-uclibc/sysroot/usr/lib64
>>> skeleton  Fixing libtool files
>>> skeleton  Installing to target
rsync -a --ignore-times --exclude .svn --exclude .git --exclude .hg --exclude .bzr --exclude CVS --chmod=u=rwX,go=rX --exclude .empty --exclude '*~' system/skeleton/ /builds/free-electrons/toolchains-builder/build/tmp/test-x86-64-core-i7--uclibc--stable/target/
/usr/bin/install -d -m 0755 /builds/free-electrons/toolchains-builder/build/tmp/test-x86-64-core-i7--uclibc--stable/target/bin
/usr/bin/install -d -m 0755 /builds/free-electrons/toolchains-builder/build/tmp/test-x86-64-core-i7--uclibc--stable/target/sbin
/usr/bin/install -d -m 0755 /builds/free-electrons/toolchains-builder/build/tmp/test-x86-64-core-i7--uclibc--stable/target/lib
ln -snf lib /builds/free-electrons/toolchains-builder/build/tmp/test-x86-64-core-i7--uclibc--stable/target/lib64
Support for the old /etc/mtab file (FEATURE_MTAB_SUPPORT) [N/y/?] n
*
Build final .zip                                                                 (23:55.882)
Final .zip built                                                                 (24:02.186)
Built. Times: loading: 00:55.705, generate: 17:13.858, narrative generation: 03:42.499, realm-rules: 00:12.757, previous-version: 01:09.469, jekyll: 00:04.870, validation: 01:41.928 (#144), template: 00:01.897 (#3) (24:09.073)
Validation output in /scratch/ig-build-temp-JHXSGN/repo/output/qa.html
Errors: 0, Warnings: 0, Info: 0, Broken Links: 0 (24:09.754)
Finished                                                                         (24:09.782)
This is pdfTeX, Version 3.141592653-2.6-1.40.22 (TeX Live 2021) (preloaded format=pdflatex 2021.11.24)  30 NOV 2021 10:46
entering extended mode
 restricted \write18 enabled.
 file:line:error style messages enabled.
 %&-line parsing enabled.
**/Users/natera/Dropbox/PhD/thesis/main.tex
(/Users/natera/Dropbox/PhD/thesis/main.tex
LaTeX2e <2020-10-01> patch level 4
L3 programming layer <2021-02-18> (/usr/local/texlive/2021/texmf-dist/tex/latex/base/book.cls
Document Class: book 2020/04/10 v1.4m Standard LaTeX document class
(/usr/local/texlive/2021/texmf-dist/tex/latex/base/bk12.clo
File: bk12.clo 2020/04/10 v1.4m Standard LaTeX file (size option)
)
\c@part=\count179
\c@chapter=\count180
\c@section=\count181
\c@subsection=\count182
\c@subsubsection=\count183
\c@paragraph=\count184
\c@subparagraph=\count185
\c@figure=\count186
\c@table=\count187
\abovecaptionskip=\skip47
\belowcaptionskip=\skip48
Package xcolor Info: Driver file: pdftex.def on input line 225.
LaTeX Info: Redefining \color on input line 709.
  
[     16453] RgscStub::m_14
[     16453] EndpointMapper::HandleRequest: POST /gta5/11/gameservices/socialclub.asmx/CreateScAuthToken2
[     16468] RgscStub::GetPlayerManager
[     16468] RgscStub::GetPresenceManager
[     16484] RgscStub::m_10
tdf#115129 Tree nodes containing the commands in the customization dialog should open on single click [Jim Raykowski]

* checking examples ... [3s] OK
sha512sum (SHA512SUM) [Y/n/?] y
sha3sum (SHA3SUM) [Y/n/?] y
  *
  * Common options for md5sum, sha1sum, sha256sum, sha512sum, sha3sum
  *
  Enable -c, -s and -w options (FEATURE_MD5_SHA1_SUM_CHECK) [Y/n/?] y
mkdir (MKDIR) [Y/n/?] y
  Enable long options (FEATURE_MKDIR_LONG_OPTIONS) [Y/n/?] y
mkfifo (MKFIFO) [Y/n/?] y
mknod (MKNOD) [Y/n/?] y
mv (MV) [Y/n/?] y
  Enable long options (FEATURE_MV_LONG_OPTIONS) [Y/n/?] y
nice (NICE) [Y/n/?] y
nohup (NOHUP) [Y/n/?] y
od (OD) [Y/n/?] y
printenv (PRINTENV) [Y/n/?] y
printf (PRINTF) [Y/n/?] y
pwd (PWD) [Y/n/?] y
readlink (READLINK) [Y/n/?] y
  Enable canonicalization by following all symlinks (-f) (FEATURE_READLINK_FOLLOW) [Y/n/?] y
realpath (REALPATH) [Y/n/?] y
rm (RM) [Y/n/?] y
rmdir (RMDIR) [Y/n/?] y
  Enable long options (FEATURE_RMDIR_LONG_OPTIONS) [N/y/?] n
seq (SEQ) [Y/n/?] y
shuf (SHUF) [N/y/?] n
sleep (SLEEP) [Y/n/?] y
  Enable multiple arguments and s/m/h/d suffixes (FEATURE_FANCY_SLEEP) [Y/n/?] y
    Enable fractional arguments (FEATURE_FLOAT_SLEEP) [Y/n/?] y
sort (SORT) [Y/n/?] y
.config:1069:warning: trying to assign nonexistent symbol FEATURE_SH_IS_NONE
.config:1070:warning: trying to assign nonexistent symbol FEATURE_BASH_IS_ASH
.config:1071:warning: trying to assign nonexistent symbol FEATURE_BASH_IS_HUSH
.config:1072:warning: trying to assign nonexistent symbol FEATURE_BASH_IS_NONE
.config:1073:warning: trying to assign nonexistent symbol SH_MATH_SUPPORT
1998-059     1998 Oct 21 1637:21  1998-059A      Maqsat-3                       Maqsat-3                  S25503  Ariane 5G              V112 (503)       CSG ELA3                 0.0
2021-10-26T21:52:27.266Z,98.266418,4337000,19 [DFLog::NetworkAudit] RakNet Socket Close: 127.0.0.1|58786
2021-10-26T21:52:27.367Z,98.367538,4337000,6 [FLog::Output] OnDisconnect http req time:97.76ms
2021-10-26T21:52:27.367Z,98.367645,4337000,7 [FLog::Network] Replicator destroyed: 0x7f979e603e00
2021-10-26T21:52:27.428Z,98.428391,4337000,7 [FLog::Network] Client:Disconnect
2021-10-26T21:52:27.440Z,98.440651,4337000,6 [FLog::Output] Closing Fmod (as 1, ml 0, sl 0).
2021-10-26T21:52:27.477Z,98.477592,4337000,6 [FLog::Output] Fmod Closed.
-- Found EXPAT: /usr/lib/x86_64-linux-gnu/libexpat.so (found version "2.1.0") 
-- Configuring download of missing dataset G4NDL (4.2)
ERROR info.magnolia.aws.foundation.AwsCredentialsProvider 15.10.2020 00:12:42 -- AWS credentials are expected to be set in Password manager module.
bzip2 (BZIP2) [N/y/?] n
cpio (CPIO) [Y/n/?] y
  Support for archive creation (FEATURE_CPIO_O) [N/y/?] n
[   1919015] ResourceCacheDevice: downloaded resource.rpf in 183 msec (size 8192)
what+did+greg+mcmackin+say	01.08.2009 23:06:11	http://www.google.com/search?hl=en&safe=off&client=firefox-a&rls=org.mozilla%3Aen-US%3Aofficial&hs=Wgi&q=Greg+McMackin+what+did+he+say&aq=f&oq=&aqi=	Mozilla/5.0 (Windows; U; Windows NT 5.1; en-US; rv:1.9.0.12) Gecko/2009070611 Firefox/3.0.12	207.190.125.111
market+days+chicago+2009	01.08.2009 23:06:14	http://www.google.com/search?hl=en&rls=com.microsoft%3A*%3AIE-SearchBox&rlz=1I7DKUS&q=chicago+market+days+halsted&aq=f&oq=&aqi=	Mozilla/4.0 (compatible; MSIE 7.0; Windows NT 6.0; SLCC1; .NET CLR 2.0.50727; .NET CLR 3.0.04506)	99.140.180.57
Event                Count      Time (sec)     Flops                             --- Global ---  --- Stage ---   Total
      

53         
	at org.apache.catalina.core.StandardWrapperValve.invoke(StandardWrapperValve.java:202) [catalina.jar:9.0.34]
	at org.apache.catalina.core.StandardContextValve.invoke(StandardContextValve.java:96) [catalina.jar:9.0.34]
	at org.apache.catalina.authenticator.AuthenticatorBase.invoke(AuthenticatorBase.java:541) [catalina.jar:9.0.34]
[ 0.500] Alignment.hypSpan NULL JUSTIFICATION
[ 0.033] Alignment.txtSpan NULL JUSTIFICATION
[ 0.500] Adjunct.dropPosCxt: It is okay that text word "military" modifying "attack" is dropped on aligned hypothesis word "attacked"
    Support for writing to an external program (FEATURE_TAR_TO_COMMAND) [Y/n/?] y
  Enable use of user and group names (FEATURE_TAR_UNAME_GNAME) [N/y/?] n
     operations/NNS-10  ==                        DEL    $0.429  [D]
                        ==  illegally/RB-2        INS    $0.377  [I]
           that/WDT-11  ==                        DEL    $0.429  [D]

--------------------------------------------------------------------------------
<09:48AM KNBC> NPR_news works
<09:48AM KFWB> [Q]  How can I ignore the cannot send messages?  /on SERVER_NOTICE doesn't work
<09:48AM DrStupid> KNBC - "oh that sky looks beautiful"
<09:48AM CNN_news> CNN lost KTLA live coverage
<09:49AM tasm> barbara bocer: really nice to have a FEMA director who is a real human being... on TODAY SHOW
-- [download 80% complete]
 contracts under FAR:
  
-- [download 86% complete]
-- [download 87% complete]
-- [download 88% complete]
./JeuxVideos/The_Legend_of_Zelda/Ocarina_of_Time
gold+coast+art+fair+2009	01.08.2009 22:44:45	http://www.google.com/search?client=safari&rls=en&q=gold+coast+art+festival+%2B+chicago+%2B+aug+1,+2009&ie=UTF-8&oe=UTF-8	Mozilla/5.0 (Macintosh; U; Intel Mac OS X 10_4_11; en) AppleWebKit/530.19.2 (KHTML, like Gecko) Version/4.0.2 Safari/530.19	98.193.24.194
what+did+greg+mcmackin+say	01.08.2009 22:45:50	http://www.google.com/search?hl=en&q=coach+mcmackin+what+did+he+say&aq=f&oq=&aqi=	Mozilla/4.0 (compatible; MSIE 7.0; Windows NT 5.1)	64.75.216.221
\f@nch@headwidth=\skip59
\f@nch@O@elh=\skip60
\f@nch@O@erh=\skip61
\f@nch@O@olh=\skip62
\f@nch@O@orh=\skip63
\f@nch@O@elf=\skip64
\f@nch@O@erf=\skip65
\f@nch@O@olf=\skip66
\f@nch@O@orf=\skip67
) (/usr/local/texlive/2021/texmf-dist/tex/latex/base/makeidx.sty
Package: makeidx 2014/09/29 v1.0m Standard LaTeX package
) (/usr/local/texlive/2021/texmf-dist/tex/latex/psnfss/mathpazo.sty
Package: mathpazo 2020/03/25 PSNFSS-v9.3 Palatino w/ Pazo Math (D.Puga, WaS) 
\symupright=\mathgroup6
) (/usr/local/texlive/2021/texmf-dist/tex/latex/jknapltx/mathrsfs.sty
Package: mathrsfs 1996/01/01 Math RSFS package v1.0 (jk)
\symrsfs=\mathgroup7
) (/usr/local/texlive/2021/texmf-dist/tex/latex/float/float.sty
Package: float 2001/11/08 v1.3d Float enhancements (AL)
\c@float@type=\count281
\float@exts=\toks31
\float@box=\box51
\@float@everytoks=\toks32
\@floatcapt=\box52
) (/usr/local/texlive/2021/texmf-dist/tex/latex/datetime/datetime.sty
Package: datetime 2015/03/20 v2.60 Date Time Package
 (/usr/local/texlive/2021/texmf-dist/tex/latex/etoolbox/etoolbox.sty
Package: etoolbox 2020/10/05 v2.5k e-TeX tools for LaTeX (JAW)
\etb@tempcnta=\count282
) (/usr/local/texlive/2021/texmf-dist/tex/latex/fmtcount/fmtcount.sty
cancun+beach+closed	01.08.2009 22:49:58	http://www.google.com/search?q=is+the+beach+at+the+gran+caribe+real+still+closed%3F&rls=com.microsoft:en-us:IE-SearchBox&ie=UTF-8&oe=UTF-8&sourceid=ie7	Mozilla/4.0 (compatible; MSIE 8.0; Windows NT 6.0; Trident/4.0; SLCC1; .NET CLR 2.0.50727; .NET CLR 1.1.4322; InfoPath.1; .NET CLR 3.5.30729; .NET CLR 3.0.30618)	75.32.207.166
Default name of modules.dep (DEFAULT_DEPMOD_FILE) [modules.dep] modules.dep
*
* Linux System Utilities
[      1797] [    GTAProcess]             MainThrd/ No such command rbind.
Support writing pidfiles (FEATURE_PIDFILE) [N/y/?] n
Support for SUID/SGID handling (FEATURE_SUID) [Y/n/?] y
12:32:05 T:7432  NOTICE: Additional mode: 1920x1080@ 59.94 - Full Screen
12:32:05 T:7432  NOTICE: Additional mode: 1920x1080@ 60.00 - Full Screen
2021-10-26T21:51:43.149Z,54.149265,4337000,7 [FLog::Network] Time taken to initialize schema = 6.687225 ms
[2023.05.20-22.07.43:062][  0]LogDeviceProfileManager: 	[00000A60F7A8AA00][00000A60EEFC2800 52] WindowsServer, 
[2023.05.20-22.07.43:062][  0]LogDeviceProfileManager: 	[00000A60F7A87E00][00000A60ED6D0000 52] WindowsClient, 
0 medias imported
Checking for program /usr/bin/git...found
              Defined make macro "GIT" to "git"
Executing: git --version
stdout: git version 2.7.4
================================================================================
TEST configureMercurial from config.sourceControl(/sandbox/petsc/petsc.next/config/BuildSystem/config/sourceControl.py:35)
TESTING: configureMercurial from config.sourceControl(/sandbox/petsc/petsc.next/config/BuildSystem/config/sourceControl.py:35)
  Find the Mercurial executable
Checking for program /home/petsc/soft/mpich-3.3/bin/hg...not found
Checking for program /usr/local/sbin/hg...not found
Checking for program /usr/local/bin/hg...not found
Checking for program /usr/sbin/hg...not found
Checking for program /usr/bin/hg...found
              Defined make macro "HG" to "hg"
Executing: hg version -q
stdout: Mercurial Distributed SCM (version 3.7.3)
================================================================================
TEST configureInstallationMethod from PETSc.options.petscclone(/sandbox/petsc/petsc.next/config/PETSc/options/petscclone.py:20)
TESTING: configureInstallationMethod from PETSc.options.petscclone(/sandbox/petsc/petsc.next/config/PETSc/options/petscclone.py:20)
          lib/petsc/bin/maint exists. This appears to be a repository clone
          .git directory exists
Executing: ['git', 'describe', '--match=v*']
stdout: v3.11.3-1885-g204d4ae
Executing: ['git', 'log', '-1', '--pretty=format:%H']
stdout: 204d4ae47a5e3720741196f46e57ea3f23a5ecc7
Executing: ['git', 'log', '-1', '--pretty=format:%ci']
stdout: 2019-08-19 07:36:37 +0200
Executing: ['git', 'branch']
stdout:
* (HEAD detached at origin/next)
  Enable -delete: delete files/dirs (FEATURE_FIND_DELETE) [N/y/?] n
  Enable -path: match pathname with shell pattern (FEATURE_FIND_PATH) [Y/n/?] y
  Enable -regex: match pathname with regex (FEATURE_FIND_REGEX) [Y/n/?] y
           rely/VBP-12  ==                        DEL    $0.429  [D]
              on/IN-13  ==                        DEL    $0.429  [D]
             the/DT-14  ==                        DEL    $0.429  [D]
        systems/NNS-15  ==                        DEL    $0.429  [D]
           were/VBD-16  ==                        DEL    $0.429  [D]
./Turisas/Battle%20Metal
	at com.vaadin.data.provider.DataCommunicator.getDataObject(DataCommunicator.java:481) ~[vaadin-server-8.9.4.jar:8.9.4]
	at com.vaadin.data.provider.DataCommunicator.pushData(DataCommunicator.java:461) ~[vaadin-server-8.9.4.jar:8.9.4]
	at com.vaadin.data.provider.DataCommunicator.sendDataToClient(DataCommunicator.java:383) ~[vaadin-server-8.9.4.jar:8.9.4]
    + (first problem) fix for not recalculating on F9. (tdf#97897) [Winfried Donkers]
    + - Removed the only-used-once FontLevelVector typedef [Ryan McCoskrie]
    + -fsanitize=function [Stephan Bergmann]
            Substituting "FFLAGS" with ""
            Defined make macro "FC_LINKER_SLFLAG" to "-Wl,-rpath,"
            Substituting "LDFLAGS" with ""
	at info.magnolia.cms.filters.MgnlFilterChain.doFilter(MgnlFilterChain.java:79) [magnolia-core-6.2.3.jar:?]
84         	plot price*date=1;
85         	by symbol;
volname (VOLNAME) [N/y/?] n
tdf#88961 Table line styles are not visible [Nickson Thanda]
tdf#89215 Unable to open Impress document [Christian Lohmaier]
tdf#89453 Improve the wording of "Paste Special" options [heiko tietze]
ciMethod com/android/dx/util/MutabilityControl <init> (Z)V 4097 1 6963 0 0
[      2688] [    GTAProcess]             MainThrd/ pre-gameload component net:http-server
12:32:06 T:6224   DEBUG: AddOnLog: Tvheadend HTSP Client: pvr.hts - recording id:2090612722, state:completed, title:Wie beim ersten Mal, desc:Seit 31 Jahren sind Kay und Arnold verheiratet. Doch ob man ihre eingespielte Ehe noch glücklich nennen kann, beginnt Kay immer stärker zu bezweifeln. Kurz entschlossen bucht sie eine einwöchige Paartherapie bei einem berühmten Spezialisten in New England. Der grantige Arnold versteht zunächst gar nicht, was seine Frau von ihm will - für ihn ist alles in bester Ordnung. Während der Sitzungen zeigt sich, dass es der Beziehung vor allem an körperlicher Nähe und Sex mangelt. Aber die erloschene Leidenschaft neu zu entfachen, erweist sich als äußerst schwieriges Unterfangen mit ungewissem Ausgang.Produziert in HD, error:none
[2023.05.20-22.07.40:452][  0]LogWindows: Found 1 attached monitors.
[2023.05.20-22.07.40:452][  0]LogWindows: Gathering driver information using Windows Setup API
[2023.05.20-22.07.40:452][  0]LogRHI: RHI Adapter Info:
charlene+yi	01.08.2009 20:24:44	http://www.google.com/search?hl=en&safe=off&client=safari&rls=en&q=charlene+from+knocked+up+clips&aq=f&oq=&aqi=	Mozilla/5.0 (Macintosh; U; Intel Mac OS X; en) AppleWebKit/523.12 (KHTML, like Gecko) Version/3.0.4 Safari/523.12	76.232.150.143
jonathan+campos	01.08.2009 20:25:14	http://www.google.com/search?sourceid=navclient&ie=UTF-8&rlz=1T4ACAW_enUS336US338&q=photos+navy+jonathan+campos	Mozilla/4.0 (compatible; MSIE 7.0; Windows NT 5.1; GTB6; .NET CLR 1.1.4322; eSobiSubscriber 2.0.4.16; .NET CLR 2.0.50727)	68.203.232.38
[2023.05.20-22.07.40:096][  0]LogD3D12RHI: Found D3D12 adapter 0: NVIDIA GeForce RTX 3070 (Max supported Feature Level 12_2, shader model 6.6)
RealEvent    2008 024 // 05:39:29.000 Maximum Elevation                       354.000 82.500
RealEvent    2008 024 // 06:38:51.000 Apoapsis Earth                          288.500 74.500
RealEvent    2008 024 // 07:41:33.000 Clockwise Cable Unwrap                  270.000 61.400
RealEvent    2008 024 // 12:35:19.000 Set                                     229.600  6.000
RealEvent    2008 024 // 12:35:19.000 Below Elevation Pre-Limit               229.600  6.000
Found the recommended wrap (it's a good one) CCW Setting initial cable wrap sense: CCW
Fitting the following interval:
ObservationInterval: TargetType: Ephemeris Object
                         DSN ID: 183,
                    Source Name: CLU1,
                     Start Time: 2008 023 // 23:32:55.00000 (254403208.000000)
                       End Time: 2008 024 // 12:35:19.00000 (254450152.000000)
             Ant On Source Time: 2008 024 // 12:35:19.00000 (254450152.000000)
Curve fit start and end: 2008 023 // 23:32:55.00000 - 2008 024 // 12:35:19.00000
         Distance/activity    : (multiple lines)
     Additional Information   : (multiple lines)


2.   Site Location Information

     City or Town             : Anna Maria Isle
     State or Province        : Florida
     Country                  : United States
     Tectonic Plate           : North American
     Approximate Position (ITRF)
       X coordinate (m)       : 720661.136
       Y coordinate (m)       : -5618043.914
       Z coordinate (m)       : 2922523.033
       Latitude (N is +)      : +272659.05
       Longitude (E is +)     : -0824124.85
coverity#1430097 dereference null return value [Caolán McNamara]

[   1963859] overriding handle for mp_f_freemode_01/jbib_diff_012_a_uni.ytd (was 4cd042b) -> 268
[   1963875] overriding handle for mp_f_freemode_01/jbib_diff_012_b_uni.ytd (was 4cd042c) -> 269
[   1963890] overriding handle for mp_f_freemode_01/jbib_diff_012_c_uni.ytd (was 4cd042d) -> 26a
[   1963906] overriding handle for mp_f_freemode_01/jbib_diff_012_d_uni.ytd (was 4cd042e) -> 26b
[   1963922] overriding handle for mp_f_freemode_01/jbib_diff_012_e_uni.ytd (was 4cd042f) -> 26c
[   1963937] overriding handle for mp_f_freemode_01/jbib_diff_012_f_uni.ytd (was 4cd0430) -> 26d
[   1963953] overriding handle for mp_f_freemode_01/jbib_diff_012_g_uni.ytd (was 4cd0431) -> 26e
[   1963968] overriding handle for mp_f_freemode_01/jbib_diff_012_k_uni.ytd (was 4cd0435) -> 26f
[   1963968] overriding handle for mp_f_freemode_01/jbib_diff_012_l_uni.ytd (was 4cd0436) -> 270
[   1963984] overriding handle for mp_f_freemode_01/jbib_diff_012_m_uni.ytd (was 4cd0437) -> 271
[   1964000] overriding handle for mp_f_freemode_01/jbib_diff_012_n_uni.ytd (was 4cd0438) -> 272
[   1964015] overriding handle for mp_f_freemode_01/jbib_diff_012_o_uni.ytd (was 4cd0439) -> 273
[   1964031] overriding handle for mp_f_freemode_01/jbib_diff_012_p_uni.ytd (was 4cd043a) -> 274
[   1964047] overriding handle for mp_f_freemode_01/jbib_diff_014_a_uni.ytd (was 4cd044b) -> 275
[   1964062] overriding handle for mp_f_freemode_01/jbib_diff_014_b_uni.ytd (was 4cd044c) -> 276
[   1964078] overriding handle for mp_f_freemode_01/jbib_diff_014_c_uni.ytd (was 4cd044d) -> 277
[   1964093] overriding handle for mp_f_freemode_01/jbib_diff_014_d_uni.ytd (was 4cd044e) -> 278
[   1964093] overriding handle for mp_f_freemode_01/jbib_diff_014_e_uni.ytd (was 4cd044f) -> 279
[   1964109] overriding handle for mp_f_freemode_01/jbib_diff_014_f_uni.ytd (was 4cd0450) -> 27a
[   1964125] overriding handle for mp_f_freemode_01/jbib_diff_014_g_uni.ytd (was 4cd0451) -> 27b
[   1964140] overriding handle for mp_f_freemode_01/jbib_diff_014_h_uni.ytd (was 4cd0452) -> 27c
[   1964156] overriding handle for mp_f_freemode_01/jbib_diff_014_i_uni.ytd (was 4cd0453) -> 27d
[   1964172] overriding handle for mp_f_freemode_01/jbib_diff_014_j_uni.ytd (was 4cd0454) -> 27e
[   1964187] overriding handle for mp_f_freemode_01/jbib_diff_014_k_uni.ytd (was 4cd0455) -> 27f
[   1964203] overriding handle for mp_f_freemode_01/jbib_diff_014_l_uni.ytd (was 4cd0456) -> 280
[   1964203] overriding handle for mp_f_freemode_01/jbib_diff_014_m_uni.ytd (was 4cd0457) -> 281
[   1964218] overriding handle for mp_f_freemode_01/jbib_diff_014_n_uni.ytd (was 4cd0458) -> 282
[   1964234] overriding handle for mp_f_freemode_01/jbib_diff_014_o_uni.ytd (was 4cd0459) -> 283
[   1964250] overriding handle for mp_f_freemode_01/jbib_diff_014_p_uni.ytd (was 4cd045a) -> 284
[   1964265] overriding handle for mp_f_freemode_01/jbib_diff_015_b_uni.ytd (was 4cd045c) -> 285
[2023.05.20-22.07.43:062][  0]LogDeviceProfileManager: 	[00000A60F9923A00][00000A60F9952800 52] LinuxArm64Client, 
[   1945797] rage::gameSkeleton::RunInitFunctions: Invoking INSTANCESTORE INIT_BEFORE_MAP_LOADED init (5 out of 31)
[   1945812] rage::gameSkeleton::RunInitFunctions: Invoking CMapAreas INIT_BEFORE_MAP_LOADED init (6 out of 31)
Z78	ALASKA	CHIGNIK BAY SEAPLANE	afd	al_47_25OCT2007.png
[22:42:44] Make money online: [-] 7823/8047 no engine matches (HTTP-Status: 502) - http://www.resolvcrm.com
2021-10-26T21:50:49.350Z,0.350472,ab3bf380,6 [FLog::LocalStorage] LocalStorage will flush 5402 bytes to /Users/studioagain/Library/Roblox/LocalStorage/memProfStorage11056.json
2021-10-26T21:51:05.215Z,16.215912,43ba000,6 [FLog::Output] Info: Script 'Players.FruitySama.PlayerGui.HUD.Setting.UnitDisplayGamePass2.TextButton.UnitGamePassDisplay', Line 2
-- [download 97% complete]
-- [download 98% complete]
build	14-Jul-2020 09:19:57	[DEBUG] Lifecycle clean -> [pre-clean, clean, post-clean]
build	14-Jul-2020 09:19:57	[DEBUG] Lifecycle site -> [pre-site, site, post-site, site-deploy]
build	14-Jul-2020 09:19:57	[DEBUG] Lifecycle default -> [validate, initialize, generate-sources, process-sources, generate-resources, process-resources, compile, process-classes, generate-test-sources, process-test-sources, generate-test-resources, process-test-resources, test-compile, process-test-classes, test, prepare-package, package, pre-integration-test, integration-test, post-integration-test, verify, install, deploy]
build	14-Jul-2020 09:19:57	[DEBUG] Lifecycle clean -> [pre-clean, clean, post-clean]
build	14-Jul-2020 09:19:57	  <pluginArtifacts>${plugin.artifacts}</pluginArtifacts>
 PART_COUNT: deuteron = 1706
 PART_COUNT: gamma = 4961
 PART_COUNT: neutron = 4845
 PART_COUNT: proton = 39410
 PART_COUNT: triton = 61
	at info.magnolia.cms.filters.MgnlFilterChain.doFilter(MgnlFilterChain.java:79) [magnolia-core-6.2.3.jar:?]
[22:42:39] Web Design T2: [-] 4917/8453 no engine matches (HTTP-Status: 501) - https://buffetbar.org/forum/memberlist.php?
[22:42:38] Car Insurance: [-] 4192/8012 no form at all - http://tax-power.com/wp-login.php?action=register
[22:42:38] Mortgage: [ ] 7937/8168 waiting 7 seconds to not spam. http://www.es-335.com/wp-login.php?action=register
[22:42:39] Digital Marketing: [+] 0130/7913 matches engine Wordpress Article - http://urtravels.net
[22:42:38] Mortgage: [+] 7937/8168 unknown registration status - http://www.es-335.com/wp-login.php?action=register
12:32:05 T:7432  NOTICE: Additional mode: 1280x1024@ 75.00 - Full Screen
12:32:05 T:7432  NOTICE: Additional mode: 1360x768@ 60.00 - Full Screen
insmod (INSMOD) [Y/n/?] y
lsmod (LSMOD) [Y/n/?] y
[2023.05.20-22.07.40:452][  0]LogWindows:     resolution: 3840x2160, work area: (0, 0) -> (3840, 2100), device: '\\.\DISPLAY1' [PRIMARY]

       Fracture Spacing       : (1-10 cm/11-50 cm/51-200 cm/over 200 cm)
     Elevation Cutoff Setting : 5 deg
12:32:05 T:7432   DEBUG: CWIN32Util::GetDriveStatus: Requesting media status for drive \\.\F:.
12:32:05 T:7432  NOTICE: Found screen: Fujitsu Siemens A24W-3A on NVIDIA GeForce GTX 670, adapter 0.
2021-10-26T21:51:33.038Z,44.038792,ab3bf380,6 [FLog::GameJoinUtil] GameJoinUtil::makePlaceLauncherRequestForTeleport: requestCount: 0, url: https://gamejoin.roblox.com/v1/join-reserved-game
2021-10-26T21:51:33.038Z,44.038952,ab3bf380,6 [FLog::GameJoinUtil] Delaying request by 0.00 seconds
LogDevObjectVersion:   FortniteNC (5B4C06B7-2463-4AF8-805B-BF70CDF5D0DD): 10
LogDevObjectVersion:   FortniteRelease (E7086368-6B23-4C58-8439-1B7016265E91): 4
LogDevObjectVersion:   Dev-Enterprise (9DFFBCD6-494F-0158-E221-12823C92A888): 10
[2023.05.20-22.07.39:930][  0]LogConfig: Set CVar [[t.UnacceptableFrameTimeThreshold:20]]
[2023.05.20-22.07.39:930][  0]LogConfig: Set CVar [[t.TargetFrameTimeThreshold:12.5]]
       Version Info:
     MPG Version ID: Version: 1.1.0.0-0
LogPluginManager: Mounting Engine plugin UVEditor
#include "confdefs.h"
\pgf@yd=\dimen193
./Era/Era%20-%20Vol.%202
./Era/Era%20vol%201
./JeuxVideos/Golden_Axe/CD%203
build	14-Jul-2020 09:19:57	      <mapper from="^(.*)-LOCAL\.(.*)$$" to="\1\.\2" type="regexp"/>
-- [download 86% complete]
-- [download 87% complete]
jonathan+campos	01.08.2009 18:46:56	http://www.google.com/search?sourceid=navclient&ie=UTF-8&rlz=1T4GGLD_enUS309US309&q=petty+officer+jonathan+campos+photo	Mozilla/4.0 (compatible; MSIE 7.0; Windows NT 5.1; GTB6; .NET CLR 1.0.3705; .NET CLR 1.1.4322; .NET CLR 2.0.50727)	98.193.179.124
what+did+greg+mcmackin+say	01.08.2009 18:47:26	http://www.google.com/search?sourceid=navclient&aq=0&oq=what+did+greg+&ie=UTF-8&rlz=1T4GWYE_enUS273US273&q=what+did+greg+mcmackin+say	Mozilla/4.0 (compatible; MSIE 7.0; Windows NT 6.0; GTB6; SLCC1; .NET CLR 2.0.50727; Media Center PC 5.0; .NET CLR 3.0.04506)	68.191.107.60
buick+open+tee+times	01.08.2009 18:47:37	http://www.google.com/search?q=Buick+open+golf+pairings&ie=UTF-8&oe=UTF-8&hl=en&client=safari	Mozilla/5.0 (iPhone; U; CPU iPhone OS 3_0 like Mac OS X; en-us) AppleWebKit/528.18 (KHTML, like Gecko) Version/4.0 Mobile/7A341 Safari/528.16	166.205.130.150
sayville+summerfest	01.08.2009 18:48:00	http://www.google.com/search?hl=en&q=sayville+summerfest+2009&aq=3&oq=sayville+summe&aqi=g4	Mozilla/4.0 (compatible; MSIE 6.0; Windows NT 5.1; SV1)	74.101.175.174
fedex+field	01.08.2009 18:48:23	http://www.google.com/search?hl=en&rlz=1G1GGLQ_ENUS239&q=fedex+field+parking+lot+map+concert&aq=f&oq=&aqi=	Mozilla/5.0 (Macintosh; U; Intel Mac OS X 10.5; en-US; rv:1.9.0.12) Gecko/2009070609 Firefox/3.0.12	68.105.184.195
cancun+beach+closed	01.08.2009 17:53:00	http://www.google.com/search?hl=en&q=cancun+beach+closed+last+night%3F&btnG=Google+Search&aq=f&oq=&aqi=	Mozilla/4.0 (compatible; MSIE 6.0; Windows NT 5.1; SV1; .NET CLR 1.1.4322)	170.232.128.11
channel+11+dallas	01.08.2009 17:53:11	http://www.google.com/search?sourceid=navclient&ie=UTF-8&rlz=1T4GPCK_enUS338US338&q=Fox+4+news+fort+worth%2c+tx+june+22%2c+09	Mozilla/4.0 (compatible; MSIE 8.0; Windows NT 5.1; Trident/4.0; GTB6; .NET CLR 1.1.4322; .NET CLR 2.0.50727; .NET CLR 3.0.4506.2152; .NET CLR 3.5.30729)	76.255.189.142
FSP	ALASKA	NIKOLAI	afd	al_154_25OCT2007.png
IKO	ALASKA	NIKOLSKI AS	afd	al_154_25OCT2007.png
2016-02-23 15:45:25,608  INFO Injector:69    -> FactoryProxy{key=Key[type=org.matsim.core.router.RoutingModule, annotation=@com.google.inject.multibindings.Element(setName=,uniqueId=42, type=MAPBINDER, keyType=java.lang.String)], provider=org.matsim.core.router.Teleportation@7f010382}
2016-02-23 15:45:25,608  INFO Injector:68 org.matsim.core.router.RoutingModule @com.google.inject.multibindings.Element(setName=,uniqueId=44, type=MAPBINDER, keyType=java.lang.String)
2016-02-23 15:45:25,609  INFO Injector:69    -> FactoryProxy{key=Key[type=org.matsim.core.router.RoutingModule, annotation=@com.google.inject.multibindings.Element(setName=,uniqueId=44, type=MAPBINDER, keyType=java.lang.String)], provider=Key[type=org.matsim.core.router.Transit, annotation=[none]]}
2016-02-23 15:45:25,609  INFO Injector:68 org.matsim.core.router.RoutingModule @com.google.inject.multibindings.Element(setName=,uniqueId=46, type=MAPBINDER, keyType=java.lang.String)
2016-02-23 15:45:25,609  INFO Injector:69    -> FactoryProxy{key=Key[type=org.matsim.core.router.RoutingModule, annotation=@com.google.inject.multibindings.Element(setName=,uniqueId=46, type=MAPBINDER, keyType=java.lang.String)], provider=org.matsim.core.router.NetworkRouting@2b6faea6}
2016-02-23 15:45:25,609  INFO Injector:68 org.matsim.core.router.RoutingModule @com.google.inject.multibindings.Element(setName=,uniqueId=48, type=MAPBINDER, keyType=java.lang.String)
2016-02-23 15:45:25,609  INFO Injector:69    -> FactoryProxy{key=Key[type=org.matsim.core.router.RoutingModule, annotation=@com.google.inject.multibindings.Element(setName=,uniqueId=48, type=MAPBINDER, keyType=java.lang.String)], provider=FactoryProxy{key=Key[type=org.matsim.core.router.RoutingModule, annotation=@com.google.inject.name.Named(value=transit_walk)], provider=org.matsim.core.router.Teleportation@161479c6}}
2016-02-23 15:45:25,609  INFO Injector:68 org.matsim.core.router.RoutingModule @com.google.inject.multibindings.Element(setName=,uniqueId=50, type=MAPBINDER, keyType=java.lang.String)
2016-02-23 15:45:25,610  INFO Injector:69    -> FactoryProxy{key=Key[type=org.matsim.core.router.RoutingModule, annotation=@com.google.inject.multibindings.Element(setName=,uniqueId=50, type=MAPBINDER, keyType=java.lang.String)], provider=org.matsim.core.router.Teleportation@4313f5bc}
2016-02-23 15:45:25,610  INFO Injector:68 org.matsim.core.router.RoutingModule @com.google.inject.multibindings.Element(setName=,uniqueId=52, type=MAPBINDER, keyType=java.lang.String)
2016-02-23 15:45:25,612  INFO Injector:69    -> FactoryProxy{key=Key[type=org.matsim.core.router.RoutingModule, annotation=@com.google.inject.multibindings.Element(setName=,uniqueId=52, type=MAPBINDER, keyType=java.lang.String)], provider=org.matsim.core.router.PseudoTransit@6d2a209c}
2016-02-23 15:45:25,613  INFO Injector:68 org.matsim.core.router.RoutingModule @com.google.inject.multibindings.Element(setName=,uniqueId=54, type=MAPBINDER, keyType=java.lang.String)
2016-02-23 15:45:25,613  INFO Injector:69    -> FactoryProxy{key=Key[type=org.matsim.core.router.RoutingModule, annotation=@com.google.inject.multibindings.Element(setName=,uniqueId=54, type=MAPBINDER, keyType=java.lang.String)], provider=org.matsim.core.router.Teleportation@161479c6}
2016-02-23 15:45:25,614  INFO Injector:68 org.matsim.core.router.RoutingModule @com.google.inject.multibindings.Element(setName=,uniqueId=56, type=MAPBINDER, keyType=java.lang.String)
2016-02-23 15:45:25,614  INFO Injector:69    -> FactoryProxy{key=Key[type=org.matsim.core.router.RoutingModule, annotation=@com.google.inject.multibindings.Element(setName=,uniqueId=56, type=MAPBINDER, keyType=java.lang.String)], provider=org.matsim.core.router.Teleportation@75329a49}
2016-02-23 15:45:25,614  INFO Injector:68 org.matsim.core.router.RoutingModule @com.google.inject.multibindings.Element(setName=,uniqueId=58, type=MAPBINDER, keyType=java.lang.String)
2016-02-23 15:45:25,614  INFO Injector:69    -> FactoryProxy{key=Key[type=org.matsim.core.router.RoutingModule, annotation=@com.google.inject.multibindings.Element(setName=,uniqueId=58, type=MAPBINDER, keyType=java.lang.String)], provider=org.matsim.core.router.Teleportation@1e802ef9}
2016-02-23 15:45:25,614  INFO Injector:68 org.matsim.core.router.util.TravelTime @com.google.inject.multibindings.Element(setName=,uniqueId=60, type=MAPBINDER, keyType=java.lang.String)
2016-02-23 15:45:25,614  INFO Injector:69    -> FactoryProxy{key=Key[type=org.matsim.core.router.util.TravelTime, annotation=@com.google.inject.multibindings.Element(setName=,uniqueId=60, type=MAPBINDER, keyType=java.lang.String)], provider=Key[type=org.matsim.core.trafficmonitoring.TravelTimeCalculatorModule$ObservedLinkTravelTimes, annotation=[none]]}
2016-02-23 15:45:25,615  INFO Injector:68 org.matsim.core.router.costcalculators.TravelDisutilityFactory @com.google.inject.multibindings.Element(setName=,uniqueId=62, type=MAPBINDER, keyType=java.lang.String)
2016-02-23 15:45:25,615  INFO Injector:69    -> FactoryProxy{key=Key[type=org.matsim.core.router.costcalculators.TravelDisutilityFactory, annotation=@com.google.inject.multibindings.Element(setName=,uniqueId=62, type=MAPBINDER, keyType=java.lang.String)], provider=ConstantFactory{value=org.matsim.core.router.costcalculators.RandomizingTimeDistanceTravelDisutility$Builder@6f03482}[Scopes.SINGLETON]}
2016-02-23 15:45:25,615  INFO Injector:68 org.matsim.analysis.IterationStopWatch 
2016-02-23 15:45:25,615  INFO Injector:69    -> com.google.inject.internal.ConstructorBindingImpl$Factory@305b7c14[Scopes.SINGLETON]
2016-02-23 15:45:25,616  INFO Injector:68 org.matsim.core.controler.OutputDirectoryHierarchy 
2016-02-23 15:45:25,616  INFO Injector:69    -> com.google.inject.internal.ConstructorBindingImpl$Factory@bccb269[Scopes.SINGLETON]
2016-02-23 15:45:25,616  INFO Injector:68 org.matsim.core.scoring.EventsToActivities 
2016-02-23 15:45:25,616  INFO Injector:69    -> com.google.inject.internal.ConstructorBindingImpl$Factory@7d8704ef[Scopes.SINGLETON]
2016-02-23 15:45:25,616  INFO Injector:68 org.matsim.core.scoring.EventsToLegs 
2016-02-23 15:45:25,616  INFO Injector:69    -> com.google.inject.internal.ConstructorBindingImpl$Factory@3c3d9b6b[Scopes.SINGLETON]
2016-02-23 15:45:25,616  INFO Injector:68 org.matsim.core.scoring.ScoringFunctionsForPopulation 
