[   1966562] overriding handle for mp_f_freemode_01_mp_f_importexport_01/jbib_diff_007_k_uni.ytd (was 51d0011) -> 58a
[   1966578] overriding handle for mp_f_freemode_01_mp_f_importexport_01/jbib_diff_007_l_uni.ytd (was 51d0012) -> 58b
12:32:06 T:7432    INFO: Loading special://xbmc/system/keymaps/touchscreen.xml
12:32:06 T:7432    INFO: Loading special://xbmc/system/IRSSmap.xml
12:32:06 T:7432    INFO: * Adding remote mapping for device 'Microsoft MCE'
12:32:06 T:7432    INFO: * Adding remote mapping for device 'Abstract'
12:32:06 T:7432   DEBUG: CButtonTranslator::Load - no userdata IRSSmap.xml found, skipping
	at info.magnolia.cms.filters.AbstractMgnlFilter.doFilter(AbstractMgnlFilter.java:85) [magnolia-core-6.2.3.jar:?]
	at info.magnolia.cms.filters.MgnlFilterChain.doFilter(MgnlFilterChain.java:79) [magnolia-core-6.2.3.jar:?]
	at info.magnolia.cms.filters.CompositeFilter.doFilter(CompositeFilter.java:65) [magnolia-core-6.2.3.jar:?]
	at info.magnolia.cms.filters.AbstractMgnlFilter.doFilter(AbstractMgnlFilter.java:85) [magnolia-core-6.2.3.jar:?]
	at info.magnolia.cms.filters.SafeDestroyMgnlFilterWrapper.doFilter(SafeDestroyMgnlFilterWrapper.java:107) [magnolia-core-6.2.3.jar:?]
	at info.magnolia.cms.filters.MgnlFilterDispatcher.doDispatch(MgnlFilterDispatcher.java:67) [magnolia-core-6.2.3.jar:?]
	at info.magnolia.cms.filters.MgnlMainFilter.doFilter(MgnlMainFilter.java:110) [magnolia-core-6.2.3.jar:?]
  
 ---------------------------------------------------------------
 Warning -- This program may not be used in any manner that
 competes with the business of Gaussian, Inc. or will provide
 assistance to any competitor of Gaussian, Inc.  The licensee
 of this program is prohibited from giving any competitor of
 Gaussian, Inc. access to this program.  By using this program,
 the user acknowledges that Gaussian, Inc. is engaged in the
 business of creating and licensing software in the field of
 computational chemistry and represents and warrants to the
 licensee that it is not a competitor of Gaussian, Inc. and that
 it will not use this program in any manner prohibited above.
 ---------------------------------------------------------------
  


 
 ******************************************
 Gaussian 09:  EM64L-G09RevD.01 24-Apr-2013
                14-May-2020 
 ******************************************
 %nprocshared=40
 Will use up to   40 processors via shared memory.
-- [download 10% complete]
-- [download 11% complete]
-- [download 12% complete]
-- [download 13% complete]
-- [download 14% complete]
make[1]: Entering directory '/builds/free-electrons/toolchains-builder/build/tmp/test-x86-64-core-i7--uclibc--stable/build/host-lzip-1.18'
/usr/bin/g++ -I/builds/free-electrons/toolchains-builder/build/tmp/test-x86-64-core-i7--uclibc--stable/host/usr/include -O2 -I/builds/free-electrons/toolchains-builder/build/tmp/test-x86-64-core-i7--uclibc--stable/host/usr/include -c -o arg_parser.o arg_parser.cc
[22:42:45] Car Insurance: [-] 4199/8012 no form at all - http://www.beach-rentals.org/wp-login.php?action=register
US Core Comparison: compare StructureDefinition[http://hl7.org/fhir/us/ph-library/StructureDefinition/us-ph-is-postpartum|1.0.0] to StructureDefinition[http://hl7.org/fhir/us/core/StructureDefinition/us-core-head-circumference|6.1.0]
1995-021     1995 Apr 21 0144:02  1995-021A      ERS-2                          ERS-2                     S23560  Ariane 40              V72              CSG ELA2                 0.0
Sushi: warn  Sliced element Library.useContext is being accessed via numeric index. Use slice names in rule paths when possible. (04:23.454)
Installing hl7.terminology.r4#3.1.0 to the package cache
  Fetching:

	at info.magnolia.cms.filters.MgnlFilterChain.doFilter(MgnlFilterChain.java:81) [magnolia-core-6.2.3.jar:?]
	at info.magnolia.cms.filters.MgnlFilterChain.doFilter(MgnlFilterChain.java:81) [magnolia-core-6.2.3.jar:?]
	at info.magnolia.cms.filters.MgnlFilterChain.doFilter(MgnlFilterChain.java:81) [magnolia-core-6.2.3.jar:?]
	at info.magnolia.cms.filters.MgnlFilterChain.doFilter(MgnlFilterChain.java:81) [magnolia-core-6.2.3.jar:?]
	at info.magnolia.cms.filters.ContentTypeFilter.doFilter(ContentTypeFilter.java:155) [magnolia-core-6.2.3.jar:?]
	at info.magnolia.cms.filters.AbstractMgnlFilter.doFilter(AbstractMgnlFilter.java:85) [magnolia-core-6.2.3.jar:?]
	at info.magnolia.cms.filters.MgnlFilterChain.doFilter(MgnlFilterChain.java:79) [magnolia-core-6.2.3.jar:?]
	at info.magnolia.cms.filters.ContextFilter.doFilter(ContextFilter.java:128) [magnolia-core-6.2.3.jar:?]
	at info.magnolia.cms.filters.AbstractMgnlFilter.doFilter(AbstractMgnlFilter.java:85) [magnolia-core-6.2.3.jar:?]
	at info.magnolia.cms.filters.MgnlFilterChain.doFilter(MgnlFilterChain.java:79) [magnolia-core-6.2.3.jar:?]
	at info.magnolia.cms.filters.CompositeFilter.doFilter(CompositeFilter.java:65) [magnolia-core-6.2.3.jar:?]
	at info.magnolia.cms.filters.AbstractMgnlFilter.doFilter(AbstractMgnlFilter.java:85) [magnolia-core-6.2.3.jar:?]
	at info.magnolia.cms.filters.SafeDestroyMgnlFilterWrapper.doFilter(SafeDestroyMgnlFilterWrapper.java:107) [magnolia-core-6.2.3.jar:?]
	at info.magnolia.cms.filters.MgnlFilterDispatcher.doDispatch(MgnlFilterDispatcher.java:67) [magnolia-core-6.2.3.jar:?]
	at info.magnolia.cms.filters.MgnlMainFilter.doFilter(MgnlMainFilter.java:110) [magnolia-core-6.2.3.jar:?]
	at info.magnolia.cms.filters.MgnlMainFilter.doFilter(MgnlMainFilter.java:96) [magnolia-core-6.2.3.jar:?]
	at org.apache.catalina.core.ApplicationFilterChain.internalDoFilter(ApplicationFilterChain.java:193) [catalina.jar:9.0.34]
	at org.apache.catalina.core.ApplicationFilterChain.doFilter(ApplicationFilterChain.java:166) [catalina.jar:9.0.34]
	at org.apache.catalina.core.StandardWrapperValve.invoke(StandardWrapperValve.java:202) [catalina.jar:9.0.34]
	at org.apache.catalina.core.StandardContextValve.invoke(StandardContextValve.java:96) [catalina.jar:9.0.34]
	at org.apache.catalina.authenticator.AuthenticatorBase.invoke(AuthenticatorBase.java:541) [catalina.jar:9.0.34]
	at org.apache.catalina.core.StandardHostValve.invoke(StandardHostValve.java:139) [catalina.jar:9.0.34]
	at org.apache.catalina.valves.ErrorReportValve.invoke(ErrorReportValve.java:92) [catalina.jar:9.0.34]
	at org.apache.catalina.valves.AbstractAccessLogValve.invoke(AbstractAccessLogValve.java:690) [catalina.jar:9.0.34]
	at org.apache.catalina.core.StandardEngineValve.invoke(StandardEngineValve.java:74) [catalina.jar:9.0.34]
	at org.apache.catalina.connector.CoyoteAdapter.service(CoyoteAdapter.java:343) [catalina.jar:9.0.34]
	at org.apache.coyote.http11.Http11Processor.service(Http11Processor.java:373) [tomcat-coyote.jar:9.0.34]
	at org.apache.coyote.AbstractProcessorLight.process(AbstractProcessorLight.java:65) [tomcat-coyote.jar:9.0.34]
	at org.apache.coyote.AbstractProtocol$ConnectionHandler.process(AbstractProtocol.java:868) [tomcat-coyote.jar:9.0.34]
	at org.apache.tomcat.util.net.NioEndpoint$SocketProcessor.doRun(NioEndpoint.java:1590) [tomcat-coyote.jar:9.0.34]
[     43469] [   ROSLauncher]                14544/ SC JS message: SetTitleInfo -> {"branches":[],"currentBranch":-1,"currentBranchFriendlyName":"","currentVersion":"","externalInstall":[],"friendlyName":"Bully: Scholarship Edition","parentApp":null,"shortcuts":{"desktop":false,"startMenu":false},"status":{"entitlement":false,"install":false,"preparing":false,"queuePosition":-1,"releaseState":"available","totalBytes":0,"updateBytes":0,"updateProgress":0,"updateState":"notUpdating","updateTotal":0},"titleName":"bully"}
lsmod (LSMOD) [Y/n/?] y
CBQ8	ALASKA	WOODCOCK	afd	al_243_25OCT2007.png
WRG	ALASKA	WRANGELL	afd	al_244_25OCT2007.png
68A	ALASKA	WRANGELL SEAPLANE	afd	al_244_25OCT2007.png
CYT	ALASKA	YAKATAGA	afd	al_245_25OCT2007.png
YKM	ALASKA	YAKIMA AIR TERMINAL-MCALLISTER FLD	afd	al_245_25OCT2007.png
<09:57AM CNN_news> Sherman Oaks: 3 dead, maybe 6 many damaged homes & buildings
./Haruhi_Suzumiya/The%20Melancholy%20of%20Suzumiya%20Haruhi%20-%20SOS%20Dan%20Radio%20Shibu%20Bangai%20Hen%20CD%20Vol.2
./Haruhi_Suzumiya/The%20Melancholy%20of%20Suzumiya%20Haruhi%20-%20SOS%20Dan%20Radio%20Shibu%20Bangai%20Hen%20CD%20Vol.3
./Haruhi_Suzumiya/The%20Melancholy%20of%20Suzumiya%20Haruhi%20-%20SOS%20Dan%20Radio%20Shibu%20OP%20ED%20Single%20[Hirano%20Aya%20%20%20Chihara%20Minori%20%20%20Goto%20Yuko]
./Haruhi_Suzumiya/The%20Melancholy%20of%20Suzumiya%20Haruhi%20Character%20Song%20Vol.1%20-%20Suzumiya%20Haruhi%20[Hirano%20Aya]
./Haruhi_Suzumiya/The%20Melancholy%20of%20Suzumiya%20Haruhi%20Character%20Song%20Vol.2%20-%20Nagato%20Yuki%20[Chihara%20Minori]
ofz#4949 direct-leak [Caolán McNamara]
ofz#4950 direct-leak [Caolán McNamara]
./JeuxVideos/Xenoblade_Chronicles/Disc%201
	at info.magnolia.cms.filters.MgnlFilterChain.doFilter(MgnlFilterChain.java:79) [magnolia-core-6.2.3.jar:?]
          Checking shared linker mpicc using flags ['-shared']
    + ambiguity between clang:: and llvm::PointerType [Stephan Bergmann]
Package hyperref Info: Bookmarks ON on input line 4445.
     Temperature Stabiliz.    :
Package xcolor Info: Model `wave' substituted by `hsb' on input line 1371.
    + adjust print page range for unprinted blank pages (tdf#89708) [Eilidh McAdam]
    + adjust sheet references when copying sheet-local named expressions [Eike Rathke]
coverity#1427248 operands don't affect result [Caolán McNamara]
instanceKlass java/lang/LinkageError
     Temperature Stabiliz.    : (none or tolerance in degrees C)
               of/IN-8  ==                        DEL    $0.429  [D]
     Edward_VIII/NNP-9  ==  Edward_VIII/NNP-1     SUB    $0.863  [E, sim, Esz, d:0.155]
              to/TO-10  ==                        DEL    $0.429  [D]
       abdicate/NNP-11  ==  abdicated/VBD-2       SUB    $0.866  [E, sim, Esz, d:0.060]
                ./.-12  ==                        DEL    $0.429  [D]
              By/IN-13  ==                        DEL    $0.429  [D]
        signing/VBG-14  ==                        DEL    $0.429  [D]
            this/DT-15  ==                        DEL    $0.429  [D]
        document/NN-16  ==                        DEL    $0.429  [D]
              on/IN-17  ==  on/IN-3               SUB    $0.865  [E, sim, Esz, d:0.107]
  December_10th_,_1...  ==                        DEL    $0.429  [D]
                ,/,-19  ==                        DEL    $0.429  [D]
             he/PRP-20  ==                        DEL    $0.429  [D]
        gave_up/VBD-21  ==                        DEL    $0.429  [D]
           his/PRP$-22  ==                        DEL    $0.429  [D]
           right/NN-23  ==                        DEL    $0.429  [D]
              to/TO-24  ==                        DEL    $0.429  [D]
             the/DT-25  ==  the/DT-4              SUB    $0.862  [E, sim, Esz, d:0.226]
                        ==  10th_of_December_...  INS    $0.377  [I]
         British/JJ-26  ==                        DEL    $0.429  [D]
          throne/NN-27  ==                        DEL    $0.429  [D]
<SimpleProblem id="RTE2_dev.101.p0">
  <answer>?</answer>
  <p>Vatican spokesman_Joaquin_Navarro-Valls announced that Pope_John_Paul was still in serious condition , but he was not in a coma .</p>
  <h>Joaquin_Navarro-Valls is the Vatican_Spokesman .</h>
</SimpleProblem>
<MANLIResult id="RTE2_dev.101.p0" score="10.157" normscore="0.423">
                        ==  Joaquin_Navarro-V...  INS    $0.377  [I]
         Vatican/NNP-0  ==                        DEL    $0.429  [D]
  spokesman_Joaquin...  ==                        DEL    $0.429  [D]
  Maximum length of input (FEATURE_EDITING_MAX_LEN) [1024] 1024
  vi-style line editing commands (FEATURE_EDITING_VI) [Y/n/?] y
  History size (FEATURE_EDITING_HISTORY) [999] 999
ln -snf lib /builds/free-electrons/toolchains-builder/build/tmp/test-x86-64-core-i7--uclibc--stable/target/usr/lib64
ofz#4976 integer-overflow [Caolán McNamara]
ofz#4979 divide-by-zero [Caolán McNamara]
ofz#4982 integer-overflow [Caolán McNamara]
ofz#4983 divide-by-zero [Caolán McNamara]
ofz#4990 direct-leak [Caolán McNamara]
  Infantry_Brigade/...  ==                        DEL    $0.429  [D]
                ,/,-42  ==                        DEL    $0.429  [D]
sono+arts+festival	01.08.2009 19:21:33	http://www.google.com/search?hl=en&q=sono+arts+festival+parking&aq=f&oq=&aqi=	Mozilla/4.0 (compatible; MSIE 6.0; Windows NT 5.1; SV1; .NET CLR 1.1.4322; InfoPath.1; .NET CLR 2.0.50727)	173.2.120.193
                        ==  of/IN-1               INS    $0.377  [I]
                 ,/,-2  ==                        DEL    $0.429  [D]
               by/IN-3  ==                        DEL    $0.429  [D]
              far/RB-4  ==                        DEL    $0.429  [D]
              the/DT-5  ==  the/DT-2              SUB    $0.866  [E, sim, Esz, d:0.063]
            most/RBS-6  ==                        DEL    $0.429  [D]
         populous/JJ-7  ==                        DEL    $0.429  [D]
          country/NN-8  ==                        DEL    $0.429  [D]
               in/IN-9  ==  in/IN-8               SUB    $0.860  [E, sim, Esz, d:0.326]
  sub-Saharan_Afric...  ==                        DEL    $0.429  [D]
                ,/,-11  ==                        DEL    $0.429  [D]
            over/RB-12  ==                        DEL    $0.429  [D]
     2.7_million/CD-13  ==                        DEL    $0.429  [D]
         people/NNS-14  ==  people/NNS-3          SUB    $0.857  [E, sim, Esz, d:0.437]
            are/VBP-15  ==                        DEL    $0.429  [D]
       infected/VBN-16  ==  infected/VBN-4        SUB    $0.917  [E, sim, Esz, d:0.442, nTM]
            with/IN-17  ==  with/IN-5             SUB    $0.979  [E, sim, Esz, d:0.395, pTM, nTM]
             HIV/NN-18  ==  HIV/NN-6              SUB    $0.920  [E, sim, Esz, d:0.347, pTM]
[-2.000] Location.mismatch: no clear info of matching: live(X, prep_in)
Running ModalFeaturizer
Running NullPunisherFeaturizer
nsubj, 
[-0.000] NullPunisher.nsubj: 2.7_percent

[-3.000] NullPunisher.entity: 2.7_percent

[-1.321] NullPunisher.other: live
NullPunisher: Hyp word Africa found in text, not penalizing
Matching relations are: []
[-2.000] RootEntailment.unalignedRoot: "live" not aligned to anything
./Divers/Chanson_Hits_France
ofz#4570 depth protect mathtype parsing [Caolán McNamara]
ofz#4571 more Direct-leaks [Caolán McNamara]
	at info.magnolia.cms.filters.MgnlFilterChain.doFilter(MgnlFilterChain.java:79) [magnolia-core-6.2.3.jar:?]
	at info.magnolia.module.site.filters.SiteMergeFilter.doFilter(SiteMergeFilter.java:119) [magnolia-site-1.3.1.jar:?]
	at info.magnolia.cms.filters.AbstractMgnlFilter.doFilter(AbstractMgnlFilter.java:85) [magnolia-core-6.2.3.jar:?]
fedex+field	01.08.2009 19:30:13	http://www.google.com/search?hl=en&q=fedex+field+dc+concert&btnG=Google+Search&aq=f&oq=&aqi=	Mozilla/4.0 (compatible; MSIE 7.0; Windows NT 6.0; GTB6; SLCC1; .NET CLR 2.0.50727; Media Center PC 5.0; .NET CLR 3.0.04506)	68.48.77.233
fedex+field	01.08.2009 19:30:20	http://www.google.com/search?hl=en&q=FEDEX+field+parking+for+concerts&cts=1249155014456&aq=f&oq=&aqi=	Mozilla/5.0 (Windows; U; Windows NT 6.0; en-US; rv:1.9.0.12) Gecko/2009070611 Firefox/3.0.12	173.67.25.190
fedex+field	01.08.2009 19:30:21	http://www.google.com/search?client=firefox-a&rls=org.mozilla%3Aen-US%3Aofficial&channel=s&hl=en&q=Fedex+Field+Concert+Parking+lot+open&btnG=Google+Search	Mozilla/5.0 (Windows; U; Windows NT 5.1; en-US; rv:1.9.0.12) Gecko/2009070611 Firefox/3.0.12	96.255.70.74
tim+hack+and+kelly+drew	01.08.2009 19:30:23	http://www.google.com/search?sourceid=navclient&aq=0&oq=tim+hack&ie=UTF-8&rlz=1T4HPIA_enUS310US272&q=tim+hack+and+kelly+drew	Mozilla/4.0 (compatible; MSIE 7.0; Windows NT 5.1; GTB6; .NET CLR 1.0.3705; .NET CLR 1.1.4322; Media Center PC 4.0)	70.92.190.233
socorro+caro	01.08.2009 19:30:27	http://www.google.com/search?sourceid=navclient&ie=UTF-8&rlz=1T4ADBS_enUS310US310&q=soccoro+caro+murder+case	Mozilla/4.0 (compatible; MSIE 7.0; Windows NT 5.1; Trident/4.0; GTB6; .NET CLR 2.0.50727; OfficeLiveConnector.1.3; OfficeLivePatch.0.0; MSN OptimizedIE8;ENUS)	174.126.111.83
tdf#63154 replace tools/solar.h macros with osl versions [ekuiitr]
-- extracting... done
wfaa+weather	01.08.2009 23:07:06	http://www.google.com/search?q=wfaa+weather+noaa+radio&ie=utf-8&oe=utf-8&aq=t&rls=org.mozilla:en-US:official&client=firefox-a	Mozilla/5.0 (Windows; U; Windows NT 6.0; en-US; rv:1.9.0.12) Gecko/2009070611 Firefox/3.0.12	166.128.192.222
kxas+weather	01.08.2009 23:07:12	http://www.google.com/search?q=wfaa+weather+noaa+radio&ie=utf-8&oe=utf-8&aq=t&rls=org.mozilla:en-US:official&client=firefox-a	Mozilla/5.0 (Windows; U; Windows NT 6.0; en-US; rv:1.9.0.12) Gecko/2009070611 Firefox/3.0.12	166.128.192.222
market+days+chicago+2009	01.08.2009 23:07:13	http://www.google.com/search?hl=en&ie=ISO-8859-1&q=chicago+illinois++private+school+holiday+fair+2009&aq=f&oq=&aqi=	Mozilla/4.0 (compatible; MSIE 7.0; AOL 9.1; AOLBuild 4334.5000; Windows NT 6.0; WOW64; SLCC1; .NET CLR 2.0.50727; Media Center PC 5.0; .NET CLR 3.5.21022; .NET CLR 3.5.30729; .NET CLR 3.0.30618)	64.12.116.72
newport+folk+festival	01.08.2009 23:08:28	http://www.google.com/search?q=newport+folk+festival+2009&hl=en&client=firefox-a&rls=org.mozilla:en-US:official&hs=FP3&tbs=qdr:d&start=10&sa=N	Mozilla/5.0 (Macintosh; U; Intel Mac OS X 10.5; en-US; rv:1.9.0.12) Gecko/2009070609 Firefox/3.0.12	76.99.60.112
x+games+15+moto+x+best+trick	01.08.2009 23:08:30	http://www.google.com/search?hl=en&client=firefox-a&channel=s&rls=org.mozilla%3Aen-US%3Aofficial&hs=4hi&q=x+games+15+moto+x+best+trick+winners&aq=f&oq=&aqi=	Mozilla/5.0 (Windows; U; Windows NT 5.1; en-US; rv:1.9.0.12) Gecko/2009070611 Firefox/3.0.12	75.22.35.66
tdf#117041 Cumulative hypergeometric probability calculation error when discrete probabilities are too small [Winfried Donkers]
* \mag=1000
* \@twocolumnfalse
* \@twosidetrue
(pdftex.def)             Requested size: 418.25368pt x 278.83694pt.
 [72 </Users/natera/Dropbox/PhD/thesis/images/lqi/LQI_categories_regplots.pdf>]) (/Users/natera/Dropbox/PhD/thesis/chapters_tex/conclusion.tex [73] [74
[   1923093] resources::ResourceCacheDeviceV2::DoFetch downloading resource.rpf (hash 60a657f6daa76c3139b140f3060cd544729d826f) from http://139.99.125.59:30124/files/assets-handlings/resource.rpf
*
* Login/Password Management Utilities
[   1962875] overriding handle for mp_f_freemode_01/feet_diff_010_a_uni.ytd (was 4cd0203) -> 224
instanceKlass java/net/URL
     61     0.062345
     62     0.056077
     63     0.050439
     64     0.045367
     65     0.040806
     66     0.036703
     67     0.033013
     68     0.029693
     69     0.026708
     70     0.024022
     71     0.021607
     72     0.019435
     73     0.017481
     74     0.015723
     75     0.014142
     76     0.012720
     77     0.011441
     78     0.010291
     79     0.009256
     80     0.008326
     81     0.007488
     82     0.006736
     83     0.006058
     84     0.005449
     85     0.004901
</ActivateLexScorer>
<ActivateLexScorer WNSynonymy="name">
  <ObtainLexScorer name="WNSynonymy">
    <rteLexScorer name="WNSynonymy">active</rteLexScorer>
  </ObtainLexScorer>
(babel)             (\language0) on input line 102.
Package babel Info: \l@australian = using hyphenrules for ukenglish
                         G4CrossSectionPairGG: G4PiNuclearCrossSection cross sections 
                           below 91 GeV, Glauber-Gribov above 
     Cr_sctns:      G4CrossSectionPairGG: 0 eV  ---> 100 TeV
                         G4CrossSectionPairGG: G4PiNuclearCrossSection cross sections 
                           below 91 GeV, Glauber-Gribov above 
     Cr_sctns:          GheishaInelastic: 0 eV  ---> 100 TeV

  Process: hBertiniCaptureAtRest

---------------------------------------------------
                           Hadronic Processes for proton

  Process: hadElastic
        Model:             hElasticCHIPS: 0 eV  ---> 100 TeV
     Cr_sctns:      ChipsProtonElasticXS: 0 eV  ---> 100 TeV
     Cr_sctns:            GheishaElastic: 0 eV  ---> 100 TeV

  Process: protonInelastic
        Model:                      QGSP: 12 GeV ---> 100 TeV
        Model:                      FTFP: 9.5 GeV ---> 25 GeV
    DefaultRegionForTheWorld

Index : 1     used in the geometry : Yes
 Material : PMMA1.19
 Range cuts        :  gamma  700 um     e-  700 um     e+  700 um  proton 700 um 
 Energy thresholds :  gamma  2.40367 keV    e-  307.625 keV    e+  299.466 keV proton 70 keV
 Region(s) which use this couple : 
    DefaultRegionForTheWorld

====================================================================
    <rteLexScorer name="WNHypernymy">active</rteLexScorer>
<10:03AM KNBC> cav: how?
<10:04AM DrStupid> I'm falling asleep at the keyboard
     Cr_sctns:          GheishaInelastic: 0 eV  ---> 100 TeV

---------------------------------------------------
	at info.magnolia.cms.filters.MgnlFilterChain.doFilter(MgnlFilterChain.java:79) [magnolia-core-6.2.3.jar:?]
	at info.magnolia.cms.filters.MgnlFilterChain.doFilter(MgnlFilterChain.java:81) [magnolia-core-6.2.3.jar:?]
	at info.magnolia.personalization.preview.filter.PreviewFilter.doFilter(PreviewFilter.java:92) [magnolia-personalization-preview-app-2.0.3.jar:?]
	at info.magnolia.cms.filters.OncePerRequestAbstractMgnlFilter.doFilter(OncePerRequestAbstractMgnlFilter.java:59) [magnolia-core-6.2.3.jar:?]
	at info.magnolia.cms.filters.MgnlFilterChain.doFilter(MgnlFilterChain.java:79) [magnolia-core-6.2.3.jar:?]
	at info.magnolia.cms.filters.MgnlFilterChain.doFilter(MgnlFilterChain.java:81) [magnolia-core-6.2.3.jar:?]
	at info.magnolia.cms.filters.MgnlFilterChain.doFilter(MgnlFilterChain.java:81) [magnolia-core-6.2.3.jar:?]
	at info.magnolia.cms.filters.MgnlFilterChain.doFilter(MgnlFilterChain.java:81) [magnolia-core-6.2.3.jar:?]
	at info.magnolia.cms.filters.MgnlFilterChain.doFilter(MgnlFilterChain.java:81) [magnolia-core-6.2.3.jar:?]
	at info.magnolia.cms.filters.ContentTypeFilter.doFilter(ContentTypeFilter.java:155) [magnolia-core-6.2.3.jar:?]
	at info.magnolia.cms.filters.AbstractMgnlFilter.doFilter(AbstractMgnlFilter.java:85) [magnolia-core-6.2.3.jar:?]
	at info.magnolia.cms.filters.MgnlFilterChain.doFilter(MgnlFilterChain.java:79) [magnolia-core-6.2.3.jar:?]
	at sun.reflect.NativeMethodAccessorImpl.invoke0(Native Method) ~[?:1.8.0_252]
	at sun.reflect.NativeMethodAccessorImpl.invoke(NativeMethodAccessorImpl.java:62) ~[?:1.8.0_252]
	at sun.reflect.DelegatingMethodAccessorImpl.invoke(DelegatingMethodAccessorImpl.java:43) ~[?:1.8.0_252]
	at java.lang.reflect.Method.invoke(Method.java:498) ~[?:1.8.0_252]
	at com.vaadin.server.ServerRpcManager.applyInvocation(ServerRpcManager.java:155) ~[vaadin-server-8.9.4.jar:8.9.4]
	... 111 more
Caused by: java.lang.IllegalStateException
	at com.google.common.base.Preconditions.checkState(Preconditions.java:492) ~[guava-28.2-jre.jar:?]
	at com.google.common.net.MediaType$Tokenizer.consumeTokenIfPresent(MediaType.java:1026) ~[guava-28.2-jre.jar:?]
	at com.google.common.net.MediaType$Tokenizer.consumeToken(MediaType.java:1034) ~[guava-28.2-jre.jar:?]
	at com.google.common.net.MediaType.parse(MediaType.java:982) ~[guava-28.2-jre.jar:?]
	at info.magnolia.dam.app.imageprovider.AssetPreviewProvider.lambda$getResource$0(AssetPreviewProvider.java:73) ~[magnolia-dam-app-3.0.3.jar:?]
	at java.util.Optional.map(Optional.java:215) ~[?:1.8.0_252]
	at info.magnolia.dam.app.imageprovider.AssetPreviewProvider.getResource(AssetPreviewProvider.java:72) ~[magnolia-dam-app-3.0.3.jar:?]
	at info.magnolia.dam.app.contentview.column.AssetNameColumnDefinition$ValueProvider.apply(AssetNameColumnDefinition.java:81) ~[magnolia-dam-app-3.0.3.jar:?]
	at info.magnolia.dam.app.contentview.column.AssetNameColumnDefinition$ValueProvider.apply(AssetNameColumnDefinition.java:64) ~[magnolia-dam-app-3.0.3.jar:?]
	at com.vaadin.ui.Grid$Column.generateRendererValue(Grid.java:1111) ~[vaadin-server-8.9.4.jar:8.9.4]
	at com.vaadin.ui.Grid$Column.access$1100(Grid.java:849) ~[vaadin-server-8.9.4.jar:8.9.4]
C83	CALIFORNIA	BYRON	afd	sw_56_25OCT2007.png

9.2.x Multipath Sources       : (METAL ROOF/DOME/VLBI ANTENNA/etc)
       Effective Dates        : (CCYY-MM-DD/CCYY-MM-DD)
       Additional Information : (multiple lines)

9.3.1 Signal Obstructions     : (TREES/BUILDLINGS/etc)
       Effective Dates        : (CCYY-MM-DD/CCYY-MM-DD)
       Additional Information : (multiple lines)

9.3.x Signal Obstructions     : (TREES/BUILDLINGS/etc)
       Effective Dates        : (CCYY-MM-DD/CCYY-MM-DD)
       Additional Information : (multiple lines)


10.  Local Episodic Effects Possibly Affecting Data Quality

10.1 Date                     : (CCYY-MM-DD/CCYY-MM-DD)
     Event                    : (TREE CLEARING/CONSTRUCTION/etc)

10.x Date                     : (CCYY-MM-DD/CCYY-MM-DD)
     Event                    : (TREE CLEARING/CONSTRUCTION/etc)


11.  On-Site, Point of Contact Agency Information

     Agency                   : Ohio Department of Transportation
     Preferred Abbreviation   : OHDT
     Mailing Address          : Ohio Department of Transportation
                              : Office of CADD and Mapping Services
                              : 1980 West Broad St.
Checking for program /usr/bin/ranlib...found
tdf#112323 Category list should be sorted alphabetically in Customize dialog [Muhammet Kara]
tdf#112343 Consider porting to gdbus. [Arkadiy Illarionov]
tdf#112356 LOCALHELP Document the Watermark dialog [Gabor Kelemen, Olivier Hallot]
tdf#112373 cleanup SpellChecker [abstatic]
tdf#112384 Chapter Numbering: Allow line breaks for "separator, after" in the Chapter Numbering dialog [Adolfo Jayme Barrientos, Nithin Kumar Padavu]
tdf#112448 FILEOPEN, DOCX spurious blank line in text [Serge Krot]
tdf#112474 Statusbar: Clicking on page number section should open go to dialog [Jim Raykowski]
tdf#112481 Ability to add sheets on Calc on Android Viewer [Mert Tümer]
tdf#112482 Ability to add slides on Impress on Android Viewer [Mert Tümer]
tdf#112571 FILESAVE XLSX New named range is created every time an Excel made spreadsheet that contains print ranges is saved as XLSX [Eike Rathke]
tdf#112656 selected text is truncated in Calc sort dropdown [Zdeněk Crhonek]
tdf#112689 Replace chained O(U)StringBuffer::append() with operator+ [Shubham Verma]
tdf#112755 [NEWHELP] Reorder module Icons in top of the page [Olivier Hallot]
tdf#112757 [NEWHELP] Improvements required in index search [Ilmari Lauhakangas]
tdf#112758 [NEWHELP] Improve UX of online help pages on tabs attributes [Ilmari Lauhakangas]
tdf#112886 FILESAVE DOCX: Each save adds a tab space to footnotes [Justin Luth]
tdf#113070 Master document: No difference between subdocuments from a master created with outline level 1 and outline level 2 [Ahmed GHANMI]
tdf#113183 FILEOPEN DOCX: Text box alignment "right" from "page" too far right (due to another text box?) [Miklos Vajna]
tdf#113197 FILEOPEN: EMF+ Incorrect lines' height [Armin Le Grand]
tdf#113239 UI Spin button field for Column spacing (in Sections / Page styles) changes with 0,01 cm :) [brian houston morrow]
tdf#113258 FILEOPEN: Text in shape in a docx document is misplaced (partially cut) when opening in LO [Miklos Vajna]
tdf#113275 Last line drop down and expand single word check box should only be show active for Justified [Jim Raykowski]
tdf#113284 Crash opening index dialog [Zdeněk Crhonek]
tdf#113377 Crash in: OpenGLContext::AcquireFramebuffer(OpenGLTexture const &) [Miklos Vajna]
tdf#113413 LibO hangs at the JRE Required dialog when creating a New Database [Michael Stahl]
tdf#113455 Impossible to clear "Width/Height in pages" after converting "Page style" sheet to Widget UI [Mike Kaganski]
tdf#113481 EDITING: it takes multiple backspace to delete one ideographic variation sequence [Mark Hung]
tdf#113558 Replace 'AutoFormat' button with table style listbox in insert table dialog [Gabor Kelemen, Furkan Tokac, heiko tietze]
tdf#113572 Copying a chart converts data ranges to data table [Vasily Melenchuk]
tdf#114477 Can't set character highlighting on a text box using sidebar highlighting icon. [Tamás Zolnai]
	New feature
		- Add new progress report for calculate payment	
Version 1.54.0 (7 JUNE 2022)
	New feature
		- Add new car type for transportation setting
[22:42:47] Sports: [-] 8087/8698 wrong engine detected (ezblog-dashboard|implement(easyblog) - http://mwm-zahid.com.ua/index.php?option=com_easyblog&view=dashboard&layout=write
[22:42:48] Precious metals: [-] 0108/8003 download failed (Return: -) - https://uniwaybezcanta.com/
[22:42:47] Justice degree: [-] 8027/8289 no form at all - http://asmartpioneeragent.com/wp-login.php?action=register
[22:42:48] Mesa DUI lawyer T2: [-] 4204/8439 download failed (Return: -) - http://busfans.eu/index.php
[22:42:48] Make money online T2: [-] 3851/8483 download failed (Return: -) - http://stamp786.blogspot.com/2006/02/stamping-next-patternceasar-stone.html
GNU ar (GNU Binutils for Ubuntu) 2.26.1
Copyright (C) 2015 Free Software Foundation, Inc.
This program is free software; you may redistribute it under the terms of
the GNU General Public License version 3 or (at your option) any later version.
This program has absolutely no warranty.
staticfield java/util/BitSet $assertionsDisabled Z 1
ciInstanceKlass java/lang/AssertionError 0 0 66 10 10 10 10 100 10 10 10 10 10 10 10 10 100 100 1 1 1 5 0 1 1 1 1 1 1 1 100 100 1 1 1 1 1 1 1 1 1 12 12 100 12 1 12 12 12 12 12 12 12 12 1 1 1 1 1 1 1 1 1 1 1 1 1 1
) (/Users/natera/Dropbox/PhD/thesis/main.aux)
\openout1 = `main.aux'.
	at org.apache.tomcat.util.net.SocketProcessorBase.run(SocketProcessorBase.java:49) [tomcat-coyote.jar:9.0.34]
94Z	ALASKA	NOME CITY FLD	afd	al_156_25OCT2007.png
US Core Comparison: compare StructureDefinition[http://hl7.org/fhir/us/ph-library/StructureDefinition/us-ph-disability-status|1.0.0] to StructureDefinition[http://hl7.org/fhir/us/core/StructureDefinition/us-core-observation-pregnancyintent|6.1.0]
US Core Comparison: compare StructureDefinition[http://hl7.org/fhir/us/ph-library/StructureDefinition/us-ph-disability-status|1.0.0] to StructureDefinition[http://hl7.org/fhir/us/core/StructureDefinition/us-core-observation-pregnancystatus|6.1.0]
US Core Comparison: compare StructureDefinition[http://hl7.org/fhir/us/ph-library/StructureDefinition/us-ph-disability-status|1.0.0] to StructureDefinition[http://hl7.org/fhir/us/core/StructureDefinition/us-core-observation-screening-assessment|6.1.0]
US Core Comparison: compare StructureDefinition[http://hl7.org/fhir/us/ph-library/StructureDefinition/us-ph-disability-status|1.0.0] to StructureDefinition[http://hl7.org/fhir/us/core/StructureDefinition/us-core-observation-sexual-orientation|6.1.0]
US Core Comparison: compare StructureDefinition[http://hl7.org/fhir/us/ph-library/StructureDefinition/us-ph-disability-status|1.0.0] to StructureDefinition[http://hl7.org/fhir/us/core/StructureDefinition/us-core-pulse-oximetry|6.1.0]
                                  1992-060B      Satcom C3                      Satcom C3                 S22117
1992-072     1992 Oct 28 0015:00  1992-072A      Galaxy VII                     Galaxy VII                S22205  Ariane 42P             V54              CSG ELA2                 0.0
1992-084     1992 Dec  1 2248:00  1992-084A      Superbird A1                   Superbird A1              S22253  Ariane 42P             V55              CSG ELA2                 0.0

  CommandLine Override: NONE
Source:
#include "confdefs.h"
     1  O    8.335575   0.265387   0.265387
21:38:12 T:139832867932032   DEBUG: CPlayerSelectionRule::Initialize: creating rule: system rules

Features ------------------------------------------------
Checking copula in apposition
Running ModalFeaturizer
Running NullPunisherFeaturizer
21:38:12 T:139832867932032  NOTICE:     Device 2
21:38:12 T:139832867932032  NOTICE:         m_deviceName      : hdmi:CARD=HDMI,DEV=1
      2    32.360766
      3    29.107050
CYBL	ALASKA	CAMPBELL RIVER BC CAMPBELL RIVER	afd	al_39_25OCT2007.png
AK75	ALASKA	CANDLE 2	afd	al_39_25OCT2007.png
TTW	ALASKA	CANTWELL	afd	al_40_25OCT2007.png
LUR	ALASKA	CAPE LISBURNE LRRS	afd	al_40_25OCT2007.png
EHM	ALASKA	CAPE NEWENHAM LRRS	afd	al_41_25OCT2007.png
LogDevObjectVersion: Number of dev versions registered: 35
LogDevObjectVersion:   Dev-Blueprints (B0D832E4-1F89-4F0D-ACCF-7EB736FD4AA2): 10
LogDevObjectVersion:   Dev-Build (E1C64328-A22C-4D53-A36C-8E866417BD8C): 0
	at com.vaadin.data.provider.DataCommunicator.sendDataToClient(DataCommunicator.java:383) ~[vaadin-server-8.9.4.jar:8.9.4]
E67	ARIZONA	KEARNY	afd	sw_16_25OCT2007.png
<SimpleProblem id="RTE2_dev.1.p0">
  <answer>?</answer>
  <p>As a result of these weaknesses , computer_systems and the operations that rely on the systems were highly vulnerable to tampering , disruption , and misuse from both internal and external sources .</p>
  <h>Non-authorized personnel illegally entered into computer_networks .</h>
</SimpleProblem>
<ActivateLexScorer eqLemmas="name">
  <ObtainLexScorer name="eqLemmas" />
  <MemoFn>Loading memos from /u/nlp/rte/natlog/memos/lex/eqLemmas.memos.ser.gz...</MemoFn>
  <MemoFn>Loaded 7207 memos: 7207 added, 0 changed, 0 matched.</MemoFn>
</ActivateLexScorer>
<ActivateLexScorer thresholdedLemStrSim="name">
  <ObtainLexScorer name="thresholdedLemStrSim" />
  <MemoFn>Loading memos from /u/nlp/rte/natlog/memos/lex/thresholdedLemStrSim.memos.ser.gz...</MemoFn>
  <MemoFn>Loaded 7043 memos: 7043 added, 0 changed, 0 matched.</MemoFn>
</ActivateLexScorer>
<ActivateLexScorer tagSim="name">
  <ObtainLexScorer name="tagSim" />
  <MemoFn>Loading memos from /u/nlp/rte/natlog/memos/lex/tagSim.memos.ser.gz...</MemoFn>
  <MemoFn>Loaded 7043 memos: 7043 added, 0 changed, 0 matched.</MemoFn>
</ActivateLexScorer>
<ActivateLexScorer LemSubSeqLexScorer="name">
  <ObtainLexScorer name="LemSubSeqLexScorer" />
  <MemoFn>Loading memos from /u/nlp/rte/natlog/memos/lex/LemSubSeqLexScorer.memos.ser.gz...</MemoFn>
  <MemoFn>Loaded 7043 memos: 7043 added, 0 changed, 0 matched.</MemoFn>
</ActivateLexScorer>
<ActivateLexScorer strSimIgnoringNonAlphaNumerics="name">
  <ObtainLexScorer name="strSimIgnoringNonAlphaNumerics" />
  <MemoFn>Loading memos from /u/nlp/rte/natlog/memos/lex/strSimIgnoringNonAlphaNumerics.memos.ser.gz...</MemoFn>
  <MemoFn>Loaded 7043 memos: 7043 added, 0 changed, 0 matched.</MemoFn>
           rely/VBP-12  ==                        DEL    $0.429  [D]
Avoid using GCC-specific code constructs (USE_PORTABLE_CODE) [N/y/?] n
Enable Linux-specific applets and features (PLATFORM_LINUX) [Y/?] y
Show applet usage messages (SHOW_USAGE) [Y/n/?] y
  Show verbose applet usage messages (FEATURE_VERBOSE_USAGE) [Y/n/?] y
  Store applet usage messages in compressed form (FEATURE_COMPRESS_USAGE) [N/y/?] n
(fancyhdr)                Make it at least 27.59193pt, for example:
KPC	ALASKA	PORT CLARENCE CGS	afd	al_174_25OCT2007.png
PGM	ALASKA	PORT GRAHAM	afd	al_174_25OCT2007.png
CYZT	ALASKA	PORT HARDY	afd	al_175_25OCT2007.png
PTH	ALASKA	PORT HEIDEN	afd	al_175_25OCT2007.png
HIO	ALASKA	PORTLAND, OR PORTLAND-HILLSBORO	afd	al_176_25OCT2007.png
PDX	ALASKA	PORTLAND, OR PORTLAND INTL	afd	al_177_25OCT2007.png
TTD	ALASKA	PORTLAND-TROUTDALE	afd	al_178_25OCT2007.png
ORI	ALASKA	PORT LIONS	afd	al_178_25OCT2007.png
Cold Bay	ALASKA	PORT MOLLER	afd	al_178_25OCT2007.png
19P	ALASKA	PORT PROTECTION SEAPLANE	afd	al_179_25OCT2007.png
0S9	ALASKA	PORT TOWNSEND, WA JEFFERSON CO INTL	afd	al_179_25OCT2007.png
PWR	ALASKA	PORT WALTER SEAPLANE	afd	al_179_25OCT2007.png
CYPW	ALASKA	POWELL RIVER	afd	al_180_25OCT2007.png
CYPR	ALASKA	PRINCE RUPERT	afd	al_180_25OCT2007.png
PPC	ALASKA	PROSPECT CREEK	afd	al_181_25OCT2007.png
90AK	ALASKA	PRUDHOE BAY-DEADHORSE NORTHSTAR HELIPORT	afd	al_181_25OCT2007.png
DDT	ALASKA	SLANA DUFFYS TAVERN	afd	al_202_25OCT2007.png
SLQ	ALASKA	SLEETMUTE	afd	al_203_25OCT2007.png
CYYD	ALASKA	SMITHERS	afd	al_203_25OCT2007.png
1AK4	ALASKA	SOLDOTNA KENAI RIVER AIRPARK	afd	al_203_25OCT2007.png
SXQ	ALASKA	SOLDOTNA	afd	al_204_25OCT2007.png
SD1	ALASKA	SOLDOTNA HOSPITAL H HELIPORT	afd	al_205_25OCT2007.png
WSN	ALASKA	SOUTH NAKNEK NR 2	afd	al_205_25OCT2007.png
SVW	ALASKA	SPARREVOHN LRRS	afd	al_206_25OCT2007.png
36H	ALASKA	SQUAW HARBOR SEAPLANE	afd	al_206_25OCT2007.png
WSB	ALASKA	STEAMBOAT BAY SEAPLANE	afd	al_207_25OCT2007.png
WBB	ALASKA	STEBBINS	afd	al_207_25OCT2007.png
AK05	ALASKA	STERLING BREEDEN	afd	al_207_25OCT2007.png
53AK	ALASKA	STERLING LAKEWOOD AIRSTRIP	afd	al_207_25OCT2007.png
40AK	ALASKA	STERLING AIR PARK	afd	al_208_25OCT2007.png
[   1964812] overriding handle for mp_f_freemode_01/task_diff_001_b_uni.ytd (was 4cd05d8) -> 2ae
[   1964828] overriding handle for mp_f_freemode_01/task_diff_001_c_uni.ytd (was 4cd05d9) -> 2af
[   1964843] overriding handle for mp_f_freemode_01/task_diff_001_d_uni.ytd (was 4cd05da) -> 2b0
[   1964859] overriding handle for mp_f_freemode_01/task_diff_001_e_uni.ytd (was 4cd05db) -> 2b1
[   1964875] overriding handle for mp_f_freemode_01/task_diff_002_a_uni.ytd (was 4cd05dc) -> 2b2
[   1964890] overriding handle for mp_f_freemode_01/task_diff_002_b_uni.ytd (was 4cd05dd) -> 2b3
[   1964906] overriding handle for mp_f_freemode_01/task_diff_002_c_uni.ytd (was 4cd05de) -> 2b4
[   1964906] overriding handle for mp_f_freemode_01/task_diff_002_d_uni.ytd (was 4cd05df) -> 2b5
[   1964922] overriding handle for mp_f_freemode_01/task_diff_002_e_uni.ytd (was 4cd05e0) -> 2b6
[   1964937] overriding handle for mp_f_freemode_01/task_diff_003_c_uni.ytd (was 4cd05e3) -> 2b7
[   1964953] overriding handle for mp_f_freemode_01/task_diff_003_d_uni.ytd (was 4cd05e4) -> 2b8
[   1964968] overriding handle for mp_f_freemode_01/task_diff_003_e_uni.ytd (was 4cd05e5) -> 2b9
[   1964984] overriding handle for mp_f_freemode_01/task_diff_004_a_uni.ytd (was 4cd05e6) -> 2ba
[   1965000] overriding handle for mp_f_freemode_01/task_diff_004_b_uni.ytd (was 4cd05e7) -> 2bb
[   1965015] overriding handle for mp_f_freemode_01/task_diff_004_c_uni.ytd (was 4cd05e8) -> 2bc
[   1965703] overriding handle for mp_f_freemode_01/teef_diff_006_f_uni.ytd (was 4cd0628) -> 2ef
[   1965718] overriding handle for mp_f_freemode_01/teef_diff_008_a_uni.ytd (was 4cd062f) -> 2f0
[   1965734] overriding handle for mp_f_freemode_01/teef_diff_008_b_uni.ytd (was 4cd0630) -> 2f1
[   1965750] overriding handle for mp_f_freemode_01/teef_diff_008_c_uni.ytd (was 4cd0631) -> 2f2
[   1965765] overriding handle for mp_f_freemode_01/teef_diff_008_d_uni.ytd (was 4cd0632) -> 2f3
[   1965765] overriding handle for mp_f_freemode_01/teef_diff_008_e_uni.ytd (was 4cd0633) -> 2f4
[   1965781] overriding handle for mp_f_freemode_01/teef_diff_008_f_uni.ytd (was 4cd0634) -> 2f5
[   1965797] overriding handle for mp_f_freemode_01_female_apt01/accs_001_u.ydd (was 54d0008) -> 2f6
[   1965812] overriding handle for mp_f_freemode_01_female_apt01/accs_diff_001_a_uni.ytd (was 54d0009) -> 2f7
[   1965828] overriding handle for mp_f_freemode_01_female_apt01/jbib_002_u.ydd (was 5610031) -> 302
[   1965843] overriding handle for mp_f_freemode_01_female_apt01/jbib_006_u.ydd (was 5120094) -> 304
[   1965859] overriding handle for mp_f_freemode_01_female_apt01/jbib_007_u.ydd (was 5410008) -> 305
[   1965875] overriding handle for mp_f_freemode_01_female_apt01/jbib_008_u.ydd (was 54d000c) -> 306
[   1965890] overriding handle for mp_f_freemode_01_female_apt01/jbib_009_u.ydd (was 54d000d) -> 307
[   1965890] overriding handle for mp_f_freemode_01_female_apt01/jbib_010_u.ydd (was 54d000e) -> 309
  fprintf_ptr(stdout,"hello");
mardomak	01.08.2009 19:51:51	http://www.google.com/search?q=mardomak+news&rls=com.microsoft:en-us:IE-SearchBox&ie=UTF-8&oe=UTF-8&sourceid=ie7&rlz=1I7RNTN_en	Mozilla/4.0 (compatible; MSIE 8.0; Windows NT 6.0; Trident/4.0; GTB6; SLCC1; .NET CLR 2.0.50727; Media Center PC 5.0; MDDC; .NET CLR 3.5.30729; .NET CLR 3.0.30618)	71.246.238.175
mardomak	01.08.2009 19:51:55	http://www.google.de/search?q=mardomak+weblog&ie=utf-8&oe=utf-8&aq=t&rls=org.mozilla:de:official&client=firefox-a	Mozilla/5.0 (Windows; U; Windows NT 5.1; de; rv:1.9.0.3) Gecko/2008092417 Firefox/3.0.3	84.144.18.200
market+days+chicago+2009	01.08.2009 19:52:06	http://www.google.com/search?q=market+days+chicago+il&ie=utf-8&oe=utf-8&aq=t&rls=org.mozilla:en-US:official&client=firefox-a	Mozilla/5.0 (Macintosh; U; Intel Mac OS X; en-US; rv:1.8.1.11) Gecko/20071127 Firefox/2.0.0.11	76.223.90.152
invicta+9212+men%E2%80%99s+gold+plated+stainless+steel+speedway+watch	01.08.2009 19:52:36	http://www.google.com/search?hl=en&rlz=1T4GFRC_enUS310US310&q=buy+Invicta+9212+Men%E2%80%99s+Gold+Plated+Stainless+Steel+Speedway+Watch%3A&aq=f&oq=&aqi=	Mozilla/4.0 (compatible; MSIE 7.0; Windows NT 5.1; GTB6; .NET CLR 1.1.4322; .NET CLR 2.0.50727)	208.57.65.66
mardomak	01.08.2009 19:52:40	http://www.google.ca/search?hl=en&q=mardomak+blog&btnG=Search&meta=	Mozilla/4.0 (compatible; MSIE 7.0; Windows NT 6.0; SLCC1; .NET CLR 2.0.50727; .NET CLR 3.0.04506)	24.224.182.175
 PROC_COUNT O14 : ALL = 9332
 PROC_COUNT O15 : Transportation = 81866
 PROC_COUNT O15 : ALL = 81866
/gamos/physics/addPhysics radioactiveDecay
/gamos/physics/removeProcessesByType Electromagnetic
/control/execute ../exercise0/pbsSource.in
/gamos/generator/addSingleParticleSource source proton 226.62*MeV
Enable correlated gamma emission                  0
Max 2J for sampling of angular correlations       10
Atomic de-excitation enabled                      1
Auger electron emission enabled                   1
Auger cascade enabled                             1
Check EM cuts disabled for atomic de-excitation   0
Use Bearden atomic level energies                 0
=======================================================================
@@@ G4ParticleHPInelastic instantiated for particle He3 data directory variable is G4HE3HPDATA pointing to /home/arce/gamos/external/geant4/geant4.10.04.p02.gamos/../data/G4TENDL1.3.2/He3/Inelastic
G4ParticleHPManager::GetDataStream FILE /home/arce/gamos/external/geant4/geant4.10.04.p02.gamos/../data/G4TENDL1.3.2/He3/Inelastic/F02//6_12_Carbon.z
G4ParticleHPManager::GetDataStream FILE /home/arce/gamos/external/geant4/geant4.10.04.p02.gamos/../data/G4TENDL1.3.2/He3/Inelastic/F02//6_13_Carbon.z
G4ParticleHPManager::GetDataStream FILE /home/arce/gamos/external/geant4/geant4.10.04.p02.gamos/../data/G4TENDL1.3.2/He3/Inelastic/F02//7_14_Nitrogen.z
G4ParticleHPManager::GetDataStream FILE /home/arce/gamos/external/geant4/geant4.10.04.p02.gamos/../data/G4TENDL1.3.2/He3/Inelastic/F02//7_15_Nitrogen.z
G4ParticleHPManager::GetDataStream FILE /home/arce/gamos/external/geant4/geant4.10.04.p02.gamos/../data/G4TENDL1.3.2/He3/Inelastic/F02//8_16_Oxygen.z
G4ParticleHPManager::GetDataStream FILE /home/arce/gamos/external/geant4/geant4.10.04.p02.gamos/../data/G4TENDL1.3.2/He3/Inelastic/F02//8_17_Oxygen.z
G4ParticleHPManager::GetDataStream FILE /home/arce/gamos/external/geant4/geant4.10.04.p02.gamos/../data/G4TENDL1.3.2/He3/Inelastic/F02//8_17_Oxygen.z
G4ParticleHPManager::GetDataStream FILE /home/arce/gamos/external/geant4/geant4.10.04.p02.gamos/../data/G4TENDL1.3.2/He3/Inelastic/F02//18_36_Argon.z
G4ParticleHPManager::GetDataStream FILE /home/arce/gamos/external/geant4/geant4.10.04.p02.gamos/../data/G4TENDL1.3.2/He3/Inelastic/F02//18_38_Argon.z
G4ParticleHPManager::GetDataStream FILE /home/arce/gamos/external/geant4/geant4.10.04.p02.gamos/../data/G4TENDL1.3.2/He3/Inelastic/F02//18_40_Argon.z
@@@ G4ParticleHPInelastic instantiated for particle alpha data directory variable is G4ALPHAHPDATA pointing to /home/arce/gamos/external/geant4/geant4.10.04.p02.gamos/../data/G4TENDL1.3.2/Alpha/Inelastic
G4ParticleHPManager::GetDataStream FILE /home/arce/gamos/external/geant4/geant4.10.04.p02.gamos/../data/G4TENDL1.3.2/Alpha/Inelastic/F02//6_12_Carbon.z
G4ParticleHPManager::GetDataStream FILE /home/arce/gamos/external/geant4/geant4.10.04.p02.gamos/../data/G4TENDL1.3.2/Alpha/Inelastic/F02//6_13_Carbon.z
G4ParticleHPManager::GetDataStream FILE /home/arce/gamos/external/geant4/geant4.10.04.p02.gamos/../data/G4TENDL1.3.2/Alpha/Inelastic/F02//7_14_Nitrogen.z
G4ParticleHPManager::GetDataStream FILE /home/arce/gamos/external/geant4/geant4.10.04.p02.gamos/../data/G4TENDL1.3.2/Alpha/Inelastic/F02//7_15_Nitrogen.z
G4ParticleHPManager::GetDataStream FILE /home/arce/gamos/external/geant4/geant4.10.04.p02.gamos/../data/G4TENDL1.3.2/Alpha/Inelastic/F02//8_16_Oxygen.z
G4ParticleHPManager::GetDataStream FILE /home/arce/gamos/external/geant4/geant4.10.04.p02.gamos/../data/G4TENDL1.3.2/Alpha/Inelastic/F02//8_17_Oxygen.z
[   1962422] overriding handle for mp_f_freemode_01/accs_diff_012_c_uni.ytd (was 4cd00f6) -> 201
[   1962422] overriding handle for mp_f_freemode_01/accs_diff_012_d_uni.ytd (was 4cd00f7) -> 202
[   1962437] overriding handle for mp_f_freemode_01/accs_diff_012_e_uni.ytd (was 4cd00f8) -> 203
[   1962453] overriding handle for mp_f_freemode_01/accs_diff_012_f_uni.ytd (was 4cd00f9) -> 204
[   1962468] overriding handle for mp_f_freemode_01/accs_diff_012_g_uni.ytd (was 4cd00fa) -> 205
MXA	ARKANSAS	MANILA MUNI	afd	sc_26_25OCT2007.png
coverity#1433782 unintended sign extension [Caolán McNamara]
i2cset (I2CSET) [Y/n/?] y
i2cdump (I2CDUMP) [Y/n/?] y
i2cdetect (I2CDETECT) [Y/n/?] y
2021-10-26T21:50:50.236Z,1.236478,4337000,6 [FLog::SurfaceController] SurfaceController::RenderJob::stepDataModelJob: No DM yet. Continue...
2021-10-26T21:50:50.236Z,1.236582,44c0000,6 [FLog::LocalStorage] LocalStorage writing to file: /Users/studioagain/Library/Roblox/LocalStorage/memProfStorage11138.json
	Bug fixed
		- Fix BOM Summary and Detail Report summary data not correct
 ---------------------------------------------------------------------------------------------------
    + 8 useless calls. (cid#1326581) [jan iversen]
    + <vcl/spin.h> can be private to vcl [Tor Lillqvist]
    + [ABI CHANGE] In SDK, replace regcompare with unoidl-check [Stephan Bergmann]
    + [ANIMATION] Animation Spiral in does not work (tdf#96522) [Noel Grandin]
    + [API CHANGE] add Author Initials to XAnnotation [Caolán McNamara]
mountaineer+race+track	01.08.2009 22:23:30	http://www.google.com/search?hl=en&rlz=1G1GGLQ_ENUS294&q=mountaineer+horse+race+track+history&btnG=Search&aq=f&oq=&aqi=	Mozilla/4.0 (compatible; MSIE 6.0; Windows NT 5.1; SV1; .NET CLR 1.1.4322; .NET CLR 2.0.50727; InfoPath.1)	75.213.183.163
mountaineer+race+track	01.08.2009 22:23:37	http://www.google.com/search?hl=en&rlz=1G1GGLQ_ENUS294&q=mountaineer+horse+race+track+history&btnG=Search&aq=f&oq=&aqi=	Mozilla/4.0 (compatible; MSIE 6.0; Windows NT 5.1; SV1; .NET CLR 1.1.4322; .NET CLR 2.0.50727; InfoPath.1)	75.213.183.163
HKA	ARKANSAS	BLYTHEVILLE MUNI	afd	sc_5_25OCT2007.png
[2023.05.20-22.07.39:930][  0]LogConfig: Set CVar [[r.CustomDepth:3]]
     Monument Inscription     : 
     IERS DOMES Number        : (A9)
     CDP Number               : (A4)
     Monument Description     : ALUMINUM MAST
       Height of the Monument : (m)
    + add i18nlangtag and ucbhelper to libmerged [Matúš Kukan]
Executing: uname -s
4AK1	ALASKA	INIGOK	afd	al_60_25OCT2007.png
CYDL	ALASKA	DEASE LAKE	afd	al_60_25OCT2007.png
DEE	ALASKA	DEERING	afd	al_61_25OCT2007.png
AK77	ALASKA	DELTA JUNCTION ALL WEST	afd	al_61_25OCT2007.png
D66	ALASKA	DELTA JUNCTION	afd	al_61_25OCT2007.png
 Will use up to   40 processors via shared memory.
      manliReportResult                 = true
      manliReportSteps                  = false
[22:42:48] Mesothelioma: [+] 0535/7981 matches engine Wordpress Article - http://homecoming.journalism.cuny.edu/2012/05/14/map/
[22:42:37] Bollywood: [-] 0193/7884 no engine matches - http://www.textcube.org/manual/entry/codingGuideline
[22:42:37] Injury Lawyers T2: [-] 3902/8161 download failed (Return: 503 Service Unavailable, SockError: Connection timed out) - http://web.dmd.mcu.edu.tw/zh-hant
[22:42:37] Sai: [-] 8085/8249 no engine matches (HTTP-Status: 501) - https://www.washingtonmainstream.org/transportation-isnt-just-a-puget-sound-problem/
tdf#70425 EDITING: Embedded Firebird - Copying integer values from Calc to Base impossible [Tamas Bunth]
tdf#71007 EDITING: Embedded Firebird - Impossible to set milliseconds in a timefield with GUI [Tor Lillqvist]
tdf#71339 EDITING sigma icon (sum function) operating on selected range [Zdeněk Crhonek]
       Notes                  : (multiple lines)


tdf#106535 Improved Help Text for Selection Modes [Olivier Hallot]
[2023.05.20-22.07.39:933][  0]LogConfig: Set CVar [[r.DOF.Scatter.MaxSpriteRatio:0.1         ; only a maximum of 10% of scattered bokeh]]
Jekyll: done in 4.513 seconds.                                                   (22:58.001)
Checking Output HTML                                                             (23:04.431)
 The following legend is applicable only to US Government
build	14-Jul-2020 09:19:57	[DEBUG] -----------------------------------------------------------------------
entering extended mode
* Common options
Jekyll: Generating...                                                            (22:53.489)
Jekyll: done in 4.513 seconds.                                                   (22:58.001)
	at info.magnolia.cms.i18n.I18nContentSupportFilter.doFilter(I18nContentSupportFilter.java:85) [magnolia-core-6.2.3.jar:?]
	at info.magnolia.cms.filters.AbstractMgnlFilter.doFilter(AbstractMgnlFilter.java:85) [magnolia-core-6.2.3.jar:?]
	at info.magnolia.cms.filters.MgnlFilterChain.doFilter(MgnlFilterChain.java:79) [magnolia-core-6.2.3.jar:?]
	at info.magnolia.cms.filters.RangeSupportFilter.doFilter(RangeSupportFilter.java:78) [magnolia-core-6.2.3.jar:?]
	at info.magnolia.cms.filters.AbstractMgnlFilter.doFilter(AbstractMgnlFilter.java:85) [magnolia-core-6.2.3.jar:?]
	at info.magnolia.cms.filters.MgnlFilterChain.doFilter(MgnlFilterChain.java:79) [magnolia-core-6.2.3.jar:?]
	at info.magnolia.cms.filters.MgnlFilterChain.doFilter(MgnlFilterChain.java:81) [magnolia-core-6.2.3.jar:?]
	at info.magnolia.cms.security.BaseSecurityFilter.doFilter(BaseSecurityFilter.java:57) [magnolia-core-6.2.3.jar:?]
	at info.magnolia.cms.filters.AbstractMgnlFilter.doFilter(AbstractMgnlFilter.java:85) [magnolia-core-6.2.3.jar:?]
	at info.magnolia.cms.filters.MgnlFilterChain.doFilter(MgnlFilterChain.java:79) [magnolia-core-6.2.3.jar:?]
	at info.magnolia.cms.filters.MgnlFilterChain.doFilter(MgnlFilterChain.java:81) [magnolia-core-6.2.3.jar:?]
	at info.magnolia.cms.filters.MgnlFilterChain.doFilter(MgnlFilterChain.java:81) [magnolia-core-6.2.3.jar:?]
	at info.magnolia.cms.security.SecurityCallbackFilter.doFilter(SecurityCallbackFilter.java:84) [magnolia-core-6.2.3.jar:?]
	at info.magnolia.cms.filters.OncePerRequestAbstractMgnlFilter.doFilter(OncePerRequestAbstractMgnlFilter.java:59) [magnolia-core-6.2.3.jar:?]
	at info.magnolia.cms.filters.MgnlFilterChain.doFilter(MgnlFilterChain.java:79) [magnolia-core-6.2.3.jar:?]
	at info.magnolia.cms.security.LogoutFilter.doFilter(LogoutFilter.java:94) [magnolia-core-6.2.3.jar:?]
	at info.magnolia.cms.filters.OncePerRequestAbstractMgnlFilter.doFilter(OncePerRequestAbstractMgnlFilter.java:59) [magnolia-core-6.2.3.jar:?]
	at info.magnolia.cms.filters.MgnlFilterChain.doFilter(MgnlFilterChain.java:79) [magnolia-core-6.2.3.jar:?]
	at info.magnolia.module.site.filters.SiteMergeFilter.doFilter(SiteMergeFilter.java:119) [magnolia-site-1.3.1.jar:?]
	at info.magnolia.cms.filters.AbstractMgnlFilter.doFilter(AbstractMgnlFilter.java:85) [magnolia-core-6.2.3.jar:?]
	at info.magnolia.cms.filters.MgnlFilterChain.doFilter(MgnlFilterChain.java:79) [magnolia-core-6.2.3.jar:?]
	at info.magnolia.multisite.filters.MultiSiteFilter.doFilter(MultiSiteFilter.java:120) [magnolia-module-multisite-2.1.1.jar:?]
	at info.magnolia.cms.filters.AbstractMgnlFilter.doFilter(AbstractMgnlFilter.java:85) [magnolia-core-6.2.3.jar:?]
	at info.magnolia.cms.filters.MgnlFilterChain.doFilter(MgnlFilterChain.java:79) [magnolia-core-6.2.3.jar:?]
	at info.magnolia.cms.filters.MultiChannelFilter.doFilter(MultiChannelFilter.java:83) [magnolia-core-6.2.3.jar:?]
	at info.magnolia.cms.filters.AbstractMgnlFilter.doFilter(AbstractMgnlFilter.java:85) [magnolia-core-6.2.3.jar:?]
	at info.magnolia.cms.filters.MgnlFilterChain.doFilter(MgnlFilterChain.java:79) [magnolia-core-6.2.3.jar:?]
	at info.magnolia.cms.filters.MgnlFilterChain.doFilter(MgnlFilterChain.java:81) [magnolia-core-6.2.3.jar:?]
	at info.magnolia.module.cache.filter.GZipFilter.doFilter(GZipFilter.java:74) [magnolia-cache-core-5.9.1.jar:?]
	at info.magnolia.cms.filters.OncePerRequestAbstractMgnlFilter.doFilter(OncePerRequestAbstractMgnlFilter.java:59) [magnolia-core-6.2.3.jar:?]
                                  1994-049A      Brasilsat B1                   Brasilsat B1              S23199
1994-058     1994 Sep  9 0029:44  1994-058       Telstar 402                    Telstar 402               A04943  Ariane 42L             V67              CSG ELA2                 0.0
1994-065     1994 Oct  8 0107:00  1994-065B      Thaicom 2                      Thaicom 2                 S23314  Ariane 44L             V68              CSG ELA2                 0.0
                                  1994-065A      Solidaridad 2                  Solidaridad 2             S23313
1994-070     1994 Nov  1 0037:00  1994-070A      Astra 1D                       Astra 1D                  S23331  Ariane 42P             V69              CSG ELA2                 0.0
 [23] [24] [25] [26] [27] [28] [29] [30]
-- extracting... [analysis]
-- extracting... [rename]
     -- Verifying Spacecraft ID

<Clint2> 28 major aftershoocks at a minimum abc says
*** Unknown command: NUM
<DrStupid> KNBC - 5 confirmed deaths, 4 heart attacks and 1 motorcycle cop
tdf#104861 When navigating the Extension manager with the keyboard, it is not possible to focus the list of extensions [Katarina Behrens]
Now handling font encoding PU ...
... no UTF-8 mapping file for font encoding PU
)
Package hyperref Info: Option `unicode' set `true' on input line 4073.
Package hyperref Info: Hyper figures OFF on input line 4192.
Package hyperref Info: Link nesting OFF on input line 4197.
Package hyperref Info: Hyper index ON on input line 4200.
Package hyperref Info: Plain pages OFF on input line 4207.
Package hyperref Info: Backreferencing OFF on input line 4212.
Package hyperref Info: Implicit mode ON; LaTeX internals redefined.
Package hyperref Info: Bookmarks ON on input line 4445.
\c@Hy@tempcnt=\count339
 (/usr/local/texlive/2021/texmf-dist/tex/latex/url/url.sty
\lightrulewidth=\dimen289
\cmidrulewidth=\dimen290
\belowrulesep=\dimen291
\belowbottomsep=\dimen292
\aboverulesep=\dimen293
\abovetopsep=\dimen294
\cmidrulesep=\dimen295
\cmidrulekern=\dimen296
\defaultaddspace=\dimen297
\@cmidla=\count346
\@cmidlb=\count347
\@aboverulesep=\dimen298
\@belowrulesep=\dimen299
\@thisruleclass=\count348
\@lastruleclass=\count349
\@thisrulewidth=\dimen300
)
granicrete	01.08.2009 22:20:51	http://www.google.com/search?q=Granicrete&hl=en&client=firefox-a&rls=org.mozilla:en-US:official&hs=4Bc&start=10&sa=N&cts=1249142952709	Mozilla/5.0 (Windows; U; Windows NT 5.1; en-US; rv:1.9.0.12) Gecko/2009070611 Firefox/3.0.12	74.196.60.25
granicrete	01.08.2009 22:20:52	http://www.google.com/search?q=Granicrete&hl=en&client=firefox-a&rls=org.mozilla:en-US:official&hs=4Bc&start=10&sa=N&cts=1249142952709	Mozilla/5.0 (Windows; U; Windows NT 5.1; en-US; rv:1.9.0.12) Gecko/2009070611 Firefox/3.0.12	74.196.60.25
invicta+9212+men%E2%80%99s+gold+plated+stainless+steel+speedway+watch	01.08.2009 22:20:54	http://www.google.com/search?q=9212+Men%E2%80%99s+Gold+Plated+Stainless+Steel+Speedway+Watch&rls=com.microsoft:en-us:IE-SearchBox&ie=UTF-8&oe=UTF-8&sourceid=ie7&rlz=1I7DMUS_en	Mozilla/4.0 (compatible; MSIE 8.0; Windows NT 5.1; Trident/4.0; GTB6; .NET CLR 1.0.3705; .NET CLR 1.1.4322; Media Center PC 4.0; .NET CLR 2.0.50727; .NET CLR 3.0.4506.2152; .NET CLR 3.5.30729)	24.153.123.152
west+virginia+derby	01.08.2009 22:21:55	http://www.google.com/search?q=Wv+Derbey&ie=utf-8&oe=utf-8&aq=t&rls=org.mozilla:en-US:official&client=firefox-a	Mozilla/5.0 (Windows; U; Windows NT 5.1; en-US; rv:1.9.0.12) Gecko/2009070611 Firefox/3.0.12	24.154.181.83
joel+tenenbaum	01.08.2009 22:22:33	http://www.google.com/search?hl=en&q=what+wesite+was+joel+tenenbaum+using&aq=f&oq=&aqi=	Mozilla/4.0 (compatible; MSIE 7.0; Windows NT 6.0; GTB6; SLCC1; .NET CLR 2.0.50727; Media Center PC 5.0; .NET CLR 3.0.04506)	98.183.169.65
For [4mClassique[24m: [01;33m0[01;37m photos, [01;35m6[01;37m subdirs.
tdf#84675 Add missing BASIC function and constant documentation [Olivier Hallot]
tdf#84678 FILEOPEN: .DOCX textbox margins incorrectly set in 4.4.x [Miklos Vajna]
tdf#84810 crash in paste special when combine options link and format [Saurav Chirania]
tdf#85850 [UI] [Side Bar] make shortcut available to open/close the side bar [heiko tietze]
tdf#85940 Accessing paragraph and character styles from context menu [Yousuf Philips]
    + add missing trailing semicolon to Keywords again [Adolfo Jayme Barrientos]
    + add more shapes to the menu and additional tweaks (tdf#91781) [Yousuf Philips]
invicta+9212+men%E2%80%99s+gold+plated+stainless+steel+speedway+watch	01.08.2009 18:27:42	http://www.google.com/search?client=opera&rls=en&q=invicta+9212+men%E2%80%99s+gold+plated+stainless+steel+speedway+watch&sourceid=opera&ie=utf-8&oe=utf-8	Opera/9.64 (Windows NT 5.1; U; en) Presto/2.1.1	195.5.124.98
invicta+9212+men%E2%80%99s+gold+plated+stainless+steel+speedway+watch	01.08.2009 18:27:56	http://www.google.com/search?sourceid=navclient&aq=0&oq=invicta+9212&ie=UTF-8&rlz=1T4SUNA_enUS281US281&q=invicta+9212+men%e2%80%99s+gold+plated+stainless+steel+speedway+watch	Mozilla/4.0 (compatible; MSIE 8.0; Windows NT 6.0; Trident/4.0; FunWebProducts; GTB6; SLCC1; .NET CLR 2.0.50727; Media Center PC 5.0; .NET CLR 3.5.30729; .NET CLR 3.0.30618)	69.137.139.206
petty+officer+jonathan+campos	01.08.2009 18:28:16	http://www.google.com/search?hl=en&um=1&q=Petty%20Officer%20Jonathan%20Campos&ndsp=21&ie=UTF-8&sa=N&tab=iw&start=0	Mozilla/4.0 (compatible; MSIE 8.0; Windows NT 6.0; WOW64; Trident/4.0; SLCC1; .NET CLR 2.0.50727; Media Center PC 5.0; .NET CLR 3.5.30729; .NET CLR 3.0.30618)	68.107.60.131
what+did+greg+mcmackin+say	01.08.2009 18:28:39	http://www.google.com/search?client=safari&rls=en&q=what%20did%20greg%20mcmackin%20say&ie=UTF-8&oe=UTF-8	Mozilla/5.0 (Windows; U; Windows NT 6.0; en-US) AppleWebKit/530.19.2 (KHTML, like Gecko) Version/4.0.2 Safari/530.19.1	76.114.112.190
socorro+caro	01.08.2009 18:28:42	http://www.google.com/search?hl=en&q=Socorro+Caro+&btnG=Google+Search&aq=f&oq=	Mozilla/4.0 (compatible; MSIE 7.0; Windows NT 5.1; .NET CLR 1.1.4322; .NET CLR 2.0.50727)	64.209.143.132
socorro+caro	01.08.2009 18:28:44	http://www.google.com/search?q=Socorro%20Caro&oe=utf-8&rls=com.kodakgallery:en-US:official&client=firefox-a&um=1&hl=en&ie=UTF-8&sa=N&tab=iw&start=0	Mozilla/5.0 (Windows; U; Windows NT 6.0; en-US; rv:1.9.0.12) Gecko/2009070611 Firefox/3.0.12	71.112.150.90
invicta+9212+men%E2%80%99s+gold+plated+stainless+steel+speedway+watch	01.08.2009 18:28:56	http://www.google.com/search?hl=en&q=Invicta+9212+Men%E2%80%99s+Gold+Plated+Stainless+Steel+Speedway+Watch+I+Want+One%21&btnG=Google+Search&aq=f&oq=&aqi=	Mozilla/4.0 (compatible; MSIE 8.0; Windows NT 6.0; Trident/4.0; SLCC1; .NET CLR 2.0.50727; Media Center PC 5.0; .NET CLR 3.5.30729; .NET CLR 3.0.30618)	98.108.91.53
tim+hack+and+kelly+drew	01.08.2009 18:29:01	http://www.google.com/search?hl=en&um=1&q=Tim%20Hack%20and%20Kelly%20Drew&ndsp=18&ie=UTF-8&sa=N&tab=iw&start=0	Mozilla/5.0 (Macintosh; U; Intel Mac OS X 10_5_7; en-us) AppleWebKit/530.19.2 (KHTML, like Gecko) Version/4.0.2 Safari/530.19	76.103.97.50
petty+officer+jonathan+campos	01.08.2009 18:42:08	http://www.google.com/search?hl=en&as_q=navy+campos&as_epq=&as_oq=&as_eq=&num=10&lr=&as_filetype=&ft=i&as_sitesearch=&as_qdr=d&as_rights=&as_occt=any&cr=&as_nlo=&as_nhi=&safe=off	Mozilla/4.0 (compatible; MSIE 6.0; Windows NT 5.1; SV1; .NET CLR 1.1.4322; .NET CLR 2.0.50727; InfoPath.1; .NET CLR 3.0.04506.648; .NET CLR 3.5.21022)	138.163.0.44
fedex+field	01.08.2009 18:42:39	http://www.google.com/search?client=safari&rls=en-us&q=fedex+field+concert+parking+included&ie=UTF-8&oe=UTF-8	Mozilla/5.0 (Macintosh; U; Intel Mac OS X 10_5_7; en-us) AppleWebKit/525.28.3 (KHTML, like Gecko) Version/3.2.3 Safari/525.28.3	71.114.27.100
fedex+field	01.08.2009 18:42:45	http://www.google.com/search?client=safari&rls=en-us&q=fedex+field+concert+parking+included&ie=UTF-8&oe=UTF-8	Mozilla/5.0 (Macintosh; U; Intel Mac OS X 10_5_7; en-us) AppleWebKit/525.28.3 (KHTML, like Gecko) Version/3.2.3 Safari/525.28.3	71.114.27.100
socorro+caro	01.08.2009 18:42:57	http://www.google.com/search?hl=en&q=Socorro+Caro+&btnG=Google+Search&aq=f&oq=&aqi=	Mozilla/4.0 (compatible; MSIE 6.0; Windows NT 5.1; SV1; GTB6; .NET CLR 2.0.50727; .NET CLR 1.1.4322)	65.214.229.254
what+did+greg+mcmackin+say	01.08.2009 18:43:28	http://www.google.com/search?hl=en&q=what+did+the+hawaii+coach+say&aq=f&oq=&aqi=	Mozilla/4.0 (compatible; MSIE 7.0; Windows NT 5.1; Mozilla/4.0 (compatible; MSIE 6.0; Windows NT 5.1; SV1) ; .NET CLR 1.0.3705; .NET CLR 1.1.4322; Media Center PC 4.0; Seekmo 10.0.341.0; .NET CLR 2.0.50727; .NET CLR 3.0.4506.2152; .NET CLR 3.5.30729; InfoPath.2)	99.190.131.23
giant+catfish	01.08.2009 18:43:43	http://www.google.com/search?q=lake+texoma+endangered&hl=en&rls=com.microsoft:en-us&start=70&sa=N	Mozilla/4.0 (compatible; MSIE 7.0; Windows NT 5.1; .NET CLR 1.1.4322; InfoPath.1; .NET CLR 2.0.50727; .NET CLR 3.0.04506.30)	69.149.189.182
gold+coast+art+fair+2009	01.08.2009 18:44:24	http://www.google.com/search?hl=en&ei=4Yx0SornDIK6NYv6kbEM&sa=X&oi=spell&resnum=0&ct=result&cd=1&q=2009+gold+coast+river+north+art+fair&spell=1	Mozilla/5.0 (Macintosh; U; Intel Mac OS X 10_5_4; en-us) AppleWebKit/525.18 (KHTML, like Gecko) Version/3.1.2 Safari/525.20.1	98.206.47.108
market+days+chicago+2009	01.08.2009 18:44:50	http://www.google.com/search?client=safari&rls=en-us&q=market+days+chicago+2009&ie=UTF-8&oe=UTF-8	Mozilla/5.0 (Macintosh; U; Intel Mac OS X 10_5_7; en-us) AppleWebKit/530.19.2 (KHTML, like Gecko) Version/4.0.2 Safari/530.19	99.17.104.2
what+did+greg+mcmackin+say	01.08.2009 18:44:51	http://www.google.com/url?sa=t&source=web&ct=res&cd=8&url=http%3A%2F%2Fcomicsunlimited.com%2Fcomics%2Findex.php%3Fwhat%2Bdid%2Bgreg%2Bmcmackin%2Bsay&ei=pox0SvSTHYrSsQPh2qXHCA&rct=j&q=what+did+greg+mcmackin+say&usg=AFQjCNGV41wKWkTAJJ3qWFfr6ZAacJpquw	Mozilla/5.0 (Macintosh; U; PPC Mac OS X Mach-O; en-US; rv:1.8.1.12) Gecko/20080201 Firefox/2.0.0.12	71.218.12.44
jerry+garcia+birthday	01.08.2009 18:45:07	http://www.google.com/search?q=jerry+garcia+birthday&hl=en&client=safari&rls=en&start=10&sa=N	Mozilla/5.0 (Macintosh; U; PPC Mac OS X; en) AppleWebKit/523.12.2 (KHTML, like Gecko) Version/3.0.4 Safari/523.12.2	76.126.143.126
buick+open+tee+times	01.08.2009 18:45:37	http://www.google.com/search?q=Buick+open+golf+pairings&ie=UTF-8&oe=UTF-8&hl=en&client=safari	Mozilla/5.0 (iPhone; U; CPU iPhone OS 3_0 like Mac OS X; en-us) AppleWebKit/528.18 (KHTML, like Gecko) Version/4.0 Mobile/7A341 Safari/528.16	166.205.130.150
socorro+caro	01.08.2009 18:45:46	http://www.google.com/search?q=socorro+caro&ie=utf-8&oe=utf-8&aq=t&rls=org.mozilla:en-US:official&client=firefox-a	Mozilla/5.0 (Windows; U; Windows NT 5.1; en-US; rv:1.9.1.1) Gecko/20090715 Firefox/3.5.1 (.NET CLR 3.5.30729)	151.202.50.157
sayville+summerfest	01.08.2009 18:45:48	http://www.google.com/search?hl=en&rlz=1T4DMUS_enUS309US309&q=sayville+festival+august+1&aq=f&oq=&aqi=	Mozilla/4.0 (compatible; MSIE 6.0; Windows NT 5.1; SV1; GTB6; .NET CLR 1.1.4322; .NET CLR 2.0.50727; .NET CLR 3.0.04506.30)	69.114.47.192
dead+frontier	01.08.2009 18:46:02	http://www.google.com/search?hl=en&q=dead+frontier+tricks&aq=f&oq=&aqi=	Mozilla/4.0 (compatible; MSIE 8.0; Windows NT 5.1; Trident/4.0; .NET CLR 1.0.3705; Media Center PC 4.0; .NET CLR 2.0.50727; yie8)	96.15.37.71
what+did+greg+mcmackin+say	01.08.2009 18:46:32	http://www.google.com/search?hl=en&q=Greg+McMackin+what+did+he+say&aq=f&oq=&aqi=	Mozilla/4.0 (compatible; MSIE 6.0; Windows NT 5.1; SV1; .NET CLR 1.1.4322; InfoPath.1; .NET CLR 2.0.50727)	143.165.144.50
market+days+chicago+2009	01.08.2009 18:46:40	http://www.google.com/search?source=ig&hl=en&rlz=1G1GGLQ_ENUS333&q=market+days+chicago+2009&aq=0z&oq=market+days+chicago+&aqi=g%3Az1g2	Mozilla/4.0 (compatible; MSIE 7.0; Windows NT 6.0; GTB6; SLCC1; .NET CLR 2.0.50727; MS-RTC LM 8; .NET CLR 1.1.4322; .NET CLR 3.5.30729; .NET CLR 3.0.30618)	67.167.95.156
upper+room+devotional	01.08.2009 18:46:43	http://www.google.com/search?hl=en&q=upper+room+devotional&aq=1&oq=upper+roo&aqi=g10	Mozilla/4.0 (compatible; MSIE 7.0; Windows NT 5.1; GTB6; .NET CLR 1.1.4322; .NET CLR 2.0.50727; .NET CLR 3.0.04506.30; InfoPath.1; .NET CLR 3.0.4506.2152; .NET CLR 3.5.30729)	68.18.33.2
jonathan+campos	01.08.2009 18:46:56	http://www.google.com/search?sourceid=navclient&ie=UTF-8&rlz=1T4GGLD_enUS309US309&q=petty+officer+jonathan+campos+photo	Mozilla/4.0 (compatible; MSIE 7.0; Windows NT 5.1; GTB6; .NET CLR 1.0.3705; .NET CLR 1.1.4322; .NET CLR 2.0.50727)	98.193.179.124
what+did+greg+mcmackin+say	01.08.2009 18:47:26	http://www.google.com/search?sourceid=navclient&aq=0&oq=what+did+greg+&ie=UTF-8&rlz=1T4GWYE_enUS273US273&q=what+did+greg+mcmackin+say	Mozilla/4.0 (compatible; MSIE 7.0; Windows NT 6.0; GTB6; SLCC1; .NET CLR 2.0.50727; Media Center PC 5.0; .NET CLR 3.0.04506)	68.191.107.60
buick+open+tee+times	01.08.2009 18:47:37	http://www.google.com/search?q=Buick+open+golf+pairings&ie=UTF-8&oe=UTF-8&hl=en&client=safari	Mozilla/5.0 (iPhone; U; CPU iPhone OS 3_0 like Mac OS X; en-us) AppleWebKit/528.18 (KHTML, like Gecko) Version/4.0 Mobile/7A341 Safari/528.16	166.205.130.150
sayville+summerfest	01.08.2009 18:48:00	http://www.google.com/search?hl=en&q=sayville+summerfest+2009&aq=3&oq=sayville+summe&aqi=g4	Mozilla/4.0 (compatible; MSIE 6.0; Windows NT 5.1; SV1)	74.101.175.174
fedex+field	01.08.2009 18:48:23	http://www.google.com/search?hl=en&rlz=1G1GGLQ_ENUS239&q=fedex+field+parking+lot+map+concert&aq=f&oq=&aqi=	Mozilla/5.0 (Macintosh; U; Intel Mac OS X 10.5; en-US; rv:1.9.0.12) Gecko/2009070609 Firefox/3.0.12	68.105.184.195
        internal/JJ-28  ==                        DEL    $0.429  [D]
       Effective Dates        : (CCYY-MM-DD/CCYY-MM-DD)
       Notes                  : (multiple lines)
2021-10-26T21:51:41.622Z,52.622738,4337000,19 [DFLog::NetworkAudit] RakNet Socket Close: 127.0.0.1|58243
2021-10-26T21:51:42.412Z,53.412579,4337000,7 [FLog::Network] Client:Disconnect
2021-10-26T21:51:42.418Z,53.418182,4337000,6 [FLog::Output] Closing Fmod (as 279, ml 0, sl 0).
2021-10-26T21:51:42.499Z,53.499496,4337000,6 [FLog::Output] Fmod Closed.
2021-10-26T21:51:42.503Z,53.503677,4337000,7 [FLog::Network] NetworkClient:Remove
2021-10-26T21:51:42.575Z,53.575031,ab3bf380,6 [FLog::Output] Hello to all (CLI-46686)
2021-10-26T21:51:42.575Z,53.575085,ab3bf380,6 [FLog::Output] hello from a happy cactus (:
2021-10-26T21:51:42.575Z,53.575104,ab3bf380,6 [FLog::Output] Hello (smiling bashfully)!
2021-10-26T21:51:42.602Z,53.602955,ab3bf380,6 [FLog::SurfaceController] SurfaceController[_:1]::start dataModel(0x7f97a14bae00)
2021-10-26T21:51:42.603Z,53.603020,ab3bf380,6 [FLog::SurfaceController] SurfaceController::RenderJob[_:2]::RenderJob
2021-10-26T21:51:42.603Z,53.603046,ab3bf380,6 [FLog::SurfaceController] SurfaceController::RenderJob[_:1]::~RenderJob
2021-10-26T21:51:42.604Z,53.604496,ab3bf380,6 [FLog::SurfaceController] SurfaceController[_:1]::run dataModel(0x7f97a14bae00)
2021-10-26T21:51:42.670Z,53.670212,4337000,6 [FLog::SurfaceController] SurfaceController::RenderJob::stepDataModelJob: No DM yet. Continue...
2021-10-26T21:51:42.672Z,53.672443,ab3bf380,6 [FLog::SurfaceController] SurfaceController::RenderJob::scheduleRender: No data model. Bind workspace now...
2021-10-26T21:51:42.724Z,53.724926,ab3bf380,6 [FLog::Graphics] LayeredClothingMode updated: LC=0 SkeletonAPI=0 HSR=0 TC2=0
2021-10-26T21:51:42.806Z,53.806831,ab3bf380,6 [FLog::Graphics] Loaded 620 shaders from pack metal_osx variant default (4412629 bytes)
2021-10-26T21:51:42.806Z,53.806881,ab3bf380,6 [FLog::Graphics] Compiled 620 shaders in 78 ms
2021-10-26T21:51:42.838Z,53.838192,4337000,7 [FLog::Network] NetworkClient:Create
2021-10-26T21:51:42.838Z,53.838688,4337000,6 [FLog::LocalStorage] LocalStorage flushing (blocking)
2021-10-26T21:51:42.838Z,53.838860,4337000,6 [FLog::LocalStorage] LocalStorage writing to file: /Users/studioagain/Library/Roblox/LocalStorage/memProfStorage11138.json
2021-10-26T21:51:42.838Z,53.838913,4337000,6 [FLog::LocalStorage] LocalStorage will flush 5326 bytes to /Users/studioagain/Library/Roblox/LocalStorage/memProfStorage11138.json
2021-10-26T21:51:42.839Z,53.839439,4337000,6 [FLog::LocalStorage] LocalStorage: Wrote 5326 bytes to disk
2021-10-26T21:51:42.843Z,53.843349,4337000,6 [FLog::Output] ! Joining game 'cf7fb9dd-c769-dbdb-f16d-d4f084555e4e' place 4996049426 at 128.116.28.145
2021-10-26T21:51:42.843Z,53.843479,4337000,6 [FLog::GameJoinLoadTime] Report game_join_loadtime: sid:6dc13002-5740-4ea3-bd22-ebcd8659c8b0, clienttime:1635285102.7200000286, join_time:0, referral_page:, placeid:4996049426, userid:3520967, universeid:1720936166, 
2021-10-26T21:51:42.844Z,53.844318,4337000,7 [FLog::Network] Client will attempt to connect following server endpoints with threadSleepTime(-1)
2021-10-26T21:51:42.844Z,53.844360,4337000,7 [FLog::Network] Server Address = 128.116.28.145, Port = 49574
{"jobId":"JoinPrivateGame:PlaceId=4996049426&AccessCode=df63cb48-6c59-4b3c-b945-a9bd6dc15df7","status":0,"joinScriptUrl":null,"authenticationUrl":null,"authenticationTicket":null,"message":null,"joinScript":null}
status code: 200

2021-10-26T21:51:54.837Z,65.837608,4231000,6 [FLog::GameJoinUtil] GameJoinUtil::makePlaceLauncherRequestForTeleport: requestCount: 1, url: https://gamejoin.roblox.com/v1/join-reserved-game
[     48813] [    GTAProcess]             MainThrd/ rage::gameSkeleton::RunInitFunctions: Invoking WarningScreen INIT_CORE init (10 out of 21)
[     48813] [    GTAProcess]             MainThrd/ rage::gameSkeleton::RunInitFunctions: Invoking CBusySpinner INIT_CORE init (11 out of 21)
  <MemoFn>Loaded 6768 memos: 6768 added, 0 changed, 0 matched.</MemoFn>
if [ ! -d "/builds/free-electrons/toolchains-builder/build/tmp/test-x86-64-core-i7--uclibc--stable/host/usr/share/man/man1" ] ; then install -d -m 755 "/builds/free-electrons/toolchains-builder/build/tmp/test-x86-64-core-i7--uclibc--stable/host/usr/share/man/man1" ; fi
what+did+greg+mcmackin+say	01.08.2009 17:53:42	http://www.google.com/search?hl=en&client=firefox-a&rls=org.mozilla%3Aen-US%3Aofficial&hs=1Uy&q=what+did+he+say+hawaii+coach+gay&aq=f&oq=&aqi=	Mozilla/5.0 (Windows; U; Windows NT 6.0; en-US; rv:1.9.0.12) Gecko/2009070611 Firefox/3.0.12	76.27.237.6
     Cr_sctns:            GheishaElastic: 0 eV  ---> 100 TeV

  Process: protonInelastic
        Model:                      QGSP: 12 GeV ---> 100 TeV
        Model:                      FTFP: 9.5 GeV ---> 25 GeV
    DefaultRegionForTheWorld

Index : 1     used in the geometry : Yes
 Material : PMMA1.19
 Range cuts        :  gamma  700 um     e-  700 um     e+  700 um  proton 700 um 
 Energy thresholds :  gamma  2.40367 keV    e-  307.625 keV    e+  299.466 keV proton 70 keV
 Region(s) which use this couple : 
    DefaultRegionForTheWorld

====================================================================

### Run 0 starts.
 %%% EVENT 0 NTRACKS 1 TOTAL NTRACKS 1
 %%% EVENT 1000 NTRACKS 1 TOTAL NTRACKS 7369
 %%% EVENT 2000 NTRACKS 1 TOTAL NTRACKS 14997
 %%% EVENT 3000 NTRACKS 1 TOTAL NTRACKS 23301
 %%% EVENT 4000 NTRACKS 1 TOTAL NTRACKS 30159
 %%% EVENT 5000 NTRACKS 6 TOTAL NTRACKS 37289
 %%% EVENT 6000 NTRACKS 1 TOTAL NTRACKS 44259
 %%% EVENT 7000 NTRACKS 37 TOTAL NTRACKS 52079
 %%% EVENT 8000 NTRACKS 1 TOTAL NTRACKS 59339
 %%% EVENT 9000 NTRACKS 15 TOTAL NTRACKS 66671
 Run terminated.
Run Summary
  Number of events processed : 10000
-- [download 10% complete]
-- [download 11% complete]
-- [download 12% complete]
<DrStupid> KNBC - key freeway overpasses collapsed
<cavalier> yaz: 'n signoff :)
US Core Comparison: compare StructureDefinition[http://hl7.org/fhir/us/ph-library/StructureDefinition/us-ph-emergency-outbreak-information|1.0.0] to StructureDefinition[http://hl7.org/fhir/us/core/StructureDefinition/us-core-head-circumference|6.1.0]
US Core Comparison: compare StructureDefinition[http://hl7.org/fhir/us/ph-library/StructureDefinition/us-ph-emergency-outbreak-information|1.0.0] to StructureDefinition[http://hl7.org/fhir/us/core/StructureDefinition/us-core-heart-rate|6.1.0]
US Core Comparison: compare StructureDefinition[http://hl7.org/fhir/us/ph-library/StructureDefinition/us-ph-emergency-outbreak-information|1.0.0] to StructureDefinition[http://hl7.org/fhir/us/core/StructureDefinition/us-core-observation-clinical-result|6.1.0]
US Core Comparison: compare StructureDefinition[http://hl7.org/fhir/us/ph-library/StructureDefinition/us-ph-emergency-outbreak-information|1.0.0] to StructureDefinition[http://hl7.org/fhir/us/core/StructureDefinition/us-core-observation-lab|6.1.0]
US Core Comparison: compare StructureDefinition[http://hl7.org/fhir/us/ph-library/StructureDefinition/us-ph-emergency-outbreak-information|1.0.0] to StructureDefinition[http://hl7.org/fhir/us/core/StructureDefinition/us-core-observation-occupation|6.1.0]
./JeuxVideos/Super_Smash_Bros_Melee/Super%20Smash%20Bros.%20Brawl%20Soundtrack%20-%20Disc%203
./JeuxVideos/Super_Smash_Bros_Melee/Super%20Smash%20Bros.%20Brawl%20Soundtrack%20-%20Disc%204
./JeuxVideos/Super_Smash_Bros_Melee/Super%20Smash%20Bros.%20Brawl%20Soundtrack%20-%20Disc%205
./JeuxVideos/Sword_of_Mana
./JeuxVideos/Tales_of_Symphonia
./JeuxVideos/ZREO_-_The_Legend_of_Zelda_-_REOCHESTRATED/Soundscapes
./JeuxVideos/ZREO_-_The_Legend_of_Zelda_-_REOCHESTRATED/Soundscapes/Vol1
./JeuxVideos/ZREO_-_The_Legend_of_Zelda_-_REOCHESTRATED/Soundscapes/Vol2
./JeuxVideos/ZREO_-_The_Legend_of_Zelda_-_REOCHESTRATED/Soundscapes/Vol3
./JeuxVideos/Golden_Axe
./JeuxVideos/Golden_Axe/CD%201
./JeuxVideos/Golden_Axe/CD%202
./JeuxVideos/Golden_Axe/CD%203
./JeuxVideos/Golden_Sun
./JeuxVideos/Golden_Sun_-_The_Lost_Age
./JeuxVideos/Golden_Sun_Dark_Dawn_(DS)
./JeuxVideos/Okamiden
./Jim_Croce
./BESTOF
./Chanson%20Plus%20Bifluorée
./Inconnus
./Inconnus/Le%20Nouveau%20Spectacle
./Inconnus/Les%20étonnifiants
./Inconnus/Ze%20Inconnus%20story
./L'intégral%20de%20Coluche
./Les%20aventuriers%20du%20Survivaure
./Manau
./Manau/Panique%20Celtique
./Notre_Dame_de_Paris
./Notre_Dame_de_Paris/Acte_I
12:32:05 T:6472  NOTICE:         m_sampleRates     : 48000
12:32:05 T:6472  NOTICE:         m_dataFormats     : AE_FMT_FLOAT
         movement/NN-9  ==                        DEL    $0.429  [D]
                ,/,-10  ==                        DEL    $0.429  [D]
    Prohibition/NNP-11  ==                        DEL    $0.429  [D]
                ,/,-12  ==                        DEL    $0.429  [D]
             and/CC-13  ==                        DEL    $0.429  [D]
             the/DT-14  ==                        DEL    $0.429  [D]
            War/NNP-15  ==                        DEL    $0.429  [D]
              on/IN-16  ==                        DEL    $0.429  [D]
          Drugs/NNS-17  ==  Drug/NNP-0            SUB    $0.854  [E, sim, Esz, d:0.586]
                        ==  legalization/NNP-1    INS    $0.377  [I]
                        ==  has/VBZ-2             INS    $0.377  [I]
             and/CC-18  ==                        DEL    $0.429  [D]
       explains/VBZ-19  ==                        DEL    $0.429  [D]
            how/WRB-20  ==                        DEL    $0.429  [D]

[-4.000] NullPunisher.other: legalization
Matching relations are: []
[-2.000] RootEntailment.unalignedRoot: "has" not aligned to anything

Doing alignment for problem 104
<SimpleProblem id="RTE2_dev.104.p0">
  <answer>?</answer>
  <p>Hands Across the Divide was formed in March_2001 , and one of its immediate aims was to press for more freedom of contact and communication right away between the two parts of Cyprus , and for early progress towards a solution to ` the Cyprus problem ' .</p>
  <h>Cyprus was divided into two parts in March_2001 .</h>
</SimpleProblem>
<MANLIResult id="RTE2_dev.104.p0" score="24.660" normscore="0.433">
           Hands/NNS-0  ==                        DEL    $0.429  [D]
           Across/IN-1  ==                        DEL    $0.429  [D]
              the/DT-2  ==                        DEL    $0.429  [D]
           Divide/NN-3  ==  divided/VBN-2         SUB    $0.863  [E, sim, Esz, d:0.186]
-- [download 51% complete]
-- [download 52% complete]
instanceKlass sun/reflect/MagicAccessorImpl
instanceKlass java/lang/reflect/Parameter
instanceKlass java/lang/reflect/Member
[22:42:47] Injury Lawyers T2: [-] 3906/8161 download failed (Return: -) - http://www.spotlighthometours.com/virtual-home-tours/?attachment_id=218
HOSTTYPE=x86_64-linux
SSH_CLIENT=140.221.8.249 35558 22
LOGNAME=petsc
USER=petsc
HOME=/home/petsc
      at Gunzip.emit (events.js:326:22)
      at endReadableNT (_stream_readable.js:1241:12)
12:32:06 T:6224   DEBUG: AddOnLog: Tvheadend HTSP Client: pvr.hts - channel update id:1541298059, name:SWR BW HD
12:32:06 T:6224   DEBUG: AddOnLog: Tvheadend HTSP Client: pvr.hts - channel update id:1554644466, name:SIXX
12:32:06 T:6224   DEBUG: AddOnLog: Tvheadend HTSP Client: pvr.hts - channel update id:1616579621, name:DMAX
12:32:06 T:6224   DEBUG: AddOnLog: Tvheadend HTSP Client: pvr.hts - channel update id:1633423133, name:ARTE HD
12:32:06 T:6224   DEBUG: AddOnLog: Tvheadend HTSP Client: pvr.hts - channel update id:1656147044, name:WDR HD Aachen
 PROC_COUNT He3 : Transportation = 30199
 PROC_COUNT He3 : hadElastic = 72
 PROC_COUNT He3 : ALL = 30321
 PROC_COUNT He6 : Transportation = 14
 PROC_COUNT He6 : ionInelastic = 1
 PROC_COUNT He6 : ALL = 15
 PROC_COUNT Li4 : RadioactiveDecay = 3
 PROC_COUNT Li4 : ALL = 3
 PROC_COUNT Li6 : Transportation = 52052
 PROC_COUNT Li6 : ionInelastic = 35
 PROC_COUNT Li6 : ALL = 52087
 PROC_COUNT Li7 : Transportation = 11779
 PROC_COUNT Li7 : ionInelastic = 12
 PROC_COUNT Li7 : ALL = 11791
 PROC_COUNT Li8 : Transportation = 138
 PROC_COUNT Li8 : ALL = 138
 PROC_COUNT Mg24 : Transportation = 229
 PROC_COUNT Mg24 : ALL = 229
 PROC_COUNT Mg25 : Transportation = 779
 PROC_COUNT Mg25 : ALL = 779
 PROC_COUNT N11 : RadioactiveDecay = 2
 PROC_COUNT N11 : ALL = 2
 PROC_COUNT N12 : Transportation = 10909
 PROC_COUNT N12 : ALL = 10909
 PROC_COUNT N13 : Transportation = 16399
 PROC_COUNT N13 : ALL = 16399
 PROC_COUNT N14 : Transportation = 101492
 PROC_COUNT N14 : ionInelastic = 3
 PROC_COUNT N14 : ALL = 101495
 PROC_COUNT N15 : Transportation = 67107
          drugs/NNS-22  ==                        DEL    $0.429  [D]
           would/MD-23  ==                        DEL    $0.429  [D]
       Notes                  : (multiple lines)

8.3.1 Temp. Sensor Model      : 
       Manufacturer           : 
       Serial Number          : 
       Data Sampling Interval : 
       Accuracy               : 
       Aspiration             : 
       Height Diff to Ant     : 
       Calibration date       : 
       Effective Dates        : 
       Notes                  : 

8.3.x Temp. Sensor Model      : 
       Manufacturer           : 
       Serial Number          : 
       Data Sampling Interval : (sec)
       Accuracy               : (deg C)
       Aspiration             : (UNASPIRATED/NATURAL/FAN/etc)
       Height Diff to Ant     : (m)
       Calibration date       : (CCYY-MM-DD)
       Effective Dates        : (CCYY-MM-DD/CCYY-MM-DD)
       Notes                  : (multiple lines)

8.4.1 Water Vapor Radiometer  : 
       Manufacturer           : 
       Serial Number          : 
       Distance to Antenna    : 
       Height Diff to Ant     : 
       Calibration date       : 
;
tdf#99363 SMTP over SSL on port 465 (mailmerge on your Google Account: smtp.gmail.com) [Justin Luth]
tdf#99386 Undo with merged cell, needs hard recalculate, no automatic update [Zdeněk Crhonek]
tdf#99483 Marque cell selection should be removed after paste [Olivier Hallot]
[   1955734] instrumented function 0x1408f9544 (23) took 3msec
[   1955906] instrumented function 0x1408f8dbc (24) took 148msec
[   1955922] instrumented function 0x1408fa0b4 (25) took 0msec
[   1955937] instrumented function 0x14090d848 (26) took 1msec
[   1955953] instrumented function 0x1415adb8c (27) took 1msec
               Cable Wrap Sense Transitions: 2
      Transition Time: 2008 024 // 05:03:03.00000
       From Wrap Name: CW
         To Wrap Name: CCW
         Breaks Track: No
      Transition Time: 2008 024 // 07:41:33.00000
       From Wrap Name: CCW
         To Wrap Name: CW
         Breaks Track: Yes
                              Wrap  Name: CCW
                               Narrative: 
                      Initial Wrap Valid: Yes
              Complete w/o Wrap Limit(s): Yes
  Opt. Period         Initial Wrap Valid: No
  Opt. Period Complete w/o Wrap Limit(s): Yes
                        Recommended Wrap: Yes
            Wrap Reversal During Pre-Cal: No
                                  Events: 0

                      Event Strings : 0
               Cable Wrap Sense Transitions: 1
      Transition Time: 2008 024 // 05:03:03.00000
       From Wrap Name: CW
         To Wrap Name: CCW
         Breaks Track: No
       Bad Cable Wrap Reports: 
            Pre-Limit  Events: 
                       Events: 
RealEvent    2008 023 // 23:32:55.000 Above Elevation Pre-Limit               108.300  6.000
RealEvent    2008 023 // 23:35:28.000 Rise                                    108.000  6.500
12:32:04 T:7432  NOTICE: Running on Windows 7 SP1, kernel: Windows NT x86 64-bit version 6.1
[2023.05.20-22.07.39:933][  0]LogConfig: Set CVar [[r.MaterialQualityLevel:1 ; High quality]]
[2023.05.20-22.07.39:933][  0]LogConfig: Set CVar [[r.SSS.Scale:1]]
[2023.05.20-22.07.39:933][  0]LogConfig: Set CVar [[r.SSS.SampleSet:2]]
[22:42:45] Insurance: [+] 8216/8262 new URL - http://givgds.xyz/wp-login.php?action=register
Checking for program /bin/nvcc...not found
Checking for program /usr/games/nvcc...not found
Checking for program /usr/local/games/nvcc...not found
