Testing executable /tmp/petsc-uGvYRc/config.setCompilers/conftest to see if it can be run
 O                    -1.07709   1.0651   -3.8804 
 
[     15187] LoadDefDats: dlc_patchDay1NGCRC:/content.xml
1A4	ALABAMA	SAMSON LOGAN FLD	afd	se_39_25OCT2007.png
4A6	ALABAMA	SCOTTSBORO MUNI	afd	se_39_25OCT2007.png
50         	tables ex cond;
build	14-Jul-2020 09:19:57	[DEBUG]   Imported: org.apache.maven.cli < plexus.core
build	14-Jul-2020 09:19:57	[DEBUG]   Imported: org.apache.maven.configuration < plexus.core
[     17359] Initialized system mapping!
[     17531] rage::gameSkeleton::RunInitFunctions: Running INIT_CORE init functions
[     17547] rage::gameSkeleton::RunInitFunctions: Running functions of order 1 (52 total)
[     20843] rage::gameSkeleton::RunInitFunctions: Invoking VideoPlaybackThumbnailManager INIT_CORE init (28 out of 52)
[     20859] rage::gameSkeleton::RunInitFunctions: Invoking CStatsMgr INIT_CORE init (29 out of 52)
(KD4CQY/#earthquake) IF thishad happened during the day.. wow
build	14-Jul-2020 09:19:57	[DEBUG] Adding property artifactory.publish.password from the command property: sun.java.command
ofz#6102 null-dereference [Caolán McNamara]
ofz#6104 guard against self recursive GetShadow [Caolán McNamara]
2A4	ALASKA	VOR LAKE WATERLANE SEAPLANE	afd	al_31_25OCT2007.png
BGQ	ALASKA	BIG LAKE	afd	al_31_25OCT2007.png
[22:42:37] Travels: [-] 8123/8261 no engine matches (HTTP-Status: 400) - https://www.escdaily.com/
[22:42:37] Insurance: [-] 8210/8261 no engine matches - http://savittjagkanse.blogspot.com/2012/10/malat-golvet-rutigt.html
CZBB	ALASKA	BOUNDARY BAY 	afd	al_35_25OCT2007.png
PWT	ALASKA	BREMERTON NATIONAL	afd	al_35_25OCT2007.png
KTS	ALASKA	BREVIG MISSION	afd	al_36_25OCT2007.png
    *                                                          *
ciInstanceKlass java/lang/ThreadGroup 1 1 275 10 9 8 9 7 9 9 10 10 10 10 10 9 9 10 10 9 10 9 9 10 100 10 10 10 9 10 10 9 10 10 10 10 10 10 10 10 10 10 10 100 10 10 10 7 10 100 10 9 10 8 10 10 10 10 11 100 9 100 10 8 10 10 8 10 10 10 10 10 8 10 8 10 8 7 100 1 1 1 1 1 1 1 1 1 1 1 1 1 1 1 1 1 1 1 1 1 1 1 1 1 1 1 1 1 1 1 1 1 1 1 1 1 1 1 1 100 100 100 1 1 1 100 1 1 1 1 1 1 1 1 1 1 1 1 1 1 1 1 1 100 1 1 1 1 1 1 1 1 1 1 1 100 1 1 100 1 1 1 1 12 12 1 12 1 12 12 12 12 12 12 12 12 12 12 12 12 100 12 12 12 100 12 12 7 12 100 12 12 12 12 12 12 12 12 12 12 12 12 12 12 1 12 12 1 12 12 12 12 1 100 12 12 12 12 1 12 1 1 12 12 1 12 100 12 100 12 12 100 1 1 12 1 1 1 1 1 1 1 1 1 1 1 1 1 1 1 1 1 1 1 1 1 1 1 1 1 1 1 1 1 1 1 1 1 1 1 1 1 1 1 1 1 1
-- [download 76% complete]
     Antenna Graphics with Dimensions
       ftp://www.igs.org/pub/station/general/antenna.gra
)) (/usr/local/texlive/2021/texmf-dist/tex/latex/amsmath/amsbsy.sty
	at info.magnolia.dam.app.imageprovider.AssetPreviewProvider.getResource(AssetPreviewProvider.java:72) ~[magnolia-dam-app-3.0.3.jar:?]
	at info.magnolia.dam.app.contentview.column.AssetNameColumnDefinition$ValueProvider.apply(AssetNameColumnDefinition.java:81) ~[magnolia-dam-app-3.0.3.jar:?]
	at info.magnolia.dam.app.contentview.column.AssetNameColumnDefinition$ValueProvider.apply(AssetNameColumnDefinition.java:64) ~[magnolia-dam-app-3.0.3.jar:?]
instanceKlass java/security/CodeSigner
2021-10-26T21:50:50.456Z,1.456315,4337000,6 [FLog::Output] Connecting to 128.116.28.244:51561
2021-10-26T21:50:50.456Z,1.456433,4337000,7 [FLog::Network] Connecting to server, IP(inet_addr): 4095505536 Port: 51561
2021-10-26T21:50:50.579Z,1.579949,4337000,6 [FLog::Output] Connection accepted from 128.116.28.244|51561
2021-10-26T21:50:50.584Z,1.584137,4337000,7 [FLog::Network] serverId: 128.116.28.244|51561
2021-10-26T21:50:50.584Z,1.584344,4337000,7 [FLog::Network] Replicator created for player 128.116.28.244|51561
./Classique/Antonio%20Vivaldi/Vivaldi,%20Tartini,%20Bach-Cello%20Concertos
./Classique/Antonio%20Vivaldi/Vivaldi-%20Juditha%20Triumphans%20Oratorio%20Part%202
./Classique/Antonio%20Vivaldi/Vivaldi-%20Six%20Concertos
./Classique/Beethoveen
./Classique/Beethoveen/Symphony%20No.%201
./JeuxVideos/Final_Fantasy/FF10-2/CD2
./JeuxVideos/Final_Fantasy/FF11
Preprocess stderr after filtering::
================================================================================
shun+ken+onion+11+piece+knife+block+set	01.08.2009 23:03:49	http://www.google.com/search?q=shun+7+piece+classic&hl=en&rlz=1T4ADBF_enUS284US286&start=10&sa=N	Mozilla/4.0 (compatible; MSIE 7.0; Windows NT 6.0; GTB6; SLCC1; .NET CLR 2.0.50727; .NET CLR 3.0.04506)	69.182.153.137
  Checks whether shared libraries should be used, for which you must
      - Specify --with-shared-libraries
LogCore: Initializing trace...
2021-10-26T21:52:06.257Z,77.257385,43ba000,6 [FLog::Output] ! Joining game 'f6eb6ea4-23c5-cc25-0911-48846dc15df7' place 4996049426 at 128.116.27.2
2021-10-26T21:52:06.257Z,77.257515,43ba000,6 [FLog::GameJoinLoadTime] Report game_join_loadtime: sid:30d83c6a-bfae-4f74-a7ff-d3360df51e5b, clienttime:1635285126.1349999905, join_time:0, referral_page:, placeid:4996049426, userid:3520967, universeid:1720936166, 
2021-10-26T21:52:06.258Z,77.258102,43ba000,7 [FLog::Network] Client will attempt to connect following server endpoints with threadSleepTime(-1)
2021-10-26T21:52:06.258Z,77.258133,43ba000,7 [FLog::Network] Server Address = 128.116.27.2, Port = 58693
2021-10-26T21:52:06.259Z,77.259918,43ba000,7 [FLog::Network] binding socket on inaddr_any:0

2021-10-26T21:52:06.260Z,77.260056,43ba000,19 [DFLog::NetworkAudit] RakNet Socket Open: 127.0.0.1|58786
2021-10-26T21:52:06.272Z,77.272308,43ba000,6 [FLog::Output] Connecting to 128.116.27.2:58693
2021-10-26T21:52:06.272Z,77.272377,43ba000,7 [FLog::Network] Connecting to server, IP(inet_addr): 35353728 Port: 58693
2021-10-26T21:52:12.443Z,83.443863,4337000,6 [FLog::Output] Connection accepted from 128.116.27.2|58693
2021-10-26T21:52:12.446Z,83.446442,4337000,7 [FLog::Network] serverId: 128.116.27.2|58693
2021-10-26T21:52:12.446Z,83.446777,4337000,7 [FLog::Network] Replicator created for player 128.116.27.2|58693
2021-10-26T21:52:12.446Z,83.446815,4337000,7 [FLog::Network] Replicator created: 0x7f979e603e00
2021-10-26T21:52:12.963Z,83.963333,43ba000,7 [FLog::Network] Time taken to initialize schema = 5.678852 ms
2021-10-26T21:52:12.963Z,83.963524,43ba000,7 [FLog::Network] Assigned peer id = 6
2021-10-26T21:52:12.963Z,83.963699,43ba000,7 [FLog::Network] Join snapshot timer: 0.141457
2021-10-26T21:52:13.161Z,84.161835,4337000,6 [FLog::LocalStorage] LocalStorage flushing
2021-10-26T21:52:13.162Z,84.162056,4543000,6 [FLog::LocalStorage] LocalStorage writing to file: /Users/studioagain/Library/Roblox/LocalStorage/appStorage.json
2021-10-26T21:52:13.162Z,84.162148,4543000,6 [FLog::LocalStorage] LocalStorage will flush 11290 bytes to /Users/studioagain/Library/Roblox/LocalStorage/appStorage.json
2021-10-26T21:52:13.164Z,84.164993,4543000,6 [FLog::LocalStorage] LocalStorage: Wrote 11290 bytes to disk
2021-10-26T21:52:18.225Z,89.225006,43ba000,6 [FLog::Warning] Warning: Infinite yield possible on 'StarterPlayer:WaitForChild("StarterPlayerScripts")'
2021-10-26T21:52:18.225Z,89.225220,43ba000,6 [FLog::Output] Info: Stack Begin
2021-10-26T21:52:18.225Z,89.225388,43ba000,6 [FLog::Output] Info: Script 'CoreGui.RobloxGui.Modules.Settings.SettingsHub', Line 754 - function getOverridesPlayerScripts
2021-10-26T21:52:18.225Z,89.225952,43ba000,6 [FLog::Output] Info: Script 'CoreGui.RobloxGui.Modules.Settings.SettingsHub', Line 815
2021-10-26T21:52:18.226Z,89.226105,43ba000,6 [FLog::Output] Info: Stack End
2021-10-26T21:52:27.152Z,98.152458,ab3bf380,6 [FLog::SingleSurfaceApp] SingleSurfaceAppImpl::leaveUGCGame: (stage:4) blocking=0.
2021-10-26T21:52:27.152Z,98.152527,ab3bf380,6 [FLog::SurfaceController] SurfaceController[_:1]::pause dataModel(0x7f97aab1d000), view(0x7f97b020eb70), destroyView:0.
2021-10-26T21:52:27.152Z,98.152565,ab3bf380,6 [FLog::SurfaceController] SurfaceController[_:1]::stop
2021-10-26T21:52:27.153Z,98.153725,ab3bf380,6 [FLog::UGCGameController] UGCGameController::leave (blocking:0) dataModel(0x7f97aab1d000)
2021-10-26T21:52:27.154Z,98.154457,ab3bf380,6 [FLog::Error] signalr: new state: 0, message: stop was called
    <FeatureBasedAlignmentScorer>
      <SPEditFeaturizer>
     Cr_sctns:            Glauber-Gribov: 0 eV  ---> 2.88022e+295 J  
CYXY	ALASKA	WHITEHORSE INTL	afd	al_241_25OCT2007.png
WMO	ALASKA	WHITE MOUNTAIN	afd	al_241_25OCT2007.png
IEM	ALASKA	WHITTIER	afd	al_242_25OCT2007.png
25AK	ALASKA	WILLOW HONEYBEE LAKE AERO PARK	afd	al_242_25OCT2007.png
AK34	ALASKA	WILLOW KASHWITNA LAKE SEAPLANE	afd	al_242_25OCT2007.png
MFN	ALASKA	WILLOW MINUTEMAN LAKE SEAPLANE	afd	al_242_25OCT2007.png
UUO	ALASKA	WILLOW	afd	al_243_25OCT2007.png
2X2	ALASKA	WILLOW SEAPLANE	afd	al_243_25OCT2007.png
WSM	ALASKA	WISEMAN	afd	al_243_25OCT2007.png
CBQ8	ALASKA	WOODCOCK	afd	al_243_25OCT2007.png
WRG	ALASKA	WRANGELL	afd	al_244_25OCT2007.png
68A	ALASKA	WRANGELL SEAPLANE	afd	al_244_25OCT2007.png
CYT	ALASKA	YAKATAGA	afd	al_245_25OCT2007.png
YKM	ALASKA	YAKIMA AIR TERMINAL-MCALLISTER FLD	afd	al_245_25OCT2007.png
A57	ALASKA	YAKUTAT ALSEK RIVER	afd	al_246_25OCT2007.png
A70	ALASKA	YAKUTAT DANGEROUS RIVER	afd	al_246_25OCT2007.png
AK76	ALASKA	YAKUTAT EAST ALSEK RIVER	afd	al_246_25OCT2007.png
A67	ALASKA	YAKUTAT HARLEQUIN LAKE	afd	al_247_25OCT2007.png
A68	ALASKA	YAKUTAT SITUK	afd	al_247_25OCT2007.png
A69	ALASKA	YAKUTAT TANIS MESA	afd	al_247_25OCT2007.png
YAK	ALASKA	YAKUTAT	afd	al_248_25OCT2007.png
2Y3	ALASKA	YAKUTAT SEAPLANE	afd	al_248_25OCT2007.png
A77	ALASKA	YANKEE CREEK 2	afd	al_249_25OCT2007.png
78K	ALASKA	YES BAY LODGE SEAPLANE 	afd	al_249_25OCT2007.png
L20	ALASKA	COAL CREEK	afd	al_249_25OCT2007.png
Z08	AMERICAN SAMOA	OFU ISLAND OFU	afd	pac_1_25OCT2007.png
FAQ	AMERICAN SAMOA	TAU ISLAND FITIUTA	afd	pac_1_25OCT2007.png
PPG	AMERICAN SAMOA	TUTUILA ISLAND PAGO PAGO INTL	afd	pac_1_25OCT2007.png
P01	ARIZONA	AJO ERIC MARCUS MUNI	afd	sw_1_25OCT2007.png
E51	ARIZONA	BAGDAD	afd	sw_1_25OCT2007.png
