ERROR info.magnolia.aws.foundation.AwsCredentialsProvider 15.10.2020 00:12:42 -- AWS credentials are expected to be set in Password manager module.
#include "conffix.h"
File: pgfcorepathprocessing.code.tex 2020/12/27 v3.1.8b (3.1.8b)
12:32:05 T:7432   DEBUG: CKeyboardLayoutManager: keyboard layout "Danish QWERTY" successfully loaded
*
ciInstanceKlass sun/reflect/ConstantPool 0 0 106 10 9 10 10 10 10 10 10 10 10 10 10 10 10 10 10 100 100 8 10 100 1 1 1 1 1 1 1 1 1 1 1 1 1 1 1 1 1 1 1 1 1 1 1 1 1 1 1 1 1 1 1 1 1 1 1 1 1 1 1 1 1 1 1 1 1 1 1 1 1 1 1 1 1 1 1 1 1 1 1 1 12 12 12 12 12 12 12 12 12 12 12 12 12 12 12 12 1 1 100 12 1 1 1 1
	at org.apache.catalina.core.StandardHostValve.invoke(StandardHostValve.java:139) [catalina.jar:9.0.34]
ERROR info.magnolia.ai.text.TextClassificationModule 15.10.2020 00:12:42 -- Submission of text classification request has been failed at page path '/travel/members/forgotten-password/password-change' with error code: 'null'.
21:38:12 T:139832867932032  NOTICE: GL_EXTENSIONS = GL_ARB_multisample GL_EXT_abgr GL_EXT_bgra GL_EXT_blend_color GL_EXT_blend_minmax GL_EXT_blend_subtract GL_EXT_copy_texture GL_EXT_polygon_offset GL_EXT_subtexture GL_EXT_texture_object GL_EXT_vertex_array GL_EXT_compiled_vertex_array GL_EXT_texture GL_EXT_texture3D GL_IBM_rasterpos_clip GL_ARB_point_parameters GL_EXT_draw_range_elements GL_EXT_packed_pixels GL_EXT_point_parameters GL_EXT_rescale_normal GL_EXT_separate_specular_color GL_EXT_texture_edge_clamp GL_SGIS_generate_mipmap GL_SGIS_texture_border_clamp GL_SGIS_texture_edge_clamp GL_SGIS_texture_lod GL_ARB_framebuffer_sRGB GL_ARB_multitexture GL_EXT_framebuffer_sRGB GL_IBM_multimode_draw_arrays GL_IBM_texture_mirrored_repeat GL_3DFX_texture_compression_FXT1 GL_ARB_texture_cube_map GL_ARB_texture_env_add GL_ARB_transpose_matrix GL_EXT_blend_func_separate GL_EXT_fog_coord GL_EXT_multi_draw_arrays GL_EXT_secondary_color GL_EXT_texture_env_add GL_EXT_texture_filter_anisotropic GL_EXT_texture_lod_bias GL_INGR_blend_func_separate GL_NV_blend_square GL_NV_light_max_exponent GL_NV_texgen_reflection GL_NV_texture_env_combine4 GL_S3_s3tc GL_SUN_multi_draw_arrays GL_ARB_texture_border_clamp GL_ARB_texture_compression GL_EXT_framebuffer_object GL_EXT_texture_env_combine GL_EXT_texture_env_dot3 GL_MESA_window_pos GL_NV_packed_depth_stencil GL_NV_texture_rectangle GL_ARB_depth_texture GL_ARB_occlusion_query GL_ARB_shadow GL_ARB_texture_env_combine GL_ARB_texture_env_crossbar GL_ARB_texture_env_dot3 GL_ARB_texture_mirrored_repeat GL_ARB_window_pos GL_EXT_stencil_two_side GL_EXT_texture_cube_map GL_NV_depth_clamp GL_APPLE_packed_pixels GL_APPLE_vertex_array_object GL_ARB_draw_buffers GL_ARB_fragment_program GL_ARB_fragment_shader GL_ARB_shader_objects GL_ARB_vertex_program GL_ARB_vertex_shader GL_ATI_draw_buffers GL_ATI_texture_env_combine3 GL_ATI_texture_float GL_EXT_shadow_funcs GL_EXT_stencil_wrap GL_MESA_pack_invert GL_NV_primitive_restart GL_ARB_depth_clamp GL_ARB_fragment_program_shadow GL_ARB_half_float_pixel GL_ARB_occlusion_query2 GL_ARB_point_sprite GL_ARB_shading_language_100 GL_ARB_sync GL_ARB_texture_non_power_of_two GL_ARB_vertex_buffer_object GL_ATI_blend_equation_separate GL_EXT_blend_equation_separate GL_OES_read_format GL_ARB_color_buffer_float GL_ARB_pixel_buffer_object GL_ARB_texture_compression_rgtc GL_ARB_texture_float GL_ARB_texture_rectangle GL_EXT_packed_float GL_EXT_pixel_buffer_object GL_EXT_texture_compression_dxt1 GL_EXT_texture_compression_rgtc GL_EXT_texture_rectangle GL_EXT_texture_sRGB GL_EXT_texture_shared_exponent GL_ARB_framebuffer_object GL_EXT_framebuffer_blit GL_EXT_framebuffer_multisample GL_EXT_packed_depth_stencil GL_APPLE_object_purgeable GL_ARB_vertex_array_object GL_ATI_separate_stencil GL_EXT_draw_buffers2 GL_EXT_draw_instanced GL_EXT_gpu_program_parameters GL_EXT_texture_array GL_EXT_texture_integer GL_EXT_texture_sRGB_decode GL_EXT_timer_query GL_OES_EGL_image GL_ARB_copy_buffer GL_ARB_depth_buffer_float GL_ARB_draw_instanced GL_ARB_half_float_vertex GL_ARB_instanced_arrays GL_ARB_map_buffer_range GL_ARB_texture_rg GL_ARB_texture_swizzle GL_ARB_vertex_array_bgra GL_EXT_texture_swizzle GL_EXT_vertex_array_bgra GL_NV_conditional_render GL_AMD_conservative_depth GL_AMD_draw_buffers_blend GL_AMD_seamless_cubemap_per_texture GL_ARB_ES2_compatibility GL_ARB_blend_func_extended GL_ARB_debug_output GL_ARB_draw_buffers_blend GL_ARB_draw_elements_base_vertex GL_ARB_explicit_attrib_location GL_ARB_fragment_coord_conventions GL_ARB_provoking_vertex GL_ARB_sample_shading GL_ARB_sampler_objects GL_ARB_seamless_cube_map GL_ARB_shader_texture_lod GL_ARB_texture_cube_map_array GL_ARB_texture_gather GL_ARB_texture_multisample GL_ARB_texture_query_lod GL_ARB_texture_rgb10_a2ui GL_ARB_uniform_buffer_object GL_ARB_vertex_type_2_10_10_10_rev GL_EXT_provoking_vertex GL_EXT_texture_snorm GL_MESA_texture_signed_rgba GL_ARB_get_program_binary GL_ARB_robustness GL_ARB_separate_shader_objects GL_ARB_shader_bit_encoding GL_ARB_texture_compression_bptc GL_ARB_timer_query GL_ARB_transform_feedback2 GL_ARB_transform_feedback3 GL_ANGLE_texture_compression_dxt3 GL_ANGLE_texture_compression_dxt5 GL_ARB_compressed_texture_pixel_storage GL_ARB_conservative_depth GL_ARB_internalformat_query GL_ARB_map_buffer_alignment GL_ARB_shader_atomic_counters GL_ARB_shader_image_load_store GL_ARB_shading_language_420pack GL_ARB_shading_language_packing GL_ARB_texture_storage GL_ARB_transform_feedback_instanced GL_EXT_framebuffer_multisample_blit_scaled GL_EXT_transform_feedback GL_AMD_shader_trinary_minmax GL_ARB_ES3_compatibility GL_ARB_clear_buffer_object GL_ARB_copy_image GL_ARB_explicit_uniform_location GL_ARB_framebuffer_no_attachments GL_ARB_invalidate_subdata GL_ARB_program_interface_query GL_ARB_shader_image_size GL_ARB_stencil_texturing GL_ARB_texture_query_levels GL_ARB_texture_storage_multisample GL_ARB_texture_view GL_ARB_vertex_attrib_binding GL_KHR_debug GL_ARB_buffer_storage GL_ARB_clear_texture GL_ARB_multi_bind GL_ARB_seamless_cubemap_per_texture GL_ARB_texture_mirror_clamp_to_edge GL_ARB_vertex_type_10f_11f_11f_rev GL_EXT_shader_integer_mix GL_ARB_clip_control GL_ARB_conditional_render_inverted GL_ARB_derivative_control GL_ARB_get_texture_sub_image GL_ARB_pipeline_statistics_query GL_EXT_polygon_offset_clamp GL_KHR_context_flush_control
[   1956609] instrumented function 0x1400067e8 (35) took 0msec
Possible ERROR while running linker: exit code 1
Package: environ 2014/05/04 v0.3 A new way to define environments
 (/usr/local/texlive/2021/texmf-dist/tex/latex/trimspaces/trimspaces.sty
2021-10-26T21:50:50.455Z,1.455175,4337000,7 [FLog::Network] binding socket on inaddr_any:0

2021-10-26T21:50:50.455Z,1.455321,4337000,19 [DFLog::NetworkAudit] RakNet Socket Open: 127.0.0.1|58243
US Core Comparison: compare StructureDefinition[http://hl7.org/fhir/us/ph-library/StructureDefinition/us-ph-is-postpartum|1.0.0] to StructureDefinition[http://hl7.org/fhir/us/core/StructureDefinition/us-core-body-height|6.1.0]
  Locate a functional C compiler
Checking for program /home/petsc/soft/mpich-3.3/bin/mpicc...found
              Defined make macro "CC" to "mpicc"
                          All intermediate test results are stored in /tmp/petsc-uGvYRc
                        All intermediate test results are stored in /tmp/petsc-uGvYRc/config.setCompilers
Executing: mpicc -c -o /tmp/petsc-uGvYRc/config.setCompilers/conftest.o -I/tmp/petsc-uGvYRc/config.setCompilers   /tmp/petsc-uGvYRc/config.setCompilers/conftest.c 
Successful compile:
Source:
#include "confdefs.h"
#include "conffix.h"

int main() {
;
  return 0;
}
Executing: mpicc -c -o /tmp/petsc-uGvYRc/config.setCompilers/conftest.o -I/tmp/petsc-uGvYRc/config.setCompilers   /tmp/petsc-uGvYRc/config.setCompilers/conftest.c 
Successful compile:
Source:
#include "confdefs.h"
#include "conffix.h"

int main() {
;
  return 0;
}
Executing: mpicc  -o /tmp/petsc-uGvYRc/config.setCompilers/conftest    /tmp/petsc-uGvYRc/config.setCompilers/conftest.o 
Executing: mpicc -c -o /tmp/petsc-uGvYRc/config.setCompilers/conftest.o -I/tmp/petsc-uGvYRc/config.setCompilers   /tmp/petsc-uGvYRc/config.setCompilers/conftest.c 
Successful compile:
Source:
#include "confdefs.h"
     62     0.056077
	at com.vaadin.ui.Grid$Column.access$1100(Grid.java:849) ~[vaadin-server-8.9.4.jar:8.9.4]
	at com.vaadin.ui.Grid$Column$1.generateData(Grid.java:898) ~[vaadin-server-8.9.4.jar:8.9.4]
	at com.vaadin.data.provider.DataCommunicator.getDataObject(DataCommunicator.java:481) ~[vaadin-server-8.9.4.jar:8.9.4]
	at com.vaadin.data.provider.DataCommunicator.pushData(DataCommunicator.java:461) ~[vaadin-server-8.9.4.jar:8.9.4]
	at com.vaadin.data.provider.HierarchicalDataCommunicator.doExpand(HierarchicalDataCommunicator.java:316) ~[vaadin-server-8.9.4.jar:8.9.4]
./JeuxVideos/Pokémon_-_OST
	at info.magnolia.cms.filters.UnicodeNormalizationFilter.doFilter(UnicodeNormalizationFilter.java:89) [magnolia-core-6.2.3.jar:?]
dallas+weather+radar	01.08.2009 21:30:30	http://www.google.com/search?client=firefox-a&rls=org.mozilla%3Aen-US%3Aofficial&channel=s&hl=en&q=national+weather+radar+dfw+area&btnG=Google+Search	Mozilla/5.0 (Windows; U; Windows NT 5.1; en-US; rv:1.9.0.12) Gecko/2009070611 Firefox/3.0.12	76.187.247.103
invicta+9212+men%E2%80%99s+gold+plated+stainless+steel+speedway+watch	01.08.2009 21:30:30	http://www.google.com/search?q=invicta+speedway+rose+gold+leather+strap&hl=en	Mozilla/4.0 (compatible; MSIE 6.0; Windows NT 5.1; SV1; .NET CLR 1.1.4322; .NET CLR 2.0.50727; .NET CLR 3.0.04506.30)	74.76.45.239
      manliMaxSUBSize                   = 4
      manliAdjustMaxSUBSizeUsingGold    = null
      manliTempGeometric                = true
      manliStartTemp                    = 40.0
      manliEndTemp                      = 0.0010
/usr/bin/ld: cannot find -lpetsc-ufod4vtr9mqHvKIQiVAm
collect2: error: ld returned 1 exit status
 3/5=1,6=6,7=1,11=1,16=1,25=1,30=1,116=1/1,2,3;
 4//1;
     Marker Description       : Stainless Steel bolt
instanceKlass sun/misc/JarIndex
laguardia+evacuated	01.08.2009 19:39:59	http://www.google.com/search?hl=en&q=lga+evacution&aq=f&oq=&aqi=	Mozilla/5.0 (Windows; U; Windows NT 6.0; en-US) AppleWebKit/525.28 (KHTML, like Gecko) Version/3.2.2 Safari/525.28.1	24.186.243.25
invicta+9212+men%E2%80%99s+gold+plated+stainless+steel+speedway+watch	01.08.2009 19:40:12	http://www.google.com/search?q=Invicta+9212+Men%E2%80%99s+Gold+Plated+Stainless+Steel+Speedway+Watch&rls=com.microsoft:en-us:IE-SearchBox&ie=UTF-8&oe=UTF-8&sourceid=ie7&rlz=1I7ADBF	Mozilla/4.0 (compatible; MSIE 8.0; Windows NT 6.0; WOW64; Trident/4.0; SLCC1; .NET CLR 2.0.50727; Media Center PC 5.0; .NET CLR 3.0.30729; .NET CLR 3.5.30729)	71.100.218.210
ERROR info.magnolia.aws.foundation.AwsCredentialsProvider 15.10.2020 00:12:42 -- AWS credentials are expected to be set in Password manager module.
ERROR info.magnolia.ai.text.TextClassificationModule 15.10.2020 00:12:42 -- Submission of text classification request has been failed at page path '/travel/members' with error code: 'null'.
ERROR info.magnolia.aws.foundation.AwsCredentialsProvider 15.10.2020 00:12:42 -- AWS credentials are expected to be set in Password manager module.
=== START import 2016-05-16 21:14:40 ===
Importing categories...
0 K2 categories imported
simple	14-Jul-2020 09:19:38	Build always requires a clean checkout
[2023.05.20-22.07.39:931][  0]LogConfig: CVar [[ClassesExcludedOnDedicatedServer:ParticleLODLevel]] deferred - dummy variable created
[2023.05.20-22.07.39:931][  0]LogConfig: CVar [[ClassesExcludedOnDedicatedServer:ParticleModule]] deferred - dummy variable created
[2023.05.20-22.07.39:931][  0]LogConfig: CVar [[ClassesExcludedOnDedicatedServer:SubUVAnimation]] deferred - dummy variable created
[2023.05.20-22.07.39:931][  0]LogConfig: CVar [[ClassesExcludedOnDedicatedServer:SoundNode]] deferred - dummy variable created
[2023.05.20-22.07.39:931][  0]LogConfig: CVar [[ClassesExcludedOnDedicatedServer:GameplayEffectUIData]] deferred - dummy variable created
[2023.05.20-22.07.39:931][  0]LogConfig: CVar [[ClassesExcludedOnDedicatedClient:WidgetBlueprint]] deferred - dummy variable created
[2023.05.20-22.07.39:931][  0]LogConfig: CVar [[ClassesExcludedOnDedicatedClient:GroupActor]] deferred - dummy variable created
[2023.05.20-22.07.39:931][  0]LogConfig: CVar [[ClassesExcludedOnDedicatedClient:MetaData]] deferred - dummy variable created
[2023.05.20-22.07.39:931][  0]LogConfig: CVar [[ClassesExcludedOnDedicatedClient:ObjectRedirector]] deferred - dummy variable created
[2023.05.20-22.07.39:931][  0]LogConfig: CVar [[ClassesExcludedOnDedicatedClient:InterpCurveEdSetup]] deferred - dummy variable created
[2023.05.20-22.07.39:931][  0]LogConfig: CVar [[VersionedIntRValues:r.AllowStaticLighting]] deferred - dummy variable created
[2023.05.20-22.07.39:931][  0]LogConfig: CVar [[VersionedIntRValues:r.GBuffer]] deferred - dummy variable created
[2023.05.20-22.07.39:931][  0]LogConfig: CVar [[VersionedIntRValues:r.VelocityOutputPass]] deferred - dummy variable created
[2023.05.20-22.07.39:932][  0]LogConfig: Set CVar [[r.Shadow.Virtual.SMRT.RayCountDirectional:8]]
[2023.05.20-22.07.39:932][  0]LogConfig: Set CVar [[r.Shadow.Virtual.SMRT.SamplesPerRayDirectional:4]]
[2023.05.20-22.07.39:932][  0]LogConfig: Set CVar [[r.Shadow.Virtual.SMRT.RayCountLocal:8]]
[2023.05.20-22.07.39:932][  0]LogConfig: Set CVar [[r.Shadow.Virtual.SMRT.SamplesPerRayLocal:4]]
[2023.05.20-22.07.39:932][  0]LogConfig: Applying CVar settings from Section [GlobalIlluminationQuality@3] File [Scalability]
[2023.05.20-22.07.39:932][  0]LogConfig: Set CVar [[r.Lumen.DiffuseIndirect.Allow:1]]
[2023.05.20-22.07.39:932][  0]LogConfig: Set CVar [[r.LumenScene.Radiosity.ProbeSpacing:4]]
[2023.05.20-22.07.39:932][  0]LogConfig: Set CVar [[r.LumenScene.Radiosity.HemisphereProbeResolution:4]]
[2023.05.20-22.07.39:932][  0]LogConfig: Set CVar [[r.Lumen.TraceMeshSDFs.Allow:1]]
[2023.05.20-22.07.39:932][  0]LogConfig: Set CVar [[r.Lumen.ScreenProbeGather.RadianceCache.ProbeResolution:32]]
[2023.05.20-22.07.39:932][  0]LogConfig: Set CVar [[r.Lumen.ScreenProbeGather.RadianceCache.NumProbesToTraceBudget:300]]
[2023.05.20-22.07.39:932][  0]LogConfig: Set CVar [[r.Lumen.ScreenProbeGather.ScreenSpaceBentNormal:1]]
[2023.05.20-22.07.39:932][  0]LogConfig: Set CVar [[r.Lumen.ScreenProbeGather.DownsampleFactor:16]]
[2023.05.20-22.07.39:932][  0]LogConfig: Set CVar [[r.Lumen.ScreenProbeGather.TracingOctahedronResolution:8]]
[2023.05.20-22.07.39:933][  0]LogConfig: Set CVar [[r.Lumen.ScreenProbeGather.IrradianceFormat:0]]
[2023.05.20-22.07.39:933][  0]LogConfig: Set CVar [[r.Lumen.ScreenProbeGather.StochasticInterpolation:0]]
[2023.05.20-22.07.39:933][  0]LogConfig: Set CVar [[r.Lumen.ScreenProbeGather.FullResolutionJitterWidth:1]]
