[     21500] rage::gameSkeleton::RunInitFunctions: Invoking CControllerLabelMgr INIT_CORE init (31 out of 52)
		- Fixed second foreman can't see their project 
		
 Version 1.22.0 (14 MAY 2018)
cryptpw (CRYPTPW) [N/y/?] n
[   1963265] overriding handle for mp_f_freemode_01/jbib_diff_005_g_uni.ytd (was 4cd03c1) -> 240
[   1963281] overriding handle for mp_f_freemode_01/jbib_diff_005_i_uni.ytd (was 4cd03c3) -> 241
[   1963281] overriding handle for mp_f_freemode_01/jbib_diff_005_k_uni.ytd (was 4cd03c5) -> 242
[   1963312] overriding handle for mp_f_freemode_01/jbib_diff_005_l_uni.ytd (was 4cd03c6) -> 243
[   1963328] overriding handle for mp_f_freemode_01/jbib_diff_005_m_uni.ytd (was 4cd03c7) -> 244
[   1963343] overriding handle for mp_f_freemode_01/jbib_diff_006_d_uni.ytd (was 4cd03ce) -> 245
[   1963359] overriding handle for mp_f_freemode_01/jbib_diff_006_f_uni.ytd (was 4cd03d0) -> 246
[   1963375] overriding handle for mp_f_freemode_01/jbib_diff_006_g_uni.ytd (was 4cd03d1) -> 247
[   1963390] overriding handle for mp_f_freemode_01/jbib_diff_006_h_uni.ytd (was 4cd03d2) -> 248
[   1963406] overriding handle for mp_f_freemode_01/jbib_diff_006_i_uni.ytd (was 4cd03d3) -> 249
[   1963422] overriding handle for mp_f_freemode_01/jbib_diff_006_j_uni.ytd (was 4cd03d4) -> 24a
[   1963437] overriding handle for mp_f_freemode_01/jbib_diff_006_k_uni.ytd (was 4cd03d5) -> 24b
[   1963437] overriding handle for mp_f_freemode_01/jbib_diff_006_l_uni.ytd (was 4cd03d6) -> 24c
[   1963468] overriding handle for mp_f_freemode_01/jbib_diff_006_m_uni.ytd (was 4cd03d7) -> 24d
[   1963484] overriding handle for mp_f_freemode_01/jbib_diff_006_n_uni.ytd (was 4cd03d8) -> 24e
[   1963500] overriding handle for mp_f_freemode_01/jbib_diff_006_o_uni.ytd (was 4cd03d9) -> 24f
[   1963515] overriding handle for mp_f_freemode_01/jbib_diff_006_p_uni.ytd (was 4cd03da) -> 250
[   1963531] overriding handle for mp_f_freemode_01/jbib_diff_007_d_uni.ytd (was 4cd03de) -> 251
[   1963547] overriding handle for mp_f_freemode_01/jbib_diff_007_e_uni.ytd (was 4cd03df) -> 252
[   1963562] overriding handle for mp_f_freemode_01/jbib_diff_007_g_uni.ytd (was 4cd03e1) -> 253
[   1963578] overriding handle for mp_f_freemode_01/jbib_diff_007_h_uni.ytd (was 4cd03e2) -> 254
[   1963593] overriding handle for mp_f_freemode_01/jbib_diff_007_j_uni.ytd (was 4cd03e4) -> 255
[   1963609] overriding handle for mp_f_freemode_01/jbib_diff_007_k_uni.ytd (was 4cd03e5) -> 256
[   1963625] overriding handle for mp_f_freemode_01/jbib_diff_007_l_uni.ytd (was 4cd03e6) -> 257
[   1963625] overriding handle for mp_f_freemode_01/jbib_diff_007_n_uni.ytd (was 4cd03e8) -> 258
[   1964343] overriding handle for mp_f_freemode_01/jbib_diff_015_i_uni.ytd (was 4cd0463) -> 28b
[   1964359] overriding handle for mp_f_freemode_01/jbib_diff_015_j_uni.ytd (was 4cd0464) -> 28c
[   1964375] overriding handle for mp_f_freemode_01/jbib_diff_015_m_uni.ytd (was 4cd0467) -> 28d
[   1964375] overriding handle for mp_f_freemode_01/jbib_diff_015_n_uni.ytd (was 4cd0468) -> 28e
[   1964390] overriding handle for mp_f_freemode_01/jbib_diff_015_o_uni.ytd (was 4cd0469) -> 28f
	at info.magnolia.cms.filters.AbstractMgnlFilter.doFilter(AbstractMgnlFilter.java:85) [magnolia-core-6.2.3.jar:?]
	at info.magnolia.cms.filters.MgnlFilterChain.doFilter(MgnlFilterChain.java:79) [magnolia-core-6.2.3.jar:?]
	at info.magnolia.enterprise.registration.RegistrationFilter.doFilter(RegistrationFilter.java:79) [magnolia-module-enterprise-6.2.3.jar:?]
	at info.magnolia.cms.filters.AbstractMgnlFilter.doFilter(AbstractMgnlFilter.java:85) [magnolia-core-6.2.3.jar:?]
	at info.magnolia.cms.filters.MgnlFilterChain.doFilter(MgnlFilterChain.java:79) [magnolia-core-6.2.3.jar:?]
	at info.magnolia.cms.filters.MgnlFilterChain.doFilter(MgnlFilterChain.java:81) [magnolia-core-6.2.3.jar:?]
	at info.magnolia.cms.filters.UnicodeNormalizationFilter.doFilter(UnicodeNormalizationFilter.java:89) [magnolia-core-6.2.3.jar:?]
	at info.magnolia.cms.filters.AbstractMgnlFilter.doFilter(AbstractMgnlFilter.java:85) [magnolia-core-6.2.3.jar:?]
	at info.magnolia.cms.filters.MgnlFilterChain.doFilter(MgnlFilterChain.java:79) [magnolia-core-6.2.3.jar:?]
	at info.magnolia.cms.filters.MgnlFilterChain.doFilter(MgnlFilterChain.java:81) [magnolia-core-6.2.3.jar:?]
	at info.magnolia.personalization.preview.filter.PreviewFilter.doFilter(PreviewFilter.java:92) [magnolia-personalization-preview-app-2.0.3.jar:?]
	at info.magnolia.cms.filters.OncePerRequestAbstractMgnlFilter.doFilter(OncePerRequestAbstractMgnlFilter.java:59) [magnolia-core-6.2.3.jar:?]
	at info.magnolia.cms.filters.MgnlFilterChain.doFilter(MgnlFilterChain.java:79) [magnolia-core-6.2.3.jar:?]
	at info.magnolia.cms.filters.MgnlFilterChain.doFilter(MgnlFilterChain.java:81) [magnolia-core-6.2.3.jar:?]
	at info.magnolia.cms.filters.MgnlFilterChain.doFilter(MgnlFilterChain.java:81) [magnolia-core-6.2.3.jar:?]
	at info.magnolia.cms.filters.MgnlFilterChain.doFilter(MgnlFilterChain.java:81) [magnolia-core-6.2.3.jar:?]
	at info.magnolia.cms.filters.MgnlFilterChain.doFilter(MgnlFilterChain.java:81) [magnolia-core-6.2.3.jar:?]
	at info.magnolia.cms.filters.ContentTypeFilter.doFilter(ContentTypeFilter.java:155) [magnolia-core-6.2.3.jar:?]
	at info.magnolia.cms.filters.AbstractMgnlFilter.doFilter(AbstractMgnlFilter.java:85) [magnolia-core-6.2.3.jar:?]
	at info.magnolia.cms.filters.MgnlFilterChain.doFilter(MgnlFilterChain.java:79) [magnolia-core-6.2.3.jar:?]
	at sun.reflect.NativeMethodAccessorImpl.invoke0(Native Method) ~[?:1.8.0_252]
	at sun.reflect.NativeMethodAccessorImpl.invoke(NativeMethodAccessorImpl.java:62) ~[?:1.8.0_252]
	at sun.reflect.DelegatingMethodAccessorImpl.invoke(DelegatingMethodAccessorImpl.java:43) ~[?:1.8.0_252]
	at java.lang.reflect.Method.invoke(Method.java:498) ~[?:1.8.0_252]
	at com.vaadin.server.ServerRpcManager.applyInvocation(ServerRpcManager.java:155) ~[vaadin-server-8.9.4.jar:8.9.4]
	... 111 more
Caused by: java.lang.IllegalStateException
	at com.google.common.base.Preconditions.checkState(Preconditions.java:492) ~[guava-28.2-jre.jar:?]
	at com.google.common.net.MediaType$Tokenizer.consumeTokenIfPresent(MediaType.java:1026) ~[guava-28.2-jre.jar:?]
	at com.google.common.net.MediaType$Tokenizer.consumeToken(MediaType.java:1034) ~[guava-28.2-jre.jar:?]
* Busybox Settings
*
Enable options for full-blown desktop systems (DESKTOP) [Y/n/?] y
Provide compatible behavior for rare corner cases (bigger code) (EXTRA_COMPAT) [N/y/?] n
Enable obsolete features removed before SUSv3 (INCLUDE_SUSv2) [Y/n/?] y
Avoid using GCC-specific code constructs (USE_PORTABLE_CODE) [N/y/?] n
Enable Linux-specific applets and features (PLATFORM_LINUX) [Y/?] y
Show applet usage messages (SHOW_USAGE) [Y/n/?] y
  Show verbose applet usage messages (FEATURE_VERBOSE_USAGE) [Y/n/?] y
  Store applet usage messages in compressed form (FEATURE_COMPRESS_USAGE) [N/y/?] n
Include busybox applet (BUSYBOX) [Y/n/?] y
* Busybox Library Tuning
*
Use the end of BSS page (FEATURE_USE_BSS_TAIL) [N/y/?] n
Support RTMIN[+n] and RTMAX[-n] signal names (FEATURE_RTMINMAX) [Y/n/?] y
Buffer allocation policy
> 1. Allocate with Malloc (FEATURE_BUFFERS_USE_MALLOC)
  2. Allocate on the Stack (FEATURE_BUFFERS_GO_ON_STACK)
  3. Allocate in the .bss section (FEATURE_BUFFERS_GO_IN_BSS)
choice[1-3?]: 1
Minimum password length (PASSWORD_MINLEN) [6] 6
MD5: Trade bytes for speed (0:fast, 3:slow) (MD5_SMALL) [1] 1
SHA3: Trade bytes for speed (0:fast, 1:slow) (SHA3_SMALL) [1] 1
Faster /proc scanning code (+100 bytes) (FEATURE_FAST_TOP) [N/y/?] n
Support for /etc/networks (FEATURE_ETC_NETWORKS) [N/y/?] n
Use termios to manipulate the screen (FEATURE_USE_TERMIOS) [Y/n/?] y
Command line editing (FEATURE_EDITING) [Y/n/?] y
  Maximum length of input (FEATURE_EDITING_MAX_LEN) [1024] 1024
  vi-style line editing commands (FEATURE_EDITING_VI) [Y/n/?] y
  History size (FEATURE_EDITING_HISTORY) [999] 999
\c@section=\count181
	at info.magnolia.cms.filters.RangeSupportFilter.doFilter(RangeSupportFilter.java:78) [magnolia-core-6.2.3.jar:?]
	at info.magnolia.cms.filters.AbstractMgnlFilter.doFilter(AbstractMgnlFilter.java:85) [magnolia-core-6.2.3.jar:?]
 XXXZ=              0.0000 YYYX=              0.0000 YYYZ=              0.0000 ZZZX=              0.0000
12:32:06 T:7432    INFO: Loading special://xbmc/system/keymaps/joystick.PS3.Remote.Keyboard.xml
Sushi:   File: /scratch/ig-build-temp-JHXSGN/repo/input/fsh/instances/us-ph-patient-eve-everywoman.fsh (04:18.781)
[22:42:46] Computer: [+] 0317/8028 registration successful - http://www.telkom.co.ke/?q=node/add
[22:42:46] Justice degree: [+] 8024/8289 new URL - https://www.techlato.com/wp-login.php?registration=disabled
2002.07.06 12:13 B C:\usia\2002CDfinal\trade\fedres\box02.gif --> 198.65.129.51 /infousa/trade/fedres box02.gif
2002.07.06 12:14 B C:\usia\2002CDfinal\trade\fedres\map.gif --> 198.65.129.51 /infousa/trade/fedres map.gif

8.5.x Other Instrumentation   : (multiple lines)

       Telephone (secondary)  :
       Fax                    : 614-275-1673
 1/38=1/1;
 2/12=2,17=6,18=5,40=1/2;
sayville+summerfest	01.08.2009 23:28:21	http://www.google.com/url?sa=t&source=web&ct=res&cd=6&url=http%3A%2F%2Fcomicsunlimited.com%2Fcomics%2Findex.php%3Fsayville%2Bsummerfest&ei=mc50SvKgAqGCtgf4reGWCQ&rct=j&q=sayville+summerfest+2009&usg=AFQjCNHrQw_wE_sPYTVyNktEvwOvcHlgMw	Mozilla/5.0 (Windows; U; Windows NT 6.0; en-US; rv:1.9.0.10) Gecko/2009042316 Firefox/3.0.10	24.45.132.39
[22:42:36] Make money online: [-] 7818/8047 no engine matches (HTTP-Status: 301) - https://echecetcinemat.wordpress.com/
ciMethodData java/util/BitSet expandTo (I)V 2 7701 orig 264 8 110 37 81 0 0 0 0 168 137 153 22 0 0 0 0 88 1 0 0 0 0 0 0 0 0 0 0 0 0 0 0 0 0 0 0 0 0 0 0 0 0 0 0 0 0 0 0 0 0 0 0 0 0 0 0 0 0 0 0 0 0 0 0 0 0 0 0 0 0 0 0 0 0 0 0 0 0 0 0 77 68 79 32 101 120 116 114 97 32 100 97 116 97 32 108 111 99 107 0 0 0 0 0 0 0 0 0 0 0 0 0 0 0 0 0 0 0 0 0 0 0 0 0 0 0 0 0 0 0 0 0 0 0 0 0 0 0 0 0 0 0 0 0 0 0 0 0 0 0 0 0 0 0 0 0 0 0 0 0 0 0 0 0 0 0 0 0 0 0 0 0 0 0 0 0 0 0 0 0 0 0 0 0 0 0 0 0 0 0 0 0 0 0 0 0 0 0 0 0 0 0 0 0 0 0 0 0 0 0 0 0 0 0 0 0 0 2 0 0 169 224 0 0 1 0 0 0 0 0 0 0 0 0 0 0 2 0 0 0 0 0 6 0 2 0 0 0 48 0 0 0 255 255 255 255 7 0 9 0 0 0 0 0 data 6 0x90007 0x1b94 0x30 0x81 0xe0002 0x81 oops 0
Tacoma_1	ALASKA	McCHORD AFB	afd	al_140_25OCT2007.png
MCG	ALASKA	McGRATH	afd	al_141_25OCT2007.png
16Z	ALASKA	McGRATH SEAPLANE	afd	al_141_25OCT2007.png
AK40	ALASKA	McGRATH NIXON FORK MINE 	afd	al_142_25OCT2007.png
AK06	ALASKA	McKINLEY PARK DENALI	afd	al_142_25OCT2007.png
4K5	ALASKA	OUZINKIE	afd	al_163_25OCT2007.png
AK46	ALASKA	PALMER ABI	afd	al_164_25OCT2007.png
AK1	ALASKA	PALMER BUTTE MUNI	afd	al_164_25OCT2007.png
AK53	ALASKA	PALMER DOWNWIND LANDING	afd	al_164_25OCT2007.png
99Z	ALASKA	PALMER FINGER LAKE SEAPLANE	afd	al_164_25OCT2007.png
AK93	ALASKA	PALMER GROUSE RIDGE	afd	al_164_25OCT2007.png
82AK	ALASKA	PALMER JIMS LANDING	afd	al_165_25OCT2007.png
PAQ	ALASKA	PALMER MUNI	afd	al_165_25OCT2007.png
AK50	ALASKA	PALMER SKY RANCH AT PIONEER PEAK	afd	al_165_25OCT2007.png
AK42	ALASKA	VALLEY HOSPITAL-PALMER HELIPORT	afd	al_165_25OCT2007.png
05AK	ALASKA	PALMER WASILLA CREEK AIRPARK	afd	al_165_25OCT2007.png
4AK6	ALASKA	PALMER WOLF LAKE	afd	al_165_25OCT2007.png
PXK	ALASKA	PAXSON	afd	al_166_25OCT2007.png
4K0	ALASKA	PEDRO BAY	afd	al_166_25OCT2007.png
PEC	ALASKA	PELICAN SEAPLANE	afd	al_166_25OCT2007.png
PEV	ALASKA	PERRYVILLE	afd	al_167_25OCT2007.png
63A	ALASKA	PETERSBURG LLOYD R. ROUNDTREE SEAPLANE FACILITY	afd	al_167_25OCT2007.png
PSG	ALASKA	PETERSBURG JAMES A. JOHNSON	afd	al_168_25OCT2007.png
PNP	ALASKA	PILOT POINT	afd	al_168_25OCT2007.png
UGB	ALASKA	PILOT POINT UGASHIK BAY	afd	al_169_25OCT2007.png
0AK	ALASKA	PILOT STATION	afd	al_169_25OCT2007.png
CYPK	ALASKA	PITT MEADOWS	afd	al_170_25OCT2007.png
PTU	ALASKA	PLATINUM	afd	al_170_25OCT2007.png
KPB	ALASKA	POINT BAKER SEAPLANE	afd	al_170_25OCT2007.png
PHO	ALASKA	POINT HOPE	afd	al_171_25OCT2007.png
./Iron%20Maiden/The%20Essential/CD%201
<MANLIResult id="RTE2_dev.10.p0" score="13.350" normscore="0.431">
[      3469] [    GTAProcess]             MainThrd/ pre-gameload component scripthookv
<09:24AM DrStupid> (KNBC)
<09:24AM DrStupid> another aftershock.
<09:24AM KNBC> LAx partially re opened
(YaZoO/#earthquake) drs : now big ?
<09:25AM KNBC> or did they close again?
2016-02-23 15:45:25,557  INFO Injector:69    -> Key[type=org.matsim.core.trafficmonitoring.TravelTimeCalculatorModule$TravelTimeCalculatorProvider, annotation=[none]][Scopes.SINGLETON]
2016-02-23 15:45:25,557  INFO Injector:68 org.matsim.core.router.util.TravelTime @com.google.inject.name.Named(value=car)
2016-02-23 15:45:25,557  INFO Injector:69    -> Key[type=org.matsim.core.trafficmonitoring.TravelTimeCalculatorModule$ObservedLinkTravelTimes, annotation=[none]]
Abort compilation on any warning (WERROR) [N/y/?] n
Additional debugging library
tdf#107555 Apply the 'Default Style' table style to newly inserted tables [Jim Raykowski]
tdf#107567 Text previews in Paragraph dialog not showing correctly for RTL [Jim Raykowski]
tdf#107601 Rename Data > Statistics > "t-test" to "paired t-test" [Olivier Hallot]
             1971 Sep 13          -              FU-199                         Emission Na                       Centaure 1             C133             CSG ALFS                 0.0
             1971 Sep 14 0420     -              FU-196                         Hydrogene atomique                Dauphin                DA005            CSG ALFS               103.0
             1971 Sep 19 2156     -              NASA 10.348GM                  NASA 10.348GM                     Nike Cajun             NASA 10.348GM    CSG ALFS               125.0
             1971 Sep 19 2200     -              FU-199                         Emission TMA                      Centaure 1             C132             CSG ALFS                 0.0
             1971 Sep 19 2200     -              FU-199                         Emission TMA                      Centaure 1             C146             CSG ALFS                 0.0
             1971 Sep 20 0330     -              NASA 10.349GM                  NASA 10.349GM                     Nike Cajun             NASA 10.349GM    CSG ALFS               122.0
1982-F06     1982 Sep  9 0212:00  1982-F06       Marecs B                       Marecs B                  F00892  Ariane 1               L5               CSG ELA1                 0.0
                                  1982-F06       Sirio 2                        Sirio 2                   F00895
1983-058     1983 Jun 16 1159:03  1983-058A      ECS 1                          ECS 1                     S14128  Ariane 1               L6               CSG ELA1                 0.0
                                  1983-058B      Oscar 10                       Amsat Phase 3B            S14129
1983-105     1983 Oct 19 0045:36  1983-105A      Intelsat V F7                  Intelsat V F7             S14421  Ariane 1               L7               CSG ELA1                 0.0
1984-023     1984 Mar  5 0050:03  1984-023A      Intelsat V F8                  Intelsat V F8             S14786  Ariane 1               L8               CSG ELA1                 0.0
1984-049     1984 May 23 0133:29  1984-049A      Spacenet F1                    Spacenet F1               S14985  Ariane 1               V9               CSG ELA1                 0.0
1984-081     1984 Aug  4 1332:54  1984-081A      ECS 2                          ECS 2                     S15158  Ariane 3               V10              CSG ELA1                 0.0
                                  1984-081B      Telecom 1A                     Telecom 1A                S15159
1984-114     1984 Nov 10 0114:18  1984-114A      Spacenet F2                    Spacenet F2               S15385  Ariane 3               V11              CSG ELA1                 0.0
                                  1984-114B      Marecs 2                       Marecs B2                 S15386
1985-015     1985 Feb  8 2322:00  1985-015A      Arabsat 1A                     Arabsat 1A                S15560  Ariane 3               V12              CSG ELA1                 0.0
                                  1985-015B      Brasilsat 1                    SBTS 1                    S15561
1985-035     1985 May  8 0115:38  1985-035A      Gstar 1                        Gstar 1A                  S15677  Ariane 3               V13              CSG ELA1                 0.0
                                  1985-035B      Telecom 1B                     Telecom 1B                S15678
1985-056     1985 Jul  2 1123:13  1985-056A      Giotto                         Giotto                    S15875  Ariane 1               V14              CSG ELA1                 0.0
1985-F03     1985 Sep 12 2326:00  1985-F03       Eutelsat I F-3                 ECS 3                     F00951  Ariane 3               V15              CSG ELA1                 0.0
                                  1985-F03       Spacenet F3                    Spacenet F3               F00953
1986-019     1986 Feb 22 0144:35  1986-019A      SPOT 1                         SPOT                      S16613  Ariane 1               V16              CSG ELA1                 0.0
                                  1986-019B      Viking                         Viking                    S16614
1986-026     1986 Mar 28 2330:00  1986-026A      Gstar 2                        Gstar 2                   S16649  Ariane 3               V17              CSG ELA2                 0.0
                                  1986-026B      Brasilsat 2                    SBTS 2                    S16650
1986-F05     1986 May 31 0053:03  1986-F05       Intelsat VA F14                Intelsat VA F14           F00986  Ariane 2               V18              CSG ELA1                 0.0
1987-078     1987 Sep 16 0045:28  1987-078A      Aussat K3                      Aussat K3                 S18350  Ariane 3               V19              CSG ELA1                 0.0
[    384734] EndpointMapper::HandleRequest: POST /gta5/11/gameservices/GeoLocation.asmx/GetLocationInfoFromIP
[    390547] EndpointMapper::HandleRequest: POST /gta5/11/gameservices/ProfileStats.asmx/ReadStatsByGamer2
[    450406] EndpointMapper::HandleRequest: POST /gta5/11/gameservices/presence.asmx/GetPresenceServers
12:32:05 T:7432  NOTICE: Additional mode: 1024x768@ 75.00 #2 - Full Screen
12:32:05 T:7432  NOTICE: Additional mode: 1152x864@ 60.00 #2 - Full Screen
12:32:05 T:7432  NOTICE: Previous line repeats 2 times.
12:32:05 T:7432  NOTICE: Additional mode: 1152x864@ 75.00 #2 - Full Screen
12:32:05 T:7432  NOTICE: Previous line repeats 2 times.
12:32:05 T:7432  NOTICE: Additional mode: 1280x720@ 60.00 #2 - Full Screen
12:32:05 T:7432  NOTICE: Previous line repeats 2 times.
12:32:05 T:7432  NOTICE: Additional mode: 1280x720@ 75.00 #2 - Full Screen
12:32:05 T:7432  NOTICE: Previous line repeats 2 times.
12:32:05 T:7432  NOTICE: Additional mode: 1280x768@ 60.00 #2 - Full Screen
12:32:05 T:7432  NOTICE: Previous line repeats 2 times.
12:32:05 T:7432  NOTICE: Additional mode: 1280x768@ 75.00 #2 - Full Screen
12:32:05 T:7432  NOTICE: Previous line repeats 2 times.
12:32:05 T:7432  NOTICE: Additional mode: 1280x800@ 60.00 #2 - Full Screen
12:32:05 T:7432  NOTICE: Previous line repeats 2 times.
12:32:05 T:7432  NOTICE: Additional mode: 1280x800@ 75.00 #2 - Full Screen
12:32:05 T:7432  NOTICE: Previous line repeats 2 times.
12:32:05 T:7432  NOTICE: Additional mode: 1280x960@ 60.00 #2 - Full Screen
12:32:05 T:7432  NOTICE: Previous line repeats 2 times.
12:32:05 T:7432  NOTICE: Additional mode: 1280x960@ 75.00 #2 - Full Screen
12:32:05 T:7432  NOTICE: Previous line repeats 2 times.
12:32:05 T:7432  NOTICE: Additional mode: 1280x1024@ 60.00 #2 - Full Screen
12:32:05 T:7432  NOTICE: Additional mode: 1280x1024@ 75.00 #2 - Full Screen
12:32:05 T:7432  NOTICE: Additional mode: 1360x768@ 60.00 #2 - Full Screen
12:32:05 T:7432  NOTICE: Previous line repeats 2 times.
12:32:05 T:7432  NOTICE: Additional mode: 1366x768@ 60.00 #2 - Full Screen
12:32:05 T:7432  NOTICE: Previous line repeats 2 times.
12:32:05 T:7432  NOTICE: Additional mode: 1600x900@ 60.00 #2 - Full Screen
12:32:05 T:7432  NOTICE: Previous line repeats 2 times.
12:32:05 T:7432  NOTICE: Additional mode: 1600x1024@ 60.00 #2 - Full Screen
#include "conffix.h"
12:32:05 T:7432  NOTICE: Additional mode: 1366x768@ 75.00 - Full Screen
For [4mJeuxVideos[24m: [01;33m0[01;37m photos, [01;35m36[01;37m subdirs.
For [4mJim_Croce[24m: [01;33m21[01;37m photos, [01;35m0[01;37m subdirs.
For [4mBESTOF[24m: [01;33m164[01;37m photos, [01;35m0[01;37m subdirs.
For [4mChanson Plus Bifluorée[24m: [01;33m30[01;37m photos, [01;35m0[01;37m subdirs.
For [4mInconnus[24m: [01;33m17[01;37m photos, [01;35m3[01;37m subdirs.
For [4mL'intégral de Coluche[24m: [01;33m80[01;37m photos, [01;35m0[01;37m subdirs.
For [4mLes aventuriers du Survivaure[24m: [01;33m14[01;37m photos, [01;35m0[01;37m subdirs.
For [4mManau[24m: [01;33m0[01;37m photos, [01;35m1[01;37m subdirs.
For [4mNotre_Dame_de_Paris[24m: [01;33m0[01;37m photos, [01;35m2[01;37m subdirs.
For [4mTari Tari[24m: [01;33m80[01;37m photos, [01;35m0[01;37m subdirs.
For [4mWalt Disney[24m: [01;33m43[01;37m photos, [01;35m5[01;37m subdirs.
For [4mLes Choristes[24m: [01;33m21[01;37m photos, [01;35m0[01;37m subdirs.
For [4mLindsey_Stirling[24m: [01;33m15[01;37m photos, [01;35m0[01;37m subdirs.
For [4mBobby_Lapointe[24m: [01;33m51[01;37m photos, [01;35m0[01;37m subdirs.
For [4mCarpenters[24m: [01;33m0[01;37m photos, [01;35m1[01;37m subdirs.
For [4mIndochine[24m: [01;33m0[01;37m photos, [01;35m11[01;37m subdirs.
For [4mIron Maiden[24m: [01;33m0[01;37m photos, [01;35m20[01;37m subdirs.
For [4mTéléphone[24m: [01;33m0[01;37m photos, [01;35m13[01;37m subdirs.
For [4mThe_Beatles[24m: [01;33m0[01;37m photos, [01;35m5[01;37m subdirs.
For [4mThe_Notting_Hillbillies[24m: [01;33m0[01;37m photos, [01;35m1[01;37m subdirs.
For [4mTurisas[24m: [01;33m0[01;37m photos, [01;35m6[01;37m subdirs.
For [4mClassique[24m: [01;33m0[01;37m photos, [01;35m6[01;37m subdirs.
For [4mDivers[24m: [01;33m0[01;37m photos, [01;35m4[01;37m subdirs.
For [4mDjiboutep - Chants de Marins[24m: [01;33m22[01;37m photos, [01;35m0[01;37m subdirs.
ciMethod java/lang/Math min (II)I 3233 1 16810 0 -1
ciMethod java/util/Arrays copyOf ([CI)[C 1033 1 6305 0 -1
ciMethod java/util/Arrays copyOfRange ([CII)[C 2265 1 5604 0 512
ciMethodData java/lang/String charAt (I)C 2 146720 orig 264 8 110 37 81 0 0 0 0 176 61 124 22 0 0 0 0 120 1 0 0 32 0 0 0 0 0 0 0 0 0 0 0 0 0 0 0 0 0 0 0 0 0 0 0 0 0 0 0 0 0 0 0 0 0 0 0 0 0 0 0 0 0 0 0 0 0 0 0 0 0 0 0 0 0 0 0 0 0 0 0 77 68 79 32 101 120 116 114 97 32 100 97 116 97 32 108 111 99 107 0 0 0 0 0 0 0 0 0 0 0 0 0 0 0 0 0 0 0 0 0 0 0 0 0 0 0 0 0 0 0 0 0 0 0 0 0 0 0 0 0 0 0 0 0 0 0 0 0 0 0 0 0 0 0 0 0 0 0 0 0 0 0 0 0 0 0 0 0 0 0 0 0 0 0 0 0 0 0 0 0 0 0 0 0 0 0 0 0 0 0 0 0 0 0 0 0 0 0 0 0 0 0 0 0 0 0 0 0 0 0 0 0 0 0 0 0 0 2 0 0 1 217 17 0 1 0 0 0 0 0 0 0 0 0 0 0 2 0 0 0 0 0 0 0 0 0 0 0 80 0 0 0 255 255 255 255 7 0 1 0 0 0 0 0 data 10 0x10007 0x0 0x40 0x23b20 0xa0007 0x23b20 0x30 0x0 0x120002 0x0 oops 0
ciMethodData java/lang/String length ()I 2 35936 orig 264 8 110 37 81 0 0 0 0 96 60 124 22 0 0 0 0 32 1 0 0 0 0 0 0 0 0 0 0 0 0 0 0 0 0 0 0 0 0 0 0 0 0 0 0 0 0 0 0 0 0 0 0 0 0 0 0 0 0 0 0 0 0 0 0 0 0 0 0 0 0 0 0 0 0 0 0 0 0 0 0 77 68 79 32 101 120 116 114 97 32 100 97 116 97 32 108 111 99 107 0 0 0 0 0 0 0 0 0 0 0 0 0 0 0 0 0 0 0 0 0 0 0 0 0 0 0 0 0 0 0 0 0 0 0 0 0 0 0 0 0 0 0 0 0 0 0 0 0 0 0 0 0 0 0 0 0 0 0 0 0 0 0 0 0 0 0 0 0 0 0 0 0 0 0 0 0 0 0 0 0 0 0 0 0 0 0 0 0 0 0 0 0 0 0 0 0 0 0 0 0 0 0 0 0 0 0 0 0 0 0 0 0 0 0 0 0 0 2 0 0 1 83 4 0 1 0 0 0 0 0 0 0 0 0 0 0 2 0 0 0 0 0 0 0 0 0 0 0 0 0 0 0 255 255 255 255 0 0 0 0 0 0 0 0 data 0 oops 0
ciMethodData java/lang/Object <init> ()V 2 98315 orig 264 8 110 37 81 0 0 0 0 128 4 124 22 0 0 0 0 32 1 0 0 0 0 0 0 0 0 0 0 0 0 0 0 0 0 0 0 0 0 0 0 0 0 0 0 0 0 0 0 0 0 0 0 0 0 0 0 0 0 0 0 0 0 0 0 0 0 0 0 0 0 0 0 0 0 0 0 0 0 0 0 77 68 79 32 101 120 116 114 97 32 100 97 116 97 32 108 111 99 107 0 0 0 0 0 0 0 0 0 0 0 0 0 0 0 0 0 0 0 0 0 0 0 0 0 0 0 0 0 0 0 0 0 0 0 0 0 0 0 0 0 0 0 0 0 0 0 0 0 0 0 0 0 0 0 0 0 0 0 0 0 0 0 0 0 0 0 0 0 0 0 0 0 0 0 0 0 0 0 0 0 0 0 0 0 1 0 0 0 0 0 0 0 1 0 0 0 0 0 0 0 1 0 0 0 0 0 0 0 0 0 0 0 0 0 0 0 0 2 0 0 81 240 11 0 1 0 0 0 0 0 0 0 0 0 0 0 2 0 0 0 0 0 3 0 1 0 0 0 0 0 0 0 255 255 255 255 0 0 0 0 0 0 0 0 data 0 oops 0
  Enable -inum: inode number matching (FEATURE_FIND_INUM) [N/y/?] n
       Effective Dates        : (CCYY-MM-DD/CCYY-MM-DD)
       Notes                  : (multiple lines)


7.   Collocation Information
       Accuracy               : (hPa)
       Height Diff to Ant     : (m)
       Calibration date       : (CCYY-MM-DD)
       Effective Dates        : (CCYY-MM-DD/CCYY-MM-DD)
       Notes                  : (multiple lines)

8.3.1 Temp. Sensor Model      :
       Manufacturer           :
       Serial Number          :
       Data Sampling Interval : (sec)
       Accuracy               : (deg C)
       Aspiration             : (UNASPIRATED/NATURAL/FAN/etc)
       Height Diff to Ant     : (m)
       Calibration date       : (CCYY-MM-DD)
       Effective Dates        : (CCYY-MM-DD/CCYY-MM-DD)
       Notes                  : (multiple lines)

8.3.x Temp. Sensor Model      :
       Manufacturer           :
       Serial Number          :
       Data Sampling Interval : (sec)
       Accuracy               : (deg C)
       Aspiration             : (UNASPIRATED/NATURAL/FAN/etc)
       Height Diff to Ant     : (m)
       Calibration date       : (CCYY-MM-DD)
instanceKlass java/lang/IndexOutOfBoundsException
instanceKlass java/lang/IllegalStateException
instanceKlass com/android/dex/util/ExceptionWithContext
[   1966297] overriding handle for mp_f_freemode_01_mp_f_importexport_01/jbib_007_u.ydd (was 51d0006) -> 55c
[   1966312] overriding handle for mp_f_freemode_01_mp_f_importexport_01/jbib_014_u.ydd (was 512001e) -> 55d
[   1966328] overriding handle for mp_f_freemode_01_mp_f_importexport_01/jbib_diff_002_g_uni.ytd (was 512002d) -> 560
[   1966343] overriding handle for mp_f_freemode_01_mp_f_importexport_01/jbib_diff_002_h_uni.ytd (was 512002e) -> 561
[   1966359] overriding handle for mp_f_freemode_01_mp_f_importexport_01/jbib_diff_002_j_uni.ytd (was 5120030) -> 562
[   1966375] overriding handle for mp_f_freemode_01_mp_f_importexport_01/jbib_diff_003_g_uni.ytd (was 5120038) -> 563
[   1966375] overriding handle for mp_f_freemode_01_mp_f_importexport_01/jbib_diff_003_h_uni.ytd (was 5120039) -> 564
[   1966406] overriding handle for mp_f_freemode_01_mp_f_importexport_01/jbib_diff_003_j_uni.ytd (was 512003b) -> 565
[   1966422] overriding handle for mp_f_freemode_01_mp_f_importexport_01/jbib_diff_007_a_uni.ytd (was 51d0007) -> 580
[   1966437] overriding handle for mp_f_freemode_01_mp_f_importexport_01/jbib_diff_007_b_uni.ytd (was 51d0008) -> 581
[   1966453] overriding handle for mp_f_freemode_01_mp_f_importexport_01/jbib_diff_007_c_uni.ytd (was 51d0009) -> 582
[   1966468] overriding handle for mp_f_freemode_01_mp_f_importexport_01/jbib_diff_007_d_uni.ytd (was 51d000a) -> 583
[   1966484] overriding handle for mp_f_freemode_01_mp_f_importexport_01/jbib_diff_007_e_uni.ytd (was 51d000b) -> 584
[   1966484] overriding handle for mp_f_freemode_01_mp_f_importexport_01/jbib_diff_007_f_uni.ytd (was 51d000c) -> 585
./Apocalyptica/Apocalyptica%20-%201998%20-%20Inquisition%20Symphony
./Apocalyptica/Apocalyptica%20-%202001%20-%20Cult
./Apocalyptica/apocalyptica%20-%202003%20-%20Reflections
./Metallica
./Metallica/Metallica%20-%201984%20-%20Jump%20In%20The%20Fire
./Metallica/And%20Justice%20For%20All%20[1988]
./Metallica/Autres
./Metallica/Black%20Album%20[1991]
./Metallica/Death%20Magnetic%20[2008]
./Metallica/Kill%20Em%20All%20[1983]
./Metallica/Master%20of%20Puppets%20[1986]
./Metallica/Metallica%20-%201987%20-%20Creeping%20Death
./Metallica/Metallica%20-%201992%20-%20New%20Skulls%20For%20The%20Old%20Ceremony
./Metallica/Metallica%20-%201993%20-%20Live%20Shit,%20Binge%20And%20Purge
./Metallica/Metallica%20-%201993%20-%20Live%20Shit,%20Binge%20And%20Purge/Metallica%20-%201993%20-%20Live%20Shit,%20Binge%20And%20Purge%20-%20CD%201
./Metallica/Metallica%20-%201993%20-%20Live%20Shit,%20Binge%20And%20Purge/Metallica%20-%201993%20-%20Live%20Shit,%20Binge%20And%20Purge%20-%20CD%202
LogPluginManager: Mounting Engine plugin WmfMedia
[2023.05.20-22.07.39:932][  0]LogConfig: Set CVar [[r.Shadow.PreShadowResolutionFactor:1.0]]
[2023.05.20-22.07.39:932][  0]LogConfig: Set CVar [[r.DistanceFieldShadowing:1]]
[2023.05.20-22.07.39:932][  0]LogConfig: Set CVar [[r.DistanceFieldAO:1]]
[2023.05.20-22.07.39:932][  0]LogConfig: Set CVar [[r.AOQuality:2]]
[2023.05.20-22.07.39:932][  0]LogConfig: Set CVar [[r.VolumetricFog:1]]
[2023.05.20-22.07.39:932][  0]LogConfig: Set CVar [[r.VolumetricFog.GridPixelSize:8]]
[2023.05.20-22.07.39:932][  0]LogConfig: Set CVar [[r.VolumetricFog.GridSizeZ:128]]
[2023.05.20-22.07.39:932][  0]LogConfig: Set CVar [[r.VolumetricFog.HistoryMissSupersampleCount:4]]
[2023.05.20-22.07.39:932][  0]LogConfig: Set CVar [[r.LightMaxDrawDistanceScale:1]]
[2023.05.20-22.07.39:932][  0]LogConfig: Set CVar [[r.CapsuleShadows:1]]
[2023.05.20-22.07.39:932][  0]LogConfig: Set CVar [[r.Shadow.Virtual.MaxPhysicalPages:4096]]
[2023.05.20-22.07.39:932][  0]LogConfig: Set CVar [[r.Shadow.Virtual.ResolutionLodBiasDirectional:-1.5]]
[2023.05.20-22.07.39:932][  0]LogConfig: Set CVar [[r.Shadow.Virtual.ResolutionLodBiasLocal:0.0]]
[2023.05.20-22.07.39:933][  0]LogConfig: Set CVar [[r.DOF.Gather.PostfilterMethod:1          ; Median3x3 postfilering method]]
[2023.05.20-22.07.39:933][  0]LogConfig: Set CVar [[r.DOF.Gather.EnableBokehSettings:0       ; no bokeh simulation when gathering]]
[2023.05.20-22.07.39:933][  0]LogConfig: Set CVar [[r.DOF.Gather.RingCount:4                 ; medium number of samples when gathering]]
[2023.05.20-22.07.39:933][  0]LogConfig: Set CVar [[r.DOF.Scatter.ForegroundCompositing:1    ; additive foreground scattering]]
[2023.05.20-22.07.39:933][  0]LogConfig: Set CVar [[r.DOF.Scatter.BackgroundCompositing:2    ; additive background scattering]]
[2023.05.20-22.07.39:933][  0]LogConfig: Set CVar [[r.DOF.Scatter.EnableBokehSettings:1      ; bokeh simulation when scattering]]
[2023.05.20-22.07.39:933][  0]LogConfig: Set CVar [[r.DOF.Scatter.MaxSpriteRatio:0.1         ; only a maximum of 10% of scattered bokeh]]
[2023.05.20-22.07.39:933][  0]LogConfig: Set CVar [[r.DOF.Recombine.Quality:1                ; cheap slight out of focus]]
[2023.05.20-22.07.39:933][  0]LogConfig: Set CVar [[r.DOF.Recombine.EnableBokehSettings:0    ; no bokeh simulation on slight out of focus]]
[2023.05.20-22.07.39:933][  0]LogConfig: Set CVar [[r.DOF.TemporalAAQuality:1                ; more stable temporal accumulation]]
[2023.05.20-22.07.39:933][  0]LogConfig: Set CVar [[r.DOF.Kernel.MaxForegroundRadius:0.025]]
[2023.05.20-22.07.39:933][  0]LogConfig: Set CVar [[r.DOF.Kernel.MaxBackgroundRadius:0.025]]
[2023.05.20-22.07.39:933][  0]LogConfig: Applying CVar settings from Section [TextureQuality@3] File [Scalability]
[2023.05.20-22.07.39:933][  0]LogConfig: Set CVar [[r.Streaming.MipBias:0]]
[2023.05.20-22.07.39:933][  0]LogConfig: Set CVar [[r.Streaming.AmortizeCPUToGPUCopy:0]]
[2023.05.20-22.07.39:933][  0]LogConfig: Set CVar [[r.Streaming.MaxNumTexturesToStreamPerFrame:0]]
[2023.05.20-22.07.39:933][  0]LogConfig: Set CVar [[r.Streaming.Boost:1]]
              1          2          3
       Notes                  : (multiple lines)
                        ==  Championship/NNP-8    INS    $0.377  [I]
          goals/NNS-13  ==                        DEL    $0.429  [D]
              in/IN-14  ==  in/IN-9               SUB    $0.867  [E, sim, Esz, d:0.005]
              74/CD-15  ==                        DEL    $0.429  [D]
                        ==  1966/CD-10            INS    $0.377  [I]
west+virginia+derby	01.08.2009 22:38:20	http://www.google.com/m/search?ct=fsh&q=west+virginia+derby+results+aug+1+2009	BlackBerry8330/4.3.0 Profile/MIDP-2.0 Configuration/CLDC-1.1 VendorID/105	151.138.254.21
cancun+beach+closed	01.08.2009 23:03:45	http://www.google.com/m/search?ct=fsh&q=cancun+closed	BlackBerry8703e/4.1.0 Profile/MIDP-2.0 Configuration/CLDC-1.1 VendorID/105	206.53.157.19
shun+ken+onion+11+piece+knife+block+set	01.08.2009 23:03:49	http://www.google.com/search?q=shun+7+piece+classic&hl=en&rlz=1T4ADBF_enUS284US286&start=10&sa=N	Mozilla/4.0 (compatible; MSIE 7.0; Windows NT 6.0; GTB6; SLCC1; .NET CLR 2.0.50727; .NET CLR 3.0.04506)	69.182.153.137
fayette+county+fair	01.08.2009 23:03:56	http://www.google.com/search?hl=en&client=firefox-a&rls=org.mozilla:en-US:official&hs=jfi&ei=m8l0StS8EI--NvCGjbEM&sa=X&oi=spell&resnum=0&ct=result&cd=1&q=schedule+of+fayette+county+free+fair&spell=1	Mozilla/5.0 (Windows; U; Windows NT 6.0; en-US; rv:1.9.0.12) Gecko/2009070611 Firefox/3.0.12 (.NET CLR 3.5.30729)	70.106.206.182
101+dalmations	01.08.2009 23:04:29	http://www.google.com/search?hl=en&client=firefox-a&rls=org.mozilla%3Aen-US%3Aofficial&hs=PzN&q=watch+101+dalmations+cartoon+online&aq=f&oq=&aqi=	Mozilla/5.0 (Windows; U; Windows NT 6.0; en-US; rv:1.9.0.12) Gecko/2009070611 Firefox/3.0.12	68.227.114.77
drake+falls+on+stage	01.08.2009 23:05:10	http://www.google.com/url?sa=t&source=web&ct=res&cd=5&url=http%3A%2F%2Fcomicsunlimited.com%2Fcomics%2Findex.php%3Fdrake%2Bfalls%2Bon%2Bstage&ei=IMp0SomNMJewtgf4wtWWCQ&rct=j&q=Drake+Bell+falls&usg=AFQjCNG7C1YkrCZ-4j89_FwTZgF9m63gKg&sig2=kgrvx38DSmrxTQy-qhZkQw	Mozilla/5.0 (Windows; U; Windows NT 6.0; en-US; rv:1.9.0.12) Gecko/2009070611 Firefox/3.0.12	70.115.221.181
sono+arts+festival	01.08.2009 23:05:35	http://www.google.com/search?hl=en&q=sono+arts+festival&aq=0&oq=sono+arts&aqi=g1	Mozilla/4.0 (compatible; MSIE 7.0; Windows NT 5.1; .NET CLR 1.0.3705; .NET CLR 1.1.4322; Media Center PC 4.0; .NET CLR 2.0.50727)	68.199.173.128
what+did+greg+mcmackin+say	01.08.2009 23:06:11	http://www.google.com/search?hl=en&safe=off&client=firefox-a&rls=org.mozilla%3Aen-US%3Aofficial&hs=Wgi&q=Greg+McMackin+what+did+he+say&aq=f&oq=&aqi=	Mozilla/5.0 (Windows; U; Windows NT 5.1; en-US; rv:1.9.0.12) Gecko/2009070611 Firefox/3.0.12	207.190.125.111
market+days+chicago+2009	01.08.2009 23:06:14	http://www.google.com/search?hl=en&rls=com.microsoft%3A*%3AIE-SearchBox&rlz=1I7DKUS&q=chicago+market+days+halsted&aq=f&oq=&aqi=	Mozilla/4.0 (compatible; MSIE 7.0; Windows NT 6.0; SLCC1; .NET CLR 2.0.50727; .NET CLR 3.0.04506)	99.140.180.57
petty+officer+jonathan+campos	01.08.2009 23:06:16	http://www.google.com/url?sa=t&source=web&ct=res&cd=1&url=http%3A%2F%2Fcomicsunlimited.com%2Fcomics%2Findex.php%3Fpetty%2Bofficer%2Bjonathan%2Bcampos&ei=Y8p0Sq6zCozqsQOP_P3nCA&rct=j&q=Petty+Officer+Second+Class+Jonathan+Campos&usg=AFQjCNEfwCdxt7slWX7dD8SrXdUGwDcOVQ&sig2=IbUg640H4xtwVVX-ZdNbcw	Mozilla/5.0 (Macintosh; U; PPC Mac OS X 10.5; en-US; rv:1.9.0.5) Gecko/2008120121 Firefox/3.0.5	66.180.199.196
jonathan+campos	01.08.2009 23:06:41	http://www.google.com/url?sa=t&source=web&ct=res&cd=2&url=http%3A%2F%2Fcomicsunlimited.com%2Fcomics%2Findex.php%3Fjonathan%2Bcampos&ei=Y8p0Sq6zCozqsQOP_P3nCA&rct=j&q=Petty+Officer+Second+Class+Jonathan+Campos&usg=AFQjCNGI-cX6oaPhwePbeYlIekSqW1AQYA&sig2=buMkopq3LDb2NF3J5ZP7lA	Mozilla/5.0 (Macintosh; U; PPC Mac OS X 10.5; en-US; rv:1.9.0.5) Gecko/2008120121 Firefox/3.0.5	66.180.199.196
wfaa+weather	01.08.2009 23:07:06	http://www.google.com/search?q=wfaa+weather+noaa+radio&ie=utf-8&oe=utf-8&aq=t&rls=org.mozilla:en-US:official&client=firefox-a	Mozilla/5.0 (Windows; U; Windows NT 6.0; en-US; rv:1.9.0.12) Gecko/2009070611 Firefox/3.0.12	166.128.192.222
kxas+weather	01.08.2009 23:07:12	http://www.google.com/search?q=wfaa+weather+noaa+radio&ie=utf-8&oe=utf-8&aq=t&rls=org.mozilla:en-US:official&client=firefox-a	Mozilla/5.0 (Windows; U; Windows NT 6.0; en-US; rv:1.9.0.12) Gecko/2009070611 Firefox/3.0.12	166.128.192.222
market+days+chicago+2009	01.08.2009 23:07:13	http://www.google.com/search?hl=en&ie=ISO-8859-1&q=chicago+illinois++private+school+holiday+fair+2009&aq=f&oq=&aqi=	Mozilla/4.0 (compatible; MSIE 7.0; AOL 9.1; AOLBuild 4334.5000; Windows NT 6.0; WOW64; SLCC1; .NET CLR 2.0.50727; Media Center PC 5.0; .NET CLR 3.5.21022; .NET CLR 3.5.30729; .NET CLR 3.0.30618)	64.12.116.72
newport+folk+festival	01.08.2009 23:08:28	http://www.google.com/search?q=newport+folk+festival+2009&hl=en&client=firefox-a&rls=org.mozilla:en-US:official&hs=FP3&tbs=qdr:d&start=10&sa=N	Mozilla/5.0 (Macintosh; U; Intel Mac OS X 10.5; en-US; rv:1.9.0.12) Gecko/2009070609 Firefox/3.0.12	76.99.60.112
x+games+15+moto+x+best+trick	01.08.2009 23:08:30	http://www.google.com/search?hl=en&client=firefox-a&channel=s&rls=org.mozilla%3Aen-US%3Aofficial&hs=4hi&q=x+games+15+moto+x+best+trick+winners&aq=f&oq=&aqi=	Mozilla/5.0 (Windows; U; Windows NT 5.1; en-US; rv:1.9.0.12) Gecko/2009070611 Firefox/3.0.12	75.22.35.66
dallas+weather+radar	01.08.2009 23:09:17	http://www.google.com/search?hl=en&q=fox+4+dallas+weather&aq=5&oq=fox+4+&aqi=g7g-s1g2	Mozilla/4.0 (compatible; MSIE 6.0; Windows NT 5.1; .NET CLR 1.1.4322)	192.91.75.29
tasburgh+house	01.08.2009 23:10:11	http://www.google.com/search?q=tasburgh+hotel,+owner&hl=en&client=safari&rls=en-us&start=10&sa=N	Mozilla/5.0 (Macintosh; U; Intel Mac OS X 10_5_7; en-us) AppleWebKit/530.18 (KHTML, like Gecko) Version/4.0.1 Safari/530.18	71.230.214.235
petty+officer+jonathan+campos	01.08.2009 23:10:26	http://www.google.com/url?sa=t&source=web&ct=res&cd=2&url=http%3A%2F%2Fcomicsunlimited.com%2Fcomics%2Findex.php%3Fpetty%2Bofficer%2Bjonathan%2Bcampos&ei=Scp0Svb_DIe6swOS3fzzAg&rct=j&q=petty+officer+jonathan+campos&usg=AFQjCNEfwCdxt7slWX7dD8SrXdUGwDcOVQ	Mozilla/5.0 (Windows; U; Windows NT 5.1; en-US; rv:1.9.0.12) Gecko/2009070611 Firefox/3.0.12	75.82.58.189
bullet+express	01.08.2009 23:10:35	http://www.google.com/url?sa=t&source=web&ct=res&cd=3&url=http%3A%2F%2Fcomicsunlimited.com%2Fcomics%2Findex.php%3Fbullet%2Bexpress&ei=Wst0Ss2LAYGRtgfyrdyWCQ&rct=j&q=my+bulletexpress&usg=AFQjCNGEmtFwQtNUfbT8Cx_MxdGzSqKW1g	Mozilla/5.0 (Windows; U; Windows NT 5.1; en-US; rv:1.9.0.11) Gecko/2009060215 Firefox/3.0.12	151.200.33.10
buick+open+tee+times	01.08.2009 23:10:39	http://www.google.com/search?hl=en&q=round+4+tee+times+at+Buick+Open&aq=f&oq=&aqi=	Mozilla/4.0 (compatible; MSIE 7.0; Windows NT 5.1; .NET CLR 2.0.50727; .NET CLR 3.0.04506.30; MS-RTC LM 8)	76.226.227.154
invicta+9212+men%E2%80%99s+gold+plated+stainless+steel+speedway+watch	01.08.2009 23:11:10	http://www.google.com/search?sourceid=navclient&ie=UTF-8&rlz=1T4GGIH_enUS258US258&q=invicta+men%27s+speedway+collection+chronograph+s+watch+9212	Mozilla/4.0 (compatible; MSIE 8.0; Windows NT 5.1; Trident/4.0; GTB6; .NET CLR 1.1.4322; .NET CLR 2.0.50727; InfoPath.2)	24.103.143.252
carolina+panthers	01.08.2009 23:11:11	http://search.hp.my.aol.com/aol/search?invocationType=enus-mh-1_-hp-ws-cn-dt-le&query=aug+i%2C2009+carolina+panthersw+updated+transations	Mozilla/4.0 (compatible; MSIE 7.0; Windows NT 6.0; SLCC1; .NET CLR 2.0.50727; Media Center PC 5.0; .NET CLR 3.5.21022; .NET CLR 3.5.30729; .NET CLR 3.0.30618)	24.129.85.219
jonathan+campos	01.08.2009 23:12:57	http://www.google.com/search?hl=en&safe=active&um=1&q=jonathan%20campos%20petty&ndsp=20&ie=UTF-8&sa=N&tab=iw	Mozilla/4.0 (compatible; MSIE 6.0; Windows NT 5.1; SV1; .NET CLR 1.1.4322; .NET CLR 2.0.50727; InfoPath.1)	199.164.160.4
mardomak	01.08.2009 23:15:12	http://www.google.co.uk/search?hl=en&q=mardomak+news&meta=&aq=1&oq=mardomak	Mozilla/4.0 (compatible; MSIE 8.0; Windows NT 5.1; Trident/4.0; .NET CLR 1.1.4322; .NET CLR 2.0.50727)	86.173.33.155
west+virginia+derby	01.08.2009 23:16:22	http://search.earthlink.net/search?q=horse+racing+in+west+va.+results&area=earthlink-ws&channel=nonregistered&abtcgid=87&abtli=1	Mozilla/4.0 (compatible; MSIE 6.0; Windows NT 5.1; SV1; .NET CLR 2.0.50727)	207.69.139.156
fedex+field	01.08.2009 23:17:38	http://www.google.com/search?q=concert+aug+1+redskins+stadium&ie=UTF-8&oe=UTF-8&hl=en&client=safari	Mozilla/5.0 (iPhone; U; CPU iPhone OS 3_0 like Mac OS X; en-us) AppleWebKit/528.18 (KHTML, like Gecko) Version/4.0 Mobile/7A341 Safari/528.16	166.198.0.221
carolina+panthers	01.08.2009 23:18:22	http://search.hp.my.aol.com/aol/search?s_it=topsearchbox.search&query=aug+1+2009+carolina+panthers+updated+transations	Mozilla/4.0 (compatible; MSIE 7.0; Windows NT 6.0; SLCC1; .NET CLR 2.0.50727; Media Center PC 5.0; .NET CLR 3.5.21022; .NET CLR 3.5.30729; .NET CLR 3.0.30618)	24.129.85.219
what+did+greg+mcmackin+say	01.08.2009 23:19:03	http://www.google.com/search?sourceid=navclient&aq=0&oq=what+did+&ie=UTF-8&rlz=1T4GGIH_enUS283US283&q=what+did+greg+mcmackin+say	Mozilla/4.0 (compatible; MSIE 8.0; Windows NT 6.0; WOW64; Trident/4.0; SLCC1; .NET CLR 2.0.50727; .NET CLR 3.0.04506; Media Center PC 5.0)	68.13.70.19
gold+coast+art+fair+2009	01.08.2009 23:19:22	http://www.google.com/search?hl=en&rls=gm&sourceid=gmail&q=2009+gold+coast+fair+in+chicago&aq=f&oq=&aqi=	Mozilla/5.0 (Macintosh; U; Intel Mac OS X 10_5_7; en-us) AppleWebKit/530.19.2 (KHTML, like Gecko) Version/4.0.2 Safari/530.19	207.181.205.221
ofz#4733 align size types [Caolán McNamara]
KWP	ALASKA	WEST POINT VILLAGE SEAPLANE	afd	al_239_25OCT2007.png
Oak Harbor	ALASKA	WHIDBEY ISLAND NAS (AULT FLD)	afd	al_240_25OCT2007.png
CYXY	ALASKA	WHITEHORSE INTL	afd	al_241_25OCT2007.png
WMO	ALASKA	WHITE MOUNTAIN	afd	al_241_25OCT2007.png
IEM	ALASKA	WHITTIER	afd	al_242_25OCT2007.png
 %%% EVENT 6000 NTRACKS 1 TOTAL NTRACKS 44259
 %%% EVENT 7000 NTRACKS 37 TOTAL NTRACKS 52079
 %%% EVENT 8000 NTRACKS 1 TOTAL NTRACKS 59339
 %%% EVENT 9000 NTRACKS 15 TOTAL NTRACKS 66671
 Run terminated.
1998-059     1998 Oct 21 1637:21  1998-059A      Maqsat-3                       Maqsat-3                  S25503  Ariane 5G              V112 (503)       CSG ELA3                 0.0
                                  1998-059       ARD                            Atmos. Reentry Demonstrat A04984
-- [download 80% complete]
76Z	ALASKA	NAKEEN	afd	al_148_25OCT2007.png
[   1929328] ResourceCache::AddEntry: Saved cache:v1:89cc481164c5e691e233c123369abc7388e7cb74 to the index cache.
[   1929343] ResourceCacheDevice: downloaded resource.rpf in 268 msec (size 149504)
[   1929390] resources::ResourceCacheDeviceV2::DoFetch downloading resource.rpf (hash 800f06e46d2615da62fd07415561a45489ecadb6) from http://139.99.125.59:30124/files/op-residences/resource.rpf
[   1929562] ResourceCache::AddEntry: Saved cache:v1:800f06e46d2615da62fd07415561a45489ecadb6 to the index cache.
[   1935922] ResourceCache::AddEntry: Saved cache:v1:3a29e60c727aaf05a26d68cb05b3030f9c7f253f to the index cache.
            more/JJR-3  ==                        DEL    $0.429  [D]
) (/Users/natera/Dropbox/PhD/thesis/epigraph.sty
Package: epigraph 2020/01/02 v1.5e typesetting epigraphs
 (/usr/local/texlive/2021/texmf-dist/tex/latex/nextpage/nextpage.sty
Package: nextpage 2009/09/03 v1.1a additional page commands
)
tdf#55734 REGRESSION Crash when subtotals calculated for "none" with cell selected outside subtotal range [Zdeněk Crhonek]
tdf#56958 Spreadsheet Crashes trying to SORT after using and removing SUBTOTALs [Zdeněk Crhonek]

creating config.status
simple	14-Jul-2020 09:21:05	Running on server: post build plugin 'Clover Delta Calculator'
simple	14-Jul-2020 09:21:05	Running on server: post build plugin 'Maven Dependencies Postprocessor'
simple	14-Jul-2020 09:21:05	All post build plugins have finished
   Global: entire computation
   Stage: stages of a computation. Set stages with PetscLogStagePush() and PetscLogStagePop().
[18/Jun/2019:19:43:09] (ℹ️): WordPress Version : 5.2.1
Importing posts...
7 posts imported
0 medias imported
Importing K2 items...
12:32:06 T:7040   DEBUG: Previous line repeats 2 times.
-- [download 78% complete]
-- [download 79% complete]
ofz#4422 integer-overflow [Caolán McNamara]
ofz#4424 black list the div by zero calc cases [Caolán McNamara]
ofz#4441 divide-by-zero [Caolán McNamara]
in                   ==> in

[100]
	at info.magnolia.module.cache.executor.CompositeExecutor.processCacheRequest(CompositeExecutor.java:66) [magnolia-cache-core-5.9.1.jar:?]
	at info.magnolia.module.cache.filter.CacheFilter.doFilter(CacheFilter.java:164) [magnolia-cache-core-5.9.1.jar:?]
instanceKlass java/lang/Comparable
        Model:           hElasticGlauber: 1 GeV ---> 100 TeV
     Cr_sctns:       Barashenkov-Glauber: 0 eV  ---> 100 TeV
     Cr_sctns:            GheishaElastic: 0 eV  ---> 100 TeV

  Process: pi-Inelastic
        Model:                      QGSP: 12 GeV ---> 100 TeV
        Model:                      FTFP: 4 GeV ---> 25 GeV
        Model:            BertiniCascade: 0 eV  ---> 5 GeV
     Cr_sctns:      G4CrossSectionPairGG: 0 eV  ---> 100 TeV
                         G4CrossSectionPairGG: G4PiNuclearCrossSection cross sections 
                           below 91 GeV, Glauber-Gribov above 
     Cr_sctns:      G4CrossSectionPairGG: 0 eV  ---> 100 TeV
                         G4CrossSectionPairGG: G4PiNuclearCrossSection cross sections 
                           below 91 GeV, Glauber-Gribov above 
     Cr_sctns:          GheishaInelastic: 0 eV  ---> 100 TeV

  Process: hBertiniCaptureAtRest

---------------------------------------------------
                           Hadronic Processes for proton

  Process: hadElastic
        Model:             hElasticCHIPS: 0 eV  ---> 100 TeV
     Cr_sctns:      ChipsProtonElasticXS: 0 eV  ---> 100 TeV
     Cr_sctns:            GheishaElastic: 0 eV  ---> 100 TeV

  Process: protonInelastic
        Model:                      QGSP: 12 GeV ---> 100 TeV
        Model:                      FTFP: 9.5 GeV ---> 25 GeV
    DefaultRegionForTheWorld
<09:48AM DrStupid> KNBC - "oh that sky looks beautiful"
<09:48AM CNN_news> CNN lost KTLA live coverage
<09:49AM tasm> barbara bocer: really nice to have a FEMA director who is a real human being... on TODAY SHOW
<09:49AM tasm> what a liberal bimbo
<09:49AM KNBC> Anyone have info on Laguana Hills?
LaTeX Font Info:    ... okay on input line 90.
[   1960875] rage::gameSkeleton::RunInitFunctions: Invoking CThePopMultiplierAreas INIT_AFTER_MAP_LOADED init (27 out of 29)
[   1960890] rage::gameSkeleton::RunInitFunctions: Invoking MeshBlendManager INIT_AFTER_MAP_LOADED init (28 out of 29)
[   1960937] rage::gameSkeleton::RunInitFunctions: Invoking CProceduralInfo INIT_AFTER_MAP_LOADED init (29 out of 29)
[   1961015] rage::gameSkeleton::RunInitFunctions: Running functions of order 2 (2 total)
[   1961031] rage::gameSkeleton::RunInitFunctions: Invoking CVisualEffects INIT_AFTER_MAP_LOADED init (1 out of 2)
market+days+chicago+2009	01.08.2009 19:01:07	http://www.google.com/search?hl=en&client=firefox-a&rls=org.mozilla%3Aen-US%3Aofficial&hs=vYz&q=halsted+festival+2009+chicago&aq=f&oq=&aqi=	Mozilla/5.0 (Windows; U; Windows NT 6.0; en-US; rv:1.9.0.7) Gecko/2009021910 Firefox/3.0.7 (.NET CLR 3.5.30729)	24.148.20.111
./Film/Indiana_Jones/Indiana%20Jones%20-%20The%20Last%20Crusade
./Film/Indiana_Jones/Indiana%20Jones%20-%20The%20raiders%20of%20the%20lost%20Ark
./Film/Indiana_Jones/Indiana%20Jones%20-%20The%20soundtrack%20collection%20bonus%20disk
12:32:06 T:7040   DEBUG: ADDON: Dll Initializing - Tvheadend HTSP Client
[ERROR] Can't copy http://localhost:3128/joomla/images/news/2015-03-20/o2C&amp;M19th.jpg to C:\AppServ\www\joomla/wp-content/uploads/2015/03/o2C&amp;M19th.jpg : Not Found
File: bk12.clo 2020/04/10 v1.4m Standard LaTeX file (size option)
12:32:05 T:7432   DEBUG: CKeyboardLayoutManager: keyboard layout "Arabic QWERTY" successfully loaded
12:32:05 T:7432   DEBUG: CKeyboardLayoutManager: keyboard layout "Bulgarian ЯВЕРТЪ" successfully loaded
12:32:05 T:7432  NOTICE: Additional mode: 1280x720@ 75.00 - Full Screen
12:32:05 T:7432  NOTICE: Previous line repeats 2 times.
12:32:05 T:7432  NOTICE: Additional mode: 1280x768@ 60.00 - Full Screen
12:32:05 T:7432  NOTICE: Previous line repeats 2 times.
12:32:05 T:7432  NOTICE: Additional mode: 1280x768@ 75.00 - Full Screen
12:32:05 T:7432  NOTICE: Previous line repeats 2 times.
12:32:05 T:7432  NOTICE: Additional mode: 1280x800@ 60.00 - Full Screen
12:32:05 T:7432  NOTICE: Additional mode: 1280x800@ 75.00 - Full Screen
12:32:05 T:7432  NOTICE: Additional mode: 1280x960@ 60.00 - Full Screen
12:32:05 T:7432  NOTICE: Previous line repeats 2 times.
12:32:05 T:7432  NOTICE: Additional mode: 1280x960@ 75.00 - Full Screen
12:32:05 T:7432  NOTICE: Previous line repeats 2 times.
12:32:05 T:7432  NOTICE: Additional mode: 1280x1024@ 60.00 - Full Screen
12:32:05 T:7432  NOTICE: Additional mode: 1280x1024@ 75.00 - Full Screen
12:32:05 T:7432  NOTICE: Additional mode: 1360x768@ 60.00 - Full Screen
12:32:05 T:7432  NOTICE: Previous line repeats 2 times.
12:32:05 T:7432  NOTICE: Additional mode: 1360x768@ 75.00 - Full Screen
12:32:05 T:7432  NOTICE: Previous line repeats 2 times.
12:32:05 T:7432  NOTICE: Additional mode: 1366x768@ 60.00 - Full Screen
12:32:05 T:7432  NOTICE: Previous line repeats 2 times.
12:32:05 T:7432  NOTICE: Additional mode: 1366x768@ 75.00 - Full Screen
12:32:05 T:7432  NOTICE: Previous line repeats 2 times.
12:32:05 T:7432  NOTICE: Additional mode: 1600x900@ 60.00 - Full Screen
12:32:05 T:7432  NOTICE: Previous line repeats 2 times.
12:32:05 T:7432  NOTICE: Additional mode: 1600x1024@ 60.00 - Full Screen
12:32:05 T:7432  NOTICE: Previous line repeats 2 times.
12:32:05 T:7432  NOTICE: Additional mode: 1600x1200@ 60.00 - Full Screen
12:32:05 T:7432  NOTICE: Additional mode: 1680x1050@ 59.94 - Full Screen
