     29     1.851239
     30     1.665106
     31     1.497688
[   1931047] ResourceCacheDevice: downloaded resource.rpf in 267 msec (size 135168)
 Initial command:
./Film/Django_Unchained__2013
21:38:12 T:139832867932032   DEBUG: CKeyboardLayoutManager: keyboard layout "Polish QWERTY" successfully loaded
21:38:12 T:139832867932032   DEBUG: CKeyboardLayoutManager: keyboard layout "Russian ЙЦУКЕН" successfully loaded
21:38:12 T:139832867932032   DEBUG: CKeyboardLayoutManager: keyboard layout "Russian АБВ" successfully loaded
21:38:12 T:139832867932032   DEBUG: CKeyboardLayoutManager: keyboard layout "Spanish QWERTY" successfully loaded
21:38:12 T:139832867932032   DEBUG: CKeyboardLayoutManager: keyboard layout "German QWERTZ" successfully loaded
21:38:12 T:139832867932032   DEBUG: CKeyboardLayoutManager: keyboard layout "Turkish QWERTY" successfully loaded
21:38:12 T:139832867932032   DEBUG: CKeyboardLayoutManager: keyboard layout "Hebrew QWERTY" successfully loaded
21:38:12 T:139832867932032   DEBUG: CKeyboardLayoutManager: keyboard layout "Hebrew ABC" successfully loaded
21:38:12 T:139832867932032   DEBUG: CKeyboardLayoutManager: keyboard layout "Swedish QWERTY" successfully loaded
21:38:12 T:139832867932032   DEBUG: CKeyboardLayoutManager: keyboard layout "Portuguese (Portugal) QWERTY" successfully loaded
21:38:12 T:139832867932032   DEBUG: CKeyboardLayoutManager: keyboard layout "Bulgarian ЯВЕРТЪ" successfully loaded
21:38:12 T:139832867932032   DEBUG: CKeyboardLayoutManager: keyboard layout "Bulgarian АБВ" successfully loaded
21:38:12 T:139832867932032   DEBUG: CKeyboardLayoutManager: keyboard layout "Ukrainian ЙЦУКЕН" successfully loaded
21:38:12 T:139832867932032   DEBUG: CKeyboardLayoutManager: keyboard layout "Ukrainian АБВ" successfully loaded
21:38:12 T:139832867932032   DEBUG: CKeyboardLayoutManager: keyboard layout "Greek QWERTY" successfully loaded
21:38:12 T:139832867932032   DEBUG: CKeyboardLayoutManager: keyboard layout "Danish QWERTY" successfully loaded
21:38:12 T:139832867932032   DEBUG: CKeyboardLayoutManager: keyboard layout "Lithuanian AZERTY" successfully loaded
21:38:12 T:139832867932032   DEBUG: CKeyboardLayoutManager: keyboard layout "Lithuanian QWERTY" successfully loaded
21:38:12 T:139832867932032   DEBUG: CKeyboardLayoutManager: keyboard layout "Romanian QWERTY" successfully loaded
21:38:12 T:139832867932032   DEBUG: CKeyboardLayoutManager: keyboard layout "English QWERTY" successfully loaded
21:38:12 T:139832867932032   DEBUG: CKeyboardLayoutManager: keyboard layout "English AZERTY" successfully loaded
21:38:12 T:139832867932032   DEBUG: CKeyboardLayoutManager: keyboard layout "English ABC" successfully loaded
21:38:12 T:139832867932032   DEBUG: Selected UDisks as storage provider
21:38:12 T:139832867932032   DEBUG: UDisks: DaemonVersion 1
21:38:12 T:139832867932032   DEBUG: UDisks: Querying available devices
21:38:12 T:139832867932032   DEBUG: UDisks: Is not able to mount DeviceUDI /org/freedesktop/UDisks/devices/sda: IsFileSystem false HasFileSystem  IsSystemInternal true IsMounted false IsRemovable false IsPartition false IsOptical false
21:38:12 T:139832867932032   DEBUG: UDisks: Is not able to mount DeviceUDI /org/freedesktop/UDisks/devices/sda1: IsFileSystem true HasFileSystem vfat IsSystemInternal true IsMounted true IsRemovable false IsPartition true IsOptical false
21:38:12 T:139832867932032    INFO: UDisks: Added /boot/efi
21:38:12 T:139832867932032   DEBUG: UDisks: Is not able to mount DeviceUDI /org/freedesktop/UDisks/devices/sda2: IsFileSystem false HasFileSystem  IsSystemInternal true IsMounted false IsRemovable false IsPartition true IsOptical false
21:38:12 T:139832867932032   DEBUG: UDisks: Is not able to mount DeviceUDI /org/freedesktop/UDisks/devices/sda3: IsFileSystem true HasFileSystem ext4 IsSystemInternal true IsMounted true IsRemovable false IsPartition true IsOptical false
