invicta+9212+men%E2%80%99s+gold+plated+stainless+steel+speedway+watch	01.08.2009 19:04:49	http://www.google.com/search?q=Invicta+9212+Men%E2%80%99s+Gold+Plated+Stainless+Steel+Speedway+Watch+&rls=com.microsoft:en-us:IE-ContextMenu&ie=UTF-8&oe=UTF-8&sourceid=ie7&rlz=1I7DKUS	Mozilla/4.0 (compatible; MSIE 8.0; Windows NT 6.0; Trident/4.0; SLCC1; .NET CLR 2.0.50727; Media Center PC 5.0; .NET CLR 1.1.4322; .NET CLR 3.5.30729; .NET CLR 3.0.30729; OfficeLiveConnector.1.4; OfficeLivePatch.1.3)	69.130.140.231

int main() {
;
Successful compile:
Source:
[     14672] LoadDefDats: dlc_patchDay20NGCRC:/content.xml
[     14703] somefunc found dlc_PATCHDAY19NG:/!
[     14703] LoadDefDats: dlc_PATCHDAY19NGCRC:/content.xml
[     14718] somefunc found dlc_PATCHDAY18NG:/!
[     14734] LoadDefDats: dlc_PATCHDAY18NGCRC:/content.xml
[     14734] somefunc found dlc_PATCHDAY17NG:/!
[     14750] LoadDefDats: dlc_PATCHDAY17NGCRC:/content.xml
[     14765] somefunc found dlc_PATCHDAY16NG:/!
[     14781] LoadDefDats: dlc_PATCHDAY16NGCRC:/content.xml
[     14781] EndpointMapper::HandleRequest: GET /cfx/login
[     14797] somefunc found dlc_PATCHDAY15NG:/!
[     14797] LoadDefDats: dlc_PATCHDAY15NGCRC:/content.xml
[     14812] somefunc found dlc_PATCHDAY14NG:/!
[     14828] LoadDefDats: dlc_PATCHDAY14NGCRC:/content.xml
[     14843] somefunc found dlc_PATCHDAY13NG:/!
[     14859] LoadDefDats: dlc_PATCHDAY13NGCRC:/content.xml
[     14875] somefunc found dlc_PATCHDAY12NG:/!
[     14875] LoadDefDats: dlc_PATCHDAY12NGCRC:/content.xml
[     14890] somefunc found dlc_PATCHDAY11NG:/!
[     14906] LoadDefDats: dlc_PATCHDAY11NGCRC:/content.xml
[     14922] somefunc found dlc_PATCHDAY10NG:/!
[     14922] LoadDefDats: dlc_PATCHDAY10NGCRC:/content.xml
[     14937] somefunc found dlc_patchday9NG:/!
[     14953] LoadDefDats: dlc_patchday9NGCRC:/content.xml
[     14968] somefunc found dlc_PATCHDAY8NG:/!
[     14968] LoadDefDats: dlc_PATCHDAY8NGCRC:/content.xml
[     14984] somefunc found dlc_patchDay7NG:/!
[     15000] LoadDefDats: dlc_patchDay7NGCRC:/content.xml
[     17562] rage::gameSkeleton::RunInitFunctions: Invoking InitSystem INIT_CORE init (1 out of 52)
[     17578] rage::gameSkeleton::RunInitFunctions: Invoking CShaderLib INIT_CORE init (2 out of 52)
