     Temperature Stabiliz.    : (none or tolerance in degrees C)
[   1947531] instrumented function 0x1408fa230 (4) took 1msec
instanceKlass sun/misc/Launcher
                                            Toby Kebbell (Tony)99.09.06 21:20 B d:\usia3\trade\fedres\arrow.gif --> ibureaudigilib.usia.gov /aug99/trade/fedres arrow.gif
99.09.06 21:20 B d:\usia3\trade\fedres\bg03.gif --> ibureaudigilib.usia.gov /aug99/trade/fedres bg03.gif
99.09.06 21:20 B d:\usia3\trade\fedres\box01.gif --> ibureaudigilib.usia.gov /aug99/trade/fedres box01.gif
99.09.06 21:21 B d:\usia3\trade\fedres\box02.gif --> ibureaudigilib.usia.gov /aug99/trade/fedres box02.gif
99.09.06 21:21 B d:\usia3\trade\fedres\map.gif --> ibureaudigilib.usia.gov /aug99/trade/fedres map.gif
99.09.06 21:21 B d:\usia3\trade\fedres\strucfn.htm --> ibureaudigilib.usia.gov /aug99/trade/fedres strucfn.htm
2000.04.06 10:45 B C:\USIAapril00\finalversion\trade\fedres\arrow.gif --> ibureaudigilib.usia.gov /April00final/trade/fedres arrow.gif
2000.04.06 10:45 B C:\USIAapril00\finalversion\trade\fedres\bg03.gif --> ibureaudigilib.usia.gov /April00final/trade/fedres bg03.gif
2000.04.06 10:45 B C:\USIAapril00\finalversion\trade\fedres\box01.gif --> ibureaudigilib.usia.gov /April00final/trade/fedres box01.gif
2000.04.06 10:45 B C:\USIAapril00\finalversion\trade\fedres\box02.gif --> ibureaudigilib.usia.gov /April00final/trade/fedres box02.gif
2000.04.06 10:46 B C:\USIAapril00\finalversion\trade\fedres\map.gif --> ibureaudigilib.usia.gov /April00final/trade/fedres map.gif
2000.04.06 10:46 B C:\USIAapril00\finalversion\trade\fedres\strucfn.htm --> ibureaudigilib.usia.gov /April00final/trade/fedres strucfn.htm
2001.03.24 21:03 B c:\usia\april2000cd\trade\fedres\WS_FTP.LOG <-- usiatestserver /CD_final_April00/trade/fedres WS_FTP.LOG
2002.07.06 12:13 B C:\usia\2002CDfinal\trade\fedres\arrow.gif --> 198.65.129.51 /infousa/trade/fedres arrow.gif
2002.07.06 12:13 B C:\usia\2002CDfinal\trade\fedres\bg03.gif --> 198.65.129.51 /infousa/trade/fedres bg03.gif
2002.07.06 12:13 B C:\usia\2002CDfinal\trade\fedres\box01.gif --> 198.65.129.51 /infousa/trade/fedres box01.gif
2002.07.06 12:13 B C:\usia\2002CDfinal\trade\fedres\box02.gif --> 198.65.129.51 /infousa/trade/fedres box02.gif
2002.07.06 12:14 B C:\usia\2002CDfinal\trade\fedres\map.gif --> 198.65.129.51 /infousa/trade/fedres map.gif
2002.07.06 12:14 B C:\usia\2002CDfinal\trade\fedres\strucfn.htm --> 198.65.129.51 /infousa/trade/fedres strucfn.htm
/control/execute exercise3e.in
/tracking/verbose 0
/gamos/setParam GmReadPhantomGeometry:FileName ./world.geom
/gamos/setParam GmSimplePhantomGeometry:MaterialNames PMMA
/gamos/setParam GmSimplePhantomGeometry:MaterialZVoxels 300
/gamos/generator/energyDist source GmGenerDistEnergyConstant 226.62*MeV
/gamos/generator/timeDist source GmGenerDistTimeConstantChange 32.*ps
    theTimeDistribution->SetParticleSource( this ) 0x55819a1ccdb0 0x558199d6d020
/gamos/generator/positionDist source GmGenerDistPositionDisc 1.5*mm 0. 0. -400.*mm
/gamos/generator/directionDist source GmGenerDistDirectionCone 0. 0. 1. 3.6*mrad
