[2023.05.20-22.07.39:931][  0]LogConfig: CVar [[ClassesExcludedOnDedicatedServer:GameplayEffectUIData]] deferred - dummy variable created
[2023.05.20-22.07.39:931][  0]LogConfig: CVar [[ClassesExcludedOnDedicatedClient:WidgetBlueprint]] deferred - dummy variable created
[2023.05.20-22.07.39:931][  0]LogConfig: CVar [[ClassesExcludedOnDedicatedClient:GroupActor]] deferred - dummy variable created
[2023.05.20-22.07.39:931][  0]LogConfig: CVar [[ClassesExcludedOnDedicatedClient:MetaData]] deferred - dummy variable created
[2023.05.20-22.07.39:931][  0]LogConfig: CVar [[ClassesExcludedOnDedicatedClient:ObjectRedirector]] deferred - dummy variable created
	at org.apache.catalina.valves.ErrorReportValve.invoke(ErrorReportValve.java:92) [catalina.jar:9.0.34]
	at org.apache.catalina.valves.AbstractAccessLogValve.invoke(AbstractAccessLogValve.java:690) [catalina.jar:9.0.34]
Fort Greely	ALASKA	ALLEN AAF	afd	al_6_25OCT2007.png
(CBSnetwrk/#earthquake) For the moment, my affiliate is on local news...
<09:19AM tasm> CBS - President on..
[   1916562] resources::ResourceCacheDeviceV2::DoFetch downloading resource.rpf (hash 4a718520d4b370a7843d522bff325aa9082bc848) from http://139.99.125.59:30124/files/assets-repairshop/resource.rpf
             1971 Sep 19 2200     -              FU-199                         Emission TMA                      Centaure 1             C146             CSG ALFS                 0.0
NOTE: The above message was for the following BY group:
      symbol=ESSX
80         quit;

NOTE: There were 1715 observations read from the data set WORK.TRADES.
NOTE: PROCEDURE GPLOT used (Total process time):
      real time           1.02 seconds
      cpu time            0.77 seconds
      

81         symbol1;
82         symbol1 i=hiloc v=dot h=.1 color=black;
83         proc gplot data=trades;
84         	plot price*date=1;
85         	by symbol;
[      1797] [    GTAProcess]             MainThrd/ No such command rbind.
[      1797] [    GTAProcess]             MainThrd/ No such command rbind.
[      1797] [    GTAProcess]             MainThrd/ No such command rbind.
[      1797] [    GTAProcess]             MainThrd/ No such command rbind.
[      1797] [    GTAProcess]             MainThrd/ No such command rbind.
[      1797] [    GTAProcess]             MainThrd/ No such command rbind.
[      1797] [    GTAProcess]             MainThrd/ No such command rbind.
[      1797] [    GTAProcess]             MainThrd/ No such command rbind.
[      1797] [    GTAProcess]             MainThrd/ No such command rbind.
[      1797] [    GTAProcess]             MainThrd/ No such command rbind.
[      1797] [    GTAProcess]             MainThrd/ No such command rbind.
[      1797] [    GTAProcess]             MainThrd/ No such command rbind.
[      1797] [    GTAProcess]             MainThrd/ No such command rbind.
[      1797] [    GTAProcess]             MainThrd/ No such command rbind.
[      1797] [    GTAProcess]             MainThrd/ No such command rbind.
    Enable fractional arguments (FEATURE_FLOAT_SLEEP) [Y/n/?] y
sort (SORT) [Y/n/?] y
  Full SuSv3 compliant sort (support -ktcsbdfiozgM) (FEATURE_SORT_BIG) [Y/n/?] y
split (SPLIT) [N/y/?] n
stat (STAT) [N/y/?] n
\pfg@scount=\count280
\pfg@temp=\write3
) (/usr/local/texlive/2021/texmf-dist/tex/latex/fancyhdr/fancyhdr.sty
Package: fancyhdr 2021/01/28 v4.0.1 Extensive control of page headers and footers
\f@nch@headwidth=\skip59
\f@nch@O@elh=\skip60
\f@nch@O@erh=\skip61
\f@nch@O@olh=\skip62
\f@nch@O@orh=\skip63
\f@nch@O@elf=\skip64
\f@nch@O@erf=\skip65
\f@nch@O@olf=\skip66
\f@nch@O@orf=\skip67
) (/usr/local/texlive/2021/texmf-dist/tex/latex/base/makeidx.sty
Package: makeidx 2014/09/29 v1.0m Standard LaTeX package
) (/usr/local/texlive/2021/texmf-dist/tex/latex/psnfss/mathpazo.sty
Package: mathpazo 2020/03/25 PSNFSS-v9.3 Palatino w/ Pazo Math (D.Puga, WaS) 
\symupright=\mathgroup6
) (/usr/local/texlive/2021/texmf-dist/tex/latex/jknapltx/mathrsfs.sty
Package: mathrsfs 1996/01/01 Math RSFS package v1.0 (jk)
\symrsfs=\mathgroup7
) (/usr/local/texlive/2021/texmf-dist/tex/latex/float/float.sty
Package: float 2001/11/08 v1.3d Float enhancements (AL)
\c@float@type=\count281
\float@exts=\toks31
\float@box=\box51
\@float@everytoks=\toks32
\@floatcapt=\box52
) (/usr/local/texlive/2021/texmf-dist/tex/latex/datetime/datetime.sty
Package: datetime 2015/03/20 v2.60 Date Time Package
Version 1.50.0 (6 AUGUST 2021)

Object Type          Creations   Destructions     Memory  Descendants' Mem.
Reports information only for process 0.

--- Event Stage 0: Main Stage

              Viewer     4              2         1536     0
              Matrix     1              1     30431632     0
              Vector    70             70     12295360     0
       Krylov Solver     1              1         2392     0
      Preconditioner     1              1          848     0
========================================================================================================================
Average time to get PetscTime(): 0
#PETSc Option Table entries:
-ksp_converged_reason
-ksp_norm_type preconditioned
-ksp_rtol 1e-5
-ksp_type fcg
-log_view :hpclin3/time-ksp-fcg-r1e-5.log
-matload_block_size 3
-pc_type jacobi
-rmat system_data_binary/two_hole_nocrack_mat.bin
-rrhs system_data_binary/two_hole_nocrack_vec.bin
-v 1
-vecload_block_size 3
#End of PETSc Option Table entries
Compiled without FORTRAN kernels
Compiled with full precision matrices (default)
sizeof(short) 2 sizeof(int) 4 sizeof(long) 8 sizeof(void*) 8 sizeof(PetscScalar) 8 sizeof(PetscInt) 4
Configure options: --prefix=/usr/local/pkgs-modules/petsc_3.6.3
