[2023.05.20-22.07.40:734][  0]LogTargetPlatformManager:   GLSL_ES3_1_ANDROID
[2023.05.20-22.07.40:739][  0]LogTargetPlatformManager: Loaded format module ShaderFormatVectorVM
[2023.05.20-22.07.40:739][  0]LogTargetPlatformManager:   VVM_1_0
PROC_CREATOR_COUNT proton : protonInelastic = 7937
[   1962640] overriding handle for mp_f_freemode_01/accs_diff_015_h_uni.ytd (was 4cd011c) -> 211
[   1962656] overriding handle for mp_f_freemode_01/accs_diff_015_i_uni.ytd (was 4cd011d) -> 212
LaTeX Font Info:    Overwriting math alphabet `\mathfrak' in version `bold'
(Font)                  U/euf/m/n --> U/euf/b/n on input line 106.
) (/usr/local/texlive/2021/texmf-dist/tex/latex/amsfonts/amssymb.sty
Package: amssymb 2013/01/14 v3.01 AMS font symbols
) (/usr/local/texlive/2021/texmf-dist/tex/generic/babel/babel.sty
      [get] To: /scratch/ig-build-temp-JHXSGN/repo/input-cache/schemas/R4/xmldsig-core-schema.xsd

onGenerate.r3-schemas:

onGenerate.r2b-schemas:
instanceKlass com/android/multidex/MainDexListBuilder
instanceKlass java/lang/ClassValue$Version
instanceKlass java/lang/ClassValue$Identity
tdf#86253 Copying & paste special / Paintbrush of conditional formatting applies to wrong cell range [Zdeněk Crhonek]
tdf#86399 find and replace dialogue - composed characters do not display properly - sometimes hidden completely [Khaled Hosny]
\@belowrulesep=\dimen299
\@thisruleclass=\count348
12:32:06 T:7432    INFO: Loading special://xbmc/system/IRSSmap.xml

  Process: muonNuclear
        Model:      G4MuonVDNuclearModel: 0 eV  ---> 1 PeV
argH.first: nn
#include "confdefs.h"
ubiupdatevol (UBIUPDATEVOL) [N/y/?] n

---------------------------------------------------
                           Hadronic Processes for pi+

  Process: hadElastic
ERROR info.magnolia.ai.text.TextClassificationModule 15.10.2020 00:12:42 -- Submission of text classification request has been failed at page path '/travel/tour' with error code: 'null'.
ERROR info.magnolia.aws.foundation.AwsCredentialsProvider 15.10.2020 00:12:42 -- AWS credentials are expected to be set in Password manager module.
ERROR info.magnolia.ai.text.TextClassificationModule 15.10.2020 00:12:42 -- Submission of text classification request has been failed at page path '/travel/stories' with error code: 'null'.
.config:1073:warning: trying to assign nonexistent symbol SH_MATH_SUPPORT
.config:1074:warning: trying to assign nonexistent symbol SH_MATH_SUPPORT_64
#
lark+voorhies	01.08.2009 19:33:30	http://www.google.com/search?client=firefox-a&rls=org.mozilla%3Aen-US%3Aofficial&channel=s&hl=en&q=lark+voorhies+nude&btnG=Google+Search	Mozilla/5.0 (Windows; U; Windows NT 5.1; en-US; rv:1.9.0.1) Gecko/2008070208 Firefox/3.0.1 (.NET CLR 3.5.30729)	198.203.136.62
[22:42:46] Hollywood: [-] 8228/8544 download failed (Return: -) - http://www.dotsonscreen.com/
[22:42:46] Injury Lawyers: [-] 7877/7969 no engine matches (HTTP-Status: 502) - http://www.coenmartinus.nl/blog/item/15-auditfile-converter
[22:42:46] Currency: [-] 7914/8085 download failed (Return: -) - http://amupdate.com/2014/08/18/im-in-serious-debt-saidi-balogun-said/
[22:42:46] Mesothelioma: [-] 0532/7981 download failed (Return: -) - http://www.xoonia.com/
[22:42:46] Agriculture: [-] 0009/7854 download failed (Return: -) - http://Www.rwinstallatietechniek.nl/portfolio-view/malesuada-fames-ac/
[22:42:47] Web Design: [-] 0797/7978 download failed (Return: -) - https://www.nationaltaxidermists.com/
[22:42:47] Car Insurance T2: [-] 3378/8966 download failed (Return: -) - http://www.beninsite.net/spip.php?page=recherche&recherche=http%3A%2F%2Fhelveticsolar.com%2Findex.php%2Fcomponent%2Fk2%2Fitemlist%2Fuser%2F230537&debut_messages=1815
[22:42:47] Car Insurance: [-] 4201/8012 no engine matches (HTTP-Status: 502) - http://musicreviews.theurbanmusicscene.com/2013/10/jonathan-butler-merry-christmas-to-you/
[22:42:47] Mortgage: [-] 7944/8168 download failed (Return: -) - https://www.rebuildermedical.com
[22:42:47] Make money online: [-] 7829/8047 no engine matches (HTTP-Status: 400) - https://bleedingedgedesign.com
[22:42:47] Win News Time: [-] 7751/7826 download failed (Return: -) - http://taxlawadvisory.com/in-the-news/feed-levy/
[22:42:47] Bollywood: [-] 0204/7884 download failed (Return: -) - https://www.macissues.com
[22:42:47] Computer: [-] 0318/8028 no engine matches (HTTP-Status: 301) - https://foreignpolicy.com/2019/08/02/trump-hired-robert-lighthizer-to-win-a-trade-war-he-lost/
[22:42:47] Injury Lawyers: [-] 7879/7969 download failed (Return: -) - http://www.free-blog-site.com/depuyhipreplacement
[22:42:47] Justice degree: [-] 8025/8289 download failed (Return: -) - http://toonamifaithful.com/anime-siege-is-coming-to-toonamiasia-starting-in-may
[22:42:47] Mesothelioma T1: [-] 0218/8853 download failed (Return: -) - https://mep.trimble.com/product/ec-cad/
[22:42:47] Web Design T2: [-] 4924/8453 download failed (Return: -) - http://www.bibliotecadecordoba.com/index.php/Apple_s_Apple_ipad_tablet.
[22:42:47] Mesa DUI lawyer T2: [-] 4201/8439 download failed (Return: -) - http://quigleyscabinet.blogspot.com/2011_04_01_archive.html
[22:42:47] Internet VOIP: [-] 0128/8096 download failed (Return: -) - http://dogstar2.com/courses-2/
[22:42:47] Health: [-] 8191/8339 no engine matches (HTTP-Status: 500) - https://starschanges.com/olivia-palermo-style-looks/
[22:42:47] Sports: [+] 8087/8698 matches engine Joomla K2 - http://mwm-zahid.com.ua/index.php/tekhnika/item/1-khorvester-1050h?start=80
[22:42:47] Sai: [-] 8093/8249 no engine matches (HTTP-Status: 502) - http://www.oceanaddicts.com.au/airton-cozzolino-is-coming-to-ocean-addicts/
[22:42:47] Insurance: [-] 8219/8261 download failed (Return: -) - http://www.tarpley.net
[22:42:47] Online Degree: [-] 7900/8073 download failed (Return: -) - https://assuflex.nl/
[22:42:47] Hindu temples T2: [-] 4075/4573 download failed (Return: -) - http://feedproxy.google.com/~r/MichaelGreth/~3/CG7kWjc08jE/
[22:42:47] Social Media: [-] 0500/7976 download failed (Return: -) - http://fieldtec.blogspot.com/2012/05/walk-by-faith.html
[22:42:46] eBay: [-] 8131/8467 no form at all - http://badpeople.co.za/wp-login.php?action=register
[22:42:47] Mesothelioma: [+] 0534/7981 matches engine Drupal - Blog - http://data.agaric.com
[22:42:47] Hollywood: [-] 8230/8544 download failed (Return: -) - https://moodle.pthsd.k12.nj.us
[22:42:47] Structured Settlement: [-] 8357/8547 download failed (Return: -) - https://999lotterybookstore34.com/?attachment_id=110
\c@pgf@countc=\count314
\c@pgf@countd=\count315
  Enable -p: prompt and confirmation (FEATURE_XARGS_SUPPORT_CONFIRMATION) [N/y/?] n
     Satellite System         : GPS+GLO
ciMethod java/lang/AbstractStringBuilder ensureCapacityInternal (I)V 4097 1 14152 0 -1
ciMethod java/lang/AbstractStringBuilder newCapacity (I)I 793 1 5664 0 -1
ciMethod java/lang/AbstractStringBuilder hugeCapacity (I)I 0 0 1 0 -1
socorro+caro	01.08.2009 18:22:45	http://www.google.com/search?q=socorro+caro&rls=com.microsoft:en-us:IE-SearchBox&ie=UTF-8&oe=UTF-8&sourceid=ie7&rlz=1I7GGLL_en	Mozilla/4.0 (compatible; MSIE 8.0; Windows NT 6.0; Trident/4.0; GTB6; SLCC1; .NET CLR 2.0.50727; .NET CLR 1.1.4322; .NET CLR 3.5.30729; .NET CLR 3.0.30618)	98.119.154.65
Package xcolor Info: Model `tHsb' substituted by `hsb' on input line 1368.
Package xcolor Info: Model `HSB' substituted by `hsb' on input line 1369.
Package xcolor Info: Model `Gray' substituted by `gray' on input line 1370.
Package xcolor Info: Model `wave' substituted by `hsb' on input line 1371.
) (/usr/local/texlive/2021/texmf-dist/tex/generic/pgf/basiclayer/pgfcore.code.tex
tdf#114681 No support for Glagolitic in LibreOffice [Aleksandr Andreev]
tdf#114684 Entering invalid print range (with two hyphenated numbers greater than max page number) prints last page [Mike Kaganski]
tdf#114701 [UI] Missing widget labels and tooltips in Customization dialog [heiko tietze]
tdf#114703 FILEOPEN: DOCX: Incorrect numbering alignment (follow-up bug) [Miklos Vajna]
tdf#114709 New online help looks terrible [Ilmari Lauhakangas]
ciInstanceKlass java/util/HashMap$Node 1 1 85 10 9 9 9 9 100 10 10 8 10 10 10 100 11 10 11 7 7 1 1 1 1 1 1 1 1 1 1 1 1 1 1 1 1 1 1 1 1 1 1 1 1 1 1 1 1 1 1 1 1 1 1 1 1 1 12 12 12 12 12 1 12 1 12 12 100 12 100 1 12 12 12 100 1 1 1 1 1 1 1 1 1 1 1
ciInstanceKlass java/lang/Math 1 1 289 10 10 10 10 10 10 10 6 0 7 6 0 10 10 10 10 10 10 10 10 10 10 10 10 100 3 3 3 10 100 5 0 5 0 5 0 5 0 5 0 9 10 100 8 10 8 10 100 5 0 5 0 100 3 5 0 3 10 10 9 9 10 10 7 6 0 9 100 10 10 10 10 10 4 10 10 10 10 10 10 10 10 10 10 10 10 5 0 5 0 3 6 0 4 6 0 6 0 7 4 4 6 0 10 9 10 9 10 4 6 0 100 100 1 1 1 1 1 6 0 1 1 1 1 1 1 1 1 1 1 1 1 1 1 1 1 1 1 1 1 1 1 1 1 1 1 1 1 1 1 1 1 1 1 1 1 1 1 1 1 1 1 1 1 1 1 1 1 1 1 1 1 1 1 1 1 1 1 1 1 1 1 1 1 1 1 1 1 1 1 1 1 1 1 1 1 1 1 1 1 1 1 1 12 100 12 12 12 12 12 12 1 12 12 12 12 12 12 12 12 12 12 12 12 1 12 1 12 100 12 1 1 12 1 12 1 1 12 12 12 12 12 12 1 12 1 12 12 12 12 12 12 12 12 12 12 12 12 12 12 12 12 1 12 12 12 12 7 12 1 1 1 1 1 1 1 1 1 1 1 1 1 1 1 1 1 1 1
staticfield java/lang/Math $assertionsDisabled Z 1
ciInstanceKlass java/util/Arrays 1 1 810 10 100 100 10 8 10 10 8 8 10 10 100 10 10 10 10 10 10 10 10 10 7 10 100 10 10 100 10 10 100 10 10 100 10 10 100 10 10 100 10 10 100 10 10 9 10 100 10 10 10 100 10 10 7 10 10 10 10 10 10 10 100 11 10 10 10 10 10 10 10 10 11 10 100 10 10 100 10 10 100 10 10 100 10 10 10 10 10 10 10 10 10 10 10 10 10 10 10 7 10 10 8 100 10 10 10 100 10 100 10 100 10 100 10 100 10 100 10 100 10 100 10 10 9 100 10 10 10 10 10 10 10 10 10 10 8 8 10 10 8 10 10 10 10 100 3 10 100 10 10 11 10 10 10 10 10 10 10 10 10 11 8 10 11 11 11 11 18 11 11 18 11 18 11 18 100 10 10 10 10 10 10 10 10 10 10 10 10 10 10 10 10 10 10 10 10 10 1 1 100 1 100 1 1 1 1 3 1 3 1 1 1 1 1 1 1 1 1 1 1 1 1 1 1 1 1 1 1 1 1 1 1 1 1 1 1 1 1 1 1 100 1 1 1 1 1 1 1 1 1 1 1 1 1 1 1 1 1 1 1 1 1 1 1 1 1 1 1 1 1 1 1 1 1 1 1 1 1 1 1 100 1 1 1 1 100 1 1 1 1 1 1 1 1 1 1 1 1 1 1 1 1 1 1 1 1 1 1 1 1 1 1 1 1 1 1 1 1 1 1 1 1 1 1 1 1 1 1 1 1 1 1 1 1 1 1 1 1 1 1 1 1 1 1 1 1 1 1 1 1 1 1 1 1 1 1 1 1 1 1 1 1 100 1 1 1 1 1 1 1 1 1 1 100 1 1 1 1 1 1 1 1 1 1 1 1 1 100 1 1 1 100 1 1 1 100 1 1 1 1 1 1 1 1 1 1 1 1 1 1 1 1 1 1 1 1 1 1 1 1 1 12 1 1 1 12 12 1 1 12 12 1 12 100 12 12 12 12 12 12 12 12 1 100 12 100 1 1 1 12 12 100 1 1 12 100 1 1 12 100 1 1 12 100 1 1 12 100 1 1 12 100 1 1 12 12 100 12 100 1 1 12 7 12 7 12 1 12 1 12 12 100 12 100 12 12 12 12 1 12 12 7 12 12 12 100 12 12 12 100 12 100 12 100 1 1 12 1 1 12 1 1 12 1 1 12 12 12 12 12 12 12 100 12 12 100 12 12 12 12 12 1 7 12 12 1 1 12 12 12 1 12 1 12 1 12 1 12 1 12 1 12 1 12 1 12 12 12 1 12 12 12 12 12 12 12 12 12 1 1 12 12 1 12 12 12 100 12 1 1 12 100 12 12 12 12 12 12 12 12 12 12 12 1 12 100 12 100 12 12 1 15 16 15 12 12 100 12 15 12 100 12 15 12 100 12 15 12 1 100 12 12 12 12 12 12 12 12 12 12 100 12 12 12 12 12 12 12 12 12 12 12 1 1 1 1 1 1 1 1 1 1 1 1 1 1 1 1 1 1 1 1 1 1 1 100 1 1 1 1 1 1 1 1 1 1 1 1 1 1 1 1 1 1 1 1 1 1 1 1 1 1 1 1 1 1 1 1 1 1 1 1 1 1 1 1 1 1 1 1 1 1 1 1 1 1 1 1 1 1 1 1 1 1 1 1 1 1 1 1 1 1 1 1 1 1 1 1 1 1 1 1 1 1 1 10 10 1 1 1 1 1 1 1 10 1 1 1 1 10 1 1 1 1 10 1 1 1 1 1 1 1 1 1 1 1 1 1 1 1 1 1 1 1 1 100 12 12 12 12 12 1 1 100 1 1 100 1 1
staticfield java/util/Arrays $assertionsDisabled Z 1
ciInstanceKlass java/lang/IllegalArgumentException 1 1 27 10 10 10 10 100 100 1 1 1 5 0 1 1 1 1 1 1 1 1 1 12 12 12 12 1 1
ciInstanceKlass java/util/HashMap$TreeNode 0 0 182 100 10 9 9 100 9 9 9 10 100 10 9 9 9 10 10 10 10 10 10 10 10 10 9 10 10 10 10 9 10 10 10 10 10 10 10 100 1 1 1 1 1 1 1 1 1 1 1 1 1 100 1 1 1 1 1 1 1 1 100 1 1 1 100 100 1 1 1 100 100 1 1 1 1 1 1 1 1 1 1 1 1 1 1 100 1 1 1 1 1 1 1 1 1 1 1 1 1 1 1 1 1 1 1 1 1 1 1 12 12 12 1 12 12 12 12 1 12 12 12 12 100 12 12 12 12 12 12 100 12 100 12 100 12 12 12 12 12 12 12 12 12 12 12 12 12 100 1 1 1 1 1 1 1 1 1 1 1 1 1 1 1 1 1 1 1 1 1 1 1 1 1 1 1 1 1 1 1 1 1 1
ciInstanceKlass java/util/BitSet 1 1 400 7 9 9 9 100 10 10 9 10 100 100 10 8 10 10 10 10 10 10 10 10 10 10 10 10 10 10 10 9 10 10 10 10 10 10 5 0 10 10 10 10 100 8 10 8 8 8 8 10 10 10 5 0 10 10 10 10 10 10 10 8 10 10 10 10 5 0 10 10 10 7 100 100 10 10 8 10 10 10 10 10 10 10 10 10 8 18 100 10 100 10 10 10 7 10 9 7 100 100 1 1 1 1 1 3 1 3 1 3 1 1 1 1 1 1 1 1 1 1 5 0 1 1 1 1 1 1 1 1 1 1 1 100 1 1 1 1 1 1 1 1 1 100 100 1 1 1 1 1 1 1 1 1 1 1 1 1 1 1 1 1 1 1 1 1 1 1 1 1 1 1 1 1 1 1 1 1 1 1 1 100 1 1 1 1 100 1 1 100 100 100 1 1 100 1 1 1 100 1 1 1 1 1 1 12 12 12 1 12 12 12 1 1 1 12 12 12 12 12 12 100 12 12 100 12 12 12 12 100 12 12 12 100 12 12 12 12 12 12 12 12 100 12 12 1 1 1 1 1 1 12 12 12 12 12 12 12 12 12 100 12 1 12 12 12 100 12 12 12 100 1 1 12 100 12 1 100 12 12 100 12 100 12 12 12 12 12 1 1 15 16 15 16 12 1 100 12 1 12 100 12 7 12 1 12 12 1 1 1 1 1 1 1 1 1 1 1 1 1 1 1 1 1 1 1 1 1 1 1 1 1 1 1 1 1 1 1 1 1 1 1 1 1 1 1 1 1 1 1 1 1 1 1 1 1 1 1 1 1 1 1 1 1 1 1 1 1 1 1 1 1 1 10 10 1 1 1 1 1 1 100 1 1 1 1 100 12 12 100 1 1 1 100 1 1 1 100 1 1
staticfield java/util/BitSet serialPersistentFields [Ljava/io/ObjectStreamField; 1 [Ljava/io/ObjectStreamField;
staticfield java/util/BitSet $assertionsDisabled Z 1
ciInstanceKlass java/lang/AssertionError 0 0 66 10 10 10 10 100 10 10 10 10 10 10 10 10 100 100 1 1 1 5 0 1 1 1 1 1 1 1 100 100 1 1 1 1 1 1 1 1 1 12 12 100 12 1 12 12 12 12 12 12 12 12 1 1 1 1 1 1 1 1 1 1 1 1 1 1
instanceKlass java/lang/ArrayIndexOutOfBoundsException
ciInstanceKlass java/lang/IndexOutOfBoundsException 0 0 21 10 10 100 100 1 1 1 5 0 1 1 1 1 1 1 1 12 12 1 1
ciInstanceKlass java/lang/UnsupportedOperationException 0 0 27 10 10 10 10 100 100 1 1 1 5 0 1 1 1 1 1 1 1 1 1 12 12 12 12 1 1
ciInstanceKlass java/lang/NegativeArraySizeException 0 0 21 10 10 100 100 1 1 1 5 0 1 1 1 1 1 1 1 12 12 1 1
ciInstanceKlass java/lang/ArrayIndexOutOfBoundsException 0 0 38 10 100 10 8 10 10 10 10 100 100 1 1 1 5 0 1 1 1 1 1 1 1 1 12 1 1 12 12 12 12 1 1 1 1 1 1 1
ciInstanceKlass com/android/dx/cf/iface/ParseException 0 0 26 10 10 10 100 100 1 1 1 1 1 1 1 1 1 1 1 1 1 1 1 12 12 12 1 1
ciInstanceKlass com/android/dx/util/ByteArray 1 1 149 9 9 10 9 10 100 8 10 100 8 10 8 8 10 10 7 8 10 5 0 100 8 10 10 100 10 8 10 10 8 8 10 7 10 10 7 10 7 1 1 1 100 1 1 1 1 1 1 1 1 1 1 1 1 1 1 1 100 100 1 1 1 1 1 1 1 1 1 1 1 1 1 1 1 1 1 1 1 1 1 1 1 1 1 1 1 1 1 1 1 1 1 1 1 1 1 1 1 1 1 1 12 12 12 12 12 1 1 12 1 1 1 1 12 12 1 1 12 1 1 100 12 1 1 12 12 1 1 12 1 12 12 1 12 1 1 1 1 1 1 1 1 1 1 1 1 1 1
ciInstanceKlass com/android/dx/cf/cst/ConstantPoolParser 1 1 286 100 10 10 9 7 10 9 9 9 9 10 10 10 100 10 8 10 10 10 11 8 11 7 10 10 10 10 8 10 8 8 10 8 10 100 8 10 8 8 8 10 8 8 10 10 10 10 10 10 10 10 10 10 7 7 10 10 10 7 7 10 7 10 7 10 10 8 100 10 10 10 10 100 7 7 1 1 1 1 1 1 1 1 1 1 1 1 1 1 1 1 1 1 1 1 1 1 1 1 1 1 1 1 1 1 1 1 1 1 1 1 1 1 1 100 100 100 1 1 1 1 1 1 100 100 1 1 1 1 1 1 1 1 1 1 1 1 1 1 1 1 1 1 1 1 100 1 1 1 1 1 100 100 1 1 1 12 7 12 12 1 12 12 12 12 12 12 12 12 1 1 12 100 12 12 100 12 1 12 1 12 12 12 1 100 12 1 1 1 12 1 1 12 1 1 1 12 1 1 12 12 12 12 12 7 12 7 12 12 7 12 7 12 1 1 12 7 12 12 1 1 12 1 1 12 1 1 12 12 12 12 1 1 1 1 1 1 1 1 1 1 1 1 1 1 1 1 1 1 1 1 1 1 1 1 1 1 1 1 1 1 1 1 1 1 1 1 1 1 1 1 1 1 1 1 1 1 1 1 1 1 1 1 1 1
instanceKlass com/android/dx/rop/cst/CstArray
instanceKlass com/android/dx/rop/cst/CstAnnotation
instanceKlass com/android/dx/rop/cst/CstNat
instanceKlass com/android/dx/rop/cst/TypedConstant
ciInstanceKlass com/android/dx/rop/cst/Constant 1 1 54 10 10 10 10 10 7 10 7 100 100 1 1 1 1 1 1 1 1 1 1 1 1 1 1 1 1 1 1 100 1 1 1 1 1 1 12 12 100 12 100 12 12 1 12 1 1 1 1 1 1 1 1 1
instanceKlass com/android/dx/rop/cst/CstMemberRef
instanceKlass com/android/dx/rop/cst/CstType
instanceKlass com/android/dx/rop/cst/CstLiteralBits
instanceKlass com/android/dx/rop/cst/CstString
ciInstanceKlass com/android/dx/rop/cst/TypedConstant 1 1 35 10 10 10 10 100 7 100 1 1 1 1 1 1 1 1 1 1 1 1 1 1 1 1 12 12 100 12 12 1 1 1 1 1 1
ciInstanceKlass com/android/dx/rop/cst/CstString 1 1 214 10 10 10 10 10 10 7 10 100 100 10 8 10 10 8 10 10 10 10 100 8 10 10 9 7 10 10 9 8 10 7 10 10 10 8 10 8 8 10 10 8 8 8 8 10 8 10 8 9 10 9 7 1 1 1 1 1 1 1 1 1 1 1 1 1 1 1 1 1 1 1 1 100 100 1 1 1 1 1 1 1 1 1 1 1 100 100 1 1 1 1 1 1 100 1 1 1 1 1 1 1 1 1 1 1 1 1 1 1 1 1 1 1 1 1 1 1 100 1 1 1 1 1 1 1 1 1 1 1 1 1 1 1 12 12 7 12 12 12 12 1 12 1 1 12 1 12 100 12 1 12 12 12 1 1 12 12 1 12 12 12 1 12 1 12 12 12 1 12 1 1 12 12 1 1 1 1 100 12 1 12 1 100 12 12 1 1 1 1 1 1 1 1 1 1 1 1 1 1 1 1 1 1 1 1 1 1 1 1 1 1 1 1
tdf#115319 Reference fields: support automatic Hungarian article selection [László Németh]
tdf#115329 Navigation with Find Toolbar does not Work Correctly with Drawings [Jim Raykowski]
tdf#115345 Impress slide with notes has wrong dimensions and orientation [Vasily Melenchuk]
<10:04AM CNN_news> I will relay for non-speakers if needed.
-- [download 51% complete]
-- [download 8% complete]
-- [download 9% complete]
tdf#116438 Calc,Draw,Impress should also ask whether to apply orientation when an image is inserted [himajin100000]
tdf#116448 Improve wording of "Skip empty cells" in Import Text and Text to Columns dialog [heiko tietze]
KSPSetUp               1 1.0 1.5900e-03 1.0 0.00e+00 0.0 0.0e+00 0.0e+00 0.0e+00  0  0  0  0  0   0  0  0  0  0     0
PROC_CREATOR_COUNT neutron : tInelastic = 22
buick+open+tee+times	01.08.2009 22:25:00	http://www.google.com/search?q=Buick+Open+Tee+Times+4th+round&rls=com.microsoft:en-us:IE-SearchBox&ie=UTF-8&oe=UTF-8&sourceid=ie7&rlz=1I7GFRC_en	Mozilla/4.0 (compatible; MSIE 8.0; Windows NT 5.1; Trident/4.0; GTB6; .NET CLR 1.1.4322)	24.255.131.212
*
* Editors
*
awk (AWK) [Y/n/?] y
  Enable math functions (requires libm) (FEATURE_AWK_LIBM) [N/y/?] n
\Gm@cnth=\count276
\Gm@cntv=\count277
\c@Gm@tempcnt=\count278
\Gm@bindingoffset=\dimen153
\Gm@wd@mp=\dimen154

2021-10-26T21:52:06.260Z,77.260056,43ba000,19 [DFLog::NetworkAudit] RakNet Socket Open: 127.0.0.1|58786
2021-10-26T21:52:06.272Z,77.272308,43ba000,6 [FLog::Output] Connecting to 128.116.27.2:58693
2021-10-26T21:52:06.272Z,77.272377,43ba000,7 [FLog::Network] Connecting to server, IP(inet_addr): 35353728 Port: 58693
2021-10-26T21:52:12.443Z,83.443863,4337000,6 [FLog::Output] Connection accepted from 128.116.27.2|58693
2021-10-26T21:52:12.446Z,83.446442,4337000,7 [FLog::Network] serverId: 128.116.27.2|58693
2021-10-26T21:52:12.446Z,83.446777,4337000,7 [FLog::Network] Replicator created for player 128.116.27.2|58693
2021-10-26T21:52:12.446Z,83.446815,4337000,7 [FLog::Network] Replicator created: 0x7f979e603e00
2021-10-26T21:52:12.963Z,83.963333,43ba000,7 [FLog::Network] Time taken to initialize schema = 5.678852 ms
2021-10-26T21:52:12.963Z,83.963524,43ba000,7 [FLog::Network] Assigned peer id = 6
2021-10-26T21:52:12.963Z,83.963699,43ba000,7 [FLog::Network] Join snapshot timer: 0.141457
2021-10-26T21:52:13.161Z,84.161835,4337000,6 [FLog::LocalStorage] LocalStorage flushing
2021-10-26T21:52:13.162Z,84.162056,4543000,6 [FLog::LocalStorage] LocalStorage writing to file: /Users/studioagain/Library/Roblox/LocalStorage/appStorage.json
2021-10-26T21:52:13.162Z,84.162148,4543000,6 [FLog::LocalStorage] LocalStorage will flush 11290 bytes to /Users/studioagain/Library/Roblox/LocalStorage/appStorage.json
2021-10-26T21:52:13.164Z,84.164993,4543000,6 [FLog::LocalStorage] LocalStorage: Wrote 11290 bytes to disk
2021-10-26T21:52:18.225Z,89.225006,43ba000,6 [FLog::Warning] Warning: Infinite yield possible on 'StarterPlayer:WaitForChild("StarterPlayerScripts")'
2021-10-26T21:52:18.225Z,89.225220,43ba000,6 [FLog::Output] Info: Stack Begin
2021-10-26T21:52:18.225Z,89.225388,43ba000,6 [FLog::Output] Info: Script 'CoreGui.RobloxGui.Modules.Settings.SettingsHub', Line 754 - function getOverridesPlayerScripts
2021-10-26T21:52:18.225Z,89.225952,43ba000,6 [FLog::Output] Info: Script 'CoreGui.RobloxGui.Modules.Settings.SettingsHub', Line 815
2021-10-26T21:52:18.226Z,89.226105,43ba000,6 [FLog::Output] Info: Stack End
2021-10-26T21:52:27.152Z,98.152458,ab3bf380,6 [FLog::SingleSurfaceApp] SingleSurfaceAppImpl::leaveUGCGame: (stage:4) blocking=0.
2021-10-26T21:52:27.152Z,98.152527,ab3bf380,6 [FLog::SurfaceController] SurfaceController[_:1]::pause dataModel(0x7f97aab1d000), view(0x7f97b020eb70), destroyView:0.
2021-10-26T21:52:27.152Z,98.152565,ab3bf380,6 [FLog::SurfaceController] SurfaceController[_:1]::stop
2021-10-26T21:52:27.153Z,98.153725,ab3bf380,6 [FLog::UGCGameController] UGCGameController::leave (blocking:0) dataModel(0x7f97aab1d000)
2021-10-26T21:52:27.154Z,98.154457,ab3bf380,6 [FLog::Error] signalr: new state: 0, message: stop was called
2021-10-26T21:52:27.159Z,98.159966,4337000,7 [FLog::Network] Client:Disconnect
2021-10-26T21:52:27.160Z,98.160126,4337000,7 [FLog::Network] Time to disconnect replication data: 0.057149
2021-10-26T21:52:27.160Z,98.160446,4337000,7 [FLog::Network] Sending disconnect with reason: -1
2021-10-26T21:52:27.160Z,98.160500,4337000,7 [FLog::Network] Sending disconnect with reason: -1
2021-10-26T21:52:27.160Z,98.160530,4337000,7 [FLog::Network] Sending disconnect with reason: -1
              node: localhost
           release: 2.4.18
                        Recommended Wrap: No
            Wrap Reversal During Pre-Cal: No
                                  Events: 0

                      Event Strings : 0
               Cable Wrap Sense Transitions: 2
      Transition Time: 2008 024 // 05:03:03.00000
       From Wrap Name: CW
         To Wrap Name: CCW
         Breaks Track: No
      Transition Time: 2008 024 // 07:41:33.00000
       From Wrap Name: CCW
         To Wrap Name: CW
         Breaks Track: Yes
                              Wrap  Name: CCW
                               Narrative: 
                      Initial Wrap Valid: Yes
              Complete w/o Wrap Limit(s): Yes
  Opt. Period         Initial Wrap Valid: No
  Opt. Period Complete w/o Wrap Limit(s): Yes
                        Recommended Wrap: Yes
            Wrap Reversal During Pre-Cal: No
                                  Events: 0

                      Event Strings : 0
               Cable Wrap Sense Transitions: 1
      Transition Time: 2008 024 // 05:03:03.00000
       From Wrap Name: CW
--------------------------------------------------------------------------------
Initializing featurizer...
Activated AlignmentScore featurizer
Activated Alignment featurizer
Activated AdjectiveGradation featurizer
Activated Adjunct featurizer
Activated Antonym featurizer
Activated Apposition featurizer
Activated ContradictionStructure featurizer
Activated ExplicitTime featurizer
Activated Factive featurizer
Activated Hypernymy featurizer
Activated Location featurizer
Not activating Marriage featurizer
Activated Modal featurizer
Not activating Neg featurizer
Activated NegPolarity featurizer
Not activating NERPunisher featurizer
Not activating NewStructure featurizer
Activated NullPunisher featurizer
Activated NumericMismatch featurizer
Activated ParserScore featurizer
Activated PersonMismatch featurizer
Activated Quantifier featurizer
RelationFeaturizer activated
Activated Relation featurizer
Activated RootEntailment featurizer
Not activating RTEScore featurizer
Not activating Structure featurizer
Not activating GlickmanLexicalEntailment featurizer
================================================================================
TEST checkLargeFileIO from config.setCompilers(/sandbox/petsc/petsc.next/config/BuildSystem/config/setCompilers.py:1055)
what+did+greg+mcmackin+say	01.08.2009 21:30:05	http://www.google.com/search?hl=en&safe=off&client=firefox-a&rls=org.mozilla%3Aen-US%3Aofficial&hs=Ws1&q=greg+mcmackin+what+did+he+say&aq=f&oq=&aqi=	Mozilla/5.0 (Windows; U; Windows NT 5.1; en-US; rv:1.9.0.12) Gecko/2009070611 Firefox/3.0.12	24.253.217.21
dallas+weather+radar	01.08.2009 21:30:30	http://www.google.com/search?client=firefox-a&rls=org.mozilla%3Aen-US%3Aofficial&channel=s&hl=en&q=national+weather+radar+dfw+area&btnG=Google+Search	Mozilla/5.0 (Windows; U; Windows NT 5.1; en-US; rv:1.9.0.12) Gecko/2009070611 Firefox/3.0.12	76.187.247.103
invicta+9212+men%E2%80%99s+gold+plated+stainless+steel+speedway+watch	01.08.2009 21:30:30	http://www.google.com/search?q=invicta+speedway+rose+gold+leather+strap&hl=en	Mozilla/4.0 (compatible; MSIE 6.0; Windows NT 5.1; SV1; .NET CLR 1.1.4322; .NET CLR 2.0.50727; .NET CLR 3.0.04506.30)	74.76.45.239
21:38:12 T:139832867932032  NOTICE: GL_VENDOR = Intel Open Source Technology Center
21:38:12 T:139832867932032  NOTICE: GL_RENDERER = Mesa DRI Intel(R) HD Graphics 6000 (Broadwell GT3)
tdf#116182 Hebrew character and number make Writer crash [Mark Hung]
[     16937] hello from "D:\Rockstar Games\FiveM.app\cache\subprocess\FiveM_ROSSubProcess" ros:subprocess "C:\Program Files\Rockstar Games\Social Club\SocialClubHelper.exe" --rgsc_pid=16644 --rgsc_ipc_channel_name=rgsc_ipc_4104 --rgsc_home_dir=C:\Users\harpr\Documents\Rockstar*%20*Games\Social*%20*Club\Renderer\ --no-proxy-server --enable-browser-side-navigation --safebrowsing-disable-auto-update --disable-spell-checking --disable-extensions --disable-gpu --disable-gpu-compositing --lang=en  --remote-debugging-port=13171 --ignore-certificate-errors
[     17031] sub! "D:\Rockstar Games\FiveM.app\cache\subprocess\FiveM_ROSSubProcess" ros:subprocess "C:\Program Files\Rockstar Games\Social Club\SocialClubHelper.exe" --rgsc_pid=16644 --rgsc_ipc_channel_name=rgsc_ipc_4104 --rgsc_home_dir=C:\Users\harpr\Documents\Rockstar*%20*Games\Social*%20*Club\Renderer\ --no-proxy-server --enable-browser-side-navigation --safebrowsing-disable-auto-update --disable-spell-checking --disable-extensions --disable-gpu --disable-gpu-compositing --lang=en  --remote-debugging-port=13171 --ignore-certificate-errors
[     17047] Initialized system mapping!
[     17125] Replacing function table list entry 0x1400b9000 with 0x1400b9000
[     17250] Got ROS subprocess - pid 888
MatAssemblyEnd         1 1.0 4.4630e-03 1.0 0.00e+00 0.0 0.0e+00 0.0e+00 0.0e+00  0  0  0  0  0   0  0  0  0  0     0
MatLoad                1 1.0 1.1789e-01 1.0 0.00e+00 0.0 0.0e+00 0.0e+00 0.0e+00  0  0  0  0  0   0  0  0  0  0     0
VecTDot            43094 1.0 1.7945e+00 1.0 1.88e+09 1.0 0.0e+00 0.0e+00 0.0e+00  2  1  0  0  0   2  1  0  0  0  1045
VecMTDot           21546 1.0 5.4893e+00 1.0 1.41e+10 1.0 0.0e+00 0.0e+00 0.0e+00  5 10  0  0  0   5 10  0  0  0  2568
VecNorm            21548 1.0 5.7011e-01 1.0 9.38e+08 1.0 0.0e+00 0.0e+00 0.0e+00  0  1  0  0  0   0  1  0  0  0  1645
VecScale           21546 1.0 4.9945e-01 1.0 4.69e+08 1.0 0.0e+00 0.0e+00 0.0e+00  0  0  0  0  0   0  0  0  0  0   939
VecCopy            21548 1.0 3.3384e-01 1.0 0.00e+00 0.0 0.0e+00 0.0e+00 0.0e+00  0  0  0  0  0   0  0  0  0  0     0
VecSet                73 1.0 3.1374e-03 1.0 0.00e+00 0.0 0.0e+00 0.0e+00 0.0e+00  0  0  0  0  0   0  0  0  0  0     0
VecAXPY            43094 1.0 1.3701e+00 1.0 1.88e+09 1.0 0.0e+00 0.0e+00 0.0e+00  1  1  0  0  0   1  1  0  0  0  1369
VecMAXPY           21546 1.0 7.6101e+00 1.0 1.41e+10 1.0 0.0e+00 0.0e+00 0.0e+00  7 10  0  0  0   7 10  0  0  0  1853
VecAssemblyBegin       1 1.0 3.0994e-06 1.0 0.00e+00 0.0 0.0e+00 0.0e+00 0.0e+00  0  0  0  0  0   0  0  0  0  0     0
VecAssemblyEnd         1 1.0 2.8610e-06 1.0 0.00e+00 0.0 0.0e+00 0.0e+00 0.0e+00  0  0  0  0  0   0  0  0  0  0     0
VecPointwiseMult   21548 1.0 1.2755e+00 1.0 4.69e+08 1.0 0.0e+00 0.0e+00 0.0e+00  1  0  0  0  0   1  0  0  0  0   368
VecLoad                1 1.0 6.7289e-03 1.0 0.00e+00 0.0 0.0e+00 0.0e+00 0.0e+00  0  0  0  0  0   0  0  0  0  0     0
KSPSetUp               1 1.0 1.5900e-03 1.0 0.00e+00 0.0 0.0e+00 0.0e+00 0.0e+00  0  0  0  0  0   0  0  0  0  0     0
KSPSolve               1 1.0 1.1418e+02 1.0 1.41e+11 1.0 0.0e+00 0.0e+00 0.0e+00100100  0  0  0 100100  0  0  0  1238
Using Fortran linker: mpif90
Using libraries: -Wl,-rpath,/misc/local/src/petsc-3.6.3/arch-linux2-c-debug/lib -L/misc/local/src/petsc-3.6.3/arch-linux2-c-debug/lib -lpetsc -llapack -lblas -lssl -lcrypto -lX11 -Wl,-rpath,/usr/local/pkgs/PBSPro_64/lib -L/usr/local/pkgs/PBSPro_64/lib -Wl,-rpath,/usr/local/pkgs-modules/openmpi_1.6.5_intel_2013_PBS/lib -L/usr/local/pkgs-modules/openmpi_1.6.5_intel_2013_PBS/lib -Wl,-rpath,/usr/local/pkgs-modules/intel_2013.0.079/composer_xe_2013.4.183/tbb/lib/intel64 -L/usr/local/pkgs-modules/intel_2013.0.079/composer_xe_2013.4.183/tbb/lib/intel64 -Wl,-rpath,/usr/local/pkgs-modules/intel_2013.0.079/composer_xe_2013.4.183/ipp/lib/intel64 -L/usr/local/pkgs-modules/intel_2013.0.079/composer_xe_2013.4.183/ipp/lib/intel64 -Wl,-rpath,/usr/local/pkgs-modules/intel_2013.0.079/composer_xe_2013.4.183/compiler/lib/intel64 -L/usr/local/pkgs-modules/intel_2013.0.079/composer_xe_2013.4.183/compiler/lib/intel64 -Wl,-rpath,/usr/local/pkgs-modules/intel_2013.0.079/composer_xe_2013.4.183/mkl/lib/intel64 -L/usr/local/pkgs-modules/intel_2013.0.079/composer_xe_2013.4.183/mkl/lib/intel64 -Wl,-rpath,/misc/local/pkgs-modules/intel_2013.0.079/composer_xe_2013.4.183/compiler/lib/intel64 -L/misc/local/pkgs-modules/intel_2013.0.079/composer_xe_2013.4.183/compiler/lib/intel64 -Wl,-rpath,/usr/lib/gcc/x86_64-redhat-linux/4.4.7 -L/usr/lib/gcc/x86_64-redhat-linux/4.4.7 -lmpi_f90 -lmpi_f77 -lm -lifport -lifcore -lm -lmpi_cxx -ldl -Wl,-rpath,/usr/local/pkgs/PBSPro_64/lib -L/usr/local/pkgs/PBSPro_64/lib -Wl,-rpath,/usr/local/pkgs-modules/openmpi_1.6.5_intel_2013_PBS/lib -L/usr/local/pkgs-modules/openmpi_1.6.5_intel_2013_PBS/lib -lmpi -lrt -lnsl -lutil -lpbs -Wl,-rpath,/usr/local/pkgs/PBSPro_64/lib -L/usr/local/pkgs/PBSPro_64/lib -Wl,-rpath,/usr/local/pkgs-modules/openmpi_1.6.5_intel_2013_PBS/lib -L/usr/local/pkgs-modules/openmpi_1.6.5_intel_2013_PBS/lib -Wl,-rpath,/usr/local/pkgs-modules/intel_2013.0.079/composer_xe_2013.4.183/tbb/lib/intel64 -L/usr/local/pkgs-modules/intel_2013.0.079/composer_xe_2013.4.183/tbb/lib/intel64 -Wl,-rpath,/usr/local/pkgs-modules/intel_2013.0.079/composer_xe_2013.4.183/ipp/lib/intel64 -L/usr/local/pkgs-modules/intel_2013.0.079/composer_xe_2013.4.183/ipp/lib/intel64 -Wl,-rpath,/usr/local/pkgs-modules/intel_2013.0.079/composer_xe_2013.4.183/compiler/lib/intel64 -L/usr/local/pkgs-modules/intel_2013.0.079/composer_xe_2013.4.183/compiler/lib/intel64 -Wl,-rpath,/usr/local/pkgs-modules/intel_2013.0.079/composer_xe_2013.4.183/mkl/lib/intel64 -L/usr/local/pkgs-modules/intel_2013.0.079/composer_xe_2013.4.183/mkl/lib/intel64 -Wl,-rpath,/misc/local/pkgs-modules/intel_2013.0.079/composer_xe_2013.4.183/compiler/lib/intel64 -L/misc/local/pkgs-modules/intel_2013.0.079/composer_xe_2013.4.183/compiler/lib/intel64 -Wl,-rpath,/usr/lib/gcc/x86_64-redhat-linux/4.4.7 -L/usr/lib/gcc/x86_64-redhat-linux/4.4.7 -Wl,-rpath,/usr/local/pkgs-modules/intel_2013.0.079/composer_xe_2013.4.183/tbb/lib/intel64 -L/usr/local/pkgs-modules/intel_2013.0.079/composer_xe_2013.4.183/tbb/lib/intel64 -Wl,-rpath,/usr/local/pkgs-modules/intel_2013.0.079/composer_xe_2013.4.183/ipp/lib/intel64 -L/usr/local/pkgs-modules/intel_2013.0.079/composer_xe_2013.4.183/ipp/lib/intel64 -Wl,-rpath,/usr/local/pkgs-modules/intel_2013.0.079/composer_xe_2013.4.183/compiler/lib/intel64 -L/usr/local/pkgs-modules/intel_2013.0.079/composer_xe_2013.4.183/compiler/lib/intel64 -Wl,-rpath,/usr/local/pkgs-modules/intel_2013.0.079/composer_xe_2013.4.183/mkl/lib/intel64 -L/usr/local/pkgs-modules/intel_2013.0.079/composer_xe_2013.4.183/mkl/lib/intel64 -Wl,-rpath,/misc/local/pkgs-modules/intel_2013.0.079/composer_xe_2013.4.183/compiler/lib/intel64 -L/misc/local/pkgs-modules/intel_2013.0.079/composer_xe_2013.4.183/compiler/lib/intel64 -limf -lsvml -lirng -lipgo -ldecimal -lcilkrts -lstdc++ -lgcc_s -lirc -lpthread -lirc_s -Wl,-rpath,/usr/local/pkgs/PBSPro_64/lib -L/usr/local/pkgs/PBSPro_64/lib -Wl,-rpath,/usr/local/pkgs-modules/openmpi_1.6.5_intel_2013_PBS/lib -L/usr/local/pkgs-modules/openmpi_1.6.5_intel_2013_PBS/lib -Wl,-rpath,/usr/local/pkgs-modules/intel_2013.0.079/composer_xe_2013.4.183/tbb/lib/intel64 -L/usr/local/pkgs-modules/intel_2013.0.079/composer_xe_2013.4.183/tbb/lib/intel64 -Wl,-rpath,/usr/local/pkgs-modules/intel_2013.0.079/composer_xe_2013.4.183/ipp/lib/intel64 -L/usr/local/pkgs-modules/intel_2013.0.079/composer_xe_2013.4.183/ipp/lib/intel64 -Wl,-rpath,/usr/local/pkgs-modules/intel_2013.0.079/composer_xe_2013.4.183/compiler/lib/intel64 -L/usr/local/pkgs-modules/intel_2013.0.079/composer_xe_2013.4.183/compiler/lib/intel64 -Wl,-rpath,/usr/local/pkgs-modules/intel_2013.0.079/composer_xe_2013.4.183/mkl/lib/intel64 -L/usr/local/pkgs-modules/intel_2013.0.079/composer_xe_2013.4.183/mkl/lib/intel64 -Wl,-rpath,/misc/local/pkgs-modules/intel_2013.0.079/composer_xe_2013.4.183/compiler/lib/intel64 -L/misc/local/pkgs-modules/intel_2013.0.079/composer_xe_2013.4.183/compiler/lib/intel64 -Wl,-rpath,/usr/lib/gcc/x86_64-redhat-linux/4.4.7 -L/usr/lib/gcc/x86_64-redhat-linux/4.4.7 -Wl,-rpath,/usr/local/pkgs-modules/intel_2013.0.079/composer_xe_2013.4.183/tbb/lib/intel64 -L/usr/local/pkgs-modules/intel_2013.0.079/composer_xe_2013.4.183/tbb/lib/intel64 -Wl,-rpath,/usr/local/pkgs-modules/intel_2013.0.079/composer_xe_2013.4.183/ipp/lib/intel64 -L/usr/local/pkgs-modules/intel_2013.0.079/composer_xe_2013.4.183/ipp/lib/intel64 -Wl,-rpath,/usr/local/pkgs-modules/intel_2013.0.079/composer_xe_2013.4.183/compiler/lib/intel64 -L/usr/local/pkgs-modules/intel_2013.0.079/composer_xe_2013.4.183/compiler/lib/intel64 -Wl,-rpath,/usr/local/pkgs-modules/intel_2013.0.079/composer_xe_2013.4.183/mkl/lib/intel64 -L/usr/local/pkgs-modules/intel_2013.0.079/composer_xe_2013.4.183/mkl/lib/intel64 -Wl,-rpath,/misc/local/pkgs-modules/intel_2013.0.079/composer_xe_2013.4.183/compiler/lib/intel64 -L/misc/local/pkgs-modules/intel_2013.0.079/composer_xe_2013.4.183/compiler/lib/intel64 -ldl 
-----------------------------------------

     fcg,  jacobi,1.000000e-05,1.000000e-50,1.000000e+04,1.001385e-21,21765,21547,2
+ echo 'Px6Gen wrapper'
Px6Gen wrapper
+ export LD_LIBRARY_PATH=/rw/common/ops/bin/../lib
+ LD_LIBRARY_PATH=/rw/common/ops/bin/../lib
+ export PATH=/rw/common/ops/bin:/rw/common/spsops/bin:/bin:/opt/matlab-5.3.1/bin:/usr/java/j2sd1.4.2_03/bin:/usr/bin:/usr/sbin
+ PATH=/rw/common/ops/bin:/rw/common/spsops/bin:/bin:/opt/matlab-5.3.1/bin:/usr/java/j2sd1.4.2_03/bin:/usr/bin:/usr/sbin
+ mkdir /rw/work/antpx6/tmp385
+ cd /rw/work/antpx6/tmp385
+ DIRCOS_ANG_ERROR=8.7e-06
  Allow vi to display 8-bit chars (otherwise shows dots) (FEATURE_VI_8BIT) [Y/n/?] y
  Enable ":" colon commands (no "ex" mode) (FEATURE_VI_COLON) [Y/n/?] y
[   1900890] [op-chopshop]
[   1900906] [op-scoreboard]
[   1900922] [op-cocaine]
    + 8 bit palettes are on the slow path for quartz/svp/gtk3 [Caolán McNamara]
    + 8 useless calls. (cid#1326581) [jan iversen]
    + <vcl/spin.h> can be private to vcl [Tor Lillqvist]
 452391 words of font info for 162 fonts, out of 8000000 for 9000
 1141 hyphenation exceptions out of 8191
File: fc-english.def 2016/01/12
)
\@DT@modctr=\count287
\@ordinalctr=\count288
\@orgargctr=\count289
\@strctr=\count290
\@tmpstrctr=\count291
\@DT@loopN=\count292
\@DT@X=\count293
) (/usr/local/texlive/2021/texmf-dist/tex/latex/datetime/datetime-defaults.sty
Package: datetime-defaults 2013/09/10
)
\@day=\count294
\@month=\count295
\@year=\count296
\c@HOUR=\count297
\c@HOURXII=\count298
\c@MINUTE=\count299
\c@TOHOUR=\count300
\c@TOMINUTE=\count301
\c@SECOND=\count302
\currenthour=\count303
\currentminute=\count304
\currentsecond=\count305
Package datetime Info: No datetime.cfg file found, using default settings on input line 308.
\@dtctr=\count306
\dayofyear=\count307
\dayofweek=\count308
LaTeX Info: Redefining \today on input line 736.
\dt@a=\toks35
rm -f "/builds/free-electrons/toolchains-builder/build/tmp/test-x86-64-core-i7--uclibc--stable/host/usr/share/info/lzip.info"*
	at com.vaadin.ui.Grid$Column.generateRendererValue(Grid.java:1111) ~[vaadin-server-8.9.4.jar:8.9.4]
	at com.vaadin.ui.Grid$Column.access$1100(Grid.java:849) ~[vaadin-server-8.9.4.jar:8.9.4]
	at com.vaadin.ui.Grid$Column$1.generateData(Grid.java:898) ~[vaadin-server-8.9.4.jar:8.9.4]
	at com.vaadin.data.provider.DataCommunicator.getDataObject(DataCommunicator.java:481) ~[vaadin-server-8.9.4.jar:8.9.4]
	at com.vaadin.data.provider.DataCommunicator.pushData(DataCommunicator.java:461) ~[vaadin-server-8.9.4.jar:8.9.4]
	at com.vaadin.data.provider.HierarchicalDataCommunicator.doExpand(HierarchicalDataCommunicator.java:316) ~[vaadin-server-8.9.4.jar:8.9.4]
	at com.vaadin.data.provider.HierarchicalDataCommunicator.expand(HierarchicalDataCommunicator.java:289) ~[vaadin-server-8.9.4.jar:8.9.4]
	at com.vaadin.ui.TreeGrid.lambda$registerTreeGridRpc$275f28ba$1(TreeGrid.java:187) ~[vaadin-server-8.9.4.jar:8.9.4]
	at sun.reflect.NativeMethodAccessorImpl.invoke0(Native Method) ~[?:1.8.0_252]
	at sun.reflect.NativeMethodAccessorImpl.invoke(NativeMethodAccessorImpl.java:62) ~[?:1.8.0_252]
	at sun.reflect.DelegatingMethodAccessorImpl.invoke(DelegatingMethodAccessorImpl.java:43) ~[?:1.8.0_252]
	at java.lang.reflect.Method.invoke(Method.java:498) ~[?:1.8.0_252]
	at com.vaadin.server.ServerRpcManager.applyInvocation(ServerRpcManager.java:155) ~[vaadin-server-8.9.4.jar:8.9.4]
	... 111 more
ERROR info.magnolia.admincentral.AdmincentralErrorHandler 15.10.2020 00:15:59 -- AdmincentralUI has encountered an unhandled exception.
java.lang.IllegalArgumentException: Could not parse ''
	at com.google.common.net.MediaType.parse(MediaType.java:1013) ~[guava-28.2-jre.jar:?]
	at info.magnolia.dam.app.imageprovider.AssetPreviewProvider.lambda$getResource$0(AssetPreviewProvider.java:73) ~[magnolia-dam-app-3.0.3.jar:?]
	at java.util.Optional.map(Optional.java:215) ~[?:1.8.0_252]
	at info.magnolia.dam.app.imageprovider.AssetPreviewProvider.getResource(AssetPreviewProvider.java:72) ~[magnolia-dam-app-3.0.3.jar:?]
	at info.magnolia.dam.app.contentview.column.AssetNameColumnDefinition$ValueProvider.apply(AssetNameColumnDefinition.java:81) ~[magnolia-dam-app-3.0.3.jar:?]
	at info.magnolia.dam.app.contentview.column.AssetNameColumnDefinition$ValueProvider.apply(AssetNameColumnDefinition.java:64) ~[magnolia-dam-app-3.0.3.jar:?]
	at com.vaadin.ui.Grid$Column.generateRendererValue(Grid.java:1111) ~[vaadin-server-8.9.4.jar:8.9.4]
	at com.vaadin.ui.Grid$Column.access$1100(Grid.java:849) ~[vaadin-server-8.9.4.jar:8.9.4]
	at com.vaadin.ui.Grid$Column$1.generateData(Grid.java:898) ~[vaadin-server-8.9.4.jar:8.9.4]
	at com.vaadin.data.provider.DataCommunicator.getDataObject(DataCommunicator.java:481) ~[vaadin-server-8.9.4.jar:8.9.4]
	at com.vaadin.data.provider.DataCommunicator.pushData(DataCommunicator.java:461) ~[vaadin-server-8.9.4.jar:8.9.4]
	at com.vaadin.data.provider.DataCommunicator.sendDataToClient(DataCommunicator.java:383) ~[vaadin-server-8.9.4.jar:8.9.4]
	at com.vaadin.data.provider.DataCommunicator.beforeClientResponse(DataCommunicator.java:339) ~[vaadin-server-8.9.4.jar:8.9.4]
	at com.vaadin.server.communication.UidlWriter.write(UidlWriter.java:126) [vaadin-server-8.9.4.jar:8.9.4]

./Renaud/Putain%20de%20Camion
./Renaud/Renaud%20Plus
./Renaud/Rouge%20Sang%20[Bonus%20Disc]%20Disc%201
./Renaud/Rouge%20Sang%20[Bonus%20Disc]%20Disc%202
./Rhapsody
sono+arts+festival	01.08.2009 18:22:12	http://www.google.com/search?client=ms-rim&hl=en&q=sono+arts+festival&ie=UTF-8&channel=browser	BlackBerry8310/4.5.0.110 Profile/MIDP-2.0 Configuration/CLDC-1.1 VendorID/102	206.53.157.232
socorro+caro	01.08.2009 18:22:29	http://www.google.com/search?q=socorro+caro&rls=com.microsoft:en-us:IE-SearchBox&ie=UTF-8&oe=UTF-8&sourceid=ie7&rlz=1I7GGLL_en	Mozilla/4.0 (compatible; MSIE 8.0; Windows NT 6.0; Trident/4.0; GTB6; SLCC1; .NET CLR 2.0.50727; .NET CLR 1.1.4322; .NET CLR 3.5.30729; .NET CLR 3.0.30618)	98.119.154.65
socorro+caro	01.08.2009 18:22:29	http://www.google.com/search?q=socorro+caro+murder&ie=utf-8&oe=utf-8&aq=t&rls=org.mozilla:en-US:official&client=firefox-a	Mozilla/5.0 (Macintosh; U; Intel Mac OS X 10.5; en-US; rv:1.9.0.12) Gecko/2009070609 Firefox/3.0.12	98.151.236.31
socorro+caro	01.08.2009 18:22:36	http://www.google.com/search?q=socorro+caro&rls=com.microsoft:en-us:IE-SearchBox&ie=UTF-8&oe=UTF-8&sourceid=ie7&rlz=1I7GGLL_en	Mozilla/4.0 (compatible; MSIE 8.0; Windows NT 6.0; Trident/4.0; GTB6; SLCC1; .NET CLR 2.0.50727; .NET CLR 1.1.4322; .NET CLR 3.5.30729; .NET CLR 3.0.30618)	98.119.154.65
socorro+caro	01.08.2009 18:22:45	http://www.google.com/search?q=socorro+caro&rls=com.microsoft:en-us:IE-SearchBox&ie=UTF-8&oe=UTF-8&sourceid=ie7&rlz=1I7GGLL_en	Mozilla/4.0 (compatible; MSIE 8.0; Windows NT 6.0; Trident/4.0; GTB6; SLCC1; .NET CLR 2.0.50727; .NET CLR 1.1.4322; .NET CLR 3.5.30729; .NET CLR 3.0.30618)	98.119.154.65
shun+ken+onion+11+piece+knife+block+set	01.08.2009 18:22:48	http://www.google.com/search?q=shun+ken+10+piece&ie=UTF-8&oe=UTF-8&hl=en&client=safari	Mozilla/5.0 (iPod; U; CPU iPhone OS 3_0 like Mac OS X; en-us) AppleWebKit/528.18 (KHTML, like Gecko) Version/4.0 Mobile/7A341 Safari/528.16	216.221.98.65
invicta+9212+men%E2%80%99s+gold+plated+stainless+steel+speedway+watch	01.08.2009 18:23:05	http://www.google.com/search?sourceid=navclient&aq=0&oq=Invicta+9212+&ie=UTF-8&rlz=1T4SUNA_enUS243US244&q=invicta+9212+men%e2%80%99s+gold+plated+stainless+steel+speedway+watch	Mozilla/4.0 (compatible; MSIE 8.0; Windows NT 5.1; Trident/4.0; GTB6; .NET CLR 2.0.50727; Windows-Media-Player/10.00.00.3990; .NET CLR 3.0.4506.2152; .NET CLR 3.5.30729)	71.97.84.129
drake+falls+on+stage	01.08.2009 18:23:21	http://www.google.com/search?hl=en&q=drake+falls+on+stage&aq=0z&oq=drake+fa&aqi=g-z1g9	Mozilla/5.0 (Macintosh; U; Intel Mac OS X 10_5_5; en-us) AppleWebKit/525.27.1 (KHTML, like Gecko) Version/3.2.1 Safari/525.27.1	71.93.175.177
petty+officer+jonathan+campos	01.08.2009 18:23:57	http://www.google.ca/search?hl=en&q=Petty%20Officer%20Jonathan%20Campos&um=1&ie=UTF-8&sa=N&tab=iw&start=0	Mozilla/4.0 (compatible; MSIE 6.0; Windows NT 5.1; SV1; .NET CLR 1.0.3705; .NET CLR 1.1.4322; .NET CLR 2.0.50727; .NET CLR 3.0.04506.648; .NET CLR 3.5.21022)	24.114.255.3
mcmackin+slur	01.08.2009 18:24:12	http://www.google.com/search?q=McMackin++derogatory+slur&hl=en&client=firefox-a&channel=s&rls=org.mozilla:en-US:official&hs=uyy&start=10&sa=N	Mozilla/5.0 (Windows; U; Windows NT 6.0; en-US; rv:1.9.0.12) Gecko/2009070611 Firefox/3.0.12	96.255.182.71
jerry+garcia+birthday	01.08.2009 18:24:19	http://www.google.com/search?q=jerry+garcia+birthday+mclaren+park&rls=com.microsoft:en-us:IE-SearchBox&ie=UTF-8&oe=UTF-8&sourceid=ie7&rlz=1I7TSHA_en	Mozilla/4.0 (compatible; MSIE 8.0; Windows NT 5.1; Trident/4.0; Comcast Install 1.0; GTB5; .NET CLR 1.1.4322; .NET CLR 2.0.50727; .NET CLR 3.0.4506.2152; .NET CLR 3.5.30729)	76.236.65.29
fedex+field	01.08.2009 18:24:31	http://www.google.com/search?q=fedex+field+advice&rls=com.microsoft:en-us&ie=UTF-8&oe=UTF-8&startIndex=&startPage=1	Mozilla/4.0 (compatible; MSIE 7.0; Windows NT 5.1; .NET CLR 1.0.3705; .NET CLR 1.1.4322; Media Center PC 4.0; InfoPath.1)	68.50.45.0
invicta+9212+men%E2%80%99s+gold+plated+stainless+steel+speedway+watch	01.08.2009 18:24:40	http://www.google.com/url?sa=t&source=web&ct=res&cd=3&url=http%3A%2F%2Fcomicsunlimited.com%2Fcomics%2Findex.php%3Finvicta%2B9212%2Bmen%25E2%2580%2599s%2Bgold%2Bplated%2Bstainless%2Bsteel%2Bspeedway%2Bwatch&ei=P4h0SunODYKntgfr4M2WCQ&rct=j&q=+Invicta+9212+Men%E2%80%99s+Gold+Plated+Stainless+Steel+Speedway+Watch+&usg=AFQjCNHVHhg9g3_QCeShED4dzi5sUc7CTg&sig2=U6SdmoaHOQL6XE7PWaqbNg	Mozilla/5.0 (Windows; U; Windows NT 6.0; en-US; rv:1.9.0.12) Gecko/2009070611 Firefox/3.0.12	65.182.40.200
jerry+garcia+birthday	01.08.2009 18:24:41	http://www.google.com/search?hl=en&rls=com.microsoft%3Aen-us%3AIE-SearchBox&rlz=1I7SUNA_en&q=August+1%2C+2009+Jerry+Day+McLaren+Park+San+Francisco&btnG=Search&aq=f&oq=&aqi=	Mozilla/4.0 (compatible; MSIE 8.0; Windows NT 5.1; Trident/4.0; GTB6; .NET CLR 1.1.4322)	75.55.49.233
socorro+caro	01.08.2009 18:24:51	http://www.google.com/search?q=Socorro+Caro&ie=utf-8&oe=utf-8&aq=t&rls=org.mozilla:en-US:official&client=firefox-a	Mozilla/5.0 (Windows; U; Windows NT 6.0; en-US; rv:1.9.0.12) Gecko/2009070611 Firefox/3.0.12	69.149.171.241
buick+open+tee+times	01.08.2009 18:25:14	http://www.google.com/search?hl=en&ei=Moh0SpeJJce_tgeH8tCWCQ&sa=X&oi=spell&resnum=0&ct=result&cd=1&q=third+round+of+buick+open+tv+time&spell=1	Mozilla/4.0 (compatible; MSIE 7.0; Windows NT 6.0; GTB6; SLCC1; .NET CLR 2.0.50727; Media Center PC 5.0; .NET CLR 3.0.04506)	65.12.127.151
what+did+greg+mcmackin+say	01.08.2009 18:25:18	http://www.google.com/search?q=what+did+hawaii+coach+say&ie=utf-8&oe=utf-8&aq=t&rls=org.mozilla:en-US:official&client=firefox-a	Mozilla/5.0 (Windows; U; Windows NT 5.1; en-US; rv:1.9.0.12) Gecko/2009070611 Firefox/3.0.12	98.192.42.208
nstar	01.08.2009 18:25:36	http://www.google.com/search?q=nstar%20electric%20boston&hl=en&tbo=1&tbs=rcnt:1,sbd:1	Mozilla/5.0 (Windows; U; Windows NT 6.0; en-US) AppleWebKit/531.3 (KHTML, like Gecko) Chrome/3.0.193.2 Safari/531.3	122.161.19.26
first+midwest+bank+amphitheatre+address	01.08.2009 18:25:48	http://www.google.com/search?hl=en&client=ms-rim&channel=browser&ie=ISO-8859-1&q=first+midwest+band+ampitheater+address&btnG=Search	BlackBerry8310/4.2.2 Profile/MIDP-2.0 Configuration/CLDC-1.1 VendorID/102	206.53.157.63
invicta+9212+men%E2%80%99s+gold+plated+stainless+steel+speedway+watch	01.08.2009 18:25:52	http://www.google.com/search?q=Invicta+Men%27s+Stainless+Steel+Pro+Diver+Speedway&rls=com.microsoft:en-us&ie=UTF-8&oe=UTF-8&startIndex=&startPage=1	Mozilla/4.0 (compatible; MSIE 8.0; Windows NT 6.0; WOW64; Trident/4.0; SLCC1; .NET CLR 2.0.50727; Media Center PC 5.0; OfficeLiveConnector.1.3; OfficeLivePatch.0.0; .NET CLR 3.5.30729; .NET CLR 3.0.30618; .NET CLR 1.1.4322)	65.24.54.85
socorro+caro	01.08.2009 18:26:23	http://www.google.com/search?hl=en&client=firefox-a&rls=org.mozilla%3Aen-US%3Aofficial&hs=zzy&q=socorro+caro+death+row&aq=f&oq=&aqi=	Mozilla/5.0 (Windows; U; Windows NT 6.0; en-US; rv:1.9.0.12) Gecko/2009070611 Firefox/3.0.12	71.145.159.165
tim+hack+and+kelly+drew	01.08.2009 18:26:40	http://www.google.com/search?rlz=1C1CHMZ_enUS317US318&aq=0&oq=tim+hac&sourceid=chrome&ie=UTF-8&q=tim+hack+and+kelly+drew	Mozilla/5.0 (Windows; U; Windows NT 5.1; en-US) AppleWebKit/531.3 (KHTML, like Gecko) Chrome/3.0.193.2 Safari/531.3	76.203.30.154
tim+hack+and+kelly+drew	01.08.2009 18:26:50	http://www.google.com/search?sourceid=navclient&ie=UTF-8&rlz=1T4DKUS_enUS291US291&q=tim+hack+and+kelly+drew	Mozilla/4.0 (compatible; MSIE 8.0; Windows NT 6.0; Trident/4.0; GTB6; SLCC1; .NET CLR 2.0.50727; Media Center PC 5.0; Platrium 1.2.103.0; P_IT_EF70067FB176595237A095; .NET CLR 3.5.30729; .NET CLR 3.0.30618)	98.219.234.170
what+did+greg+mcmackin+say	01.08.2009 18:26:53	http://www.google.com/search?q=mcmackin+what+did+he+say&ie=UTF-8&oe=UTF-8&hl=en&client=safari	Mozilla/5.0 (iPhone; U; CPU iPhone OS 3_0 like Mac OS X; en-us) AppleWebKit/528.18 (KHTML, like Gecko) Version/4.0 Mobile/7A341 Safari/528.16	207.68.242.58
sayville+summerfest	01.08.2009 18:26:53	http://www.google.com/search?hl=en&safe=off&rlz=1T4ADBF_enUS258US258&ei=3oh0SvWdBsOMtgeMiNGWCQ&sa=X&oi=spell&resnum=0&ct=result&cd=1&q=gillette,+sayville,+fair&spell=1	Mozilla/4.0 (compatible; MSIE 8.0; Windows NT 5.1; Trident/4.0; GTB6; InfoPath.2; .NET CLR 1.1.4322; .NET CLR 2.0.50727; .NET CLR 3.0.04506.30; .NET CLR 3.0.04506.648)	72.80.162.12
park+ave+fest+rochester+ny+2009	01.08.2009 18:27:11	http://www.google.com/m/search?oe=UTF-8&client=safari&hl=en&q=first+annual+bronx+summer+festival+august+1+2009	Mozilla/5.0 (iPhone; U; CPU iPhone OS 3_0 like Mac OS X; en-us) AppleWebKit/528.18 (KHTML, like Gecko) Version/4.0 Mobile/7A341 Safari/528.16	173.2.53.47
x+games+15+moto+x+best+trick	01.08.2009 18:27:13	http://www.google.com/search?client=ms-rim&hl=en&q=x+games+2009+mtx+best+trick&ie=UTF-8&channel=browser	BlackBerry8330/4.5.0.77 Profile/MIDP-2.0 Configuration/CLDC-1.1 VendorID/105	206.53.153.88
socorro+caro	01.08.2009 18:27:41	http://www.google.com/search?sourceid=navclient&ie=UTF-8&rlz=1T4ADBR_enUS311US311&q=socorro+caro	Mozilla/4.0 (compatible; MSIE 8.0; Windows NT 6.0; WOW64; Trident/4.0; GTB6; SLCC1; .NET CLR 2.0.50727; .NET CLR 3.0.04506; Media Center PC 5.0; .NET CLR 3.5.21022; InfoPath.2)	24.253.143.219
invicta+9212+men%E2%80%99s+gold+plated+stainless+steel+speedway+watch	01.08.2009 18:27:42	http://www.google.com/search?client=opera&rls=en&q=invicta+9212+men%E2%80%99s+gold+plated+stainless+steel+speedway+watch&sourceid=opera&ie=utf-8&oe=utf-8	Opera/9.64 (Windows NT 5.1; U; en) Presto/2.1.1	195.5.124.98
invicta+9212+men%E2%80%99s+gold+plated+stainless+steel+speedway+watch	01.08.2009 18:27:56	http://www.google.com/search?sourceid=navclient&aq=0&oq=invicta+9212&ie=UTF-8&rlz=1T4SUNA_enUS281US281&q=invicta+9212+men%e2%80%99s+gold+plated+stainless+steel+speedway+watch	Mozilla/4.0 (compatible; MSIE 8.0; Windows NT 6.0; Trident/4.0; FunWebProducts; GTB6; SLCC1; .NET CLR 2.0.50727; Media Center PC 5.0; .NET CLR 3.5.30729; .NET CLR 3.0.30618)	69.137.139.206
M77	ARKANSAS	NASHVILLE HOWARD CO	afd	sc_32_25OCT2007.png
M19	ARKANSAS	NEWPORT MUNI	afd	sc_32_25OCT2007.png
ORK	ARKANSAS	NORTH LITTLE ROCK MUNI	afd	sc_33_25OCT2007.png
7M4	ARKANSAS	OSCEOLA MUNI	afd	sc_33_25OCT2007.png
7M5	ARKANSAS	OZARK-FRANKLIN CO	afd	sc_33_25OCT2007.png
PGR	ARKANSAS	PARAGOULD KIRK FLD	afd	sc_34_25OCT2007.png
7M6	ARKANSAS	PARIS (SUBIACO) PARIS MUNI	afd	sc_34_25OCT2007.png
7M7	ARKANSAS	PIGGOTT MUNI	afd	sc_34_25OCT2007.png
PBF	ARKANSAS	PINE BLUFF GRIDER FLD	afd	sc_35_25OCT2007.png
M70	ARKANSAS	POCAHONTAS MUNI	afd	sc_35_25OCT2007.png
4F7	ARKANSAS	PRESCOTT KIZER FLD	afd	sc_36_25OCT2007.png
7M8	ARKANSAS	RECTOR	afd	sc_36_25OCT2007.png
ROG	ARKANSAS	ROGERS MUNI-CARTER FLD	afd	sc_37_25OCT2007.png
RUE	ARKANSAS	RUSSELLVILLE RGNL	afd	sc_37_25OCT2007.png
O61	CALIFORNIA	CAMERON PARK CAMERON AIRPARK	afd	sw_59_25OCT2007.png
NFG	CALIFORNIA	CAMP PENDLETON MCAS 	afd	sw_59_25OCT2007.png
CRQ	CALIFORNIA	CARLSBAD McCLELLAN-PALOMAR	afd	sw_60_25OCT2007.png
O59	CALIFORNIA	CEDARVILLE	afd	sw_60_25OCT2007.png
49X	CALIFORNIA	CHEMEHUEVI VALLEY	afd	sw_61_25OCT2007.png
O05	CALIFORNIA	CHESTER ROGERS FLD	afd	sw_61_25OCT2007.png
CIC	CALIFORNIA	CHICO MUNI	afd	sw_62_25OCT2007.png
O23	CALIFORNIA	CHICO RANCHAERO	afd	sw_62_25OCT2007.png
NID	CALIFORNIA	CHINA LAKE NAWS 	afd	sw_63_25OCT2007.png
CNO	CALIFORNIA	CHINO	afd	sw_64_25OCT2007.png
L77	CALIFORNIA	CHIRIACO SUMMIT	afd	sw_64_25OCT2007.png
2O6	CALIFORNIA	CHOWCHILLA	afd	sw_65_25OCT2007.png
CJJ	IOWA	CRESCO ELLEN CHURCH FLD	afd	nc_12_25OCT2007.png
CSQ	IOWA	CRESTON MUNI	afd	nc_13_25OCT2007.png
DVN	IOWA	DAVENPORT MUNI	afd	nc_13_25OCT2007.png
DEH	IOWA	DECORAH MUNI	afd	nc_14_25OCT2007.png
A08	ALABAMA	MARION VAIDEN FLD	afd	se_31_25OCT2007.png
Package: amsbsy 1999/11/29 v1.2d Bold Symbols
\pmbraise@=\dimen144
luks filesystem (FEATURE_VOLUMEID_LUKS) [N/y/?] n
nilfs filesystem (FEATURE_VOLUMEID_NILFS) [N/y/?] n
[  1%] Completed 'G4NEUTRONXS'
(WildEep/#earthquake) KNBC: to prevent surge
	at com.vaadin.data.provider.DataCommunicator.getDataObject(DataCommunicator.java:481) ~[vaadin-server-8.9.4.jar:8.9.4]
	at com.vaadin.data.provider.DataCommunicator.pushData(DataCommunicator.java:461) ~[vaadin-server-8.9.4.jar:8.9.4]
	at com.vaadin.data.provider.HierarchicalDataCommunicator.doExpand(HierarchicalDataCommunicator.java:316) ~[vaadin-server-8.9.4.jar:8.9.4]
	at com.vaadin.data.provider.HierarchicalDataCommunicator.expand(HierarchicalDataCommunicator.java:289) ~[vaadin-server-8.9.4.jar:8.9.4]
	at com.vaadin.ui.TreeGrid.lambda$registerTreeGridRpc$275f28ba$1(TreeGrid.java:187) ~[vaadin-server-8.9.4.jar:8.9.4]
	at sun.reflect.NativeMethodAccessorImpl.invoke0(Native Method) ~[?:1.8.0_252]
	at sun.reflect.NativeMethodAccessorImpl.invoke(NativeMethodAccessorImpl.java:62) ~[?:1.8.0_252]
	at sun.reflect.DelegatingMethodAccessorImpl.invoke(DelegatingMethodAccessorImpl.java:43) ~[?:1.8.0_252]
	at java.lang.reflect.Method.invoke(Method.java:498) ~[?:1.8.0_252]
	at info.magnolia.cms.filters.AbstractMgnlFilter.doFilter(AbstractMgnlFilter.java:85) [magnolia-core-6.2.3.jar:?]
	at info.magnolia.cms.filters.MgnlFilterChain.doFilter(MgnlFilterChain.java:79) [magnolia-core-6.2.3.jar:?]
	at info.magnolia.cms.filters.MgnlFilterChain.doFilter(MgnlFilterChain.java:81) [magnolia-core-6.2.3.jar:?]
	at info.magnolia.cms.filters.MgnlFilterChain.doFilter(MgnlFilterChain.java:81) [magnolia-core-6.2.3.jar:?]
	at info.magnolia.cms.filters.MgnlFilterChain.doFilter(MgnlFilterChain.java:81) [magnolia-core-6.2.3.jar:?]
	at info.magnolia.cms.filters.MgnlFilterChain.doFilter(MgnlFilterChain.java:81) [magnolia-core-6.2.3.jar:?]
	at info.magnolia.cms.filters.MgnlFilterChain.doFilter(MgnlFilterChain.java:81) [magnolia-core-6.2.3.jar:?]
	at info.magnolia.cms.filters.MgnlFilterChain.doFilter(MgnlFilterChain.java:81) [magnolia-core-6.2.3.jar:?]
	at info.magnolia.cms.filters.CompositeFilter.doFilter(CompositeFilter.java:65) [magnolia-core-6.2.3.jar:?]
	at info.magnolia.cms.filters.AbstractMgnlFilter.doFilter(AbstractMgnlFilter.java:85) [magnolia-core-6.2.3.jar:?]
	at info.magnolia.cms.filters.MgnlFilterChain.doFilter(MgnlFilterChain.java:79) [magnolia-core-6.2.3.jar:?]
	at info.magnolia.virtualuri.VirtualUriFilter.doFilter(VirtualUriFilter.java:98) [magnolia-virtual-uri-6.2.3.jar:?]
	at info.magnolia.cms.filters.AbstractMgnlFilter.doFilter(AbstractMgnlFilter.java:85) [magnolia-core-6.2.3.jar:?]
	at info.magnolia.cms.filters.MgnlFilterChain.doFilter(MgnlFilterChain.java:79) [magnolia-core-6.2.3.jar:?]
	at info.magnolia.module.cache.executor.Bypass.processCacheRequest(Bypass.java:58) [magnolia-cache-core-5.9.1.jar:?]
	at info.magnolia.module.cache.executor.CompositeExecutor.processCacheRequest(CompositeExecutor.java:66) [magnolia-cache-core-5.9.1.jar:?]
	at info.magnolia.module.cache.filter.CacheFilter.doFilter(CacheFilter.java:164) [magnolia-cache-core-5.9.1.jar:?]
	at info.magnolia.cms.filters.AbstractMgnlFilter.doFilter(AbstractMgnlFilter.java:85) [magnolia-core-6.2.3.jar:?]
	at info.magnolia.cms.filters.MgnlFilterChain.doFilter(MgnlFilterChain.java:79) [magnolia-core-6.2.3.jar:?]
	at info.magnolia.cms.i18n.I18nContentSupportFilter.doFilter(I18nContentSupportFilter.java:85) [magnolia-core-6.2.3.jar:?]
	at info.magnolia.cms.filters.AbstractMgnlFilter.doFilter(AbstractMgnlFilter.java:85) [magnolia-core-6.2.3.jar:?]
     59     0.077063
     60     0.069314
     61     0.062345
     62     0.056077
     63     0.050439
=== END test_database 2016-05-16 14:26:51 ===
[ERROR] Can't copy http://localhost:3128/joomla/images/news/worldnews/3-8-15/n3BC.jpg to C:\AppServ\www\joomla/wp-content/uploads/2015/08/n3BC.jpg : Not Found
[ERROR] Can't copy http://localhost:3128/joomla/images/news/worldnews/3-8-15/n3BC.jpg to C:\AppServ\www\joomla/wp-content/uploads/2015/08/n3BC.jpg : Not Found
[ERROR] Can't copy http://localhost:3128/joomla/images/news/worldnews/3-8-15/n6EU.jpg to C:\AppServ\www\joomla/wp-content/uploads/2015/08/n6EU.jpg : Not Found
[ERROR] Can't copy http://localhost:3128/joomla/images/news/worldnews/3-8-15/n6EU.jpg to C:\AppServ\www\joomla/wp-content/uploads/2015/08/n6EU.jpg : Not Found
Importing redirects...
=== START stop_import 2016-05-20 16:00:42 ===
=== END stop_import 2016-05-20 16:00:42 ===
21:38:12 T:139832867932032  NOTICE:         m_channels        : FL,FR,LFE,FC,BC,BL,BR,FLOC,FROC,BLOC,BROC,TFC,TC,TFL,TFR,UNKNOWN1
21:38:12 T:139832867932032  NOTICE:         m_sampleRates     : 32000,44100,48000,88200,96000,176400,192000
21:38:12 T:139832867932032  NOTICE:         m_dataFormats     : AE_FMT_S32NE,AE_FMT_S16NE,AE_FMT_S16LE,AE_FMT_LPCM,AE_FMT_DTSHD,AE_FMT_TRUEHD,AE_FMT_EAC3,AE_FMT_DTS,AE_FMT_AC3,AE_FMT_AAC
21:38:12 T:139832867932032  NOTICE: No settings file to load (special://xbmc/system/advancedsettings.xml)
21:38:12 T:139832867932032  NOTICE: Loaded settings file from special://profile/advancedsettings.xml
21:38:12 T:139832867932032  NOTICE: Contents of special://profile/advancedsettings.xml are...
                                            <advancedsettings>
                                              <videodatabase>
                                                <type>mysql</type>
                                                <host>192.168.0.2</host>
                                                <port>3306</port>
                                                <name>kodi_videos</name>
                                                <user>kodi_admin</user>
                                                <pass>xxxxx</pass>
                                              </videodatabase>
                                              <musicdatabase>
                                                <type>mysql</type>
                                                <host>192.168.0.2</host>
                                                <port>3306</port>
                                                <name>kodi_music</name>
                                                <user>kodi_admin</user>
                                                <pass>xxxxx</pass>
                                              </musicdatabase>
21:38:12 T:139832867932032   DEBUG: ADDON: cpluff: 'Plug-in audioencoder.xbmc.builtin.wma has been installed.'
21:38:12 T:139832867932032   DEBUG: ADDON: cpluff: 'Plug-in script.module.pycaption has been installed.'
21:38:12 T:139832867932032   DEBUG: ADDON: cpluff: 'Plug-in metadata.universal has been installed.'
21:38:12 T:139832867932032   DEBUG: ADDON: cpluff: 'Plug-in script.hdhomerun.view has been installed.'
21:38:12 T:139832867932032   DEBUG: ADDON: cpluff: 'Plug-in metadata.common.ofdb.de has been installed.'
21:38:12 T:139832867932032   DEBUG: ADDON: cpluff: 'Plug-in script.module.stem has been installed.'
21:38:12 T:139832867932032   DEBUG: ADDON: cpluff: 'Plug-in script.module.simplejson has been installed.'
21:38:12 T:139832867932032   DEBUG: ADDON: cpluff: 'Plug-in screensaver.xbmc.builtin.dim has been installed.'
21:38:12 T:139832867932032   DEBUG: ADDON: cpluff: 'Plug-in script.module.dnspython has been installed.'
21:38:12 T:139832867932032   DEBUG: ADDON: cpluff: 'Plug-in script.module.beautifulsoup4 has been installed.'
21:38:12 T:139832867932032   DEBUG: ADDON: cpluff: 'Plug-in plugin.video.ustvvod has been installed.'
21:38:12 T:139832867932032   DEBUG: ADDON: cpluff: 'Plug-in metadata.themoviedb.org has been installed.'
21:38:12 T:139832867932032   DEBUG: ADDON: cpluff: 'Plug-in xbmc.metadata has been installed.'
21:38:12 T:139832867932032   DEBUG: ADDON: cpluff: 'Plug-in service.xbmc.versioncheck has been installed.'
21:38:12 T:139832867932032   DEBUG: ADDON: cpluff: 'Plug-in skin.confluence has been installed.'
21:38:12 T:139832867932032   DEBUG: ADDON: cpluff: 'Plug-in kodi.resource has been installed.'
21:38:12 T:139832867932032   DEBUG: ADDON: cpluff: 'Plug-in script.module.beautifulsoup has been installed.'
21:38:12 T:139832867932032   DEBUG: ADDON: cpluff: 'Plug-in xbmc.gui has been installed.'
21:38:12 T:139832613283584    INFO: CRemoteControl::Process - failed to connect to LIRC, will keep retrying every 5 seconds
21:38:12 T:139832867932032    INFO: CKeyboardLayoutManager: loading keyboard layouts from special://xbmc/system/keyboardlayouts...
21:38:12 T:139832867932032   DEBUG: CKeyboardLayoutManager: keyboard layout "Norwegian QWERTY" successfully loaded
21:38:12 T:139832867932032   DEBUG: CKeyboardLayoutManager: keyboard layout "Arabic QWERTY" successfully loaded
21:38:12 T:139832867932032   DEBUG: CKeyboardLayoutManager: keyboard layout "Hungarian QWERTZ" successfully loaded
21:38:12 T:139832867932032   DEBUG: CKeyboardLayoutManager: keyboard layout "Polish QWERTY" successfully loaded
21:38:12 T:139832867932032   DEBUG: CKeyboardLayoutManager: keyboard layout "Russian ЙЦУКЕН" successfully loaded
21:38:12 T:139832867932032   DEBUG: CKeyboardLayoutManager: keyboard layout "Russian АБВ" successfully loaded
21:38:12 T:139832867932032   DEBUG: CKeyboardLayoutManager: keyboard layout "Spanish QWERTY" successfully loaded
21:38:12 T:139832867932032   DEBUG: CKeyboardLayoutManager: keyboard layout "German QWERTZ" successfully loaded
21:38:12 T:139832867932032   DEBUG: CKeyboardLayoutManager: keyboard layout "Turkish QWERTY" successfully loaded
21:38:12 T:139832867932032   DEBUG: CKeyboardLayoutManager: keyboard layout "Hebrew QWERTY" successfully loaded
