<use images/lqi/Budapest_Network_voronoi_op2.png>
Package pdftex.def Info: images/lqi/Budapest_Network_voronoi_op2.png  used on input line 39.
(pdftex.def)             Requested size: 418.25368pt x 187.05655pt.
market+days+chicago+2009	01.08.2009 22:01:26	http://www.google.com/search?q=market+days+2009&hl=en&rlz=1G1GGLQ_ENUS338&start=10&sa=N	Mozilla/5.0 (Windows; U; Windows NT 6.0; en-US) AppleWebKit/530.5 (KHTML, like Gecko) Chrome/2.0.172.37 Safari/530.5	75.21.67.101
sayville+summerfest	01.08.2009 22:02:31	http://www.google.com/search?client=safari&rls=en-us&q=summerfest+sayville&ie=UTF-8&oe=UTF-8	Mozilla/5.0 (Macintosh; U; Intel Mac OS X 10_5_6; en-us) AppleWebKit/525.27.1 (KHTML, like Gecko) Version/3.2.1 Safari/525.27.1	69.117.122.136
invicta+9212+men%E2%80%99s+gold+plated+stainless+steel+speedway+watch	01.08.2009 22:03:43	http://www.google.com/	Mozilla/5.0 (iPhone; U; CPU iPhone OS 3_0 like Mac OS X; en-us) AppleWebKit/528.18 (KHTML, like Gecko) Version/4.0 Mobile/7A341 Safari/528.16	69.122.58.237
ofz#4649 don't care about exceptions for testing [Caolán McNamara]
ofz#4677 indirect-leak [Caolán McNamara]
21:38:12 T:139832867932032    INFO: UDisks: Added /boot/efi
21:38:12 T:139832867932032   DEBUG: UDisks: Is not able to mount DeviceUDI /org/freedesktop/UDisks/devices/sda2: IsFileSystem false HasFileSystem  IsSystemInternal true IsMounted false IsRemovable false IsPartition true IsOptical false
21:38:12 T:139832867932032   DEBUG: UDisks: Is not able to mount DeviceUDI /org/freedesktop/UDisks/devices/sda3: IsFileSystem true HasFileSystem ext4 IsSystemInternal true IsMounted true IsRemovable false IsPartition true IsOptical false
LogConfig: Display: Loading VulkanPC ini files took 0.04 seconds
LogConfig: Display: Loading Mac ini files took 0.04 seconds
LogConfig: Display: Loading Android ini files took 0.04 seconds
LogConfig: Display: Loading IOS ini files took 0.04 seconds
LogConfig: Display: Loading Unix ini files took 0.05 seconds
LogConfig: Display: Loading Windows ini files took 0.05 seconds
LogConfig: Display: Loading TVOS ini files took 0.05 seconds
LogConfig: Display: Loading LinuxArm64 ini files took 0.05 seconds
LogConfig: Display: Loading Linux ini files took 0.05 seconds
LogPluginManager: Mounting Engine plugin Bridge
LogPluginManager: Mounting Engine plugin EnhancedInput
LogPluginManager: Mounting Engine plugin BlendSpaceMotionAnalysis
LogPluginManager: Mounting Engine plugin ControlRigSpline
LogPluginManager: Mounting Engine plugin IKRig
LogPluginManager: Mounting Engine plugin ControlRig
LogPluginManager: Mounting Engine plugin AnimationModifierLibrary
LogPluginManager: Mounting Engine plugin AlembicImporter
LogPluginManager: Mounting Engine plugin InterchangeEditor
LogPluginManager: Mounting Engine plugin Interchange
LogPluginManager: Found config from plugin[Interchange] Game
LogPluginManager: Mounting Engine plugin LauncherChunkInstaller
LogPluginManager: Mounting Engine plugin Takes
LogPluginManager: Mounting Engine plugin TcpMessaging
LogPluginManager: Mounting Engine plugin UdpMessaging
LogPluginManager: Mounting Engine plugin Niagara
LogPluginManager: Mounting Engine plugin OodleNetwork
LogPluginManager: Mounting Engine plugin OnlineBase
LogPluginManager: Mounting Engine plugin OnlineServices
LogPluginManager: Mounting Engine plugin OnlineSubsystem
LogPluginManager: Mounting Engine plugin OnlineSubsystemNull
           its/PRP$-12  ==                        DEL    $0.429  [D]
{"jobId":"JoinPrivateGame:PlaceId=4996049426&AccessCode=405cc706-a41d-4d4f-b250-4b6784555e4e","status":0,"joinScriptUrl":null,"authenticationUrl":null,"authenticationTicket":null,"message":null,"joinScript":null}
                      Event Strings : 0
               Cable Wrap Sense Transitions: 1
LogPluginManager: Mounting Engine plugin WmfMedia
[   1940031] ResourceCacheDevice: downloaded resource.rpf in 3580 msec (size 1849344)
[   1940125] resources::ResourceCacheDeviceV2::DoFetch downloading resource.rpf (hash 3c0719dd7e05b6dfa44945c8a717483316552eeb) from http://139.99.125.59:30124/files/op-vehicles/resource.rpf
[   1943093] ResourceCache::AddEntry: Saved cache:v1:3c0719dd7e05b6dfa44945c8a717483316552eeb to the index cache.
ofz#4734 null-deref [Caolán McNamara]
      8      8  O        0  -1.077086          1.065096         -3.880397
 ---------------------------------------------------------------------------------------------------
                         Z-Matrix orientation:                         
KPC	ALASKA	PORT CLARENCE CGS	afd	al_174_25OCT2007.png
PGM	ALASKA	PORT GRAHAM	afd	al_174_25OCT2007.png
CYZT	ALASKA	PORT HARDY	afd	al_175_25OCT2007.png
PTH	ALASKA	PORT HEIDEN	afd	al_175_25OCT2007.png
HIO	ALASKA	PORTLAND, OR PORTLAND-HILLSBORO	afd	al_176_25OCT2007.png
PDX	ALASKA	PORTLAND, OR PORTLAND INTL	afd	al_177_25OCT2007.png
TTD	ALASKA	PORTLAND-TROUTDALE	afd	al_178_25OCT2007.png
ORI	ALASKA	PORT LIONS	afd	al_178_25OCT2007.png
Cold Bay	ALASKA	PORT MOLLER	afd	al_178_25OCT2007.png
19P	ALASKA	PORT PROTECTION SEAPLANE	afd	al_179_25OCT2007.png
0S9	ALASKA	PORT TOWNSEND, WA JEFFERSON CO INTL	afd	al_179_25OCT2007.png
PWR	ALASKA	PORT WALTER SEAPLANE	afd	al_179_25OCT2007.png
CYPW	ALASKA	POWELL RIVER	afd	al_180_25OCT2007.png
CYPR	ALASKA	PRINCE RUPERT	afd	al_180_25OCT2007.png
PPC	ALASKA	PROSPECT CREEK	afd	al_181_25OCT2007.png
90AK	ALASKA	PRUDHOE BAY-DEADHORSE NORTHSTAR HELIPORT	afd	al_181_25OCT2007.png
DDT	ALASKA	SLANA DUFFYS TAVERN	afd	al_202_25OCT2007.png
SLQ	ALASKA	SLEETMUTE	afd	al_203_25OCT2007.png
CYYD	ALASKA	SMITHERS	afd	al_203_25OCT2007.png
1AK4	ALASKA	SOLDOTNA KENAI RIVER AIRPARK	afd	al_203_25OCT2007.png
SXQ	ALASKA	SOLDOTNA	afd	al_204_25OCT2007.png
SD1	ALASKA	SOLDOTNA HOSPITAL H HELIPORT	afd	al_205_25OCT2007.png
WSN	ALASKA	SOUTH NAKNEK NR 2	afd	al_205_25OCT2007.png
SVW	ALASKA	SPARREVOHN LRRS	afd	al_206_25OCT2007.png
36H	ALASKA	SQUAW HARBOR SEAPLANE	afd	al_206_25OCT2007.png
WSB	ALASKA	STEAMBOAT BAY SEAPLANE	afd	al_207_25OCT2007.png
WBB	ALASKA	STEBBINS	afd	al_207_25OCT2007.png
AK05	ALASKA	STERLING BREEDEN	afd	al_207_25OCT2007.png
53AK	ALASKA	STERLING LAKEWOOD AIRSTRIP	afd	al_207_25OCT2007.png
40AK	ALASKA	STERLING AIR PARK	afd	al_208_25OCT2007.png
tdf#114550 OpenPGP decryption does not work [Thorsten Behrens]
[   1899734] [op-court]
[   1899750] [sessionmanager]
            Substituting "CXXFLAGS" with ""
            Substituting "CXX_LINKER_SLFLAG" with "-Wl,-rpath,"
            Substituting "CXXCPP" with "mpicxx -E"
            Substituting "CXXCPPFLAGS" with ""
            Substituting "FC" with "mpif90"
            Substituting "FFLAGS" with ""
            Defined make macro "FC_LINKER_SLFLAG" to "-Wl,-rpath,"
            Substituting "LDFLAGS" with ""
            Substituting "LIBS" with "-ldl "
       Fault zones nearby     : No
         Distance/activity    : (multiple line
     Additional Information   : The GPS reference mark consist of a 3" Sch 40
                              : steel conduit 5 feet long that is permanently
                              : anchored to a concrete block building. Welded
                              : to this mast is a stainless steel forced
                              : centering bolt with locking nuts.The mast is
                              : permanently anchored to the building by means
                              : of unistrut clamps and qty of 8-1/2 inch
                              : concrete anchor bolts. Mast is located on a
                              : building that was built in approx 1970 with
                              : standard 36" deep footers
                              :
                              : decommissioned 2018-04-09


2.   Site Location Information

     City or Town             : Marietta
     State or Province        : OH
     Country                  : United States
