staticfield java/lang/Throwable EMPTY_THROWABLE_ARRAY [Ljava/lang/Throwable; 0 [Ljava/lang/Throwable;
staticfield java/lang/Throwable $assertionsDisabled Z 1
                   \relax 
l.309 \end{document}
[22:42:39] Digital Marketing: [-] 0131/7913 wrong engine detected (user registration is currently not allowed.) - http://montagucommunitychurch.co.za/wp-login.php?registration=disabled
[22:42:32] Make money online: [-] 7816/8047 no engine matches (HTTP-Status: 503) - https://www.twingalaxies.com
[22:42:32] Bollywood: [-] 0188/7884 no engine matches (HTTP-Status: 501) - https://thedebut.net/xe/?document_srl=3064
3M2	ALABAMA	DOUBLE SPRINGS-WINSTON CO	afd	se_16_25OCT2007.png
14J	ALABAMA	ELBA CARL FOLSOM	afd	se_16_25OCT2007.png
12:32:06 T:7432    INFO: JSONRPC: Resolving incomplete types/methods referencing GUI.Stereoscopy.Mode
12:32:06 T:7432   DEBUG: JSONRPC: JSON schema type definition references an unknown type Setting.Details.Setting

9.3.1 Signal Obstructions     : 
       Effective Dates        : 
       Additional Information : 

  Extend Posix numbers support to 64 bit (EXPR_MATH_SUPPORT_64) [Y/n/?] y
false (FALSE) [Y/n/?] y
[   1919906] ResourceCache::AddEntry: Saved cache:v1:a91e2823e7d871258d6bea46a6e53d73ab7df915 to the index cache.
[   1919922] ResourceCacheDevice: downloaded resource.rpf in 186 msec (size 69632)
[   1919968] resources::ResourceCacheDeviceV2::DoFetch downloading resource.rpf (hash 218a3c0233d0cc0a6013f2dded728f628e2cc27f) from http://139.99.125.59:30124/files/wk_wrs/resource.rpf
instanceKlass java/io/File
instanceKlass java/io/InputStream
[2023.05.20-22.07.39:933][  0]LogConfig: Set CVar [[r.Lumen.ScreenProbeGather.FullResolutionJitterWidth:1]]
[2023.05.20-22.07.39:933][  0]LogConfig: Set CVar [[r.Lumen.ScreenProbeGather.TwoSidedFoliageBackfaceDiffuse:1]]
[2023.05.20-22.07.39:933][  0]LogConfig: Set CVar [[r.Lumen.TranslucencyVolume.GridPixelSize:32]]
	at info.magnolia.enterprise.registration.RegistrationFilter.doFilter(RegistrationFilter.java:79) [magnolia-module-enterprise-6.2.3.jar:?]
AK11	ALASKA	POINT McINTYRE	afd	al_171_25OCT2007.png
A14	ALASKA	PORTAGE CREEK	afd	al_172_25OCT2007.png
AHP	ALASKA	PORT ALEXANDER SEAPLANE	afd	al_172_25OCT2007.png
16K	ALASKA	PORT ALICE SEAPLANE	afd	al_173_25OCT2007.png
AK51	ALASKA	PORT ALSWORTH WILDER-NATWICK LLC	afd	al_173_25OCT2007.png
NOW	ALASKA	PORT ANGELES, WA PORT ANGELES CGAS	afd	al_173_25OCT2007.png
CLM	ALASKA	PORT ANGELES, WA WILLIAM R. FAIRCHILD INTL	afd	al_173_25OCT2007.png
KPY	ALASKA	PORT BAILEY SEAPLANE	afd	al_174_25OCT2007.png
KPC	ALASKA	PORT CLARENCE CGS	afd	al_174_25OCT2007.png
PGM	ALASKA	PORT GRAHAM	afd	al_174_25OCT2007.png
CYZT	ALASKA	PORT HARDY	afd	al_175_25OCT2007.png
PTH	ALASKA	PORT HEIDEN	afd	al_175_25OCT2007.png
HIO	ALASKA	PORTLAND, OR PORTLAND-HILLSBORO	afd	al_176_25OCT2007.png
PDX	ALASKA	PORTLAND, OR PORTLAND INTL	afd	al_177_25OCT2007.png
TTD	ALASKA	PORTLAND-TROUTDALE	afd	al_178_25OCT2007.png
ORI	ALASKA	PORT LIONS	afd	al_178_25OCT2007.png
Cold Bay	ALASKA	PORT MOLLER	afd	al_178_25OCT2007.png
19P	ALASKA	PORT PROTECTION SEAPLANE	afd	al_179_25OCT2007.png
0S9	ALASKA	PORT TOWNSEND, WA JEFFERSON CO INTL	afd	al_179_25OCT2007.png
PWR	ALASKA	PORT WALTER SEAPLANE	afd	al_179_25OCT2007.png
CYPW	ALASKA	POWELL RIVER	afd	al_180_25OCT2007.png
CYPR	ALASKA	PRINCE RUPERT	afd	al_180_25OCT2007.png
PPC	ALASKA	PROSPECT CREEK	afd	al_181_25OCT2007.png
90AK	ALASKA	PRUDHOE BAY-DEADHORSE NORTHSTAR HELIPORT	afd	al_181_25OCT2007.png
DDT	ALASKA	SLANA DUFFYS TAVERN	afd	al_202_25OCT2007.png
SLQ	ALASKA	SLEETMUTE	afd	al_203_25OCT2007.png
CYYD	ALASKA	SMITHERS	afd	al_203_25OCT2007.png
1AK4	ALASKA	SOLDOTNA KENAI RIVER AIRPARK	afd	al_203_25OCT2007.png
SXQ	ALASKA	SOLDOTNA	afd	al_204_25OCT2007.png
SD1	ALASKA	SOLDOTNA HOSPITAL H HELIPORT	afd	al_205_25OCT2007.png
[     16500] CommerceManagerStub::QueryInterface
[     16500] RgscStub::GetFileSystem
Support for the old /etc/mtab file (FEATURE_MTAB_SUPPORT) [N/y/?] n
what+did+greg+mcmackin+say	01.08.2009 18:04:52	http://www.google.com/search?sourceid=navclient&ie=UTF-8&rlz=1T4ADBS_enUS323US324&q=what+did+Greg+McMackin+say+faggot%3f	Mozilla/4.0 (compatible; MSIE 8.0; Windows NT 5.1; Trident/4.0; GTB6; .NET CLR 1.1.4322; .NET CLR 2.0.50727; .NET CLR 3.0.04506.648; .NET CLR 3.5.21022; .NET CLR 3.0.4506.2152; .NET CLR 3.5.30729)	71.199.30.223
invicta+9212+men%E2%80%99s+gold+plated+stainless+steel+speedway+watch	01.08.2009 20:36:15	http://www.google.com/search?q=Invicta+9212+Men%E2%80%99s+Gold+Plated+Stainless+Steel+Speedway+Watch+&rls=com.microsoft:en-us:IE-SearchBox&ie=UTF-8&oe=UTF-8&sourceid=ie7&rlz=1I7GGLL_en	Mozilla/4.0 (compatible; MSIE 7.0; Windows NT 5.1; GTB6; .NET CLR 1.0.3705; .NET CLR 1.1.4322; Media Center PC 4.0)	99.154.122.182
sayville+summerfest	01.08.2009 20:54:09	http://www.google.com/cse?style=newyork&cx=partner-pub-6807258685122891%3Aog39d2azjg2&cof=FORID%3A11&ie=UTF-8&q=sayville+festival+august+1&sa=Search&ad=w9&num=10&rurl=http%3A%2F%2Fwww.shinysearch.com%2Fresults.php%3Fstyle%3Dnewyork%26cx%3Dpartner-pub-6807258685122891%253Aog39d2azjg2%26cof%3DFORID%253A11%26ie%3DUTF-8%26q%3Dsayville%2Bfestival%2Baugust%2B1%26sa%3DSearch	Mozilla/5.0 (Macintosh; U; Intel Mac OS X 10_5_7; en-us) AppleWebKit/530.19.2 (KHTML, like Gecko) Version/4.0.2 Safari/530.19	24.190.116.143
>>> toolchain  Extracting
lark+voorhies	01.08.2009 20:03:35	http://www.google.com/search?q=lark+voorhies+nude&ie=utf-8&oe=utf-8&aq=t	Mozilla/5.0 (Macintosh; U; PPC Mac OS X 10.5; en-US; rv:1.9.0.10) Gecko/2009051222 Firefox/3.0.10	208.90.43.63
     Mailing Address          : 605 Suwannee Street
                              : Tallahassee, Florida 32399
     Primary Contact
       Contact Name           : Ron Hanson
       Telephone (primary)    : 850-414-4254 (office)
       Telephone (secondary)  : 850-510-8596 (celluar)
       Fax                    : 850-488-2587
       E-mail                 : ronald.hanson@dot.state.fl.us
     Secondary Contact
       Contact Name           : Scott Harper
       Telephone (primary)    : 850-414-4596
       Telephone (secondary)  : 850-728-1240
       Fax                    :
       E-mail                 : scott.harper@dot.state.fl.us
     Additional Information   : (multiple lines)
	 
12.  Responsible Agency (if different from 11.)

     Agency                   : 
     Preferred Abbreviation   : 
     Mailing Address          : 
     Primary Contact
       Contact Name           : 
       Telephone (primary)    : 
       Telephone (secondary)  : 
       Fax                    : 
       E-mail                 : 
     Secondary Contact
       Contact Name           : 
       Telephone (primary)    : 
      9    15.412553
     10    13.862897
     11    12.469051
     12    11.215349
     13    10.087701
     14     9.073432
     15     8.161143
     16     7.340580
     17     6.602521
     18     5.938670
     19     5.341566
     20     4.804498
     21     4.321429
     22     3.886931
     23     3.496119
     24     3.144601
     25     2.828427
     26     2.544043
     27     2.288252
     28     2.058179
     29     1.851239
     30     1.665106
     31     1.497688
     32     1.347103
     33     1.211658
     34     1.089832
     35     0.980255
     86     0.004408
     87     0.003965
     88     0.003567
US Core Comparison: compare StructureDefinition[http://hl7.org/fhir/us/ph-library/StructureDefinition/us-ph-characteristics-of-home-environment|1.0.0] to StructureDefinition[http://hl7.org/fhir/us/core/StructureDefinition/us-core-observation-pregnancystatus|6.1.0]
[22:42:46] Mesa DUI lawyer T2: [-] 4199/8439 download failed (Return: -) - http://stephenmorabito.com/2014/09/art-gallery/2014-07-08-15-26-08/

tdf#49134 On opening a password-protected file, the LibreOffice dialog is not raised/given focus [Mike Kaganski]
tdf#49683 FILEOPEN property Keyword (File>Properties ..> Description) no longer imported in rtf document [Zdeněk Crhonek]
tdf#50507 zoom slider always looks like disabled, too little contrast (OS X only) [heiko tietze]
ciMethodData java/lang/AbstractStringBuilder appendNull ()Ljava/lang/AbstractStringBuilder; 1 0 orig 264 8 110 37 81 0 0 0 0 176 82 131 22 0 0 0 0 48 1 0 0 0 0 0 0 0 0 0 0 0 0 0 0 0 0 0 0 0 0 0 0 0 0 0 0 0 0 0 0 0 0 0 0 0 0 0 0 0 0 0 0 0 0 0 0 0 0 0 0 0 0 0 0 0 0 0 0 0 0 0 0 77 68 79 32 101 120 116 114 97 32 100 97 116 97 32 108 111 99 107 0 0 0 0 0 0 0 0 0 0 0 0 0 0 0 0 0 0 0 0 0 0 0 0 0 0 0 0 0 0 0 0 0 0 0 0 0 0 0 0 0 0 0 0 0 0 0 0 0 0 0 0 0 0 0 0 0 0 0 0 0 0 0 0 0 0 0 0 0 0 0 0 0 0 0 0 0 0 0 0 0 0 0 0 0 0 0 0 0 0 0 0 0 0 0 0 0 0 0 0 0 0 0 0 0 0 0 0 0 0 0 0 0 0 0 0 0 0 0 0 0 1 0 0 0 1 0 0 0 0 0 0 0 0 0 0 0 2 0 0 0 0 0 0 0 0 0 0 0 16 0 0 0 255 255 255 255 2 0 9 0 0 0 0 0 data 2 0x90002 0x0 oops 0
ciMethodData java/lang/String getChars (II[CI)V 2 6106 orig 264 8 110 37 81 0 0 0 0 8 66 124 22 0 0 0 0 8 2 0 0 128 0 0 0 0 0 0 0 0 0 0 0 0 0 0 0 0 0 0 0 0 0 0 0 0 0 0 0 0 0 0 0 0 0 0 0 0 0 0 0 0 0 0 0 0 0 0 0 0 0 0 0 0 0 0 0 0 0 0 0 77 68 79 32 101 120 116 114 97 32 100 97 116 97 32 108 111 99 107 0 0 0 0 0 0 0 0 0 0 0 0 0 0 0 0 0 0 0 0 0 0 0 0 0 0 0 0 0 0 0 0 0 0 0 0 0 0 0 0 0 0 0 0 0 0 0 0 0 0 0 0 0 0 0 0 0 0 0 0 0 0 0 0 0 0 0 0 0 0 0 0 0 0 0 0 0 0 0 0 0 0 0 0 0 0 0 0 0 0 0 0 0 0 0 0 0 0 0 0 0 0 0 0 0 0 0 0 0 0 0 0 0 0 0 0 0 57 1 0 0 9 181 0 0 1 0 0 0 0 0 0 0 0 0 0 0 2 0 0 0 0 0 9 0 2 0 0 0 160 0 0 0 255 255 255 255 7 0 1 0 0 0 0 0 data 20 0x10007 0x16a1 0x30 0x0 0x90002 0x0 0x130007 0x16a1 0x30 0x0 0x1b0002 0x0 0x210007 0x16a1 0x30 0x0 0x2b0002 0x0 0x3a0002 0x16a1 oops 0

12:32:05 T:7432  NOTICE: Additional mode: 1024x768@ 60.00 #2 - Full Screen
[     19218] rage::gameSkeleton::RunInitFunctions: Invoking CPlantMgr INIT_CORE init (20 out of 52)
[     19281] Got ROS subprocess - pid 14144
[     19453] Initialized system mapping!
[     19515] EndpointMapper::HandleRequest: GET /scui/v2/desktop
[     19937] binder on 17185 is 0x2880
[     19953] binder on 6672 is 0x2894
[     20125] RgscLogDelegate::OnEvent
[     20172] FileSystemStub::getProfilePath
[     20187] FileSystemStub::getProfilePath
[     20203] hello from "D:\Rockstar Games\FiveM.app\cache\subprocess\FiveM_ROSSubProcess" ros:subprocess "C:\Program Files\Rockstar Games\Social Club\SocialClubHelper.exe" --type=renderer --enable-browser-side-navigation --no-sandbox --disable-gpu-compositing --service-pipe-token=A068373ED73C584566AD31A05ADED798 --lang=en-US --lang=en --log-file="C:\Program Files\Rockstar Games\Social Club\debug.log" --log-severity=disable --disable-extensions --disable-spell-checking --enable-pinch --device-scale-factor=1.25 --num-raster-threads=4 --enable-main-frame-before-activation --enable-gpu-async-worker-context --content-image-texture-target=0,0,3553;0,1,3553;0,2,3553;0,3,3553;0,4,3553;0,5,3553;0,6,3553;0,7,3553;0,8,3553;0,9,3553;0,10,3553;0,11,3553;0,12,3553;0,13,3553;0,14,3553;0,15,3553;0,16,3553;0,17,3553;0,18,3553;1,0,3553;1,1,3553;1,2,3553;1,3,3553;1,4,3553;1,5,3553;1,6,3553;1,7,3553;1,8,3553;1,9,3553;1,10,3553;1,11,3553;1,12,3553;1,13,3553;1,14,3553;1,15,3553;1,16,3553;1,17,3553;1,18,3553;2,0,3553;2,1,3553;2,2,3553;2,3,3553;2,4,3553;2,5,3553;2,6,3553;2,7,3553;2,8,3553;2,9,3553;2,10,3553;2,11,3553;2,12,3553;2,13,3553;2,14,3553;2,15,3553;2,16,3553;2,17,3553;2,18,3553;3,0,3553;3,1,3553;3,2,3553;3,3,3553;3,4,3553;3,5,3553;3,6,3553;3,7,3553;3,8,3553;3,9,3553;3,10,3553;3,11,3553;3,12,3553;3,13,3553;3,14,3553;3,15,3553;3,16,3553;3,17,3553;3,18,3553;4,0,3553;4,1,3553;4,2,3553;4,3,3553;4,4,3553;4,5,3553;4,6,3553;4,7,3553;4,8,3553;4,9,3553;4,10,3553;4,11,3553;4,12,3553;4,13,3553;4,14,3553;4,15,3553;4,16,3553;4,17,3553;4,18,3553;5,0,3553;5,1,3553;5,2,3553;5,3,3553;5,4,3553;5,5,3553;5,6,3553;5,7,3553;5,8,3553;5,9,3553;5,10,3553;5,11,3553;5,12,3553;5,13,3553;5,14,3553;5,15,3553;5,16,3553;5,17,3553;5,18,3553;6,0,3553;6,1,3553;6,2,3553;6,3,3553;6,4,3553;6,5,3553;6,6,3553;6,7,3553;6,8,3553;6,9,3553;6,10,3553;6,11,3553;6,12,3553;6,13,3553;6,14,3553;6,15,3553;6,16,3553;6,17,3553;6,18,3553 --disable-accelerated-video-decode --service-request-channel-token=A068373ED73C584566AD31A05ADED798 --renderer-client-id=2 --mojo-platform-channel-handle=2376 /prefetch:1 --rgsc_ipc_channel_name=rgsc_ipc_4104_channel_1 --remote-debugging-port=13171 --ignore-certificate-errors
[     20218] FileSystemStub::getProfilePath
[     20234] rage::gameSkeleton::RunInitFunctions: Invoking CShaderHairSort INIT_CORE init (21 out of 52)
[     20234] FileSystemStub::getProfilePath
ions: Invoking CNetworkTelemetry INIT_CORE init (22 out of 52)
[     20250] rage::gameSkeleton::RunInitFunctions: Invoking CPopulationStreamingWrapper INIT_CORE init (23 out of 52)
[     20265] rage::gameSkeleton::RunInitFunctions: Invoking CRenderer INIT_CORE init (24 out of 52)
[     20375] sub! "D:\Rockstar Games\FiveM.app\cache\subprocess\FiveM_ROSSubProcess" ros:subprocess "C:\Program Files\Rockstar Games\Social Club\SocialClubHelper.exe" --type=renderer --enable-browser-side-navigation --no-sandbox --disable-gpu-compositing --service-pipe-token=A068373ED73C584566AD31A05ADED798 --lang=en-US --lang=en --log-file="C:\Program Files\Rockstar Games\Social Club\debug.log" --log-severity=disable --disable-extensions --disable-spell-checking --enable-pinch --device-scale-factor=1.25 --num-raster-threads=4 --enable-main-frame-before-activation --enable-gpu-async-worker-context --content-image-texture-target=0,0,3553;0,1,3553;0,2,3553;0,3,3553;0,4,3553;0,5,3553;0,6,3553;0,7,3553;0,8,3553;0,9,3553;0,10,3553;0,11,3553;0,12,3553;0,13,3553;0,14,3553;0,15,3553;0,16,3553;0,17,3553;0,18,3553;1,0,3553;1,1,3553;1,2,3553;1,3,3553;1,4,3553;1,5,3553;1,6,3553;1,7,3553;1,8,3553;1,9,3553;1,10,3553;1,11,3553;1,12,3553;1,13,3553;1,14,3553;1,15,3553;1,16,3553;1,17,3553;1,18,3553;2,0,3553;2,1,3553;2,2,3553;2,3,3553;2,4,3553;2,5,3553;2,6,3553;2,7,3553;2,8,3553;2,9,3553;2,10,3553;2,11,3553;2,12,3553;2,13,3553;2,14,3553;2,15,3553;2,16,3553;2,17,3553;2,18,3553;3,0,3553;3,1,3553;3,2,3553;3,3,3553;3,4,3553;3,5,3553;3,6,3553;3,7,3553;3,8,3553;3,9,3553;3,10,3553;3,11,3553;3,12,3553;3,13,3553;3,14,3553;3,15,3553;3,16,3553;3,17,3553;3,18,3553;4,0,3553;4,1,3553;4,2,3553;4,3,3553;4,4,3553;4,5,3553;4,6,3553;4,7,3553;4,8,3553;4,9,3553;4,10,3553;4,11,3553;4,12,3553;4,13,3553;4,14,3553;4,15,3553;4,16,3553;4,17,3553;4,18,3553;5,0,3553;5,1,3553;5,2,3553;5,3,3553;5,4,3553;5,5,3553;5,6,3553;5,7,3553;5,8,3553;5,9,3553;5,10,3553;5,11,3553;5,12,3553;5,13,3553;5,14,3553;5,15,3553;5,16,3553;5,17,3553;5,18,3553;6,0,3553;6,1,3553;6,2,3553;6,3,3553;6,4,3553;6,5,3553;6,6,3553;6,7,3553;6,8,3553;6,9,3553;6,10,3553;6,11,3553;6,12,3553;6,13,3553;6,14,3553;6,15,3553;6,16,3553;6,17,3553;6,18,3553 --disable-accelerated-video-decode --service-request-channel-token=A068373ED73C584566AD31A05ADED798 --renderer-client-id=2 --mojo-platform-channel-handle=2376 /prefetch:1 --rgsc_ipc_channel_name=rgsc_ipc_4104_channel_1 --remote-debugging-port=13171 --ignore-certificate-errors
[     20406] Initialized system mapping!
[     20531] Replacing function table list entry 0x1400b9000 with 0x1400b9000
[     20750] Initialized system mapping!
[     20750] rage::gameSkeleton::RunInitFunctions: Invoking 0xcaf18c95 INIT_CORE init (25 out of 52)
[     20797] rage::gameSkeleton::RunInitFunctions: Invoking 0x93ae9b6e INIT_CORE init (26 out of 52)
[     20812] EndpointMapper::HandleRequest: GET /prod/gtav/font-awesome.css
[     20812] versioning: /prod/gtav/font-awesome.css
[     20812] rage::gameSkeleton::RunInitFunctions: Invoking VideoPlayback INIT_CORE init (27 out of 52)
[     25000] rage::gameSkeleton::RunInitFunctions: Invoking AmbientLights INIT_CORE init (9 out of 11)
[     25015] rage::gameSkeleton::RunInitFunctions: Invoking CGps INIT_CORE init (10 out of 11)
[     25047] rage::gameSkeleton::RunInitFunctions: Invoking CPedAILodManager INIT_CORE init (11 out of 11)
[     25062] rage::gameSkeleton::RunInitFunctions: Running functions of order 3 (21 total)
[     25078] rage::gameSkeleton::RunInitFunctions: Invoking CPauseMenu INIT_CORE init (1 out of 21)
    + actually, why passive voice? [Tor Lillqvist]
    + adapt __cxxabiv1 for libc++abi [Stephan Bergmann]
ERROR info.magnolia.aws.foundation.AwsCredentialsProvider 15.10.2020 00:12:42 -- AWS credentials are expected to be set in Password manager module.
 452391 words of font info for 162 fonts, out of 8000000 for 9000
+ /rw/common/ops/bin/fixAR114471.pl /rw/work/antpx6/SPSOPS/1134612/wo_1134612_CLU12716antpx6.context
x+games+15+moto+x+best+trick	01.08.2009 22:09:10	http://www.google.com/search?hl=en&q=2009+x+games+MOTO+X+BEST+TRICK&aq=f&oq=&aqi=	Mozilla/4.0 (compatible; MSIE 8.0; Windows NT 5.1; Trident/4.0; GTB6; InfoPath.2; .NET CLR 1.1.4322)	96.229.184.104
sayville+summerfest	01.08.2009 22:09:36	http://www.google.com/search?hl=en&q=sayville+summer+festival&aq=f&oq=&aqi=g3	Mozilla/4.0 (compatible; MSIE 8.0; Windows NT 6.0; Trident/4.0; SLCC1; .NET CLR 2.0.50727; Media Center PC 5.0; .NET CLR 3.5.30729; .NET CLR 3.0.30618; Zango 10.3.75.0; yie8)	24.45.129.212
gold+coast+art+fair+2009	01.08.2009 22:10:06	http://www.google.com/search?q=gold+coast+art+fest&ie=UTF-8&oe=UTF-8&hl=en&client=safari	Mozilla/5.0 (iPhone; U; CPU iPhone OS 3_0 like Mac OS X; en-us) AppleWebKit/528.18 (KHTML, like Gecko) Version/4.0 Mobile/7A341 Safari/528.16	99.13.174.21
beach+to+beacon+2009	01.08.2009 22:10:16	http://www.google.com/search?sourceid=navclient&ie=UTF-8&rlz=1T4GWYA_enUS326US326&q=LOOKING+FOR+BEACH+TO+BEACON+TIMES+	Mozilla/4.0 (compatible; MSIE 6.0; Windows NT 5.1; SV1; GTB6; .NET CLR 1.0.3705; .NET CLR 1.1.4322; Media Center PC 4.0; .NET CLR 2.0.50727)	24.31.159.225
shun+ken+onion+11+piece+knife+block+set	01.08.2009 22:10:36	http://www.google.com/url?sa=t&source=web&ct=res&cd=10&url=http%3A%2F%2Fcomicsunlimited.com%2Fcomics%2Findex.php%3Fshun%2Bken%2Bonion%2B11%2Bpiece%2Bknife%2Bblock%2Bset&ei=T710SvjlKYuqswPbufz0CA&rct=j&q=shun+ken+onion&usg=AFQjCNHuheKdC71qbxY_o4LlUHru3aL6vw	Mozilla/5.0 (Windows; U; Windows NT 6.1; en-US; rv:1.9.1.1) Gecko/20090715 Firefox/3.5.1 (.NET CLR 3.5.30729)	98.148.52.247
buick+open+tee+times	01.08.2009 22:10:38	http://www.google.com/search?q=pga+buick+open+2009+4+round+schedule&hl=en&start=10&sa=N	Mozilla/4.0 (compatible; MSIE 8.0; Windows NT 6.0; Trident/4.0; SLCC1; .NET CLR 2.0.50727; Media Center PC 5.0; .NET CLR 3.0.30618; .NET CLR 3.5.30729)	72.201.35.196
buick+open+tee+times	01.08.2009 22:10:45	http://www.google.com/search?hl=en&rlz=1R2GGIT_enUS333&q=2009+Buick+Open+Final+Round+Tee+Times&btnG=Search&aq=f&oq=&aqi=	Mozilla/4.0 (compatible; MSIE 7.0; Windows NT 5.1; GTB6; .NET CLR 1.0.3705; .NET CLR 1.1.4322; Media Center PC 4.0; .NET CLR 2.0.50727; .NET CLR 3.0.04506.30)	69.14.211.62
gold+coast+art+fair+2009	01.08.2009 22:10:57	http://www.google.com/search?hl=en&q=gold+coast+art+fair+in+Chicago%2C+IL&btnG=Search&aq=f&oq=&aqi=	Mozilla/4.0 (compatible; MSIE 6.0; Windows NT 5.1; SV1; .NET CLR 2.0.50727; .NET CLR 1.1.4322; .NET CLR 3.0.04506.30; .NET CLR 3.0.04506.648)	216.43.193.242
kxas+weather	01.08.2009 22:10:58	http://www.google.com/search?hl=en&q=live+doppler+radar+in+arlington+tx.&aq=f&oq=&aqi=	Mozilla/4.0 (compatible; MSIE 8.0; Windows NT 5.1; Trident/4.0; GTB6; .NET CLR 2.0.50727; .NET CLR 3.0.4506.2152; .NET CLR 3.5.30729)	76.183.45.118
what+did+greg+mcmackin+say	01.08.2009 22:11:33	http://www.google.com/search?q=what+did+greg+mcmackin+say&ie=utf-8&oe=utf-8&aq=t&rls=org.mozilla:en-US:official&client=firefox-a	Mozilla/5.0 (Macintosh; U; Intel Mac OS X 10.4; en-US; rv:1.9.0.12) Gecko/2009070609 Firefox/3.0.12	72.234.140.211
market+days+chicago+2009	01.08.2009 22:11:42	http://www.google.com/search?hl=en&safe=off&q=market+days+chicago+2009+donation&aq=f&oq=&aqi=	Mozilla/4.0 (compatible; MSIE 7.0; Windows NT 6.0; WOW64; SLCC1; .NET CLR 2.0.50727; .NET CLR 3.0.04506; Media Center PC 5.0)	98.226.203.133
mountaineer+race+track	01.08.2009 22:11:50	http://www.google.com/search?hl=en&ie=ISO-8859-1&q=charles+town+horse+races+august1+2009&aq=f&oq=&aqi=	Mozilla/4.1 (compatible; MSIE 6.0; ) 400x240 LGE VX10000	97.33.142.109
invicta+9212+men%E2%80%99s+gold+plated+stainless+steel+speedway+watch	01.08.2009 22:11:53	http://www.google.com/search?sourceid=navclient&ie=UTF-8&rlz=1T4GGLL_en&q=9212+invicta+watch	Mozilla/4.0 (compatible; MSIE 6.0; Windows NT 5.1; SV1; GTB6; .NET CLR 1.1.4322)	74.243.117.140
jonathan+campos	01.08.2009 22:11:58	http://www.google.com/search?hl=en&safe=off&q=%22Jonathan+Campos%22+lancaster&aq=f&oq=&aqi=	Mozilla/5.0 (Windows; U; Windows NT 5.1; en-US; rv:1.9.0.12) Gecko/2009070611 Firefox/3.0.12	24.168.122.158
drake+falls+on+stage	01.08.2009 22:12:18	http://www.google.com/search?ie=UTF-8&oe=UTF-8&sourceid=navclient&gfns=1&q=drake+falls+on+stage+may+not+return+to+tour	Mozilla/5.0 (Windows; U; Windows NT 6.0; en-US; rv:1.9.0.12) Gecko/2009070611 Firefox/3.0.12	70.165.40.148
buick+open+tee+times	01.08.2009 22:12:30	http://www.google.com/search?client=safari&rls=en-us&q=4th+round+tee+times+buick+open&ie=UTF-8&oe=UTF-8	Mozilla/5.0 (Macintosh; U; Intel Mac OS X 10_5_7; en-us) AppleWebKit/530.19.2 (KHTML, like Gecko) Version/4.0.2 Safari/530.19	99.145.164.187
market+days+chicago+2009	01.08.2009 22:13:13	http://www.google.com/search?q=market+days+chicago+2009&ie=utf-8&oe=utf-8&aq=t&rls=org.mozilla:en-US:official&client=firefox-a	Mozilla/5.0 (Macintosh; U; Intel Mac OS X 10.5; en-US; rv:1.9.0.12) Gecko/2009070609 Firefox/3.0.12	99.23.149.92
what+did+greg+mcmackin+say	01.08.2009 22:13:19	http://www.google.com/search?hl=en&rlz=1G1GGLQ_ENCL307&q=what+did+hawaii+football+actually+say+about+gays&aq=f&oq=&aqi=	Mozilla/5.0 (Windows; U; Windows NT 6.0; en-US; rv:1.9.0.11) Gecko/2009060215 Firefox/3.0.11	98.180.23.214
fayette+county+fair	01.08.2009 22:13:56	http://www.google.com/search?hl=en&rlz=1T4GWYE_enUS282US285&ei=Qr10Sp_yLdKBtgf789CWCQ&sa=X&oi=spell&resnum=0&ct=result&cd=1&q=fayette+county+Indiana+fair+schedule&spell=1	Mozilla/4.0 (compatible; MSIE 7.0; Windows NT 6.0; GTB6; SLCC1; .NET CLR 2.0.50727; Media Center PC 5.0; .NET CLR 3.0.04506)	63.18.157.133
sayville+summerfest	01.08.2009 22:38:39	http://aim.search.aol.com/search/search?&query=sayville+festival+aug+1+2009&invocationType=tb50fftrab	Mozilla/5.0 (Windows; U; Windows NT 6.0; en-US; rv:1.9.1.1) Gecko/20090715 Firefox/3.5.1 (.NET CLR 3.5.30729)	162.83.232.56
sono+arts+festival	01.08.2009 22:39:00	http://www.google.com/search?hl=en&q=italian+festival+connecticut+august+1st&aq=f&oq=&aqi=	Mozilla/4.0 (compatible; MSIE 7.0; Windows NT 5.1; GTB6; .NET CLR 1.1.4322; InfoPath.1; .NET CLR 2.0.50727)	99.2.48.10
petty+officer+jonathan+campos	01.08.2009 22:39:04	http://www.google.com/search?hl=en&q=Petty+Officer+Jonathan+Campos+&aq=f&oq=&aqi=	Mozilla/4.0 (compatible; MSIE 7.0; Windows NT 6.0; FunWebProducts; SLCC1; .NET CLR 2.0.50727; Media Center PC 5.0; .NET CLR 3.0.04506)	71.134.224.254
mountaineer+race+track	01.08.2009 22:39:59	http://www.google.com/search?sourceid=navclient&gfns=1&ie=UTF-8&rlz=1T4ADBF_enUS307US307&q=race+results+mountainer+track+west+virginia	Mozilla/4.0 (compatible; MSIE 7.0; Windows NT 5.1; GTB6; .NET CLR 1.1.4322; .NET CLR 2.0.50727; .NET CLR 3.0.04506.30; .NET CLR 3.0.04506.648)	75.24.19.110
x+games+15+moto+x+best+trick	01.08.2009 22:39:59	http://www.google.com/m/search?ct=fsh&q=fmx+best+trick+2008	BlackBerry8330/4.3.0 Profile/MIDP-2.0 Configuration/CLDC-1.1 VendorID/105	206.53.153.189
what+did+greg+mcmackin+say	01.08.2009 22:40:04	http://www.google.com/url?sa=t&source=web&ct=res&cd=12&url=http%3A%2F%2Fcomicsunlimited.com%2Fcomics%2Findex.php%3Fwhat%2Bdid%2Bgreg%2Bmcmackin%2Bsay&ei=u8N0St2BDYikMP7imLEM&rct=j&q=what+did+greg+mcmackin+say&usg=AFQjCNGV41wKWkTAJJ3qWFfr6ZAacJpquw	Mozilla/5.0 (Windows; U; Windows NT 6.0; en-US; rv:1.9.0.12) Gecko/2009070611 Firefox/3.0.12 (.NET CLR 3.5.30729)	75.27.32.202
what+did+greg+mcmackin+say	01.08.2009 22:40:24	http://www.google.com/search?hl=en&q=what+did+greg+mcmackin+say&btnG=Google+Search&aq=f&oq=&aqi=	Mozilla/4.0 (compatible; MSIE 6.0; Windows NT 5.1; SV1; InfoPath.1; InfoPath.2; .NET CLR 1.1.4322; .NET CLR 2.0.50727)	164.76.151.104
buick+open+tee+times	01.08.2009 22:40:50	http://www.google.com/search?sourceid=navclient&ie=UTF-8&rlz=1T4GFRE_enUS317US317&q=buick+open+sunday+tee+times	Mozilla/4.0 (compatible; MSIE 6.0; Windows NT 5.1; SV1; OPT-OUT; GTB6; .NET CLR 1.1.4322; .NET CLR 2.0.50727; .NET CLR 3.0.04506.30; MS-RTC LM 8; .NET CLR 3.0.4506.2152; .NET CLR 3.5.30729)	76.112.208.156
invicta+9212+men%E2%80%99s+gold+plated+stainless+steel+speedway+watch	01.08.2009 22:41:26	http://www.google.com/search?q=Invicta+9212+Men%E2%80%99s+Gold+Plated+Stainless+Steel+Speedway+Watch+&ie=utf-8&oe=utf-8&aq=t&rls=org.mozilla:en-US:official&client=firefox-a	Mozilla/5.0 (Macintosh; U; Intel Mac OS X 10.4; en-US; rv:1.9.0.12) Gecko/2009070609 Firefox/3.0.12	63.225.106.110
anne+bonny	01.08.2009 22:42:46	http://www.google.com/search?hl=en&q=real+photographs+of+famous+female+pirates&aq=f&oq=&aqi=	Mozilla/4.0 (compatible; MSIE 7.0; Windows NT 6.0; SLCC1; .NET CLR 2.0.50727; Media Center PC 5.0; .NET CLR 1.1.4322; .NET CLR 3.5.21022; .NET CLR 3.0.30618; .NET CLR 3.5.30729; OfficeLiveConnector.1.3; OfficeLivePatch.0.0)	75.65.195.80
gold+coast+art+fair+2009	01.08.2009 22:42:57	http://www.google.com/custom?hl=en&client=pub-7709354788728419&cof=FORID%3A1%3BGL%3A1%3BL%3Ahttp%3A%2F%2Fmei.net%2Fml80%2Bflag.png%3BLH%3A50%3BLW%3A429%3BLBGC%3AFFFFFF%3BLC%3A%230000ff%3BVLC%3A%23663399%3BGFNT%3A%230000ff%3BGIMP%3A%230000ff%3BDIV%3A%23336699%3B&ie=ISO-8859-1&oe=ISO-8859-1&q=chicago+il+gold+coast+art+fair&btnG=Search	Mozilla/5.0 (Macintosh; U; PPC Mac OS X Mach-O; en; rv:1.8.1.22) Gecko/20090615 Camino/1.6.8 (like Firefox/2.0.0.22)	208.31.142.31
/gamos/userAction GmCountTracksUA
/gamos/physics/addPhysics radioactiveDecay
[22:42:36] Social Media: [-] 0493/7976 no engine matches (HTTP-Status: 501) - https://parallhlografos.wordpress.com/2018/06/02/%cf%80%cf%8e%cf%82-%cf%80%cf%81%ce%b1%ce%b3%ce%bc%ce%b1%cf%84%ce%b9%ce%ba%ce%ac-%ce%b5%ce%be%ce%b5%ce%bb%ce%af%cf%87%ce%b8%ce%b7%ce%ba%ce%b5-%ce%bc%ce%af https://parallhlografos.wordpress.com/2018/06/02/%cf%80%cf%8e%cf%82-%cf%80%cf%81%ce%b1%ce%b3%ce%bc%ce%b1%cf%84%ce%b9%ce%ba%ce%ac-%ce%b5%ce%be%ce%b5%ce%bb%ce%af%cf%87%ce%b8%ce%b7%ce%ba%ce%b5-%ce%bc%ce%af%ce%b1-%cf%83%cf%85%ce%bc%cf%80%ce%bb%ce%bf/
    + -Werror=misleading-indentation (GCC 6) [Stephan Bergmann]
    + -Werror=nonnull-compare (tdf#94559, i#80266, i#111996) [Stephan Bergmann]
    + -Werror=return-type [Stephan Bergmann]
exec_prefix = $(prefix)
bindir = $(exec_prefix)/bin
datarootdir = $(prefix)/share
infodir = $(datarootdir)/info
mandir = $(datarootdir)/man
CXX = /usr/bin/g++
CPPFLAGS = -I/builds/free-electrons/toolchains-builder/build/tmp/test-x86-64-core-i7--uclibc--stable/host/usr/include
CXXFLAGS = -O2 -I/builds/free-electrons/toolchains-builder/build/tmp/test-x86-64-core-i7--uclibc--stable/host/usr/include
LDFLAGS = -L/builds/free-electrons/toolchains-builder/build/tmp/test-x86-64-core-i7--uclibc--stable/host/lib -L/builds/free-electrons/toolchains-builder/build/tmp/test-x86-64-core-i7--uclibc--stable/host/usr/lib -Wl,-rpath,/builds/free-electrons/toolchains-builder/build/tmp/test-x86-64-core-i7--uclibc--stable/host/usr/lib
OK. Now you can run make.
>>> host-lzip 1.18 Building
PATH="/builds/free-electrons/toolchains-builder/build/tmp/test-x86-64-core-i7--uclibc--stable/host/bin:/builds/free-electrons/toolchains-builder/build/tmp/test-x86-64-core-i7--uclibc--stable/host/sbin:/builds/free-electrons/toolchains-builder/build/tmp/test-x86-64-core-i7--uclibc--stable/host/usr/bin:/builds/free-electrons/toolchains-builder/build/tmp/test-x86-64-core-i7--uclibc--stable/host/usr/sbin:/usr/local/sbin:/usr/local/bin:/usr/sbin:/usr/bin:/sbin:/bin" PKG_CONFIG="/builds/free-electrons/toolchains-builder/build/tmp/test-x86-64-core-i7--uclibc--stable/host/usr/bin/pkg-config" PKG_CONFIG_SYSROOT_DIR="/" PKG_CONFIG_ALLOW_SYSTEM_CFLAGS=1 PKG_CONFIG_ALLOW_SYSTEM_LIBS=1 PKG_CONFIG_LIBDIR="/builds/free-electrons/toolchains-builder/build/tmp/test-x86-64-core-i7--uclibc--stable/host/usr/lib/pkgconfig:/builds/free-electrons/toolchains-builder/build/tmp/test-x86-64-core-i7--uclibc--stable/host/usr/share/pkgconfig" /usr/bin/make -j3 -C /builds/free-electrons/toolchains-builder/build/tmp/test-x86-64-core-i7--uclibc--stable/build/host-lzip-1.18
make[1]: Entering directory '/builds/free-electrons/toolchains-builder/build/tmp/test-x86-64-core-i7--uclibc--stable/build/host-lzip-1.18'
/usr/bin/g++ -I/builds/free-electrons/toolchains-builder/build/tmp/test-x86-64-core-i7--uclibc--stable/host/usr/include -O2 -I/builds/free-electrons/toolchains-builder/build/tmp/test-x86-64-core-i7--uclibc--stable/host/usr/include -c -o arg_parser.o arg_parser.cc
/usr/bin/g++ -I/builds/free-electrons/toolchains-builder/build/tmp/test-x86-64-core-i7--uclibc--stable/host/usr/include -O2 -I/builds/free-electrons/toolchains-builder/build/tmp/test-x86-64-core-i7--uclibc--stable/host/usr/include -c -o encoder_base.o encoder_base.cc
/usr/bin/g++ -I/builds/free-electrons/toolchains-builder/build/tmp/test-x86-64-core-i7--uclibc--stable/host/usr/include -O2 -I/builds/free-electrons/toolchains-builder/build/tmp/test-x86-64-core-i7--uclibc--stable/host/usr/include -c -o encoder.o encoder.cc
/usr/bin/g++ -I/builds/free-electrons/toolchains-builder/build/tmp/test-x86-64-core-i7--uclibc--stable/host/usr/include -O2 -I/builds/free-electrons/toolchains-builder/build/tmp/test-x86-64-core-i7--uclibc--stable/host/usr/include -c -o fast_encoder.o fast_encoder.cc
/usr/bin/g++ -I/builds/free-electrons/toolchains-builder/build/tmp/test-x86-64-core-i7--uclibc--stable/host/usr/include -O2 -I/builds/free-electrons/toolchains-builder/build/tmp/test-x86-64-core-i7--uclibc--stable/host/usr/include -c -o decoder.o decoder.cc
/usr/bin/g++ -I/builds/free-electrons/toolchains-builder/build/tmp/test-x86-64-core-i7--uclibc--stable/host/usr/include -O2 -I/builds/free-electrons/toolchains-builder/build/tmp/test-x86-64-core-i7--uclibc--stable/host/usr/include -DPROGVERSION=\"1.18\" -c -o main.o main.cc
/usr/bin/g++ -L/builds/free-electrons/toolchains-builder/build/tmp/test-x86-64-core-i7--uclibc--stable/host/lib -L/builds/free-electrons/toolchains-builder/build/tmp/test-x86-64-core-i7--uclibc--stable/host/usr/lib -Wl,-rpath,/builds/free-electrons/toolchains-builder/build/tmp/test-x86-64-core-i7--uclibc--stable/host/usr/lib -O2 -I/builds/free-electrons/toolchains-builder/build/tmp/test-x86-64-core-i7--uclibc--stable/host/usr/include -o lzip arg_parser.o encoder_base.o encoder.o fast_encoder.o decoder.o main.o
make[1]: Leaving directory '/builds/free-electrons/toolchains-builder/build/tmp/test-x86-64-core-i7--uclibc--stable/build/host-lzip-1.18'
>>> host-lzip 1.18 Installing to host directory
PATH="/builds/free-electrons/toolchains-builder/build/tmp/test-x86-64-core-i7--uclibc--stable/host/bin:/builds/free-electrons/toolchains-builder/build/tmp/test-x86-64-core-i7--uclibc--stable/host/sbin:/builds/free-electrons/toolchains-builder/build/tmp/test-x86-64-core-i7--uclibc--stable/host/usr/bin:/builds/free-electrons/toolchains-builder/build/tmp/test-x86-64-core-i7--uclibc--stable/host/usr/sbin:/usr/local/sbin:/usr/local/bin:/usr/sbin:/usr/bin:/sbin:/bin" PKG_CONFIG="/builds/free-electrons/toolchains-builder/build/tmp/test-x86-64-core-i7--uclibc--stable/host/usr/bin/pkg-config" PKG_CONFIG_SYSROOT_DIR="/" PKG_CONFIG_ALLOW_SYSTEM_CFLAGS=1 PKG_CONFIG_ALLOW_SYSTEM_LIBS=1 PKG_CONFIG_LIBDIR="/builds/free-electrons/toolchains-builder/build/tmp/test-x86-64-core-i7--uclibc--stable/host/usr/lib/pkgconfig:/builds/free-electrons/toolchains-builder/build/tmp/test-x86-64-core-i7--uclibc--stable/host/usr/share/pkgconfig" /usr/bin/make -j3 -C /builds/free-electrons/toolchains-builder/build/tmp/test-x86-64-core-i7--uclibc--stable/build/host-lzip-1.18 DESTDIR=/builds/free-electrons/toolchains-builder/build/tmp/test-x86-64-core-i7--uclibc--stable/host install
make[1]: Entering directory '/builds/free-electrons/toolchains-builder/build/tmp/test-x86-64-core-i7--uclibc--stable/build/host-lzip-1.18'
if [ ! -d "/builds/free-electrons/toolchains-builder/build/tmp/test-x86-64-core-i7--uclibc--stable/host/usr/bin" ] ; then install -d -m 755 "/builds/free-electrons/toolchains-builder/build/tmp/test-x86-64-core-i7--uclibc--stable/host/usr/bin" ; fi
if [ ! -d "/builds/free-electrons/toolchains-builder/build/tmp/test-x86-64-core-i7--uclibc--stable/host/usr/share/info" ] ; then install -d -m 755 "/builds/free-electrons/toolchains-builder/build/tmp/test-x86-64-core-i7--uclibc--stable/host/usr/share/info" ; fi
if [ ! -d "/builds/free-electrons/toolchains-builder/build/tmp/test-x86-64-core-i7--uclibc--stable/host/usr/share/man/man1" ] ; then install -d -m 755 "/builds/free-electrons/toolchains-builder/build/tmp/test-x86-64-core-i7--uclibc--stable/host/usr/share/man/man1" ; fi
rm -f "/builds/free-electrons/toolchains-builder/build/tmp/test-x86-64-core-i7--uclibc--stable/host/usr/share/info/lzip.info"*
install -m 755 ./lzip "/builds/free-electrons/toolchains-builder/build/tmp/test-x86-64-core-i7--uclibc--stable/host/usr/bin/lzip"
rm -f "/builds/free-electrons/toolchains-builder/build/tmp/test-x86-64-core-i7--uclibc--stable/host/usr/share/man/man1/lzip.1"*
./The_Beatles/cd1
./The_Beatles/cd2
./Film/Indiana_Jones/Indiana%20Jones%20-%20The%20raiders%20of%20the%20lost%20Ark
./Film/Indiana_Jones/Indiana%20Jones%20-%20The%20soundtrack%20collection%20bonus%20disk
[      2812] CitizenFX Steam child starting - command line: "D:\Rockstar Games\FiveM.app\cache\subprocess\FiveM_SteamChild.exe" -steamchild:7808
[22:42:42] Car Insurance: [-] 4194/8012 filter "breast" matches content on http://www.sedona-acupuncture.com/the-three-practices-of-acupuncture-technique-modality-profession-an-excellent-article-by-canadian-dr-daniel-schulman-lac/
[22:42:42] Amazon: [-] 3689/7825 no engine matches (HTTP-Status: 400) - https://www.restaurantlaurus.be
[22:42:42] Health: [+] 8181/8339 matches engine Drupal - Blog - http://berryfamilypoolstx.com
[22:42:42] Online Degree: [-] 7893/8073 no engine matches (HTTP-Status: 502) - http://karieraservice.pl/?option=com_k2&view=itemlist&task=user&id=13034
[22:42:42] Health: [+] 8181/8339 registration successful - http://www.berryfamilypoolstx.com/node/add
[  2%] Creating directories for 'PhotonEvaporation'
[  2%] Performing download step (download, verify and extract) for 'PhotonEvaporation'
-- downloading...
	at org.apache.catalina.core.StandardEngineValve.invoke(StandardEngineValve.java:74) [catalina.jar:9.0.34]
	at org.apache.catalina.connector.CoyoteAdapter.service(CoyoteAdapter.java:343) [catalina.jar:9.0.34]
	at org.apache.coyote.http11.Http11Processor.service(Http11Processor.java:373) [tomcat-coyote.jar:9.0.34]
E78	ARIZONA	SELLS	afd	sw_31_25OCT2007.png
[     23093] rage::gameSkeleton::RunInitFunctions: Invoking CWaypointRecording INIT_CORE init (39 out of 52)
[     23109] rage::gameSkeleton::RunInitFunctions: Invoking CVehicleRecordingMgr INIT_CORE init (40 out of 52)
[     23125] rage::gameSkeleton::RunInitFunctions: Invoking CTaskClassInfoManager INIT_CORE init (41 out of 52)
     Cr_sctns:          He3HPInelasticXS: 0 eV  ---> 200 MeV
     Cr_sctns: Glauber-Gribov nucleus nucleus: 0 eV  ---> 2.88022e+295 J  
IWK	ALASKA	WALES	afd	al_235_25OCT2007.png
0AK1	ALASKA	WASILLA ANDERSON LAKE	afd	al_235_25OCT2007.png
0AK1_1	ALASKA	WASILLA ANDERSON LAKE SEAPLANE	afd	al_235_25OCT2007.png
D75	ALASKA	WASILLA BLODGET LAKE SEAPLANE	afd	al_235_25OCT2007.png
71AK	ALASKA	WASILLA BLUFF PARK FARM	afd	al_235_25OCT2007.png
AK83	ALASKA	WASILLA GANNONS LANDING	afd	al_235_25OCT2007.png
16AK	ALASKA	WASILLA GATTIS STRIP	afd	al_236_25OCT2007.png
AK65	ALASKA	WASILLA GREENS STRIP	afd	al_236_25OCT2007.png
10AK	ALASKA	WASILLA HUNT STRIP	afd	al_236_25OCT2007.png
29A	ALASKA	WASILLA ISLAND LAKE SEAPLANE	afd	al_236_25OCT2007.png
4A3	ALASKA	WASILLA LAKE LUCILLE SEAPLANE	afd	al_236_25OCT2007.png
55AK	ALASKA	WASILLA LAWRENCE AIRSTRIP 	afd	al_236_25OCT2007.png
89AK	ALASKA	WASILLA LINCOLN VILLAGE AIRPARK	afd	al_236_25OCT2007.png
95AK	ALASKA	MEDIVAC-WASILLA HELIPORT	afd	al_237_25OCT2007.png
4AK0	ALASKA	WASILLA NIKLASON LAKE SEAPLANE	afd	al_237_25OCT2007.png
AK25	ALASKA	WASILLA PIPER LANDING	afd	al_237_25OCT2007.png
3A3	ALASKA	WASILLA SEYMOUR LAKE SEAPLANE BASE	afd	al_237_25OCT2007.png
87AK	ALASKA	WASILLA SOLOY STRIP	afd	al_237_25OCT2007.png
3K9	ALASKA	UPPER WASILLA LAKE SEAPLANE	afd	al_237_25OCT2007.png
AK27	ALASKA	WASILLA VALLEY FLYING CROWN	afd	al_237_25OCT2007.png
T66	ALASKA	WASILLA VISNAW LAKE SEAPLANE 	afd	al_238_25OCT2007.png
DMA	ARIZONA	DAVIS MONTHAN AFB	afd	sw_7_25OCT2007.png
P03	ARIZONA	DOUGLAS COCHISE COLLEGE	afd	sw_8_25OCT2007.png
DGL	ARIZONA	DOUGLAS MUNI	afd	sw_8_25OCT2007.png
DUG	ARIZONA	DOUGLAS BISBEE BISBEE DOUGLAS INTL	afd	sw_9_25OCT2007.png
E60	ARIZONA	ELOY MUNI	afd	sw_9_25OCT2007.png
FLG	ARIZONA	FLAGSTAFF PULLIAM	afd	sw_10_25OCT2007.png
FHU	ARIZONA	FORT HUACHUCA-SIERRA VISTA SIERRA VISTA MUNI-LIBBY AAF 	afd	sw_11_25OCT2007.png
85V	ARIZONA	GANADO	afd	sw_12_25OCT2007.png
E63	ARIZONA	GILA BEND MUNI	afd	sw_12_25OCT2007.png

  Process: hadElastic
        Model:             hElasticCHIPS: 0 eV  ---> 100 TeV
     Cr_sctns:      ChipsProtonElasticXS: 0 eV  ---> 100 TeV
     Cr_sctns:            GheishaElastic: 0 eV  ---> 100 TeV
simple	14-Jul-2020 09:19:38	Executing build EPDG - EPDG-WEB-APP-DEVELOP - Build-UnitTest-QualityAnalysis #16 (EPDG-EPWBD-JOB1-16)
simple	14-Jul-2020 09:19:38	Starting task 'Checkout' of type 'com.atlassian.bamboo.plugins.vcs:task.vcs.checkout'
simple	14-Jul-2020 09:19:38	Build always requires a clean checkout
 File lengths (MBytes):  RWF=      5 Int=      0 D2E=      0 Chk=      2 Scr=      1
 Normal termination of Gaussian 09 at Mon Aug 31 15:08:40 2015.
************************************************************************************************************************
***             WIDEN YOUR WINDOW TO 120 CHARACTERS.  Use 'enscript -r -fCourier9' to print this document            ***
************************************************************************************************************************

---------------------------------------------- PETSc Performance Summary: ----------------------------------------------

./ksp-solve on a arch-linux2-c-debug named hpclin3 with 1 processor, by dwagner5 Wed Aug 29 09:58:51 2018
Using Petsc Release Version 3.6.3, Dec, 03, 2015 

                         Max       Max/Min        Avg      Total 
Time (sec):           1.145e+02      1.00000   1.145e+02
Objects:              7.700e+01      1.00000   7.700e+01
Flops:                1.414e+11      1.00000   1.414e+11  1.414e+11
Flops/sec:            1.235e+09      1.00000   1.235e+09  1.235e+09
Memory:               4.236e+07      1.00000              4.236e+07
MPI Messages:         0.000e+00      0.00000   0.000e+00  0.000e+00
MPI Message Lengths:  0.000e+00      0.00000   0.000e+00  0.000e+00
MPI Reductions:       0.000e+00      0.00000

Flop counting convention: 1 flop = 1 real number operation of type (multiply/divide/add/subtract)
                            e.g., VecAXPY() for real vectors of length N --> 2N flops
                            and VecAXPY() for complex vectors of length N --> 8N flops

Summary of Stages:   ----- Time ------  ----- Flops -----  --- Messages ---  -- Message Lengths --  -- Reductions --
                        Avg     %Total     Avg     %Total   counts   %Total     Avg         %Total   counts   %Total 
 0:      Main Stage: 1.1449e+02 100.0%  1.4138e+11 100.0%  0.000e+00   0.0%  0.000e+00        0.0%  0.000e+00   0.0% 

------------------------------------------------------------------------------------------------------------------------
fi
	-e 's#@@TARGET_FCFLAGS@@#-Os#' \
	-e 's#@@TARGET_LDFLAGS@@##' \
	-e 's#@@TARGET_CC@@#usr/bin/x86_64-linux-gcc#' \
	-e 's#@@TARGET_CXX@@#usr/bin/x86_64-linux-g++#' \
[22:42:25] Sports T1: [+] 0922/1000 new URL - http://qld.realestatetraining.com.au/login/index.php
	at info.magnolia.personalization.preview.filter.PreviewFilter.doFilter(PreviewFilter.java:92) [magnolia-personalization-preview-app-2.0.3.jar:?]
	at info.magnolia.cms.filters.OncePerRequestAbstractMgnlFilter.doFilter(OncePerRequestAbstractMgnlFilter.java:59) [magnolia-core-6.2.3.jar:?]
	at info.magnolia.cms.filters.MgnlFilterChain.doFilter(MgnlFilterChain.java:79) [magnolia-core-6.2.3.jar:?]
\float@box=\box51
\@float@everytoks=\toks32
2021-10-26T21:50:50.132Z,1.132006,ab3bf380,6 [channel] Caps: Texture: 3D 1 Array 1 Depth 1 MSAA 1 MSAAFP16 8
2021-10-26T21:50:50.132Z,1.132018,ab3bf380,6 [channel] Caps: Texture: NPOT 1 PartialMips 1 CubeMipGen 1 CubeFramebuffer 1
2021-10-26T21:50:50.132Z,1.132029,ab3bf380,6 [channel] Caps: Texture: Size 8192 Units 16
[22:42:48] Digital Marketing: [-] 0140/7913 download failed (Return: -) - https://thenextweb.com/guests/meet-oliver-isaacs-serial-entrepreneur-t
[22:42:48] Health: [-] 8192/8339 download failed (Return: -) - http://ar2d2g.blogspot.com/2011/01/how-to-complete-field-op.html
[22:42:48] Car Insurance: [-] 4203/8012 no engine matches (HTTP-Status: 502) - http://www.adodarts.com/
[22:42:47] Sports: [+] 8087/8698 matches engine EasyBlog - http://mwm-zahid.com.ua/index.php/tekhnika/item/1-khorvester-1050h?start=80
[22:42:47] Online Degree: [-] 7901/8073 login not possible/awaiting verification (sorry, unrecognized username or password) - http://china.as.uky.edu/?q=user
  <p>As a result of these weaknesses , computer_systems and the operations that rely on the systems were highly vulnerable to tampering , disruption , and misuse from both internal and external sources .</p>
  <h>Non-authorized personnel illegally entered into computer_networks .</h>
</SimpleProblem>
[22:42:38] Mortgage: [ ] 7937/8168 waiting 7 seconds to not spam. http://www.es-335.com/wp-login.php?action=register
[22:42:39] Digital Marketing: [+] 0130/7913 matches engine Wordpress Article - http://urtravels.net
[22:42:38] Mortgage: [+] 7937/8168 unknown registration status - http://www.es-335.com/wp-login.php?action=register
[2023.05.20-22.07.43:062][  0]LogDeviceProfileManager: 	[00000A60F7A8D000][00000A60F7F9A000 52] iPhoneXSMax, 
            Substituting "CUDAPP" with "/usr/local/cuda/bin/nvcc -E"
            Substituting "CUDAPPFLAGS" with "-Wno-deprecated-gpu-targets"
            Substituting "CXX" with "mpicxx"
            Substituting "CXX_CXXFLAGS" with ""
            Substituting "CXXFLAGS" with ""
            Substituting "CXX_LINKER_SLFLAG" with "-Wl,-rpath,"
            Substituting "CXXCPP" with "mpicxx -E"
            Substituting "CXXCPPFLAGS" with ""
            Substituting "FC" with "mpif90"
            Substituting "FFLAGS" with ""
            Defined make macro "FC_LINKER_SLFLAG" to "-Wl,-rpath,"
            Substituting "LDFLAGS" with ""
            Substituting "LIBS" with "-ldl "
       Fault zones nearby     : No
         Distance/activity    : (multiple line
     Additional Information   : The GPS reference mark consist of a 3" Sch 40
                              : steel conduit 5 feet long that is permanently
                              : anchored to a concrete block building. Welded
                              : to this mast is a stainless steel forced
                              : centering bolt with locking nuts.The mast is
                              : permanently anchored to the building by means
                              : of unistrut clamps and qty of 8-1/2 inch
                              : concrete anchor bolts. Mast is located on a
                              : building that was built in approx 1970 with
                              : standard 36" deep footers
                              :
                              : decommissioned 2018-04-09


2.   Site Location Information
yours+mine+and+ours+1968	01.08.2009 23:54:07	http://www.google.com/search?hl=en&q=yours+mine+and+ours+w%2F+Henry+Fonda&aq=f&oq=&aqi=	Mozilla/4.0 (compatible; MSIE 7.0; Windows NT 6.0; SLCC1; .NET CLR 2.0.50727; .NET CLR 3.0.04506)	68.8.225.56
.                    ==> .
tdf#116733 UI: The settings in the expert configuration won't expanded [Jan Holesovsky]
tdf#116789 UNO API: XText of cell is not the same object all the time [Miklos Vajna]
tdf#116791 dialog.dtd:245:61: fatal: character not allowed when converting with trang [Kevin Brubeck Unhammer]
tdf#116796 UI: Cancel button missing on dialog Confirmation replacing already installed extension [Caolán McNamara]
tdf#116799 UI: Border selection icon tool in sidebar disappearing (white square) [Noel Grandin]
Package: caption 2020/10/26 v3.5g Customizing captions (AR)
 (/usr/local/texlive/2021/texmf-dist/tex/latex/caption/caption3.sty
-- extracting... [clean up]
Applying 0001-networking-libiproute-use-linux-if_packet.h-instead-.patch using patch: 
patching file networking/libiproute/iplink.c

Applying 0002-Makefile.flags-strip-non-l-arguments-returned-by-pkg.patch using patch: 
patching file Makefile.flags

int main() {
;

Installing hl7.base.template#current done.
  Load Template from fhir.base.template#current                                  (04:26.251)
Installing fhir.base.template#current to the package cache
  Fetching:
              to/TO-19  ==                        DEL    $0.429  [D]
tdf#114848 FILESAVE: PPTX: Shape's colour lost after RT [Szymon Kłos]
tdf#114872 Broken selection from other user [Tamás Zolnai]
tdf#114873 Letter, fax and agenda wizard not localized [Caolán McNamara, Julien Nabet]
tdf#114882 Error Message: File format error found at SAXParseException: '[word/document.xml line 2]: Opening and ending tag mismatch: txbxContent line 0 and sdtContent ', Stream 'word/document.xml', Line 2, Column 3157(row,col). [Mike Kaganski]
tdf#114901 UI: TSCP Classification dialog: too much vertical white space and Part list too wide [Tomaž Vajngerl]
tdf#114907 [NEW HELP] Contents folder symbol not rendered in Windows 7 [Ilmari Lauhakangas]
tdf#114913 FILEOPEN: PPTX: Bullets size is too small [Paul Trojahn]
tdf#114935 Document will lose focus after using the floating windows color picker [Maxim Monastirsky]
tdf#114939 rtl_digest SHA1 and MD5 code both have an off by 1 bug [Stephan Bergmann, Michael Stahl]
tdf#114952 filep is still used in soltools/mkdepend/parse.c [Noel Grandin]
tdf#114992 Delete a sheet in a calc document and LO crashes. [Zdeněk Crhonek]
tdf#115511 Description field in customize dialog cannot get focus [Muhammet Kara]
tdf#115519 Enhance the conditional formatting confirmation dialog [Armin Le Grand]
tdf#115530 Conditional formatting isn't updated when formula is updated (XLSX) [Markus Mohrhard]
tdf#115554 Files in Debian packages have wrong owner [michael.weghorn, Michael Weghorn]
tdf#115565 Unable to use keyboard to move to previous or next toolbox item when Sidebar Navigator deck GotoPage control has focus [Jim Raykowski]
tdf#115572 table format gets reset by deleting a row [Zdeněk Crhonek]
tdf#115573 EDITING: Table loses formatting when inserting a new row in a table [Zdeněk Crhonek, Jim Raykowski]
tdf#115574 Doesn't work simple pasting spreadsheet from Excel 2010 in to document Writer [Miklos Vajna]
tdf#115582 VIEWING: Rotated Text in a Cell gets invisible (steps in comment 6 ) [Armin Le Grand]
tdf#115584 Crash when launching Base [Julien Nabet]
tdf#115600 Missing Messages at the Use of “Navigate by” Function when Document Beginning or End is Reached [Jim Raykowski]
tdf#115602 Disabled toolbox items in the Sidebar Navigator deck are accessible when using keyboard navigation [Jim Raykowski]
tdf#115623 EPUB: support vertical writing mode (tb) [Mark Hung]
tdf#115639 Align right/center with trailing spaces aren't treated the same in PPT(X) as in DOC(X) [Tamás Zolnai]
tdf#115659 Apparmor profile for senddoc is broken [Olivier Tilloy]
tdf#115666 “Navigate By” Function does not Work if Cursor is Positioned in Comment [Jim Raykowski]
tdf#115675 Shape selection breaks after changing position or size from the sidebar [Jan Holesovsky]
tdf#115683 When CSV file importing to calc, if LibreOffice already open, text import dialog box open behind a grey window. [Caolán McNamara]
tdf#115691 Automatic preview of custom animation throws focus out of the effects list [Jim Raykowski]
Successful compile:
Source:
#include "confdefs.h"
ERROR info.magnolia.aws.foundation.AwsCredentialsProvider 15.10.2020 00:12:42 -- AWS credentials are expected to be set in Password manager module.
ERROR info.magnolia.ai.text.TextClassificationModule 15.10.2020 00:12:42 -- Submission of text classification request has been failed at page path '/bdcwebsite/investor-relations/board-of-directors/ramy-el-borai' with error code: 'null'.
ERROR info.magnolia.aws.foundation.AwsCredentialsProvider 15.10.2020 00:12:42 -- AWS credentials are expected to be set in Password manager module.
* Busybox Library Tuning
*
Use the end of BSS page (FEATURE_USE_BSS_TAIL) [N/y/?] n
Support RTMIN[+n] and RTMAX[-n] signal names (FEATURE_RTMINMAX) [Y/n/?] y
Buffer allocation policy
\pgf@shorten@start@additional=\dimen268
) (/usr/local/texlive/2021/texmf-dist/tex/generic/pgf/basiclayer/pgfcorescopes.code.tex
[   1921047] resources::ResourceCacheDeviceV2::DoFetch downloading resource.rpf (hash 58ed2c291dd08fc30932315bfa8c75970234f877) from http://139.99.125.59:30124/files/assets-civ-imports/resource.rpf
Checking for program /usr/sbin/nvcc...not found
Checking for program /usr/bin/nvcc...not found
Checking for program /sbin/nvcc...not found
void bar(void){foo();}
market+days+chicago+2009	01.08.2009 19:06:34	http://www.google.com/search?client=safari&rls=en-us&q=market+days+admission&ie=UTF-8&oe=UTF-8	Mozilla/5.0 (Macintosh; U; Intel Mac OS X 10_5_7; en-us) AppleWebKit/530.19.2 (KHTML, like Gecko) Version/4.0.2 Safari/530.19	67.184.177.204
market+days+chicago+2009	01.08.2009 19:06:43	http://www.google.com/search?client=safari&rls=en-us&q=market+days+admission&ie=UTF-8&oe=UTF-8	Mozilla/5.0 (Macintosh; U; Intel Mac OS X 10_5_7; en-us) AppleWebKit/530.19.2 (KHTML, like Gecko) Version/4.0.2 Safari/530.19	67.184.177.204
west+virginia+derby	01.08.2009 19:07:05	http://www.google.com/search?q=list+of+horsed+in+the+west+virginia+derby%3F&hl=en&rlz=1T4GGLR_enUS314US314&start=10&sa=N	Mozilla/4.0 (compatible; MSIE 8.0; Windows NT 5.1; Trident/4.0; GTB6)	72.200.211.68
staticfield com/android/dx/rop/type/StdTypeList INT Lcom/android/dx/rop/type/StdTypeList; com/android/dx/rop/type/StdTypeList
staticfield com/android/dx/rop/type/StdTypeList LONG Lcom/android/dx/rop/type/StdTypeList; com/android/dx/rop/type/StdTypeList
staticfield com/android/dx/rop/type/StdTypeList FLOAT Lcom/android/dx/rop/type/StdTypeList; com/android/dx/rop/type/StdTypeList
staticfield com/android/dx/rop/type/StdTypeList DOUBLE Lcom/android/dx/rop/type/StdTypeList; com/android/dx/rop/type/StdTypeList
staticfield com/android/dx/rop/type/StdTypeList OBJECT Lcom/android/dx/rop/type/StdTypeList; com/android/dx/rop/type/StdTypeList
staticfield com/android/dx/rop/type/StdTypeList RETURN_ADDRESS Lcom/android/dx/rop/type/StdTypeList; com/android/dx/rop/type/StdTypeList
staticfield com/android/dx/rop/type/StdTypeList THROWABLE Lcom/android/dx/rop/type/StdTypeList; com/android/dx/rop/type/StdTypeList
staticfield com/android/dx/rop/type/StdTypeList INT_INT Lcom/android/dx/rop/type/StdTypeList; com/android/dx/rop/type/StdTypeList
staticfield com/android/dx/rop/type/StdTypeList LONG_LONG Lcom/android/dx/rop/type/StdTypeList; com/android/dx/rop/type/StdTypeList
staticfield com/android/dx/rop/type/StdTypeList FLOAT_FLOAT Lcom/android/dx/rop/type/StdTypeList; com/android/dx/rop/type/StdTypeList
staticfield com/android/dx/rop/type/StdTypeList DOUBLE_DOUBLE Lcom/android/dx/rop/type/StdTypeList; com/android/dx/rop/type/StdTypeList
staticfield com/android/dx/rop/type/StdTypeList OBJECT_OBJECT Lcom/android/dx/rop/type/StdTypeList; com/android/dx/rop/type/StdTypeList
staticfield com/android/dx/rop/type/StdTypeList INT_OBJECT Lcom/android/dx/rop/type/StdTypeList; com/android/dx/rop/type/StdTypeList
staticfield com/android/dx/rop/type/StdTypeList LONG_OBJECT Lcom/android/dx/rop/type/StdTypeList; com/android/dx/rop/type/StdTypeList
staticfield com/android/dx/rop/type/StdTypeList FLOAT_OBJECT Lcom/android/dx/rop/type/StdTypeList; com/android/dx/rop/type/StdTypeList
staticfield com/android/dx/rop/type/StdTypeList DOUBLE_OBJECT Lcom/android/dx/rop/type/StdTypeList; com/android/dx/rop/type/StdTypeList
staticfield com/android/dx/rop/type/StdTypeList LONG_INT Lcom/android/dx/rop/type/StdTypeList; com/android/dx/rop/type/StdTypeList
staticfield com/android/dx/rop/type/StdTypeList INTARR_INT Lcom/android/dx/rop/type/StdTypeList; com/android/dx/rop/type/StdTypeList
staticfield com/android/dx/rop/type/StdTypeList LONGARR_INT Lcom/android/dx/rop/type/StdTypeList; com/android/dx/rop/type/StdTypeList
staticfield com/android/dx/rop/type/StdTypeList FLOATARR_INT Lcom/android/dx/rop/type/StdTypeList; com/android/dx/rop/type/StdTypeList
staticfield com/android/dx/rop/type/StdTypeList DOUBLEARR_INT Lcom/android/dx/rop/type/StdTypeList; com/android/dx/rop/type/StdTypeList
staticfield com/android/dx/rop/type/StdTypeList OBJECTARR_INT Lcom/android/dx/rop/type/StdTypeList; com/android/dx/rop/type/StdTypeList
staticfield com/android/dx/rop/type/StdTypeList BOOLEANARR_INT Lcom/android/dx/rop/type/StdTypeList; com/android/dx/rop/type/StdTypeList
staticfield com/android/dx/rop/type/StdTypeList BYTEARR_INT Lcom/android/dx/rop/type/StdTypeList; com/android/dx/rop/type/StdTypeList
staticfield com/android/dx/rop/type/StdTypeList CHARARR_INT Lcom/android/dx/rop/type/StdTypeList; com/android/dx/rop/type/StdTypeList
staticfield com/android/dx/rop/type/StdTypeList SHORTARR_INT Lcom/android/dx/rop/type/StdTypeList; com/android/dx/rop/type/StdTypeList
staticfield com/android/dx/rop/type/StdTypeList INT_INTARR_INT Lcom/android/dx/rop/type/StdTypeList; com/android/dx/rop/type/StdTypeList
staticfield com/android/dx/rop/type/StdTypeList LONG_LONGARR_INT Lcom/android/dx/rop/type/StdTypeList; com/android/dx/rop/type/StdTypeList
staticfield com/android/dx/rop/type/StdTypeList FLOAT_FLOATARR_INT Lcom/android/dx/rop/type/StdTypeList; com/android/dx/rop/type/StdTypeList
staticfield com/android/dx/rop/type/StdTypeList DOUBLE_DOUBLEARR_INT Lcom/android/dx/rop/type/StdTypeList; com/android/dx/rop/type/StdTypeList
--> "+oo CNN_Live NeilM" mode change by polaris.ctr.columbia.edu on #earthquake
--> "+vvv Metallica CNN_Live NeilM" mode change by polaris.ctr.columbia.edu on #earthquake
--> "+v CNN_news" mode change by KNBC on #earthquake
<09:47AM KNBC> CNN_news can talk
--> "+v NPR_News" mode change by KNBC on #earthquake
staticfield java/lang/Short TYPE Ljava/lang/Class; java/lang/Class
	at info.magnolia.cms.filters.AbstractMgnlFilter.doFilter(AbstractMgnlFilter.java:85) [magnolia-core-6.2.3.jar:?]
	at info.magnolia.cms.filters.MgnlFilterChain.doFilter(MgnlFilterChain.java:79) [magnolia-core-6.2.3.jar:?]
	at info.magnolia.cms.filters.ContextFilter.doFilter(ContextFilter.java:128) [magnolia-core-6.2.3.jar:?]
	at info.magnolia.cms.filters.AbstractMgnlFilter.doFilter(AbstractMgnlFilter.java:85) [magnolia-core-6.2.3.jar:?]
	at info.magnolia.cms.filters.MgnlFilterChain.doFilter(MgnlFilterChain.java:79) [magnolia-core-6.2.3.jar:?]
1992-060     1992 Sep 10 2304:00  1992-060A      Hispasat 1A                    Hispasat 1A               S22116  Ariane 44LP            V53              CSG ELA2                 0.0
                                  1992-060B      Satcom C3                      Satcom C3                 S22117
