onGenerate.jira.pubrequestSkip:

[   1919015] ResourceCacheDevice: downloaded resource.rpf in 183 msec (size 8192)
[   1919062] resources::ResourceCacheDeviceV2::DoFetch downloading resource.rpf (hash eb8d1e3d19fd081ec554d43b5e0e7512da67d711) from http://139.99.125.59:30124/files/mysql-async/resource.rpf
0 posts imported
<10:39AM cavalier> AutoMaton Update: For TALK/CHAT join #QUAKECHAT or #QUAKETALK. This is a NEWS ONLY Channel.
<10:39AM cavalier> Automaton Update: finger quake@geophys.washington.edu is OK.
<10:39AM Wolferl> I need an update of the 1200 block of North Corsant, hollywood.
--> "+o KNBC" mode change by cavalier on #earthquake
<10:40AM KNBC> Thanks
<10:40AM NPR_News> Who, if anyone, is still providing live coverage?
(WildEep/#earthquake) KNBC
(WildEep/#earthquake) Ch 4.
<10:40AM KNBC> We are
*** Netsplit at 10:40:34 (polaris.ctr.columbia.edu eff.org)2016-02-23 15:45:25,511  INFO Gbl:57 JVM: 1.8.0_45; Oracle Corporation; mixed mode; 64-bit
2016-02-23 15:45:25,511  INFO Gbl:61 OS: Windows 8.1; 6.3; amd64
2016-02-23 15:45:25,512  INFO Gbl:64 CPU cores: 8
2016-02-23 15:45:25,512  INFO Gbl:65 max. Memory: 7282.0MB (7635730432B)
2016-02-23 15:45:25,523  INFO Gbl:103 MATSim-Build: r${buildNumber} (${timestamp})
2016-02-23 15:45:25,523  INFO AbstractController:61 Used Controler-Class: org.matsim.core.controler.NewControler
2016-02-23 15:45:25,526  INFO Injector:68 org.matsim.api.core.v01.Scenario 
2016-02-23 15:45:25,526  INFO Injector:69    -> of(org.matsim.core.scenario.MutableScenario@6771beb3)
2016-02-23 15:45:25,526  INFO Injector:68 org.matsim.pt.transitSchedule.api.TransitSchedule 
2016-02-23 15:45:25,528  INFO Injector:69    -> Key[type=org.matsim.core.scenario.ScenarioByInstanceModule$TransitScheduleProvider, annotation=[none]]
2016-02-23 15:45:25,528  INFO Injector:68 org.matsim.vehicles.Vehicles 
2016-02-23 15:45:25,528  INFO Injector:69    -> Key[type=org.matsim.core.scenario.ScenarioByInstanceModule$TransitVehiclesProvider, annotation=[none]]
2016-02-23 15:45:25,528  INFO Injector:68 org.matsim.vehicles.Vehicles 
2016-02-23 15:45:25,532  INFO Injector:69    -> @Provides org.matsim.core.scenario.ScenarioByInstanceModule.provideVehicles(ScenarioByInstanceModule.java:61)
2016-02-23 15:45:25,533  INFO Injector:68 org.matsim.api.core.v01.network.Network 
2016-02-23 15:45:25,533  INFO Injector:69    -> @Provides org.matsim.core.scenario.ScenarioByInstanceModule.provideNetwork(ScenarioByInstanceModule.java:39)
2016-02-23 15:45:25,568  INFO Injector:68 org.matsim.core.router.util.LeastCostPathCalculatorFactory 
2016-02-23 15:45:25,568  INFO Injector:69    -> FactoryProxy{key=Key[type=org.matsim.core.router.util.LeastCostPathCalculatorFactory, annotation=[none]], provider=com.google.inject.internal.ConstructorBindingImpl$Factory@15de0b3c[Scopes.SINGLETON]}
2016-02-23 15:45:25,570  INFO Injector:68 org.matsim.pt.router.TransitRouter 
2016-02-23 15:45:25,572  INFO Injector:69    -> Key[type=org.matsim.pt.router.TransitRouterImplFactory, annotation=[none]]
US Core Comparison: compare StructureDefinition[http://hl7.org/fhir/us/ph-library/StructureDefinition/us-ph-disability-status|1.0.0] to StructureDefinition[http://hl7.org/fhir/us/core/StructureDefinition/head-occipital-frontal-circumference-percentile|6.1.0]
<10:02AM tasm> be back guys!!!
<10:02AM KNBC> Yes looting
*KFWB* help <Mon Jan 17 10:02>
<10:02AM CNN_news> 4.31AM pt, 6.6 Richter, duration of more than 30 seconds (CNN info panel)
<10:02AM tasm> been on.. 3:30 hours
<10:02AM tasm> looting sux
* KNBC has been on since I dont know when
<10:02AM KFWB> been up.. 20 hours
-C-SPAN:#earthquake- people mingling at clinton conference
* WildEep was on before it happenned, different channel of course.
<10:03AM KNBC> There is a lot of looting in the LA area..  People  have been shot (cops and looters)
<10:03AM KNBC> no shooting fatalitys though
<10:03AM cavalier> KNBC, tasm, guys get my file I want to fix /add as much to it as possible.
-C-SPAN:#earthquake- Clinton Smiling for some reason
<10:03AM DrStupid> nite folks.
<10:03AM KNBC> cav: how?
<10:04AM DrStupid> I'm falling asleep at the keyboard
<10:04AM KRON-SF> Fox in SF decided that Jenny Jones was more important
<10:04AM NPR_News> Test (minot technical problems)
<10:04AM CNN_news> I will relay for non-speakers if needed.
<10:04AM KNBC> NPW I hear you
<10:05AM NPR_News> NPR News (at 1 pm EST) reports 10 confirmed deaths.
-C-SPAN:#earthquake- Clinton shaking hands at conference
<10:05AM KNBC> KNBC has 13
*** Netsplit at 10:05:19 (polaris.ctr.columbia.edu eff.org)
<10:05AM CNN_news> *Janine* Laguna Hills? what is the status?
--> "+v Janine" mode change by KNBC on #earthquake
<10:06AM KFWB> Northrige Status avail - /msg me
<10:06AM Janine> I've been told that only minor damage to homes in Laguna Hills...any comfirmation?
-ABC_NEWS:#earthquake- 1 policeman Killed
	at com.google.common.base.Preconditions.checkState(Preconditions.java:492) ~[guava-28.2-jre.jar:?]
     Marker->ARP Up Ecc. (m)  : 0.0000
Load Package hl7.terminology.r5#5.0.0
Load Package hl7.fhir.uv.extensions#1.0.0
US Core Comparison: compare StructureDefinition[http://hl7.org/fhir/us/ph-library/StructureDefinition/us-ph-is-postpartum|1.0.0] to StructureDefinition[http://hl7.org/fhir/us/core/StructureDefinition/us-core-bmi|6.1.0]
US Core Comparison: compare StructureDefinition[http://hl7.org/fhir/us/ph-library/StructureDefinition/us-ph-is-postpartum|1.0.0] to StructureDefinition[http://hl7.org/fhir/us/core/StructureDefinition/us-core-body-height|6.1.0]
US Core Comparison: compare StructureDefinition[http://hl7.org/fhir/us/ph-library/StructureDefinition/us-ph-is-postpartum|1.0.0] to StructureDefinition[http://hl7.org/fhir/us/core/StructureDefinition/us-core-body-temperature|6.1.0]
US Core Comparison: compare StructureDefinition[http://hl7.org/fhir/us/ph-library/StructureDefinition/us-ph-is-postpartum|1.0.0] to StructureDefinition[http://hl7.org/fhir/us/core/StructureDefinition/us-core-body-weight|6.1.0]
US Core Comparison: compare StructureDefinition[http://hl7.org/fhir/us/ph-library/StructureDefinition/us-ph-is-postpartum|1.0.0] to StructureDefinition[http://hl7.org/fhir/us/core/StructureDefinition/us-core-head-circumference|6.1.0]
US Core Comparison: compare StructureDefinition[http://hl7.org/fhir/us/ph-library/StructureDefinition/us-ph-is-postpartum|1.0.0] to StructureDefinition[http://hl7.org/fhir/us/core/StructureDefinition/us-core-heart-rate|6.1.0]
US Core Comparison: compare StructureDefinition[http://hl7.org/fhir/us/ph-library/StructureDefinition/us-ph-is-postpartum|1.0.0] to StructureDefinition[http://hl7.org/fhir/us/core/StructureDefinition/us-core-observation-clinical-result|6.1.0]
US Core Comparison: compare StructureDefinition[http://hl7.org/fhir/us/ph-library/StructureDefinition/us-ph-is-postpartum|1.0.0] to StructureDefinition[http://hl7.org/fhir/us/core/StructureDefinition/us-core-observation-lab|6.1.0]
US Core Comparison: compare StructureDefinition[http://hl7.org/fhir/us/ph-library/StructureDefinition/us-ph-is-postpartum|1.0.0] to StructureDefinition[http://hl7.org/fhir/us/core/StructureDefinition/us-core-observation-occupation|6.1.0]
US Core Comparison: compare StructureDefinition[http://hl7.org/fhir/us/ph-library/StructureDefinition/us-ph-is-postpartum|1.0.0] to StructureDefinition[http://hl7.org/fhir/us/core/StructureDefinition/us-core-observation-pregnancyintent|6.1.0]
US Core Comparison: compare StructureDefinition[http://hl7.org/fhir/us/ph-library/StructureDefinition/us-ph-is-postpartum|1.0.0] to StructureDefinition[http://hl7.org/fhir/us/core/StructureDefinition/us-core-observation-pregnancystatus|6.1.0]
US Core Comparison: compare StructureDefinition[http://hl7.org/fhir/us/ph-library/StructureDefinition/us-ph-is-postpartum|1.0.0] to StructureDefinition[http://hl7.org/fhir/us/core/StructureDefinition/us-core-observation-screening-assessment|6.1.0]
US Core Comparison: compare StructureDefinition[http://hl7.org/fhir/us/ph-library/StructureDefinition/us-ph-is-postpartum|1.0.0] to StructureDefinition[http://hl7.org/fhir/us/core/StructureDefinition/us-core-observation-sexual-orientation|6.1.0]
US Core Comparison: compare StructureDefinition[http://hl7.org/fhir/us/ph-library/StructureDefinition/us-ph-is-postpartum|1.0.0] to StructureDefinition[http://hl7.org/fhir/us/core/StructureDefinition/us-core-pulse-oximetry|6.1.0]
US Core Comparison: compare StructureDefinition[http://hl7.org/fhir/us/ph-library/StructureDefinition/us-ph-is-postpartum|1.0.0] to StructureDefinition[http://hl7.org/fhir/us/core/StructureDefinition/us-core-respiratory-rate|6.1.0]
US Core Comparison: compare StructureDefinition[http://hl7.org/fhir/us/ph-library/StructureDefinition/us-ph-is-postpartum|1.0.0] to StructureDefinition[http://hl7.org/fhir/us/core/StructureDefinition/us-core-simple-observation|6.1.0]
US Core Comparison: compare StructureDefinition[http://hl7.org/fhir/us/ph-library/StructureDefinition/us-ph-is-postpartum|1.0.0] to StructureDefinition[http://hl7.org/fhir/us/core/StructureDefinition/us-core-smokingstatus|6.1.0]
US Core Comparison: compare StructureDefinition[http://hl7.org/fhir/us/ph-library/StructureDefinition/us-ph-is-postpartum|1.0.0] to StructureDefinition[http://hl7.org/fhir/us/core/StructureDefinition/us-core-vital-signs|6.1.0]
US Core Comparison: compare StructureDefinition[http://hl7.org/fhir/us/ph-library/StructureDefinition/us-ph-emergency-outbreak-information|1.0.0] to StructureDefinition[http://hl7.org/fhir/us/core/StructureDefinition/head-occipital-frontal-circumference-percentile|6.1.0]
US Core Comparison: compare StructureDefinition[http://hl7.org/fhir/us/ph-library/StructureDefinition/us-ph-emergency-outbreak-information|1.0.0] to StructureDefinition[http://hl7.org/fhir/us/core/StructureDefinition/pediatric-bmi-for-age|6.1.0]
US Core Comparison: compare StructureDefinition[http://hl7.org/fhir/us/ph-library/StructureDefinition/us-ph-emergency-outbreak-information|1.0.0] to StructureDefinition[http://hl7.org/fhir/us/core/StructureDefinition/pediatric-weight-for-height|6.1.0]
US Core Comparison: compare StructureDefinition[http://hl7.org/fhir/us/ph-library/StructureDefinition/us-ph-emergency-outbreak-information|1.0.0] to StructureDefinition[http://hl7.org/fhir/us/core/StructureDefinition/us-core-blood-pressure|6.1.0]
US Core Comparison: compare StructureDefinition[http://hl7.org/fhir/us/ph-library/StructureDefinition/us-ph-emergency-outbreak-information|1.0.0] to StructureDefinition[http://hl7.org/fhir/us/core/StructureDefinition/us-core-bmi|6.1.0]
US Core Comparison: compare StructureDefinition[http://hl7.org/fhir/us/ph-library/StructureDefinition/us-ph-emergency-outbreak-information|1.0.0] to StructureDefinition[http://hl7.org/fhir/us/core/StructureDefinition/us-core-body-height|6.1.0]
US Core Comparison: compare StructureDefinition[http://hl7.org/fhir/us/ph-library/StructureDefinition/us-ph-emergency-outbreak-information|1.0.0] to StructureDefinition[http://hl7.org/fhir/us/core/StructureDefinition/us-core-body-temperature|6.1.0]
US Core Comparison: compare StructureDefinition[http://hl7.org/fhir/us/ph-library/StructureDefinition/us-ph-emergency-outbreak-information|1.0.0] to StructureDefinition[http://hl7.org/fhir/us/core/StructureDefinition/us-core-body-weight|6.1.0]
US Core Comparison: compare StructureDefinition[http://hl7.org/fhir/us/ph-library/StructureDefinition/us-ph-emergency-outbreak-information|1.0.0] to StructureDefinition[http://hl7.org/fhir/us/core/StructureDefinition/us-core-head-circumference|6.1.0]
US Core Comparison: compare StructureDefinition[http://hl7.org/fhir/us/ph-library/StructureDefinition/us-ph-emergency-outbreak-information|1.0.0] to StructureDefinition[http://hl7.org/fhir/us/core/StructureDefinition/us-core-heart-rate|6.1.0]
	at sun.reflect.NativeMethodAccessorImpl.invoke(NativeMethodAccessorImpl.java:62) ~[?:1.8.0_252]
	at sun.reflect.DelegatingMethodAccessorImpl.invoke(DelegatingMethodAccessorImpl.java:43) ~[?:1.8.0_252]
