[22:42:25] Health: [-] 8175/8339 no engine matches (HTTP-Status: 501) - https://www.zataz.com/jai-installe-un-virus-sur-ton-ordinateur-pendant-que-tu-visitais-ton-site-pour-adulte/
[22:42:24] Injury Lawyers: [+] 7867/7969 new URL - http://infopenyakitdalam.com/wp-login.php?registration=disabled
#include "conffix.h"
 NBasis=    19 RedAO= T  NBF=    10     1     3     5
 NBsUse=    19 1.00D-06 NBFU=    10     1     3     5
 Harris functional with IExCor=  205 diagonalized for initial guess.
 ExpMin= 1.61D-01 ExpMax= 5.48D+03 ExpMxC= 8.25D+02 IAcc=1 IRadAn=         1 AccDes= 0.00D+00
 HarFok:  IExCor=  205 AccDes= 0.00D+00 IRadAn=         1 IDoV= 1
 ScaDFX=  1.000000  1.000000  1.000000  1.000000
 FoFCou: FMM=F IPFlag=           0 FMFlag=      100000 FMFlg1=           0
         NFxFlg=           0 DoJE=T BraDBF=F KetDBF=T FulRan=T
         Omega=  0.000000  0.000000  1.000000  0.000000  0.000000 ICntrl=     500 IOpCl=  0
         NMat0=    1 NMatS0=    1 NMatT0=    0 NMatD0=    1 NMtDS0=    0 NMtDT0=    0
         I1Cent=           4 NGrid=           0.
 Petite list used in FoFCou.
 Initial guess orbital symmetries:
       Occupied  (A1) (A1) (B2) (A1) (B1)
       Virtual   (A1) (B2) (B2) (A1) (B1) (A1) (B2) (A1) (A1) (A2)
                 (B1) (A1) (B2) (A1)
 The electronic state of the initial guess is 1-A1.
 Requested convergence on RMS density matrix=1.00D-08 within 128 cycles.
 Requested convergence on MAX density matrix=1.00D-06.
 Requested convergence on             energy=1.00D-06.
 No special actions if energy rises.
 Keep R1 ints in memory in canonical form, NReq=857956.
 ZZZY=              0.0000 XXYY=             -2.0407 XXZZ=             -1.9288 YYZZ=             -1.5867
 XXYZ=              0.0000 YYXZ=              0.0000 ZZXY=              0.0000
 N-N= 9.194964814020D+00 E-N=-1.988764411604D+02  KE= 7.582152800362D+01
 Symmetry A1   KE= 6.774138068715D+01
 Symmetry A2   KE= 6.005298651141D-35
 Symmetry B1   KE= 4.554718000640D+00
 Symmetry B2   KE= 3.525429315826D+00
 1\1\GINC-COMPUTE-3-12\SP\RHF\6-31G(d)\H2O1\CMAYNE2\31-Aug-2015\0\\# RH
jfs filesystem (FEATURE_VOLUMEID_JFS) [N/y/?] n
linuxraid (FEATURE_VOLUMEID_LINUXRAID) [N/y/?] n
linux swap filesystem (FEATURE_VOLUMEID_LINUXSWAP) [N/y/?] n
luks filesystem (FEATURE_VOLUMEID_LUKS) [N/y/?] n
nilfs filesystem (FEATURE_VOLUMEID_NILFS) [N/y/?] n
<09:52AM NPR_News> NPR Talk of the Nation (2 pm EST): Expect news, update, and call-in from around the country
-- [download 63% complete]
  denera/tao-bounded-newton
  master
  next
  scott/ts_for_loop_fixes
            Defined "VERSION_GIT" to ""v3.11.3-1885-g204d4ae""
            Defined "VERSION_DATE_GIT" to ""2019-08-19 07:36:37 +0200""
            Defined "VERSION_BRANCH_GIT" to ""(HEAD detached at origin/next)""
================================================================================
TEST setNativeArchitecture from PETSc.options.arch(/sandbox/petsc/petsc.next/config/PETSc/options/arch.py:31)
TESTING: setNativeArchitecture from PETSc.options.arch(/sandbox/petsc/petsc.next/config/PETSc/options/arch.py:31)
================================================================================
TEST configureArchitecture from PETSc.options.arch(/sandbox/petsc/petsc.next/config/PETSc/options/arch.py:43)
XDG_SESSION_ID=9192
_=/sandbox/petsc/petsc.next/lib/petsc/bin/maint/buildtest
SSH_CONNECTION=140.221.8.249 35558 140.221.11.38 22
OLDPWD=/home/petsc
PWD=/sandbox/petsc/petsc.next
MAIL=/var/mail/petsc
MACHTYPE=x86_64
================================================================================
TEST resetEnvCompilers from config.setCompilers(/sandbox/petsc/petsc.next/config/BuildSystem/config/setCompilers.py:1609)
TESTING: resetEnvCompilers from config.setCompilers(/sandbox/petsc/petsc.next/config/BuildSystem/config/setCompilers.py:1609)
================================================================================
TEST checkEnvCompilers from config.setCompilers(/sandbox/petsc/petsc.next/config/BuildSystem/config/setCompilers.py:1639)
TESTING: checkEnvCompilers from config.setCompilers(/sandbox/petsc/petsc.next/config/BuildSystem/config/setCompilers.py:1639)
================================================================================
TEST checkMPICompilerOverride from config.setCompilers(/sandbox/petsc/petsc.next/config/BuildSystem/config/setCompilers.py:1572)
TESTING: checkMPICompilerOverride from config.setCompilers(/sandbox/petsc/petsc.next/config/BuildSystem/config/setCompilers.py:1572)
  Check if --with-mpi-dir is used along with CC CXX or FC compiler options.
    This usually prevents mpi compilers from being used - so issue a warning
[     16422] Got ROS subprocess - pid 13064
[     16422] RgscStub::GetProfileManager
[     16437] ProfileManagerStub::QueryInterface
[2023.05.20-22.07.39:931][  0]LogConfig: CVar [[VersionedIntRValues:r.Shaders.Optimize]] deferred - dummy variable created
[2023.05.20-22.07.39:931][  0]LogConfig: CVar [[VersionedIntRValues:r.CompileShadersForDevelopment]] deferred - dummy variable created

1997-002     1997 Jan 30 2204:00  1997-002A      GE 2                           GE 2                      S24713  Ariane 44L             V93              CSG ELA2                 0.0
AK65	ALASKA	WASILLA GREENS STRIP	afd	al_236_25OCT2007.png
./JeuxVideos/Golden_Sun
./JeuxVideos/Golden_Sun_-_The_Lost_Age
./JeuxVideos/Golden_Sun_Dark_Dawn_(DS)
./JeuxVideos/Okamiden
./Jim_Croce
socorro+caro	01.08.2009 18:26:23	http://www.google.com/search?hl=en&client=firefox-a&rls=org.mozilla%3Aen-US%3Aofficial&hs=zzy&q=socorro+caro+death+row&aq=f&oq=&aqi=	Mozilla/5.0 (Windows; U; Windows NT 6.0; en-US; rv:1.9.0.12) Gecko/2009070611 Firefox/3.0.12	71.145.159.165
tdf#79942 LOCALHELP: Help for menu "File - Template" at wrong Position [Olivier Hallot]
tdf#80282 FORMATTING: Resizing image relative to page size doesn't work for image anchored to page [Justin Luth]
./Film/Cowboy_Bebop/Disc%202
./Film/Cowboy_Bebop/Disc%203
NOTE: PROCEDURE FREQ used (Total process time):
      real time           0.00 seconds
      cpu time            0.01 seconds
      

              *{Acknowledgements} [2

build	14-Jul-2020 09:19:51	[WARNING] Some problems were encountered while building the effective model for com.XXXXXX.eps.epdg:epdg-app-ear:ear:1.0.0-SNAPSHOT
build	14-Jul-2020 09:19:51	[WARNING] 'build.pluginManagement.plugins.plugin.(groupId:artifactId)' must be unique but found duplicate declaration of plugin org.eclipse.m2e:lifecycle-mapping @ com.XXXXXX.enterprise.build:enterprise-pom:3.0.0, d:\MavenRepo\com\XXXXXX\enterprise\build\enterprise-pom\3.0.0\enterprise-pom-3.0.0.pom, line 197, column 13
	at info.magnolia.cms.filters.MgnlFilterChain.doFilter(MgnlFilterChain.java:79) [magnolia-core-6.2.3.jar:?]
	at info.magnolia.cms.i18n.I18nContentSupportFilter.doFilter(I18nContentSupportFilter.java:85) [magnolia-core-6.2.3.jar:?]
	at info.magnolia.cms.filters.AbstractMgnlFilter.doFilter(AbstractMgnlFilter.java:85) [magnolia-core-6.2.3.jar:?]
	at info.magnolia.cms.filters.MgnlFilterChain.doFilter(MgnlFilterChain.java:79) [magnolia-core-6.2.3.jar:?]
	at info.magnolia.cms.filters.ContextFilter.doFilter(ContextFilter.java:128) [magnolia-core-6.2.3.jar:?]
	at info.magnolia.cms.filters.AbstractMgnlFilter.doFilter(AbstractMgnlFilter.java:85) [magnolia-core-6.2.3.jar:?]
	at info.magnolia.cms.filters.MgnlFilterChain.doFilter(MgnlFilterChain.java:79) [magnolia-core-6.2.3.jar:?]
	at info.magnolia.cms.filters.CompositeFilter.doFilter(CompositeFilter.java:65) [magnolia-core-6.2.3.jar:?]
	at info.magnolia.cms.filters.AbstractMgnlFilter.doFilter(AbstractMgnlFilter.java:85) [magnolia-core-6.2.3.jar:?]
	at info.magnolia.cms.filters.SafeDestroyMgnlFilterWrapper.doFilter(SafeDestroyMgnlFilterWrapper.java:107) [magnolia-core-6.2.3.jar:?]
	at info.magnolia.cms.filters.MgnlFilterDispatcher.doDispatch(MgnlFilterDispatcher.java:67) [magnolia-core-6.2.3.jar:?]
	at info.magnolia.cms.filters.MgnlMainFilter.doFilter(MgnlMainFilter.java:110) [magnolia-core-6.2.3.jar:?]
	at info.magnolia.cms.filters.MgnlMainFilter.doFilter(MgnlMainFilter.java:96) [magnolia-core-6.2.3.jar:?]
	at org.apache.catalina.core.ApplicationFilterChain.internalDoFilter(ApplicationFilterChain.java:193) [catalina.jar:9.0.34]
	at org.apache.catalina.core.ApplicationFilterChain.doFilter(ApplicationFilterChain.java:166) [catalina.jar:9.0.34]
	at org.apache.catalina.core.StandardWrapperValve.invoke(StandardWrapperValve.java:202) [catalina.jar:9.0.34]
	at org.apache.catalina.core.StandardContextValve.invoke(StandardContextValve.java:96) [catalina.jar:9.0.34]
	at org.apache.catalina.authenticator.AuthenticatorBase.invoke(AuthenticatorBase.java:541) [catalina.jar:9.0.34]
	at org.apache.catalina.core.StandardHostValve.invoke(StandardHostValve.java:139) [catalina.jar:9.0.34]
	at org.apache.catalina.valves.ErrorReportValve.invoke(ErrorReportValve.java:92) [catalina.jar:9.0.34]
	at org.apache.catalina.valves.AbstractAccessLogValve.invoke(AbstractAccessLogValve.java:690) [catalina.jar:9.0.34]
	at org.apache.catalina.core.StandardEngineValve.invoke(StandardEngineValve.java:74) [catalina.jar:9.0.34]
	at org.apache.catalina.connector.CoyoteAdapter.service(CoyoteAdapter.java:343) [catalina.jar:9.0.34]
	at org.apache.coyote.http11.Http11Processor.service(Http11Processor.java:373) [tomcat-coyote.jar:9.0.34]
	at org.apache.coyote.AbstractProcessorLight.process(AbstractProcessorLight.java:65) [tomcat-coyote.jar:9.0.34]
	at org.apache.coyote.AbstractProtocol$ConnectionHandler.process(AbstractProtocol.java:868) [tomcat-coyote.jar:9.0.34]
	at org.apache.tomcat.util.net.NioEndpoint$SocketProcessor.doRun(NioEndpoint.java:1590) [tomcat-coyote.jar:9.0.34]
	at org.apache.tomcat.util.net.SocketProcessorBase.run(SocketProcessorBase.java:49) [tomcat-coyote.jar:9.0.34]
	at java.util.concurrent.ThreadPoolExecutor.runWorker(ThreadPoolExecutor.java:1149) [?:1.8.0_252]
	at java.util.concurrent.ThreadPoolExecutor$Worker.run(ThreadPoolExecutor.java:624) [?:1.8.0_252]
