lzip-1.18.tar.gz: OK (sha1: ef42f3209d02c3b3c217a61c8f127bcb8747b128)
lzip-1.18.tar.gz: OK (sha256: 47f9882a104ab05532f467a7b8f4ddbb898fa2f1e8d9d468556d6c2d04db14dd)
For [4mLe Donjon de Naheulbeuk[24m: [01;33m2[01;37m photos, [01;35m7[01;37m subdirs.
For [4mLed_Zeppelin[24m: [01;33m19[01;37m photos, [01;35m9[01;37m subdirs.
     61     0.062345
     62     0.056077
     63     0.050439
     64     0.045367
     65     0.040806
     66     0.036703
     67     0.033013
     68     0.029693
     69     0.026708
     70     0.024022
     71     0.021607
     72     0.019435
     73     0.017481
     74     0.015723
     75     0.014142
     76     0.012720
     77     0.011441
     78     0.010291
     79     0.009256
     80     0.008326
     81     0.007488
     82     0.006736
     83     0.006058
     84     0.005449
     85     0.004901
</ActivateLexScorer>
<ActivateLexScorer WNSynonymy="name">
  <ObtainLexScorer name="WNSynonymy">
    <rteLexScorer name="WNSynonymy">active</rteLexScorer>
  </ObtainLexScorer>
     33     1.211658
     34     1.089832
     35     0.980255
     86     0.004408
     87     0.003965
[22:42:33] Sports T1: [-] 0923/1000 no form at all - http://www.specialeats.com/wp-login.php?action=register
-- [download 92% complete]
-- [download 93% complete]
58A	ALASKA	TOLSONA LAKE SEAPLANE	afd	al_225_25OCT2007.png
instanceKlass java/lang/AbstractStringBuilder
instanceKlass java/lang/Appendable
instanceKlass java/lang/invoke/CallSite
instanceKlass java/lang/invoke/MethodType
instanceKlass java/lang/invoke/LambdaForm
                                  1993-048B      Insat 2B                       Insat 2B                  S22724
[2023.05.20-22.07.40:764][  0]LogDerivedDataCache: Unable to find inner node EnterprisePak for hierarchy Hierarchy.
[2023.05.20-22.07.40:771][  0]LogDerivedDataCache: Speed tests for C:/Users/steve/AppData/Local/UnrealEngine/Common/DerivedDataCache took 0.01 seconds
[2023.05.20-22.07.40:771][  0]LogDerivedDataCache: Display: Performance to C:/Users/steve/AppData/Local/UnrealEngine/Common/DerivedDataCache: Latency=0.03ms. RandomReadSpeed=1116.21MBs, RandomWriteSpeed=166.98MBs. Assigned SpeedClass 'Local'
[2023.05.20-22.07.40:772][  0]LogDerivedDataCache: Using Local data cache path C:/Users/steve/AppData/Local/UnrealEngine/Common/DerivedDataCache: Writable
[2023.05.20-22.07.40:772][  0]LogDerivedDataCache: Shared data cache path not found in *engine.ini, will not use an Shared cache.
what+did+greg+mcmackin+say	01.08.2009 18:03:37	http://www.google.com/url?sa=t&source=web&ct=res&cd=1&url=http%3A%2F%2Fcomicsunlimited.com%2Fcomics%2Findex.php%3Fwhat%2Bdid%2Bgreg%2Bmcmackin%2Bsay&ei=dYN0SrOBIoHOsQP-9azHCA&rct=j&q=did+coach+mcmackin+say+faggot&usg=AFQjCNGV41wKWkTAJJ3qWFfr6ZAacJpquw	Mozilla/5.0 (Windows; U; Windows NT 5.1; en-US; rv:1.9.0.5) Gecko/2008120122 Firefox/3.0.5;MEGAUPLOAD 1.0	76.88.142.83
[   1899750] [sessionmanager]
[   1899750] [taximeter]
[   1899765] [wk_wrs]
[2023.05.20-22.07.39:932][  0]LogConfig: Set CVar [[r.ShadowQuality:5]]
[2023.05.20-22.07.39:932][  0]LogConfig: Set CVar [[r.Shadow.CSM.MaxCascades:10]]
onGenerate.r5-schemas:
simple	14-Jul-2020 09:19:44	Warning: Permanently added '[127.0.0.1]:57370' (RSA) to the list of known hosts.
simple	14-Jul-2020 09:19:45	From ssh://127.0.0.1:57370/epdgs/epdg-web-app
simple	14-Jul-2020 09:19:45	 * [new branch]      develop    -> develop
simple	14-Jul-2020 09:19:45	Checking out revision 9dc08e8d92d994ec3b4d65b401f5932a2210e513.
simple	14-Jul-2020 09:19:49	Switched to branch 'develop'
    + added toolbar to beanshell editor with undo/redo buttons (tdf#98004) [Chirag Manwani]
    + added Undo/Redo functionality to Beanshell Editor (tdf#97636) [Chirag Manwani]
    + added unit test for rotated layout (tdf#88154) [Marco Cecchetti]
IEM	ALASKA	WHITTIER	afd	al_242_25OCT2007.png
25AK	ALASKA	WILLOW HONEYBEE LAKE AERO PARK	afd	al_242_25OCT2007.png
 (/usr/local/texlive/2021/texmf-dist/tex/generic/babel/txtbabel.def)

      end
Executing: mpif90  -o /tmp/petsc-uGvYRc/config.setCompilers/conftest    /tmp/petsc-uGvYRc/config.setCompilers/conftest.o  -lpetsc-ufod4vtr9mqHvKIQiVAm
tdf#80282 FORMATTING: Resizing image relative to page size doesn't work for image anchored to page [Justin Luth]
tdf#80367 Data > XML Source > F1 no Help page is displayed. [Olivier Hallot]
tdf#81124 FILTER: Calc crashes after setting autofilter on column with no content by using the selection dropdown list [Zdeněk Crhonek]
tdf#81351 UNDO: Calc crashes after undo from a sort [Zdeněk Crhonek]
tdf#81457 Document Properties crashes LO [Zdeněk Crhonek]
tdf#81925 Incomprehensible message area in Find Bar [Jim Raykowski]
tdf#83269 LOCALHELP: Write help page for Calc - Data - Form... [Olivier Hallot]
tdf#83877 Digital signature: Support visual identification / signature lines [Samuel Mehrbrodt]
tdf#95295 Calc is fragmenting ranges for conditional formats without need. [Stephan Bergmann, Mike Kaganski]
tdf#95377 DOCX: Numbering lost from paragraph styles on import [Justin Luth]
tdf#95827 (Draw-Menus) [META] Reorganization of the menu bar for Draw [Yousuf Philips]
tdf#95843 Headless mode leaves zombie process [Stephan Bergmann]
tdf#96099 Reduce number of typedefs used for trivial container types [kowther, ekuiitr]
tdf#96505 Get rid of cargo cult "long" integer literals [ekuiitr, tagezi]
tdf#96790 Android: provide search functionality in non-experimental mode (Missing a search button for documents) [Mert Tümer]
tdf#96795 Android: Viewer Incorrect alphabetical sort order in file-list with utf-8 (e.g. Turkish) filenames [Mert Tümer]
tdf#96796 Android Viewer does not show copy, cut and paste options when the text is selected in an odt file [Mert Tümer, Thorsten Behrens]
tdf#96821 ROUND changes integers when it should not [Winfried Donkers]
tdf#96892 Low precision in PDF export of SVG images leads to visible artifacts at high zoom levels [Caolán McNamara]
tdf#97035 FILEOPEN: RTF wrong cell width [Mike Kaganski]
tdf#97228 Split up include files in include/vcl where possible into separate public and internal parts [Shubham Verma]
tdf#97361 Make unittests more pythonic [Saurav Chirania]
tdf#97362 Convert Java complex tests to Python [jmzambon]
tdf#97622 Unnecessary extra space inserted between RTL and Latin characters (including numbers) [Khaled Hosny, Adolfo Jayme Barrientos]
tdf#97648 Horizontal line is not imported [Justin Luth]
tdf#97977 FILEOPEN: XSLX - MODE results in wrong calculation [Winfried Donkers, Olivier Hallot]
tdf#98058 XML property to disable the icon in the menu bar entry [Maxim Monastirsky]
tdf#98141 SVG application icons too large/detailed [andreas kainz, Stephan Bergmann, andreas_kainz]
tdf#98168 Cannot use XLSX (with validation errors) as address list in Mail Merge Wizard - error in Comment 6 (workaround: add as external data source) [Miklos Vajna]
tdf#98211 RTL: Paragraph dialog justified combobox doesnt list 'right' [Jim Raykowski]
