[2023.05.20-22.07.39:932][  0]LogConfig: Set CVar [[r.Shadow.Virtual.SMRT.RayCountLocal:8]]
[2023.05.20-22.07.39:932][  0]LogConfig: Set CVar [[r.Shadow.Virtual.SMRT.SamplesPerRayLocal:4]]
--> "+v Zaq" mode change by KNBC on #earthquake
./JeuxVideos/Dr_Mario
[22:42:45] Mesothelioma: [-] 0529/7981 no engine matches (HTTP-Status: 502) - http://www.tetraph.com/blog/2013/06/order-penicillin-rx-online-overnight-delivery-penicillin-prescriptio/
[22:42:45] Make money online T2: [-] 3847/8483 download failed (Return: -) - https://evilcyber.com/fitness/how-to-tone-your-body/
[22:42:45] Cooking TIPS: [-] 0205/7845 no engine matches (HTTP-Status: 400) - https://www.realcajunrecipes.com
[22:42:45] Insurance: [+] 8216/8262 new URL - http://givgds.xyz/wp-login.php?action=register
[22:42:45] Car Insurance: [-] 4199/8012 no form at all - http://www.beach-rentals.org/wp-login.php?action=register
[22:42:45] Mesa DUI lawyer: [-] 8186/8415 no form at all - https://www.zanettiterrazzo.nl/index.php/component/users/?view=registration
[22:42:45] Hollywood: [-] 8227/8544 no engine matches (HTTP-Status: 301) - https://www.pwtorch.com/site/2019/08/05/pwtorch-dailycast-wrestling-night-in-america-ad-free-peteani-joins-greg-with-live-callers-previewing-summerslam-and-nxt-takeover-plus-njpw-g1-analysis-callers-ema https://www.pwtorch.com/site/2019/08/05/pwtorch-dailycast-wrestling-night-in-america-ad-free-peteani-joins-greg-with-live-callers-previewing-summerslam-and-nxt-takeover-plus-njpw-g1-analysis-callers-emails-111-min/
[22:42:45] Currency: [-] 7913/8085 download failed (Return: -) - https://lthanlon.com/page/2/
[22:42:45] Health: [-] 8188/8339 no engine matches - http://muscapaul.com/forum/viewthread.php?thread_id=1&pid=122
[22:42:45] Mesothelioma: [+] 0530/7981 matches engine Wordpress Article - http://lookwestlondon.com/oaklands-kicks-off/
[22:42:45] Win News Time: [-] 7749/7826 download failed (Return: -) - https://logosmedia.com/
[22:42:45] Car Insurance T2: [-] 3376/8966 download failed (Return: -) - http://www.lomalindafarm.net/gallery/main.php?g2_view=core.UserAdmin&g2_subView=core.UserLogin&g2_return=http%3A%2F%2Fseemlyincubus66306228.pen.io&g2_GALLERYSID=b4d8dcffa2b8e9a505bcba2f01af84b0&g2_returnName=add http://www.lomalindafarm.net/gallery/main.php?g2_view=core.UserAdmin&g2_subView=core.UserLogin&g2_return=http%3A%2F%2Fseemlyincubus66306228.pen.io&g2_GALLERYSID=b4d8dcffa2b8e9a505bcba2f01af84b0&g2_returnName=add+comment&g2_navId=xd3f21dcd
[22:42:45] Travels: [ ] Verifying links...
[22:42:45] Social Media: [-] 0497/7976 download failed (Return: -) - http://21stcenturyreformation.blogspot.com/2012/10/discipleship-intro-discipleship-and.html
[22:42:45] Cooking TIPS: [+] 0206/7845 matches engine Wordpress Article - http://andersen.cat/multimedia/
[22:42:45] Mesothelioma T1: [-] 0216/8853 download failed (Return: -) - http://fullyhr.com/register/
[22:42:45] Web Design T2: [-] 4922/8453 no engine matches (HTTP-Status: 501) - https://outofyourrut.com/what-to-do-after-an-automobile-accident/
[22:42:45] Web Design: [-] 0795/7978 download failed (Return: -) - http://www.jesssantucci.com/dentistinorinda3-reasons-love-smile/
[22:42:45] Dwi Attorney T1: [+] 0079/8745 matches engine Joomla K2 - http://restaurant.nomadsadventurequest.com
[22:42:45] Insurance: [+] 8216/8262 new URL - http://givgds.xyz/wp-login.php?action=register
[22:42:46] Car Insurance: [+] 4200/8012 matches engine Moodle - http://club.pdmi.ras.ru/moodle/login/signup.php?
[22:42:45] Mesa DUI lawyer: [+] 8186/8415 matches engine EasyBlog - https://www.zanettiterrazzo.nl/terrazzo-producten/terrazzo-tafel
[22:42:46] Mesa DUI lawyer T2: [-] 4199/8439 download failed (Return: -) - http://stephenmorabito.com/2014/09/art-gallery/2014-07-08-15-26-08/
[22:42:46] Sports: [-] 8083/8698 download failed (Return: -) - https://www.jimspestcontrol.com.au/cat-enclosures/
[22:42:46] Online Degree: [+] 7898/8073 matches engine Wordpress Article - http://villanenetes.com/convenio-con-santa-maria-de-la-providencia/
[22:42:46] Forex: [-] 7890/7985 download failed (Return: -) - http://kuponafoundation.org/category/events/
[22:42:46] Justice degree: [-] 8022/8289 download failed (Return: -) - http://mailbuzzr.com/hello-world/
[22:42:46] Computer T2: [-] 7735/8530 no engine matches (HTTP-Status: 502) - http://www.faragirnews.ir
[22:42:46] Agriculture T2: [-] 3871/8565 download failed (Return: -) - http://pgam.co.kr/xe/a2/16354
[22:42:46] Amazon: [-] 3696/7825 download failed (Return: -) - http://www.conpap.net/zenphoto/Giona14/Giona14_DSC5976.jpg.php
