
2021-10-26T21:52:02.462Z,73.462540,4231000,6 [FLog::GameJoinUtil] GameJoinUtil::makePlaceLauncherRequestForTeleport: requestCount: 15, url: https://gamejoin.roblox.com/v1/join-reserved-game
2021-10-26T21:52:02.462Z,73.462753,4231000,6 [FLog::GameJoinUtil] Delaying request by 0.66 seconds
2021-10-26T21:52:03.188Z,74.188606,4231000,6 [FLog::GameJoinUtil] GameJoinUtil::makePlaceLauncherRequestForTeleport, response:
{"jobId":"JoinPrivateGame:PlaceId=4996049426&AccessCode=df63cb48-6c59-4b3c-b945-a9bd6dc15df7","status":0,"joinScriptUrl":null,"authenticationUrl":null,"authenticationTicket":null,"message":null,"joinScript":null}
evil+knievel	01.08.2009 21:03:14	http://www.google.com/search?hl=en&rlz=1R2GPEA_en&q=evil+knievel+jumping+game&revid=1324894671&ei=Zq10SrKlCumStgeV-9WWCQ&sa=X&oi=revisions_inline&resnum=0&ct=broad-revision&cd=8	Mozilla/4.0 (compatible; MSIE 7.0; Windows NT 5.1; FunWebProducts; GTB5; .NET CLR 1.1.4322; .NET CLR 2.0.50727)	69.73.50.61
[2023.05.20-22.07.40:739][  0]LogTargetPlatformManager:   SF_VULKAN_ES31_ANDROID
[2023.05.20-22.07.40:739][  0]LogTargetPlatformManager:   SF_VULKAN_ES31
[2023.05.20-22.07.40:739][  0]LogTargetPlatformManager:   SF_VULKAN_SM5_ANDROID
[18/Jun/2019:19:43:09] (ℹ️): Site URL : http://ambientetotal.org.br
[18/Jun/2019:19:43:09] (ℹ️): WordPress Version : 5.2.1
     Cr_sctns:          He3HPInelasticXS: 0 eV  ---> 200 MeV
     Cr_sctns: Glauber-Gribov nucleus nucleus: 0 eV  ---> 2.88022e+295 J  
tdf#115905 Help mentions non-existing "Slide Show - Custom Animation" menu entry [Olivier Hallot]
LogPluginManager: Mounting Engine plugin GitSourceControl
LogPluginManager: Mounting Engine plugin NullSourceCodeAccess
LogPluginManager: Mounting Engine plugin DumpGPUServices
LogPluginManager: Mounting Engine plugin KDevelopSourceCodeAccess
LogPluginManager: Mounting Engine plugin PerforceSourceControl
-- downloading... done
[   1946375] rage::gameSkeleton::RunInitFunctions: Invoking CVehicleMetadataMgr INIT_BEFORE_MAP_LOADED init (24 out of 31)
[   1946593] rage::gameSkeleton::RunInitFunctions: Invoking CRandomEventManager INIT_BEFORE_MAP_LOADED init (25 out of 31)
[   1946609] rage::gameSkeleton::RunInitFunctions: Invoking CCrimeInformationManager INIT_BEFORE_MAP_LOADED init (26 out of 31)
      3          1           0        0.000000   -0.756950   -0.468706
coverity#1433788 unintended sign extension [Caolán McNamara]
coverity#1433789 unintended sign extension [Caolán McNamara]
#include "conffix.h"
[      1797] [    GTAProcess]             MainThrd/ No such command rbind.
[      1797] [    GTAProcess]             MainThrd/ No such command rbind.
[      1797] [    GTAProcess]             MainThrd/ No such command rbind.
[      1797] [    GTAProcess]             MainThrd/ No such command rbind.
[      1797] [    GTAProcess]             MainThrd/ No such command rbind.
./Led_Zeppelin/How_The_West_Was_Won__2
./Led_Zeppelin/How_The_West_Was_Won__3
2016-02-23 15:45:25,619  INFO Injector:68 org.matsim.counts.CountsModule$CountsInitializer 
2016-02-23 15:45:25,620  INFO Injector:69    -> com.google.inject.internal.ConstructorBindingImpl$Factory@49e5f737[Scopes.SINGLETON]
friendship+quotes	01.08.2009 20:12:29	http://www.google.co.in/search?q=friendship+quotes+glitter+graphics&hl=en&rlz=1T4ADFA_enIN337IN337&start=30&sa=N	Mozilla/4.0 (compatible; MSIE 6.0; Windows NT 5.1; SV1; GTB6)	125.99.105.156
    </FeatureBasedAlignmentScorer>
  </SimpleSPEditsDeltaScorer>
  <tempSched>
      0    40.000000
      1    35.978197
      2    32.360766
      3    29.107050
      4    26.180479
      5    23.548161
      6    21.180509
      7    19.050913
      8    17.135437
      9    15.412553
     10    13.862897
     11    12.469051
     12    11.215349
     13    10.087701
     14     9.073432
     15     8.161143
     16     7.340580
     17     6.602521
     18     5.938670
     19     5.341566
     20     4.804498
     21     4.321429
     22     3.886931
     23     3.496119
     24     3.144601
     25     2.828427
     26     2.544043
<use images/datadriven/Fig01.png>
Package pdftex.def Info: images/datadriven/Fig01.png  used on input line 17.
(pdftex.def)             Requested size: 418.25368pt x 142.9249pt.
 [45 </Users/natera/Dropbox/PhD/thesis/images/datadriven/Fig01.png>] [46] [47]

LaTeX Font Warning: Font shape `OT1/ppl/m/scit' undefined
(Font)              using `OT1/ppl/m/it' instead on input line 70.

Package hyperref Info: bookmark level for unknown algorithm defaults to 0 on input line 81.

LaTeX Font Warning: Font shape `OT1/ppl/m/scit' undefined
(Font)              using `OT1/ppl/m/it' instead on input line 87.

[48]

LaTeX Font Warning: Font shape `OT1/ppl/m/scit' undefined
(Font)              using `OT1/ppl/m/it' instead on input line 109.


LaTeX Warning: `!h' float specifier changed to `!ht'.


LaTeX Font Warning: Font shape `OT1/ppl/m/scit' undefined
(Font)              using `OT1/ppl/m/it' instead on input line 125.


LaTeX Warning: `!h' float specifier changed to `!ht'.

[49]
<images/datadriven/algorithms.png, id=1226, 1146.4431pt x 486.1362pt>
                                  1993-061D      Healthsat 2                    Healthsat 2               S22826
2016-02-23 15:45:25,573  INFO Injector:69    -> org.matsim.core.router.Teleportation@75329a49
2016-02-23 15:45:25,573  INFO Injector:68 org.matsim.core.router.RoutingModule @com.google.inject.name.Named(value=walk)
2016-02-23 15:45:25,573  INFO Injector:69    -> org.matsim.core.router.Teleportation@161479c6
2016-02-23 15:45:25,573  INFO Injector:68 org.matsim.core.router.RoutingModule @com.google.inject.name.Named(value=access_walk)
2016-02-23 15:45:25,574  INFO Injector:69    -> org.matsim.core.router.Teleportation@4313f5bc
2016-02-23 15:45:25,574  INFO Injector:68 org.matsim.core.router.RoutingModule @com.google.inject.name.Named(value=egress_walk)
2016-02-23 15:45:25,574  INFO Injector:69    -> org.matsim.core.router.Teleportation@7f010382
2016-02-23 15:45:25,574  INFO Injector:68 org.matsim.core.router.RoutingModule @com.google.inject.name.Named(value=undefined)
2016-02-23 15:45:25,574  INFO Injector:69    -> org.matsim.core.router.Teleportation@1e802ef9
2016-02-23 15:45:25,574  INFO Injector:68 org.matsim.core.router.RoutingModule @com.google.inject.name.Named(value=car)
2016-02-23 15:45:25,574  INFO Injector:69    -> org.matsim.core.router.NetworkRouting@2b6faea6
2016-02-23 15:45:25,574  INFO Injector:68 org.matsim.core.router.RoutingModule @com.google.inject.name.Named(value=pt)
2016-02-23 15:45:25,574  INFO Injector:69    -> Key[type=org.matsim.core.router.Transit, annotation=[none]]
2016-02-23 15:45:25,575  INFO Injector:68 org.matsim.core.router.RoutingModule @com.google.inject.name.Named(value=transit_walk)
2016-02-23 15:45:25,579  INFO Injector:69    -> FactoryProxy{key=Key[type=org.matsim.core.router.RoutingModule, annotation=@com.google.inject.name.Named(value=transit_walk)], provider=org.matsim.core.router.Teleportation@161479c6}
2016-02-23 15:45:25,579  INFO Injector:68 org.matsim.core.router.TripRouter 
2016-02-23 15:45:25,580  INFO Injector:69    -> @Provides org.matsim.core.router.TripRouterModule.create(TripRouterModule.java:70)
2016-02-23 15:45:25,581  INFO Injector:68 org.matsim.core.replanning.selectors.GenericPlanSelector<org.matsim.api.core.v01.population.Plan, org.matsim.api.core.v01.population.Person> 
2016-02-23 15:45:25,581  INFO Injector:69    -> FactoryProxy{key=Key[type=org.matsim.core.replanning.selectors.GenericPlanSelector<org.matsim.api.core.v01.population.Plan, org.matsim.api.core.v01.population.Person>, annotation=[none]], provider=com.google.inject.internal.ConstructorBindingImpl$Factory@24269709}
2016-02-23 15:45:25,581  INFO Injector:68 org.matsim.core.replanning.ReplanningContext 
2016-02-23 15:45:25,583  INFO Injector:69    -> FactoryProxy{key=Key[type=org.matsim.core.replanning.ReplanningContext, annotation=[none]], provider=com.google.inject.internal.ConstructorBindingImpl$Factory@3a52dba3[Scopes.SINGLETON]}
2016-02-23 15:45:25,586  INFO Injector:68 org.matsim.core.controler.listener.ControlerListener @com.google.inject.multibindings.Element(setName=,uniqueId=33, type=MULTIBINDER, keyType=)
2016-02-23 15:45:25,586  INFO Injector:69    -> FactoryProxy{key=Key[type=org.matsim.core.controler.listener.ControlerListener, annotation=@com.google.inject.multibindings.Element(setName=,uniqueId=33, type=MULTIBINDER, keyType=)], provider=com.google.inject.internal.ConstructorBindingImpl$Factory@3a52dba3[Scopes.SINGLETON]}
2016-02-23 15:45:25,586  INFO Injector:68 org.matsim.core.controler.listener.ControlerListener @com.google.inject.multibindings.Element(setName=,uniqueId=34, type=MULTIBINDER, keyType=)
2016-02-23 15:45:25,591  INFO Injector:69    -> FactoryProxy{key=Key[type=org.matsim.core.controler.listener.ControlerListener, annotation=@com.google.inject.multibindings.Element(setName=,uniqueId=34, type=MULTIBINDER, keyType=)], provider=com.google.inject.internal.ConstructorBindingImpl$Factory@45c7e403[Scopes.SINGLETON]}
2016-02-23 15:45:25,591  INFO Injector:68 org.matsim.core.controler.listener.ControlerListener @com.google.inject.multibindings.Element(setName=,uniqueId=35, type=MULTIBINDER, keyType=)
2016-02-23 15:45:25,591  INFO Injector:69    -> FactoryProxy{key=Key[type=org.matsim.core.controler.listener.ControlerListener, annotation=@com.google.inject.multibindings.Element(setName=,uniqueId=35, type=MULTIBINDER, keyType=)], provider=com.google.inject.internal.ConstructorBindingImpl$Factory@1ff4931d}
2016-02-23 15:45:25,591  INFO Injector:68 org.matsim.core.controler.listener.ControlerListener @com.google.inject.multibindings.Element(setName=,uniqueId=36, type=MULTIBINDER, keyType=)
2016-02-23 15:45:25,592  INFO Injector:69    -> FactoryProxy{key=Key[type=org.matsim.core.controler.listener.ControlerListener, annotation=@com.google.inject.multibindings.Element(setName=,uniqueId=36, type=MULTIBINDER, keyType=)], provider=com.google.inject.internal.ConstructorBindingImpl$Factory@6ad82709}
2016-02-23 15:45:25,592  INFO Injector:68 org.matsim.core.controler.listener.ControlerListener @com.google.inject.multibindings.Element(setName=,uniqueId=37, type=MULTIBINDER, keyType=)
