Preprocess stderr after filtering::
[     48000] [    GTAProcess]             MainThrd/ rage::gameSkeleton::RunInitFunctions: Invoking BackgroundScripts INIT_CORE init (50 out of 52)
-- [download 98% complete]
-- [download 99% complete]
-- [download 100% complete]
./.ATRIER/JeuxVideos_old/Breath%20of%20Fire%201_2__old/Disc%2004%20(Breath%20of%20Fire%20II)
./.ATRIER/JeuxVideos_old/Breath%20of%20Fire%201__old
./.ATRIER/JeuxVideos_old/Breath%20of%20Fire%201__old/Disc%2001%20(Breath%20of%20Fire)
./.ATRIER/JeuxVideos_old/Breath%20of%20Fire%201__old/Disc%2002%20(Breath%20of%20Fire)
./.ATRIER/JeuxVideos_old/Golden%20Sun%201_2_old
./ABBA
./ABBA/The%20name%20of%20the%20Game
./ACDC
./ACDC/Acdc-Back%20In%20Black
./ACDC/Acdc-Highway%20To%20Hell
./ACDC/Live_.Disc_1
./ACDC/Live_.disk2
./Apocalyptica
./Apocalyptica/Apocalyptica%20-%201996%20-%20Plays%20Metallica%20by%20Four%20Cellos
./Film/by_Howard_Shore
./Film/by_John_Williams
./Film/by_John_Williams/John%20Williams%20-%2040%20Years%20of%20music
./Film/by_John_Williams/John%20Williams%20-%2040%20Years%20of%20music/CD1
./Film/by_John_Williams/John%20Williams%20-%2040%20Years%20of%20music/CD2
./Film/by_John_Williams/John%20Williams%20-%2040%20Years%20of%20music/CD3
./Film/by_John_Williams/John%20Williams%20-%2040%20Years%20of%20music/CD4
./Film/by_John_Williams/John%20Williams%20-%2040%20Years%20of%20music/Covers
./Film/by_John_Williams/JOHN%20WILLIAMS%20GREATEST%20HITS
./Film/by_John_Williams/JOHN%20WILLIAMS%20GREATEST%20HITS/CD01
./Film/by_John_Williams/JOHN%20WILLIAMS%20GREATEST%20HITS/CD02
./Film/Coeur_de_Dragon
./Film/Conan_the_Barbarian
./Film/Cowboy_Bebop
./Film/Cowboy_Bebop/Disc%201
./Film/Cowboy_Bebop/Disc%202
[22:42:48] Health: [-] 8193/8339 no engine matches - http://julieroys.com/can-you-lose-your-salvation-calvinism-vs-arminianism-explained/
[22:42:48] Car Insurance: [+] 4204/8012 matches engine Drupal - Blog - http://www.guardianms.com/content/sending-snmp-traps-splunk
[22:42:47] Sports: [-] 8087/8698 wrong engine detected (ezblog-dashboard|implement(easyblog) - http://mwm-zahid.com.ua/index.php?option=com_easyblog&view=dashboard&layout=write
./Rhapsody/1-Luca%20Turilli-King%20Of%20The%20Nordic%20Twilight
./Rhapsody/1-Rhapsody-Legendary%20Tales
./Rhapsody/2-Luca%20Turilli-Prophet%20Of%20The%20Last%20Eclipse
Saving to: '/builds/free-electrons/toolchains-builder/build/tmp/test-x86-64-core-i7--uclibc--stable/build/.busybox-1.26.2.tar.bz2.CtD11H/output'

     0K .......... .......... .......... .......... ..........  2%  157K 13s
    50K .......... .......... .......... .......... ..........  4%  313K 9s
   100K .......... .......... .......... .......... ..........  7%  625K 7s
[   1964750] overriding handle for mp_f_freemode_01/task_004_u.ydd (was 4cd05d2) -> 2a9
[   1964765] overriding handle for mp_f_freemode_01/task_005_u.ydd (was 4cd05d3) -> 2aa
[   1964765] overriding handle for mp_f_freemode_01/task_006_u.ydd (was 4cd05d4) -> 2ab
[   1964781] overriding handle for mp_f_freemode_01/task_007_u.ydd (was 4cd05d5) -> 2ac
[   1964797] overriding handle for mp_f_freemode_01/task_diff_001_a_uni.ytd (was 4cd05d7) -> 2ad
[   1964812] overriding handle for mp_f_freemode_01/task_diff_001_b_uni.ytd (was 4cd05d8) -> 2ae
[   1964828] overriding handle for mp_f_freemode_01/task_diff_001_c_uni.ytd (was 4cd05d9) -> 2af
[   1964843] overriding handle for mp_f_freemode_01/task_diff_001_d_uni.ytd (was 4cd05da) -> 2b0
[   1964859] overriding handle for mp_f_freemode_01/task_diff_001_e_uni.ytd (was 4cd05db) -> 2b1
[   1964875] overriding handle for mp_f_freemode_01/task_diff_002_a_uni.ytd (was 4cd05dc) -> 2b2
[   1964890] overriding handle for mp_f_freemode_01/task_diff_002_b_uni.ytd (was 4cd05dd) -> 2b3
[   1964906] overriding handle for mp_f_freemode_01/task_diff_002_c_uni.ytd (was 4cd05de) -> 2b4
[   1964906] overriding handle for mp_f_freemode_01/task_diff_002_d_uni.ytd (was 4cd05df) -> 2b5
[   1964922] overriding handle for mp_f_freemode_01/task_diff_002_e_uni.ytd (was 4cd05e0) -> 2b6
[   1964937] overriding handle for mp_f_freemode_01/task_diff_003_c_uni.ytd (was 4cd05e3) -> 2b7
[   1964953] overriding handle for mp_f_freemode_01/task_diff_003_d_uni.ytd (was 4cd05e4) -> 2b8
[   1964968] overriding handle for mp_f_freemode_01/task_diff_003_e_uni.ytd (was 4cd05e5) -> 2b9
[   1964984] overriding handle for mp_f_freemode_01/task_diff_004_a_uni.ytd (was 4cd05e6) -> 2ba
[   1965000] overriding handle for mp_f_freemode_01/task_diff_004_b_uni.ytd (was 4cd05e7) -> 2bb
[   1965015] overriding handle for mp_f_freemode_01/task_diff_004_c_uni.ytd (was 4cd05e8) -> 2bc
[   1965703] overriding handle for mp_f_freemode_01/teef_diff_006_f_uni.ytd (was 4cd0628) -> 2ef
[   1965718] overriding handle for mp_f_freemode_01/teef_diff_008_a_uni.ytd (was 4cd062f) -> 2f0
[   1965734] overriding handle for mp_f_freemode_01/teef_diff_008_b_uni.ytd (was 4cd0630) -> 2f1
[   1965750] overriding handle for mp_f_freemode_01/teef_diff_008_c_uni.ytd (was 4cd0631) -> 2f2
[   1965765] overriding handle for mp_f_freemode_01/teef_diff_008_d_uni.ytd (was 4cd0632) -> 2f3
[   1965765] overriding handle for mp_f_freemode_01/teef_diff_008_e_uni.ytd (was 4cd0633) -> 2f4
[   1965781] overriding handle for mp_f_freemode_01/teef_diff_008_f_uni.ytd (was 4cd0634) -> 2f5
[   1965797] overriding handle for mp_f_freemode_01_female_apt01/accs_001_u.ydd (was 54d0008) -> 2f6
[   1965812] overriding handle for mp_f_freemode_01_female_apt01/accs_diff_001_a_uni.ytd (was 54d0009) -> 2f7
[   1965828] overriding handle for mp_f_freemode_01_female_apt01/jbib_002_u.ydd (was 5610031) -> 302
socorro+caro	01.08.2009 17:34:15	http://www.google.com/search?hl=en&q=Socorro+Caro+&btnG=Google+Search&aq=f&oq=&aqi=	Mozilla/4.0 (compatible; MSIE 7.0; Windows NT 5.1; Trident/4.0; .NET CLR 1.0.3705; Media Center PC 3.1; .NET CLR 1.1.4322; .NET CLR 2.0.50727; .NET CLR 3.0.4506.2152; .NET CLR 3.5.30729; InfoPath.2; MSN 9.0;MSN 9.1;MSN 9.6; MSNbVZ02; MSNmen-us; MSNcOTH)	71.121.109.124
\tc@urx=\dimen170
\tc@ury=\dimen171
Package trimclip Info: Using driver 'tc-pdftex.def'.
\pgfarrowsep=\dimen273
) (/usr/local/texlive/2021/texmf-dist/tex/generic/pgf/basiclayer/pgfcoreshade.code.tex
File: pgfcoreshade.code.tex 2020/12/27 v3.1.8b (3.1.8b)
2016-02-23 15:45:25,574  INFO Injector:68 org.matsim.core.router.RoutingModule @com.google.inject.name.Named(value=egress_walk)
2016-02-23 15:45:25,574  INFO Injector:69    -> org.matsim.core.router.Teleportation@7f010382
PROC_CREATOR_COUNT C14 : alphaInelastic = 2
PROC_CREATOR_COUNT C14 : ionInelastic = 1
A13	ALASKA	ANCHORAGE BOLD	afd	al_9_25OCT2007.png
CSR	ALASKA	ANCHORAGE CAMPBELL AIRSTRIP	afd	al_11_25OCT2007.png
3C3	ALASKA	ANCHORAGE CAMPBELL LAKE SEAPLANE	afd	al_11_25OCT2007.png
AK12	ALASKA	ANCHORAGE FLYING CROWN	afd	al_11_25OCT2007.png
LHD	ALASKA	ANCHORAGE LAKE HOOD SEAPLANE	afd	al_12_25OCT2007.png
Z41	ALASKA	ANCHORAGE LAKE HOOD STRIP	afd	al_12_25OCT2007.png
MRI	ALASKA	ANCHORAGE MERRILL FLD	afd	al_13_25OCT2007.png
AK38	ALASKA	ANCHORAGE PROVIDENCE HOSPITAL HELIPORT	afd	al_14_25OCT2007.png
ANC	ALASKA	TED STEVENS ANCHORAGE INTL	afd	al_15_25OCT2007.png
AK00	ALASKA	ANCHOR RIVER AIRPARK	afd	al_16_25OCT2007.png
AGN	ALASKA	ANGOON SEAPLANE	afd	al_17_25OCT2007.png
ANI	ALASKA	ANIAK	afd	al_17_25OCT2007.png
ANI_1	ALASKA	ANIAK SEAPLANE	afd	al_17_25OCT2007.png
ANN	ALASKA	ANNETTE ISLAND	afd	al_18_25OCT2007.png
Z43	ALASKA	ANNETTE TAMGAS HARBOR SEAPLANE	afd	al_18_25OCT2007.png
ANV	ALASKA	ANVIK	afd	al_19_25OCT2007.png
K40	ALASKA	ANVIK SEAPLANE	afd	al_19_25OCT2007.png
ARC	ALASKA	ARCTIC VILLAGE	afd	al_20_25OCT2007.png
AWO	ALASKA	ARLINGTON MUNI	afd	al_20_25OCT2007.png
AST	ALASKA	ASTORIA RGNL	afd	al_21_25OCT2007.png
AKA	ALASKA	ATKA	afd	al_21_25OCT2007.png
CYSQ	ALASKA	ATLIN	afd	al_22_25OCT2007.png
4A2	ALASKA	ATMAUTLUAK	afd	al_22_25OCT2007.png
ATK	ALASKA	ATQASUK EDWARD BURNELL SR MEM	afd	al_22_25OCT2007.png
UAO	ALASKA	AURORA STATE	afd	al_23_25OCT2007.png
BNF	ALASKA	BARANOF WARM SPRING BAY SEAPLANE	afd	al_23_25OCT2007.png
BRW	ALASKA	WILEY POST-WILL ROGERS MEM	afd	al_24_25OCT2007.png
BTI	ALASKA	BARTER ISLAND LRRS	afd	al_24_25OCT2007.png
Z47	ALASKA	BASIN CREEK	afd	al_25_25OCT2007.png
Z48	ALASKA	BEAR CREEK 3	afd	al_25_25OCT2007.png
